2019-11-14 09:40:33   GET:https://api.weixin.qq.com/sns/jscode2session?appid=wxb10693ce301b0503&secret=fe966f7c89ba08eccd70060f2b3f9801&js_code=021iRUuo0T9Bak1duAxo03gCuo0iRUuE&grant_type=authorization_code
2019-11-14 09:40:34   status:200
2019-11-14 09:40:34   data:{'session_key': 'zyxFVbS+QCXQbgLMMN5EMw==', 'openid': 'oJfBH41Q13o00lX3pbhGAKUmThxA'}
2019-11-14 09:40:52   GET:https://api.weixin.qq.com/sns/jscode2session?appid=wxb10693ce301b0503&secret=fe966f7c89ba08eccd70060f2b3f9801&js_code=011gz6Je1W81uy0FNeJe1EjOIe1gz6J0&grant_type=authorization_code
2019-11-14 09:40:52   status:200
2019-11-14 09:40:52   data:{'session_key': 'zyxFVbS+QCXQbgLMMN5EMw==', 'openid': 'oJfBH41Q13o00lX3pbhGAKUmThxA'}
2019-11-14 09:41:05   GET:https://api.weixin.qq.com/sns/jscode2session?appid=wxb10693ce301b0503&secret=fe966f7c89ba08eccd70060f2b3f9801&js_code=0717mvli0aKarq1Etaki0qCxli07mvlP&grant_type=authorization_code
2019-11-14 09:41:05   status:200
2019-11-14 09:41:05   data:{'session_key': 'zyxFVbS+QCXQbgLMMN5EMw==', 'openid': 'oJfBH41Q13o00lX3pbhGAKUmThxA'}
2019-11-14 09:45:40   ('data DoesNotExist',)
2019-11-14 09:46:50   ('data DoesNotExist',)
2019-11-14 09:50:46   ('data DoesNotExist',)
2019-11-14 09:52:35   ('data DoesNotExist',)
2019-11-14 09:53:43   ('data DoesNotExist',)
2019-11-14 09:56:04   ('data DoesNotExist',)
2019-11-14 09:56:49   ('data DoesNotExist',)
2019-11-14 09:57:50   GET:https://api.weixin.qq.com/sns/jscode2session?appid=wxb10693ce301b0503&secret=fe966f7c89ba08eccd70060f2b3f9801&js_code=021SxiZR0a4OI52oATVR0aqyZR0SxiZV&grant_type=authorization_code
2019-11-14 09:57:50   status:200
2019-11-14 09:57:50   data:{'session_key': 'vr8q6mKoVwRVtjUsRsXMgw==', 'openid': 'oJfBH41Q13o00lX3pbhGAKUmThxA'}
2019-11-14 09:57:53   ('data DoesNotExist',)
2019-11-14 09:57:53   GET:https://api.weixin.qq.com/sns/jscode2session?appid=wxb10693ce301b0503&secret=fe966f7c89ba08eccd70060f2b3f9801&js_code=061oQo3T0lSWx02K7F1T0BAg3T0oQo33&grant_type=authorization_code
2019-11-14 09:57:53   status:200
2019-11-14 09:57:53   data:{'session_key': 'vr8q6mKoVwRVtjUsRsXMgw==', 'openid': 'oJfBH41Q13o00lX3pbhGAKUmThxA'}
2019-11-14 09:59:08   ('data DoesNotExist',)
2019-11-14 09:59:08   ('ValidationError',)
2019-11-14 10:23:21   GET:https://api.weixin.qq.com/sns/jscode2session?appid=wxb10693ce301b0503&secret=fe966f7c89ba08eccd70060f2b3f9801&js_code=001HBtcR18Cyp21ABDdR108IcR1HBtcW&grant_type=authorization_code
2019-11-14 10:23:21   status:200
2019-11-14 10:23:21   data:{'session_key': 'wzU7vUhtPJFkPrtBCtt+UA==', 'openid': 'oJfBH41Q13o00lX3pbhGAKUmThxA'}
2019-11-14 10:25:55   GET:https://api.weixin.qq.com/sns/jscode2session?appid=wxb10693ce301b0503&secret=fe966f7c89ba08eccd70060f2b3f9801&js_code=071K5m3n1h9shq07Sd5n1wTo3n1K5m3L&grant_type=authorization_code
2019-11-14 10:25:55   status:200
2019-11-14 10:25:55   data:{'session_key': 'F/YdpOHyM9FmX1FRPkbBhQ==', 'openid': 'oJfBH41Q13o00lX3pbhGAKUmThxA'}
2019-11-14 10:59:24   GET:https://api.weixin.qq.com/sns/jscode2session?appid=wxb10693ce301b0503&secret=fe966f7c89ba08eccd70060f2b3f9801&js_code=001WIZ041yoCYT1BMLZ31XhQ041WIZ0u&grant_type=authorization_code
2019-11-14 10:59:24   status:200
2019-11-14 10:59:24   data:{'session_key': 'YV7G6GhIMFQy6lIkCztGFw==', 'openid': 'oJfBH41Q13o00lX3pbhGAKUmThxA'}
2019-11-14 11:00:04   GET:https://api.weixin.qq.com/sns/jscode2session?appid=wxb10693ce301b0503&secret=fe966f7c89ba08eccd70060f2b3f9801&js_code=061uBkTq102zam0zJoTq1dByTq1uBkT0&grant_type=authorization_code
2019-11-14 11:00:04   status:200
2019-11-14 11:00:04   data:{'session_key': 'YV7G6GhIMFQy6lIkCztGFw==', 'openid': 'oJfBH41Q13o00lX3pbhGAKUmThxA'}
2019-11-14 11:00:19   GET:https://api.weixin.qq.com/sns/jscode2session?appid=wxb10693ce301b0503&secret=fe966f7c89ba08eccd70060f2b3f9801&js_code=071l6i2f2IT56J03BI3f2faz2f2l6i2p&grant_type=authorization_code
2019-11-14 11:00:19   status:200
2019-11-14 11:00:19   data:{'session_key': 'YV7G6GhIMFQy6lIkCztGFw==', 'openid': 'oJfBH41Q13o00lX3pbhGAKUmThxA'}
2019-11-14 11:00:30   ('data DoesNotExist',)
2019-11-14 11:00:30   GET:https://api.weixin.qq.com/sns/jscode2session?appid=wxb10693ce301b0503&secret=fe966f7c89ba08eccd70060f2b3f9801&js_code=021NzExX0HzI3W1nYkAX0gSDxX0NzExa&grant_type=authorization_code
2019-11-14 11:00:30   status:200
2019-11-14 11:00:30   data:{'session_key': 'YV7G6GhIMFQy6lIkCztGFw==', 'openid': 'oJfBH41Q13o00lX3pbhGAKUmThxA'}
2019-11-14 11:00:44   GET:https://api.weixin.qq.com/sns/jscode2session?appid=wxb10693ce301b0503&secret=fe966f7c89ba08eccd70060f2b3f9801&js_code=021z40YD19Hdy40vOaYD1jD1YD1z40YL&grant_type=authorization_code
2019-11-14 11:00:44   status:200
2019-11-14 11:00:44   data:{'session_key': 'YV7G6GhIMFQy6lIkCztGFw==', 'openid': 'oJfBH41Q13o00lX3pbhGAKUmThxA'}
2019-11-14 11:01:09   GET:https://api.weixin.qq.com/sns/jscode2session?appid=wxb10693ce301b0503&secret=fe966f7c89ba08eccd70060f2b3f9801&js_code=01127ffl1jJfpn0y7Ufl1t16fl127ffs&grant_type=authorization_code
2019-11-14 11:01:09   status:200
2019-11-14 11:01:09   data:{'session_key': 'YV7G6GhIMFQy6lIkCztGFw==', 'openid': 'oJfBH41Q13o00lX3pbhGAKUmThxA'}
2019-11-14 11:01:31   GET:https://api.weixin.qq.com/sns/jscode2session?appid=wxb10693ce301b0503&secret=fe966f7c89ba08eccd70060f2b3f9801&js_code=001kzoNY0zXEoU1W4VKY0QmZMY0kzoNz&grant_type=authorization_code
2019-11-14 11:01:31   status:200
2019-11-14 11:01:31   data:{'session_key': 'jFo1i6UnsFWCuDzkP+qU+w==', 'openid': 'oJfBH41Q13o00lX3pbhGAKUmThxA'}
2019-11-14 11:01:42   GET:https://api.weixin.qq.com/sns/jscode2session?appid=wxb10693ce301b0503&secret=fe966f7c89ba08eccd70060f2b3f9801&js_code=061ZMhjw0VbPCc1k66jw0Yxtjw0ZMhjr&grant_type=authorization_code
2019-11-14 11:01:42   status:200
2019-11-14 11:01:42   data:{'session_key': 'jFo1i6UnsFWCuDzkP+qU+w==', 'openid': 'oJfBH41Q13o00lX3pbhGAKUmThxA'}
2019-11-14 11:01:47   GET:https://api.weixin.qq.com/sns/jscode2session?appid=wxb10693ce301b0503&secret=fe966f7c89ba08eccd70060f2b3f9801&js_code=001HCvH42ePMCO0XqXE42dyNH42HCvHa&grant_type=authorization_code
2019-11-14 11:01:47   status:200
2019-11-14 11:01:47   data:{'session_key': 'jFo1i6UnsFWCuDzkP+qU+w==', 'openid': 'oJfBH41Q13o00lX3pbhGAKUmThxA'}
2019-11-14 11:01:54   GET:https://api.weixin.qq.com/sns/jscode2session?appid=wxb10693ce301b0503&secret=fe966f7c89ba08eccd70060f2b3f9801&js_code=001xt9ft0lWAgf1M9cit06n7ft0xt9fW&grant_type=authorization_code
2019-11-14 11:01:54   status:200
2019-11-14 11:01:54   data:{'session_key': 'jFo1i6UnsFWCuDzkP+qU+w==', 'openid': 'oJfBH41Q13o00lX3pbhGAKUmThxA'}
2019-11-14 11:04:42   GET:https://api.weixin.qq.com/sns/jscode2session?appid=wxb10693ce301b0503&secret=fe966f7c89ba08eccd70060f2b3f9801&js_code=061dhA7Y0p2ZuV1qRJ6Y01bA7Y0dhA7S&grant_type=authorization_code
2019-11-14 11:04:42   status:200
2019-11-14 11:04:42   data:{'session_key': 'ROYVoOckopYE2MpWptOKVg==', 'openid': 'oJfBH41Q13o00lX3pbhGAKUmThxA'}
2019-11-14 11:04:50   GET:https://api.weixin.qq.com/sns/jscode2session?appid=wxb10693ce301b0503&secret=fe966f7c89ba08eccd70060f2b3f9801&js_code=061crBXe2GtK3J0WCAXe2PRsXe2crBXT&grant_type=authorization_code
2019-11-14 11:04:50   status:200
2019-11-14 11:04:50   data:{'session_key': 'ROYVoOckopYE2MpWptOKVg==', 'openid': 'oJfBH41Q13o00lX3pbhGAKUmThxA'}
2019-11-14 11:04:54   GET:https://api.weixin.qq.com/sns/jscode2session?appid=wxb10693ce301b0503&secret=fe966f7c89ba08eccd70060f2b3f9801&js_code=071liJ7U0a3rlZ1vLN4U0k7E7U0liJ7J&grant_type=authorization_code
2019-11-14 11:04:54   status:200
2019-11-14 11:04:54   data:{'session_key': 'ROYVoOckopYE2MpWptOKVg==', 'openid': 'oJfBH41Q13o00lX3pbhGAKUmThxA'}
2019-11-14 11:04:59   GET:https://api.weixin.qq.com/sns/jscode2session?appid=wxb10693ce301b0503&secret=fe966f7c89ba08eccd70060f2b3f9801&js_code=0712Yg822XjfKV0ULL7221Pp8222Yg81&grant_type=authorization_code
2019-11-14 11:04:59   status:200
2019-11-14 11:04:59   data:{'session_key': 'ROYVoOckopYE2MpWptOKVg==', 'openid': 'oJfBH41Q13o00lX3pbhGAKUmThxA'}
2019-11-14 11:05:24   GET:https://api.weixin.qq.com/sns/jscode2session?appid=wxb10693ce301b0503&secret=fe966f7c89ba08eccd70060f2b3f9801&js_code=011tXIzH0Qqrqg280DDH0GvqzH0tXIz6&grant_type=authorization_code
2019-11-14 11:05:24   status:200
2019-11-14 11:05:24   data:{'session_key': 'ROYVoOckopYE2MpWptOKVg==', 'openid': 'oJfBH41Q13o00lX3pbhGAKUmThxA'}
2019-11-14 11:05:33   GET:https://api.weixin.qq.com/sns/jscode2session?appid=wxb10693ce301b0503&secret=fe966f7c89ba08eccd70060f2b3f9801&js_code=061uqsR41t1P9T1PIKU41s86R41uqsRb&grant_type=authorization_code
2019-11-14 11:05:33   status:200
2019-11-14 11:05:33   data:{'session_key': 'ROYVoOckopYE2MpWptOKVg==', 'openid': 'oJfBH41Q13o00lX3pbhGAKUmThxA'}
2019-11-14 11:05:37   GET:https://api.weixin.qq.com/sns/jscode2session?appid=wxb10693ce301b0503&secret=fe966f7c89ba08eccd70060f2b3f9801&js_code=081QN8Ko1bwI3k0iRbKo1VLqKo1QN8K6&grant_type=authorization_code
2019-11-14 11:05:37   status:200
2019-11-14 11:05:37   data:{'session_key': 'ROYVoOckopYE2MpWptOKVg==', 'openid': 'oJfBH41Q13o00lX3pbhGAKUmThxA'}
2019-11-14 11:05:39   GET:https://api.weixin.qq.com/sns/jscode2session?appid=wxb10693ce301b0503&secret=fe966f7c89ba08eccd70060f2b3f9801&js_code=021xtOBe16bTRy0sHnCe1xjvBe1xtOBu&grant_type=authorization_code
2019-11-14 11:05:39   status:200
2019-11-14 11:05:39   data:{'session_key': 'ROYVoOckopYE2MpWptOKVg==', 'openid': 'oJfBH41Q13o00lX3pbhGAKUmThxA'}
2019-11-14 11:06:48   GET:https://api.weixin.qq.com/sns/jscode2session?appid=wxb10693ce301b0503&secret=fe966f7c89ba08eccd70060f2b3f9801&js_code=001ClnL72u99pL0Oz4J72fHeL72ClnLH&grant_type=authorization_code
2019-11-14 11:06:48   status:200
2019-11-14 11:06:48   data:{'session_key': 'pO6/ES/BatrrFZY4DDcr9w==', 'openid': 'oJfBH41Q13o00lX3pbhGAKUmThxA'}
2019-11-14 11:06:58   GET:https://api.weixin.qq.com/sns/jscode2session?appid=wxb10693ce301b0503&secret=fe966f7c89ba08eccd70060f2b3f9801&js_code=001vzhpO1bSOi91VJyqO1uYcpO1vzhpL&grant_type=authorization_code
2019-11-14 11:06:58   status:200
2019-11-14 11:06:58   data:{'session_key': 'pO6/ES/BatrrFZY4DDcr9w==', 'openid': 'oJfBH41Q13o00lX3pbhGAKUmThxA'}
2019-11-14 11:07:03   GET:https://api.weixin.qq.com/sns/jscode2session?appid=wxb10693ce301b0503&secret=fe966f7c89ba08eccd70060f2b3f9801&js_code=071vNe0s1Qn13l02J00s1As10s1vNe0I&grant_type=authorization_code
2019-11-14 11:07:03   status:200
2019-11-14 11:07:03   data:{'session_key': 'pO6/ES/BatrrFZY4DDcr9w==', 'openid': 'oJfBH41Q13o00lX3pbhGAKUmThxA'}
2019-11-14 11:07:12   GET:https://api.weixin.qq.com/sns/jscode2session?appid=wxb10693ce301b0503&secret=fe966f7c89ba08eccd70060f2b3f9801&js_code=021YOzMP0Oljy32YZENP0f0nMP0YOzMH&grant_type=authorization_code
2019-11-14 11:07:12   status:200
2019-11-14 11:07:12   data:{'session_key': 'pO6/ES/BatrrFZY4DDcr9w==', 'openid': 'oJfBH41Q13o00lX3pbhGAKUmThxA'}
2019-11-14 11:07:17   GET:https://api.weixin.qq.com/sns/jscode2session?appid=wxb10693ce301b0503&secret=fe966f7c89ba08eccd70060f2b3f9801&js_code=0719UjWu0iZq6i1uxnYu0KYqWu09UjWs&grant_type=authorization_code
2019-11-14 11:07:17   status:200
2019-11-14 11:07:17   data:{'session_key': 'pO6/ES/BatrrFZY4DDcr9w==', 'openid': 'oJfBH41Q13o00lX3pbhGAKUmThxA'}
2019-11-14 11:07:23   GET:https://api.weixin.qq.com/sns/jscode2session?appid=wxb10693ce301b0503&secret=fe966f7c89ba08eccd70060f2b3f9801&js_code=021nuXd50NW4rD1iTAc505uke50nuXdT&grant_type=authorization_code
2019-11-14 11:07:23   status:200
2019-11-14 11:07:23   data:{'session_key': 'pO6/ES/BatrrFZY4DDcr9w==', 'openid': 'oJfBH41Q13o00lX3pbhGAKUmThxA'}
2019-11-14 11:07:29   GET:https://api.weixin.qq.com/sns/jscode2session?appid=wxb10693ce301b0503&secret=fe966f7c89ba08eccd70060f2b3f9801&js_code=061C3One2R0L4F0LVune2WZSne2C3On2&grant_type=authorization_code
2019-11-14 11:07:29   status:200
2019-11-14 11:07:29   data:{'session_key': 'pO6/ES/BatrrFZY4DDcr9w==', 'openid': 'oJfBH41Q13o00lX3pbhGAKUmThxA'}
2019-11-14 11:07:50   GET:https://api.weixin.qq.com/sns/jscode2session?appid=wxb10693ce301b0503&secret=fe966f7c89ba08eccd70060f2b3f9801&js_code=0016bj5y1UFpHa0CHz7y1VQh5y16bj56&grant_type=authorization_code
2019-11-14 11:07:50   status:200
2019-11-14 11:07:50   data:{'session_key': 'pO6/ES/BatrrFZY4DDcr9w==', 'openid': 'oJfBH41Q13o00lX3pbhGAKUmThxA'}
2019-11-14 11:08:31   GET:https://api.weixin.qq.com/sns/jscode2session?appid=wxb10693ce301b0503&secret=fe966f7c89ba08eccd70060f2b3f9801&js_code=081wJdZ12xigaW0M62Z12R4hZ12wJdZF&grant_type=authorization_code
2019-11-14 11:08:31   status:200
2019-11-14 11:08:31   data:{'session_key': 'pO6/ES/BatrrFZY4DDcr9w==', 'openid': 'oJfBH41Q13o00lX3pbhGAKUmThxA'}
2019-11-14 11:08:33   GET:https://api.weixin.qq.com/sns/jscode2session?appid=wxb10693ce301b0503&secret=fe966f7c89ba08eccd70060f2b3f9801&js_code=081eMFjO0BpEZ42EeGlO033RjO0eMFj5&grant_type=authorization_code
2019-11-14 11:08:33   status:200
2019-11-14 11:08:33   data:{'session_key': 'pO6/ES/BatrrFZY4DDcr9w==', 'openid': 'oJfBH41Q13o00lX3pbhGAKUmThxA'}
2019-11-14 11:08:54   GET:https://api.weixin.qq.com/sns/jscode2session?appid=wxb10693ce301b0503&secret=fe966f7c89ba08eccd70060f2b3f9801&js_code=0719HheN1Tnao61lcpfN12T2eN19Hhec&grant_type=authorization_code
2019-11-14 11:08:54   status:200
2019-11-14 11:08:54   data:{'session_key': 'nGLSrp3HXtDAEAdbSfLYWA==', 'openid': 'oJfBH41Q13o00lX3pbhGAKUmThxA'}
2019-11-14 11:09:01   GET:https://api.weixin.qq.com/sns/jscode2session?appid=wxb10693ce301b0503&secret=fe966f7c89ba08eccd70060f2b3f9801&js_code=071PeEpB0fURci2NW5sB0y4JpB0PeEpY&grant_type=authorization_code
2019-11-14 11:09:01   status:200
2019-11-14 11:09:01   data:{'session_key': 'nGLSrp3HXtDAEAdbSfLYWA==', 'openid': 'oJfBH41Q13o00lX3pbhGAKUmThxA'}
2019-11-14 11:09:03   GET:https://api.weixin.qq.com/sns/jscode2session?appid=wxb10693ce301b0503&secret=fe966f7c89ba08eccd70060f2b3f9801&js_code=081VYpih0e4pcw1RQnjh0XH4ih0VYpis&grant_type=authorization_code
2019-11-14 11:09:03   status:200
2019-11-14 11:09:03   data:{'session_key': 'nGLSrp3HXtDAEAdbSfLYWA==', 'openid': 'oJfBH41Q13o00lX3pbhGAKUmThxA'}
2019-11-14 12:43:04   GET:https://api.weixin.qq.com/sns/jscode2session?appid=wxb10693ce301b0503&secret=fe966f7c89ba08eccd70060f2b3f9801&js_code=021yBk9T0MK3b021JrcT0XOD9T0yBk93&grant_type=authorization_code
2019-11-14 12:43:04   status:200
2019-11-14 12:43:04   data:{'session_key': 'ShtxY2PgtFbJo/LyLnzofQ==', 'openid': 'oJfBH41Q13o00lX3pbhGAKUmThxA'}
2019-11-14 12:43:12   GET:https://api.weixin.qq.com/sns/jscode2session?appid=wxb10693ce301b0503&secret=fe966f7c89ba08eccd70060f2b3f9801&js_code=0811P6tL0bsuI72WTbpL0BIntL01P6th&grant_type=authorization_code
2019-11-14 12:43:13   status:200
2019-11-14 12:43:13   data:{'session_key': 'ShtxY2PgtFbJo/LyLnzofQ==', 'openid': 'oJfBH41Q13o00lX3pbhGAKUmThxA'}
2019-11-14 12:49:12   GET:https://api.weixin.qq.com/sns/jscode2session?appid=wxb10693ce301b0503&secret=fe966f7c89ba08eccd70060f2b3f9801&js_code=0014D7uh1JC7zv0QsHxh1yxZth14D7uf&grant_type=authorization_code
2019-11-14 12:49:12   status:200
2019-11-14 12:49:12   data:{'session_key': 'mFKUaOlnL6lDuSJEaf+u+g==', 'openid': 'oJfBH41Q13o00lX3pbhGAKUmThxA'}
2019-11-14 12:49:48   GET:https://api.weixin.qq.com/sns/jscode2session?appid=wxb10693ce301b0503&secret=fe966f7c89ba08eccd70060f2b3f9801&js_code=011rimrd1Fjm2A00l1ud1et7rd1rimrC&grant_type=authorization_code
2019-11-14 12:49:48   status:200
2019-11-14 12:49:48   data:{'session_key': 'mFKUaOlnL6lDuSJEaf+u+g==', 'openid': 'oJfBH41Q13o00lX3pbhGAKUmThxA'}
2019-11-14 12:51:01   GET:https://api.weixin.qq.com/sns/jscode2session?appid=wxb10693ce301b0503&secret=fe966f7c89ba08eccd70060f2b3f9801&js_code=011vVMj50iTzuD1MKYi50cWIj50vVMjG&grant_type=authorization_code
2019-11-14 12:51:01   status:200
2019-11-14 12:51:01   data:{'session_key': 'mFKUaOlnL6lDuSJEaf+u+g==', 'openid': 'oJfBH41Q13o00lX3pbhGAKUmThxA'}
2019-11-14 12:51:08   GET:https://api.weixin.qq.com/sns/jscode2session?appid=wxb10693ce301b0503&secret=fe966f7c89ba08eccd70060f2b3f9801&js_code=081U8mRG1oKEN10GR5RG1K3aRG1U8mRV&grant_type=authorization_code
2019-11-14 12:51:08   status:200
2019-11-14 12:51:08   data:{'session_key': 'mFKUaOlnL6lDuSJEaf+u+g==', 'openid': 'oJfBH41Q13o00lX3pbhGAKUmThxA'}
2019-11-14 12:51:10   ('data DoesNotExist',)
2019-11-14 12:51:10   GET:https://api.weixin.qq.com/sns/jscode2session?appid=wxb10693ce301b0503&secret=fe966f7c89ba08eccd70060f2b3f9801&js_code=021iuLXo1qNRHj0MuaWo1GDDXo1iuLXP&grant_type=authorization_code
2019-11-14 12:51:10   status:200
2019-11-14 12:51:10   data:{'session_key': 'mFKUaOlnL6lDuSJEaf+u+g==', 'openid': 'oJfBH41Q13o00lX3pbhGAKUmThxA'}
2019-11-14 12:51:23   GET:https://api.weixin.qq.com/sns/jscode2session?appid=wxb10693ce301b0503&secret=fe966f7c89ba08eccd70060f2b3f9801&js_code=061bzPFG0qQWDc2AeBEG083AFG0bzPFg&grant_type=authorization_code
2019-11-14 12:51:23   status:200
2019-11-14 12:51:23   data:{'session_key': 'q2QxK4QJnE6qyWj2mvqP/Q==', 'openid': 'oJfBH41Q13o00lX3pbhGAKUmThxA'}
2019-11-14 12:52:41   GET:https://api.weixin.qq.com/sns/jscode2session?appid=wxb10693ce301b0503&secret=fe966f7c89ba08eccd70060f2b3f9801&js_code=081QIzjD0bt6Gk20zxnD0d1IjD0QIzju&grant_type=authorization_code
2019-11-14 12:52:42   status:200
2019-11-14 12:52:42   data:{'session_key': 'q2QxK4QJnE6qyWj2mvqP/Q==', 'openid': 'oJfBH41Q13o00lX3pbhGAKUmThxA'}
2019-11-14 12:53:16   GET:https://api.weixin.qq.com/sns/jscode2session?appid=wxb10693ce301b0503&secret=fe966f7c89ba08eccd70060f2b3f9801&js_code=021K3LKe0CXQbu1FYTHe0TADKe0K3LK-&grant_type=authorization_code
2019-11-14 12:53:16   status:200
2019-11-14 12:53:16   data:{'session_key': 'q2QxK4QJnE6qyWj2mvqP/Q==', 'openid': 'oJfBH41Q13o00lX3pbhGAKUmThxA'}
2019-11-14 12:53:47   GET:https://api.weixin.qq.com/sns/jscode2session?appid=wxb10693ce301b0503&secret=fe966f7c89ba08eccd70060f2b3f9801&js_code=0113dIPc0WmBdA13N1Mc06EjPc03dIP9&grant_type=authorization_code
2019-11-14 12:53:48   status:200
2019-11-14 12:53:48   data:{'session_key': 'eAcru7DSAu3DK3PN3jQ22w==', 'openid': 'oJfBH41Q13o00lX3pbhGAKUmThxA'}
2019-11-14 12:53:54   GET:https://api.weixin.qq.com/sns/jscode2session?appid=wxb10693ce301b0503&secret=fe966f7c89ba08eccd70060f2b3f9801&js_code=021Ag5pa1uwZiN1coVoa1fyQoa1Ag5pW&grant_type=authorization_code
2019-11-14 12:53:54   status:200
2019-11-14 12:53:54   data:{'session_key': 'eAcru7DSAu3DK3PN3jQ22w==', 'openid': 'oJfBH41Q13o00lX3pbhGAKUmThxA'}
2019-11-14 12:55:06   GET:https://api.weixin.qq.com/sns/jscode2session?appid=wxb10693ce301b0503&secret=fe966f7c89ba08eccd70060f2b3f9801&js_code=001ZftMR0brv5623fgKR0CCCMR0ZftM8&grant_type=authorization_code
2019-11-14 12:55:06   status:200
2019-11-14 12:55:06   data:{'session_key': 'eAcru7DSAu3DK3PN3jQ22w==', 'openid': 'oJfBH41Q13o00lX3pbhGAKUmThxA'}
2019-11-14 12:55:13   GET:https://api.weixin.qq.com/sns/jscode2session?appid=wxb10693ce301b0503&secret=fe966f7c89ba08eccd70060f2b3f9801&js_code=011OmcHx07c46b1BCsHx0nh5Hx0OmcHv&grant_type=authorization_code
2019-11-14 12:55:13   status:200
2019-11-14 12:55:13   data:{'session_key': 'eAcru7DSAu3DK3PN3jQ22w==', 'openid': 'oJfBH41Q13o00lX3pbhGAKUmThxA'}
2019-11-14 12:55:17   GET:https://api.weixin.qq.com/sns/jscode2session?appid=wxb10693ce301b0503&secret=fe966f7c89ba08eccd70060f2b3f9801&js_code=071mDYWc2UIlnG0X4rTc2esgXc2mDYWK&grant_type=authorization_code
2019-11-14 12:55:17   status:200
2019-11-14 12:55:17   data:{'session_key': 'eAcru7DSAu3DK3PN3jQ22w==', 'openid': 'oJfBH41Q13o00lX3pbhGAKUmThxA'}
2019-11-14 12:55:40   GET:https://api.weixin.qq.com/sns/jscode2session?appid=wxb10693ce301b0503&secret=fe966f7c89ba08eccd70060f2b3f9801&js_code=061RytJh0Xv7tv1s48Jh0IquJh0RytJl&grant_type=authorization_code
2019-11-14 12:55:40   status:200
2019-11-14 12:55:40   data:{'session_key': 'eAcru7DSAu3DK3PN3jQ22w==', 'openid': 'oJfBH41Q13o00lX3pbhGAKUmThxA'}
2019-11-14 12:57:27   GET:https://api.weixin.qq.com/sns/jscode2session?appid=wxb10693ce301b0503&secret=fe966f7c89ba08eccd70060f2b3f9801&js_code=021Gfs6Z0H4kdU1R2X7Z01Ps6Z0Gfs6a&grant_type=authorization_code
2019-11-14 12:57:28   status:200
2019-11-14 12:57:28   data:{'session_key': 'NhU2I1OYxB0BjvKKDCidQA==', 'openid': 'oJfBH41Q13o00lX3pbhGAKUmThxA'}
2019-11-14 12:57:39   GET:https://api.weixin.qq.com/sns/jscode2session?appid=wxb10693ce301b0503&secret=fe966f7c89ba08eccd70060f2b3f9801&js_code=011wbqZg0D7Muw1GWaZg0BRcZg0wbqZQ&grant_type=authorization_code
2019-11-14 12:57:39   status:200
2019-11-14 12:57:39   data:{'session_key': 'NhU2I1OYxB0BjvKKDCidQA==', 'openid': 'oJfBH41Q13o00lX3pbhGAKUmThxA'}
2019-11-14 12:58:00   GET:https://api.weixin.qq.com/sns/jscode2session?appid=wxb10693ce301b0503&secret=fe966f7c89ba08eccd70060f2b3f9801&js_code=081Cv1w40MOaYI1lQSw40dC9w40Cv1wQ&grant_type=authorization_code
2019-11-14 12:58:00   status:200
2019-11-14 12:58:00   data:{'session_key': 'NhU2I1OYxB0BjvKKDCidQA==', 'openid': 'oJfBH41Q13o00lX3pbhGAKUmThxA'}
2019-11-14 12:58:48   GET:https://api.weixin.qq.com/sns/jscode2session?appid=wxb10693ce301b0503&secret=fe966f7c89ba08eccd70060f2b3f9801&js_code=0213pvjf0bT4Ct1c7Lhf0Yhljf03pvj3&grant_type=authorization_code
2019-11-14 12:58:48   status:200
2019-11-14 12:58:48   data:{'session_key': 'NhU2I1OYxB0BjvKKDCidQA==', 'openid': 'oJfBH41Q13o00lX3pbhGAKUmThxA'}
2019-11-14 12:58:55   GET:https://api.weixin.qq.com/sns/jscode2session?appid=wxb10693ce301b0503&secret=fe966f7c89ba08eccd70060f2b3f9801&js_code=081PuHaw1EGWih0q20cw10qLaw1PuHaM&grant_type=authorization_code
2019-11-14 12:58:55   status:200
2019-11-14 12:58:55   data:{'session_key': 'NhU2I1OYxB0BjvKKDCidQA==', 'openid': 'oJfBH41Q13o00lX3pbhGAKUmThxA'}
2019-11-14 12:59:15   GET:https://api.weixin.qq.com/sns/jscode2session?appid=wxb10693ce301b0503&secret=fe966f7c89ba08eccd70060f2b3f9801&js_code=081prpr00qt1nI1QCHr00SDpr00prprr&grant_type=authorization_code
2019-11-14 12:59:15   status:200
2019-11-14 12:59:15   data:{'session_key': 'NhU2I1OYxB0BjvKKDCidQA==', 'openid': 'oJfBH41Q13o00lX3pbhGAKUmThxA'}
2019-11-14 12:59:25   GET:https://api.weixin.qq.com/sns/jscode2session?appid=wxb10693ce301b0503&secret=fe966f7c89ba08eccd70060f2b3f9801&js_code=071jG8dK0mWkp92NNecK0EjNcK0jG8dH&grant_type=authorization_code
2019-11-14 12:59:25   status:200
2019-11-14 12:59:25   data:{'session_key': 'NhU2I1OYxB0BjvKKDCidQA==', 'openid': 'oJfBH41Q13o00lX3pbhGAKUmThxA'}
2019-11-14 12:59:34   GET:https://api.weixin.qq.com/sns/jscode2session?appid=wxb10693ce301b0503&secret=fe966f7c89ba08eccd70060f2b3f9801&js_code=011ltVlg0xy50x1sJFlg0US0mg0ltVlO&grant_type=authorization_code
2019-11-14 12:59:34   status:200
2019-11-14 12:59:34   data:{'session_key': '/g1BVQ4SydlSbyM6tA1Q6A==', 'openid': 'oJfBH41Q13o00lX3pbhGAKUmThxA'}
2019-11-14 12:59:51   GET:https://api.weixin.qq.com/sns/jscode2session?appid=wxb10693ce301b0503&secret=fe966f7c89ba08eccd70060f2b3f9801&js_code=021wEoqQ15vKL21SL0qQ1cXmqQ1wEoqT&grant_type=authorization_code
2019-11-14 12:59:51   status:200
2019-11-14 12:59:51   data:{'session_key': '/g1BVQ4SydlSbyM6tA1Q6A==', 'openid': 'oJfBH41Q13o00lX3pbhGAKUmThxA'}
2019-11-14 13:02:28   GET:https://api.weixin.qq.com/sns/jscode2session?appid=wxb10693ce301b0503&secret=fe966f7c89ba08eccd70060f2b3f9801&js_code=021YxzYM1OONC61jeNYM1gRyYM1YxzYA&grant_type=authorization_code
2019-11-14 13:02:28   status:200
2019-11-14 13:02:28   data:{'session_key': 'iXcZiupmdfuu2giHzYVfBA==', 'openid': 'oJfBH41Q13o00lX3pbhGAKUmThxA'}
2019-11-14 13:05:34   GET:https://api.weixin.qq.com/sns/jscode2session?appid=wxb10693ce301b0503&secret=fe966f7c89ba08eccd70060f2b3f9801&js_code=021ZaNac2X0uQL0PMOac2OD2bc2ZaNaO&grant_type=authorization_code
2019-11-14 13:05:34   status:200
2019-11-14 13:05:34   data:{'session_key': 'N2kYV4jWDT/5oNO23YIgrQ==', 'openid': 'oJfBH41Q13o00lX3pbhGAKUmThxA'}
2019-11-14 13:05:37   GET:https://api.weixin.qq.com/sns/jscode2session?appid=wxb10693ce301b0503&secret=fe966f7c89ba08eccd70060f2b3f9801&js_code=0212qZFW0nsbk12UXqFW0ySKFW02qZFC&grant_type=authorization_code
2019-11-14 13:05:37   status:200
2019-11-14 13:05:37   data:{'session_key': 'N2kYV4jWDT/5oNO23YIgrQ==', 'openid': 'oJfBH41Q13o00lX3pbhGAKUmThxA'}
2019-11-14 13:05:47   ('data DoesNotExist',)
2019-11-14 13:05:47   GET:https://api.weixin.qq.com/sns/jscode2session?appid=wxb10693ce301b0503&secret=fe966f7c89ba08eccd70060f2b3f9801&js_code=011C6Aq315Cs1Q1O0dt31qbDq31C6Aqf&grant_type=authorization_code
2019-11-14 13:05:47   status:200
2019-11-14 13:05:47   data:{'session_key': 'N2kYV4jWDT/5oNO23YIgrQ==', 'openid': 'oJfBH41Q13o00lX3pbhGAKUmThxA'}
2019-11-14 13:06:39   GET:https://api.weixin.qq.com/sns/jscode2session?appid=wxb10693ce301b0503&secret=fe966f7c89ba08eccd70060f2b3f9801&js_code=081nEzC31uPvzP1dE2C31iLtC31nEzCS&grant_type=authorization_code
2019-11-14 13:06:39   status:200
2019-11-14 13:06:39   data:{'session_key': 'N2kYV4jWDT/5oNO23YIgrQ==', 'openid': 'oJfBH41Q13o00lX3pbhGAKUmThxA'}
2019-11-14 13:06:53   GET:https://api.weixin.qq.com/sns/jscode2session?appid=wxb10693ce301b0503&secret=fe966f7c89ba08eccd70060f2b3f9801&js_code=001XJFY01oarbX1ANm011LXuY01XJFYY&grant_type=authorization_code
2019-11-14 13:06:53   status:200
2019-11-14 13:06:53   data:{'session_key': 'N2kYV4jWDT/5oNO23YIgrQ==', 'openid': 'oJfBH41Q13o00lX3pbhGAKUmThxA'}
2019-11-14 13:07:16   GET:https://api.weixin.qq.com/sns/jscode2session?appid=wxb10693ce301b0503&secret=fe966f7c89ba08eccd70060f2b3f9801&js_code=061PJyzh1DpyCv0Ip9Ch17RAzh1PJyz9&grant_type=authorization_code
2019-11-14 13:07:16   status:200
2019-11-14 13:07:16   data:{'session_key': 'N2kYV4jWDT/5oNO23YIgrQ==', 'openid': 'oJfBH41Q13o00lX3pbhGAKUmThxA'}
2019-11-14 13:07:22   GET:https://api.weixin.qq.com/sns/jscode2session?appid=wxb10693ce301b0503&secret=fe966f7c89ba08eccd70060f2b3f9801&js_code=071RufTQ1J7AH2127ZVQ1a4gTQ1RufTq&grant_type=authorization_code
2019-11-14 13:07:22   status:200
2019-11-14 13:07:22   data:{'session_key': 'N2kYV4jWDT/5oNO23YIgrQ==', 'openid': 'oJfBH41Q13o00lX3pbhGAKUmThxA'}
2019-11-14 13:07:39   GET:https://api.weixin.qq.com/sns/jscode2session?appid=wxb10693ce301b0503&secret=fe966f7c89ba08eccd70060f2b3f9801&js_code=081dHqj106PhtH1bX6k10dquj10dHqjp&grant_type=authorization_code
2019-11-14 13:07:39   status:200
2019-11-14 13:07:39   data:{'session_key': 'mCZhVmeQrg9s39Wjmxvvmg==', 'openid': 'oJfBH41Q13o00lX3pbhGAKUmThxA'}
2019-11-14 13:07:49   GET:https://api.weixin.qq.com/sns/jscode2session?appid=wxb10693ce301b0503&secret=fe966f7c89ba08eccd70060f2b3f9801&js_code=011J1mzO0GsbC42HnezO0HSxzO0J1mze&grant_type=authorization_code
2019-11-14 13:07:49   status:200
2019-11-14 13:07:49   data:{'session_key': 'mCZhVmeQrg9s39Wjmxvvmg==', 'openid': 'oJfBH41Q13o00lX3pbhGAKUmThxA'}
2019-11-14 13:07:50   GET:https://api.weixin.qq.com/sns/jscode2session?appid=wxb10693ce301b0503&secret=fe966f7c89ba08eccd70060f2b3f9801&js_code=021f79w40lh4YI1NlLu40yecw40f79wo&grant_type=authorization_code
2019-11-14 13:07:51   status:200
2019-11-14 13:07:51   data:{'session_key': 'mCZhVmeQrg9s39Wjmxvvmg==', 'openid': 'oJfBH41Q13o00lX3pbhGAKUmThxA'}
2019-11-14 13:08:41   GET:https://api.weixin.qq.com/sns/jscode2session?appid=wxb10693ce301b0503&secret=fe966f7c89ba08eccd70060f2b3f9801&js_code=021RyorF12xeL70DwNqF1VQorF1Ryorc&grant_type=authorization_code
2019-11-14 13:08:41   status:200
2019-11-14 13:08:41   data:{'session_key': 'mCZhVmeQrg9s39Wjmxvvmg==', 'openid': 'oJfBH41Q13o00lX3pbhGAKUmThxA'}
2019-11-14 13:09:08   ('data DoesNotExist',)
2019-11-14 13:09:08   GET:https://api.weixin.qq.com/sns/jscode2session?appid=wxb10693ce301b0503&secret=fe966f7c89ba08eccd70060f2b3f9801&js_code=081sXXjk1GIJbo0UKdnk1tP1kk1sXXjf&grant_type=authorization_code
2019-11-14 13:09:08   status:200
2019-11-14 13:09:08   data:{'session_key': 'mCZhVmeQrg9s39Wjmxvvmg==', 'openid': 'oJfBH41Q13o00lX3pbhGAKUmThxA'}
2019-11-14 13:09:27   GET:https://api.weixin.qq.com/sns/jscode2session?appid=wxb10693ce301b0503&secret=fe966f7c89ba08eccd70060f2b3f9801&js_code=061w9eE72n1lvQ0Q7BF72BzaE72w9eEc&grant_type=authorization_code
2019-11-14 13:09:27   status:200
2019-11-14 13:09:27   data:{'session_key': 'mCZhVmeQrg9s39Wjmxvvmg==', 'openid': 'oJfBH41Q13o00lX3pbhGAKUmThxA'}
2019-11-14 13:11:06   GET:https://api.weixin.qq.com/sns/jscode2session?appid=wxb10693ce301b0503&secret=fe966f7c89ba08eccd70060f2b3f9801&js_code=001H3eBK16zbK200g4CK135iBK1H3eBN&grant_type=authorization_code
2019-11-14 13:11:06   status:200
2019-11-14 13:11:06   data:{'session_key': 'ZtNa2aWA+mBviSEXrls6og==', 'openid': 'oJfBH41Q13o00lX3pbhGAKUmThxA'}
2019-11-14 13:11:21   GET:https://api.weixin.qq.com/sns/jscode2session?appid=wxb10693ce301b0503&secret=fe966f7c89ba08eccd70060f2b3f9801&js_code=001NIPDW0QwUm12vjiEW0MN2EW0NIPDI&grant_type=authorization_code
2019-11-14 13:11:21   status:200
2019-11-14 13:11:21   data:{'session_key': 'ZtNa2aWA+mBviSEXrls6og==', 'openid': 'oJfBH41Q13o00lX3pbhGAKUmThxA'}
2019-11-14 13:11:32   GET:https://api.weixin.qq.com/sns/jscode2session?appid=wxb10693ce301b0503&secret=fe966f7c89ba08eccd70060f2b3f9801&js_code=071EbqNy0cfsxe19OYOy0OuvNy0EbqNW&grant_type=authorization_code
2019-11-14 13:11:33   status:200
2019-11-14 13:11:33   data:{'session_key': 'ZtNa2aWA+mBviSEXrls6og==', 'openid': 'oJfBH41Q13o00lX3pbhGAKUmThxA'}
2019-11-14 13:11:38   GET:https://api.weixin.qq.com/sns/jscode2session?appid=wxb10693ce301b0503&secret=fe966f7c89ba08eccd70060f2b3f9801&js_code=0610NyVI1O1jp40kCTSI19ICVI10NyV3&grant_type=authorization_code
2019-11-14 13:11:39   status:200
2019-11-14 13:11:39   data:{'session_key': 'ZtNa2aWA+mBviSEXrls6og==', 'openid': 'oJfBH41Q13o00lX3pbhGAKUmThxA'}
2019-11-14 13:11:40   GET:https://api.weixin.qq.com/sns/jscode2session?appid=wxb10693ce301b0503&secret=fe966f7c89ba08eccd70060f2b3f9801&js_code=02107sE91GM1eO1zz2D91wJbE9107sEe&grant_type=authorization_code
2019-11-14 13:11:40   status:200
2019-11-14 13:11:40   data:{'session_key': 'ZtNa2aWA+mBviSEXrls6og==', 'openid': 'oJfBH41Q13o00lX3pbhGAKUmThxA'}
2019-11-14 13:12:00   GET:https://api.weixin.qq.com/sns/jscode2session?appid=wxb10693ce301b0503&secret=fe966f7c89ba08eccd70060f2b3f9801&js_code=0811GC4m0BC1pr1VGR7m0ZKD4m01GC4r&grant_type=authorization_code
2019-11-14 13:12:00   status:200
2019-11-14 13:12:00   data:{'session_key': 'ZtNa2aWA+mBviSEXrls6og==', 'openid': 'oJfBH41Q13o00lX3pbhGAKUmThxA'}
2019-11-14 13:20:15   ('data DoesNotExist',)
2019-11-14 13:20:43   ('ValidationError',)
2019-11-14 13:20:43   ('ValidationError',)
2019-11-14 13:20:43   ('ValidationError',)
2019-11-14 13:20:43   ('ValidationError',)
2019-11-14 13:20:43   ('ValidationError',)
2019-11-14 13:20:43   ('ValidationError',)
2019-11-14 13:20:43   ('ValidationError',)
2019-11-14 13:20:43   ('ValidationError',)
2019-11-14 13:20:43   ('ValidationError',)
2019-11-14 13:20:43   ('ValidationError',)
2019-11-14 13:20:43   ('ValidationError',)
2019-11-14 13:20:43   ('ValidationError',)
2019-11-14 13:20:43   ('ValidationError',)
2019-11-14 13:20:43   ('ValidationError',)
2019-11-14 13:20:43   ('ValidationError',)
2019-11-14 13:20:43   ('ValidationError',)
2019-11-14 13:20:43   ('ValidationError',)
2019-11-14 13:20:43   ('ValidationError',)
2019-11-14 13:20:54   GET:https://api.weixin.qq.com/sns/jscode2session?appid=wxb10693ce301b0503&secret=fe966f7c89ba08eccd70060f2b3f9801&js_code=081JOdNj1XivIo0qdPNj1N4aNj1JOdND&grant_type=authorization_code
2019-11-14 13:20:54   status:200
2019-11-14 13:20:54   data:{'session_key': 'Z6xvEPtB76wHAFtYoRtKwQ==', 'openid': 'oJfBH41Q13o00lX3pbhGAKUmThxA'}
2019-11-14 13:23:40   GET:https://api.weixin.qq.com/sns/jscode2session?appid=wxb10693ce301b0503&secret=fe966f7c89ba08eccd70060f2b3f9801&js_code=071Wv7mW0yP2E12xTqlW0EUcmW0Wv7mq&grant_type=authorization_code
2019-11-14 13:23:40   status:200
2019-11-14 13:23:40   data:{'session_key': 'qT2itQSD5va0PVUj6LPdQw==', 'openid': 'oJfBH41Q13o00lX3pbhGAKUmThxA'}
2019-11-14 13:23:48   GET:https://api.weixin.qq.com/sns/jscode2session?appid=wxb10693ce301b0503&secret=fe966f7c89ba08eccd70060f2b3f9801&js_code=001sA6FC1OpC760x4PCC1Ns2FC1sA6FF&grant_type=authorization_code
2019-11-14 13:23:48   status:200
2019-11-14 13:23:48   data:{'session_key': 'qT2itQSD5va0PVUj6LPdQw==', 'openid': 'oJfBH41Q13o00lX3pbhGAKUmThxA'}
2019-11-14 13:23:52   GET:https://api.weixin.qq.com/sns/jscode2session?appid=wxb10693ce301b0503&secret=fe966f7c89ba08eccd70060f2b3f9801&js_code=001KIFiQ1Oc4b31g9BfQ1FUjiQ1KIFi-&grant_type=authorization_code
2019-11-14 13:23:52   status:200
2019-11-14 13:23:52   data:{'session_key': 'qT2itQSD5va0PVUj6LPdQw==', 'openid': 'oJfBH41Q13o00lX3pbhGAKUmThxA'}
2019-11-14 13:23:59   GET:https://api.weixin.qq.com/sns/jscode2session?appid=wxb10693ce301b0503&secret=fe966f7c89ba08eccd70060f2b3f9801&js_code=011SAKnX158VB01Y2CmX1p3aoX1SAKni&grant_type=authorization_code
2019-11-14 13:23:59   status:200
2019-11-14 13:23:59   data:{'session_key': 'qT2itQSD5va0PVUj6LPdQw==', 'openid': 'oJfBH41Q13o00lX3pbhGAKUmThxA'}
2019-11-14 13:24:02   GET:https://api.weixin.qq.com/sns/jscode2session?appid=wxb10693ce301b0503&secret=fe966f7c89ba08eccd70060f2b3f9801&js_code=071NhCup0NmwYn1OW6vp0s0Oup0NhCuC&grant_type=authorization_code
2019-11-14 13:24:02   status:200
2019-11-14 13:24:02   data:{'session_key': 'qT2itQSD5va0PVUj6LPdQw==', 'openid': 'oJfBH41Q13o00lX3pbhGAKUmThxA'}
2019-11-14 13:24:18   GET:https://api.weixin.qq.com/sns/jscode2session?appid=wxb10693ce301b0503&secret=fe966f7c89ba08eccd70060f2b3f9801&js_code=00176Ctd2dSEPF0Q4Wtd2cDvtd276Ctx&grant_type=authorization_code
2019-11-14 13:24:18   status:200
2019-11-14 13:24:18   data:{'session_key': 'qT2itQSD5va0PVUj6LPdQw==', 'openid': 'oJfBH41Q13o00lX3pbhGAKUmThxA'}
2019-11-14 13:24:45   GET:https://api.weixin.qq.com/sns/jscode2session?appid=wxb10693ce301b0503&secret=fe966f7c89ba08eccd70060f2b3f9801&js_code=061Ku6Ls1TYQAk0szQKs1TI7Ls1Ku6Lm&grant_type=authorization_code
2019-11-14 13:24:45   status:200
2019-11-14 13:24:45   data:{'session_key': 'qT2itQSD5va0PVUj6LPdQw==', 'openid': 'oJfBH41Q13o00lX3pbhGAKUmThxA'}
2019-11-14 13:24:54   GET:https://api.weixin.qq.com/sns/jscode2session?appid=wxb10693ce301b0503&secret=fe966f7c89ba08eccd70060f2b3f9801&js_code=021LpB490Vv5pE1DfE4901iw490LpB4f&grant_type=authorization_code
2019-11-14 13:24:54   status:200
2019-11-14 13:24:54   data:{'session_key': 'qT2itQSD5va0PVUj6LPdQw==', 'openid': 'oJfBH41Q13o00lX3pbhGAKUmThxA'}
2019-11-14 13:24:59   GET:https://api.weixin.qq.com/sns/jscode2session?appid=wxb10693ce301b0503&secret=fe966f7c89ba08eccd70060f2b3f9801&js_code=061Isal40NxuRI1QVxm40JdYk40IsalQ&grant_type=authorization_code
2019-11-14 13:24:59   status:200
2019-11-14 13:24:59   data:{'session_key': 'qT2itQSD5va0PVUj6LPdQw==', 'openid': 'oJfBH41Q13o00lX3pbhGAKUmThxA'}
2019-11-14 13:25:04   GET:https://api.weixin.qq.com/sns/jscode2session?appid=wxb10693ce301b0503&secret=fe966f7c89ba08eccd70060f2b3f9801&js_code=021xx2cl1vGFjn0FKgcl1bs3cl1xx2cS&grant_type=authorization_code
2019-11-14 13:25:04   status:200
2019-11-14 13:25:04   data:{'session_key': 'qT2itQSD5va0PVUj6LPdQw==', 'openid': 'oJfBH41Q13o00lX3pbhGAKUmThxA'}
2019-11-14 13:25:07   GET:https://api.weixin.qq.com/sns/jscode2session?appid=wxb10693ce301b0503&secret=fe966f7c89ba08eccd70060f2b3f9801&js_code=061KOE9l0Lpfbs17GHcl0ySz9l0KOE96&grant_type=authorization_code
2019-11-14 13:25:08   status:200
2019-11-14 13:25:08   data:{'session_key': 'qT2itQSD5va0PVUj6LPdQw==', 'openid': 'oJfBH41Q13o00lX3pbhGAKUmThxA'}
2019-11-14 13:26:35   GET:https://api.weixin.qq.com/sns/jscode2session?appid=wxb10693ce301b0503&secret=fe966f7c89ba08eccd70060f2b3f9801&js_code=071q4tSw1hA3jg0MABUw1tVMSw1q4tSf&grant_type=authorization_code
2019-11-14 13:26:35   status:200
2019-11-14 13:26:35   data:{'session_key': 'gTGQTcOGsrveSuTNXQxcRQ==', 'openid': 'oJfBH41Q13o00lX3pbhGAKUmThxA'}
2019-11-14 13:35:36   GET:https://api.weixin.qq.com/sns/jscode2session?appid=wxb10693ce301b0503&secret=fe966f7c89ba08eccd70060f2b3f9801&js_code=0010fN6q08zpnn15Uw6q0XeZ6q00fN6G&grant_type=authorization_code
2019-11-14 13:35:36   status:200
2019-11-14 13:35:36   data:{'session_key': '76SnZEFFTGGf5TDyINxacw==', 'openid': 'oJfBH41Q13o00lX3pbhGAKUmThxA'}
2019-11-14 13:35:45   ('data DoesNotExist',)
2019-11-14 13:37:51   GET:https://api.weixin.qq.com/sns/jscode2session?appid=wxb10693ce301b0503&secret=fe966f7c89ba08eccd70060f2b3f9801&js_code=081Ygls51RbSxS1nGCt51jCts51Ygls8&grant_type=authorization_code
2019-11-14 13:37:51   status:200
2019-11-14 13:37:51   data:{'session_key': 'JR68fZwMUgT6mEtxXUgXoQ==', 'openid': 'oJfBH41Q13o00lX3pbhGAKUmThxA'}
2019-11-14 13:38:21   GET:https://api.weixin.qq.com/sns/jscode2session?appid=wxb10693ce301b0503&secret=fe966f7c89ba08eccd70060f2b3f9801&js_code=011sXvW62JFXVQ0TpkZ62tjzW62sXvWB&grant_type=authorization_code
2019-11-14 13:38:22   status:200
2019-11-14 13:38:22   data:{'session_key': 'JR68fZwMUgT6mEtxXUgXoQ==', 'openid': 'oJfBH41Q13o00lX3pbhGAKUmThxA'}
2019-11-14 13:38:55   GET:https://api.weixin.qq.com/sns/jscode2session?appid=wxb10693ce301b0503&secret=fe966f7c89ba08eccd70060f2b3f9801&js_code=021wO6752vQpvO0HfV552Uqg752wO67J&grant_type=authorization_code
2019-11-14 13:38:55   status:200
2019-11-14 13:38:55   data:{'session_key': 'JR68fZwMUgT6mEtxXUgXoQ==', 'openid': 'oJfBH41Q13o00lX3pbhGAKUmThxA'}
2019-11-14 13:38:58   GET:https://api.weixin.qq.com/sns/jscode2session?appid=wxb10693ce301b0503&secret=fe966f7c89ba08eccd70060f2b3f9801&js_code=071GQs9B06Nnri2xzOaB0RYr9B0GQs9f&grant_type=authorization_code
2019-11-14 13:38:58   status:200
2019-11-14 13:38:58   data:{'session_key': 'JR68fZwMUgT6mEtxXUgXoQ==', 'openid': 'oJfBH41Q13o00lX3pbhGAKUmThxA'}
2019-11-14 13:39:14   GET:https://api.weixin.qq.com/sns/jscode2session?appid=wxb10693ce301b0503&secret=fe966f7c89ba08eccd70060f2b3f9801&js_code=071l7cfi1dW75v0CEsei1FRffi1l7cfm&grant_type=authorization_code
2019-11-14 13:39:14   status:200
2019-11-14 13:39:14   data:{'session_key': 'JR68fZwMUgT6mEtxXUgXoQ==', 'openid': 'oJfBH41Q13o00lX3pbhGAKUmThxA'}
2019-11-14 13:39:27   ('data DoesNotExist',)
2019-11-14 13:39:36   ('data DoesNotExist',)
2019-11-14 13:41:31   GET:https://api.weixin.qq.com/sns/jscode2session?appid=wxb10693ce301b0503&secret=fe966f7c89ba08eccd70060f2b3f9801&js_code=081wHXyX0Lps2W14JTyX0BBIyX0wHXyV&grant_type=authorization_code
2019-11-14 13:41:31   status:200
2019-11-14 13:41:31   data:{'session_key': 'GeTTmd0OqE1Wa9Vx38NYNQ==', 'openid': 'oJfBH41Q13o00lX3pbhGAKUmThxA'}
2019-11-14 13:41:41   GET:https://api.weixin.qq.com/sns/jscode2session?appid=wxb10693ce301b0503&secret=fe966f7c89ba08eccd70060f2b3f9801&js_code=0212tHGh1ZSiFv0MabGh18FsGh12tHGL&grant_type=authorization_code
2019-11-14 13:41:41   status:200
2019-11-14 13:41:41   data:{'session_key': 'GeTTmd0OqE1Wa9Vx38NYNQ==', 'openid': 'oJfBH41Q13o00lX3pbhGAKUmThxA'}
2019-11-14 13:42:35   GET:https://api.weixin.qq.com/sns/jscode2session?appid=wxb10693ce301b0503&secret=fe966f7c89ba08eccd70060f2b3f9801&js_code=061ficr72avviQ0Dsos72mEhr72ficrM&grant_type=authorization_code
2019-11-14 13:42:35   status:200
2019-11-14 13:42:35   data:{'session_key': 'GeTTmd0OqE1Wa9Vx38NYNQ==', 'openid': 'oJfBH41Q13o00lX3pbhGAKUmThxA'}
2019-11-14 13:43:02   GET:https://api.weixin.qq.com/sns/jscode2session?appid=wxb10693ce301b0503&secret=fe966f7c89ba08eccd70060f2b3f9801&js_code=081DZ45k07KkJo1Inl1k0dZO4k0DZ45K&grant_type=authorization_code
2019-11-14 13:43:03   status:200
2019-11-14 13:43:03   data:{'session_key': 'GeTTmd0OqE1Wa9Vx38NYNQ==', 'openid': 'oJfBH41Q13o00lX3pbhGAKUmThxA'}
2019-11-14 13:44:30   GET:https://api.weixin.qq.com/sns/jscode2session?appid=wxb10693ce301b0503&secret=fe966f7c89ba08eccd70060f2b3f9801&js_code=061YAV7N0qQ7Aa2nSB7N0C5Y7N0YAV79&grant_type=authorization_code
2019-11-14 13:44:30   status:200
2019-11-14 13:44:30   data:{'session_key': '6mzGh22L0eGRpMBzbbL5eQ==', 'openid': 'oJfBH41Q13o00lX3pbhGAKUmThxA'}
2019-11-14 13:45:16   GET:https://api.weixin.qq.com/sns/jscode2session?appid=wxb10693ce301b0503&secret=fe966f7c89ba08eccd70060f2b3f9801&js_code=001eIyR11KUXKR1HGpO11U3eR11eIyR2&grant_type=authorization_code
2019-11-14 13:45:16   status:200
2019-11-14 13:45:16   data:{'session_key': '6mzGh22L0eGRpMBzbbL5eQ==', 'openid': 'oJfBH41Q13o00lX3pbhGAKUmThxA'}
2019-11-14 13:46:02   GET:https://api.weixin.qq.com/sns/jscode2session?appid=wxb10693ce301b0503&secret=fe966f7c89ba08eccd70060f2b3f9801&js_code=061jv8VF1LEg970CBVUF1KcUUF1jv8VL&grant_type=authorization_code
2019-11-14 13:46:02   status:200
2019-11-14 13:46:02   data:{'session_key': '6mzGh22L0eGRpMBzbbL5eQ==', 'openid': 'oJfBH41Q13o00lX3pbhGAKUmThxA'}
2019-11-14 13:59:16   GET:https://api.weixin.qq.com/sns/jscode2session?appid=wxb10693ce301b0503&secret=fe966f7c89ba08eccd70060f2b3f9801&js_code=081aPAEk2McGmD0crZCk2PiCEk2aPAEy&grant_type=authorization_code
2019-11-14 13:59:16   status:200
2019-11-14 13:59:16   data:{'session_key': 'xRWNoErl6MrjnvL4/Pl6yA==', 'openid': 'oJfBH41Q13o00lX3pbhGAKUmThxA'}
2019-11-14 14:00:44   GET:https://api.weixin.qq.com/sns/jscode2session?appid=wxb10693ce301b0503&secret=fe966f7c89ba08eccd70060f2b3f9801&js_code=001CReJu0Fnjsi1vasMu0cDzJu0CReJP&grant_type=authorization_code
2019-11-14 14:00:44   status:200
2019-11-14 14:00:44   data:{'session_key': 'xRWNoErl6MrjnvL4/Pl6yA==', 'openid': 'oJfBH41Q13o00lX3pbhGAKUmThxA'}
2019-11-14 14:03:31   GET:https://api.weixin.qq.com/sns/jscode2session?appid=wxb10693ce301b0503&secret=fe966f7c89ba08eccd70060f2b3f9801&js_code=00126iwp0N8VXn1biMtp0SPpwp026iw6&grant_type=authorization_code
2019-11-14 14:03:31   status:200
2019-11-14 14:03:31   data:{'session_key': 'F+yIhnvEd70bFVwU7ZuQtA==', 'openid': 'oJfBH41Q13o00lX3pbhGAKUmThxA'}
2019-11-14 14:04:07   GET:https://api.weixin.qq.com/sns/jscode2session?appid=wxb10693ce301b0503&secret=fe966f7c89ba08eccd70060f2b3f9801&js_code=06138mrW1Qy7r11ImNqW1AAmrW138mrg&grant_type=authorization_code
2019-11-14 14:04:07   status:200
2019-11-14 14:04:07   data:{'session_key': 'F+yIhnvEd70bFVwU7ZuQtA==', 'openid': 'oJfBH41Q13o00lX3pbhGAKUmThxA'}
2019-11-14 14:04:51   GET:https://api.weixin.qq.com/sns/jscode2session?appid=wxb10693ce301b0503&secret=fe966f7c89ba08eccd70060f2b3f9801&js_code=061wl1V11XF4hR1G2JS11paBU11wl1VQ&grant_type=authorization_code
2019-11-14 14:04:51   status:200
2019-11-14 14:04:51   data:{'session_key': 'F+yIhnvEd70bFVwU7ZuQtA==', 'openid': 'oJfBH41Q13o00lX3pbhGAKUmThxA'}
2019-11-14 14:32:54   GET:https://api.weixin.qq.com/sns/jscode2session?appid=wxb10693ce301b0503&secret=fe966f7c89ba08eccd70060f2b3f9801&js_code=0214O9a50CYZkD1ORW8501Gea504O9ak&grant_type=authorization_code
2019-11-14 14:32:54   status:200
2019-11-14 14:32:54   data:{'session_key': 'lgbmxcSd3aCn5vYhVskhRg==', 'openid': 'oJfBH41Q13o00lX3pbhGAKUmThxA'}
2019-11-14 14:33:08   GET:https://api.weixin.qq.com/sns/jscode2session?appid=wxb10693ce301b0503&secret=fe966f7c89ba08eccd70060f2b3f9801&js_code=0717VQ4R0ffe572MeU4R0eNR4R07VQ4u&grant_type=authorization_code
2019-11-14 14:33:08   status:200
2019-11-14 14:33:08   data:{'session_key': 'lgbmxcSd3aCn5vYhVskhRg==', 'openid': 'oJfBH41Q13o00lX3pbhGAKUmThxA'}
2019-11-14 14:34:15   GET:https://api.weixin.qq.com/sns/jscode2session?appid=wxb10693ce301b0503&secret=fe966f7c89ba08eccd70060f2b3f9801&js_code=081kHg7j1r1qmu0Nr77j1H6k7j1kHg7q&grant_type=authorization_code
2019-11-14 14:34:15   status:200
2019-11-14 14:34:15   data:{'session_key': 'lgbmxcSd3aCn5vYhVskhRg==', 'openid': 'oJfBH41Q13o00lX3pbhGAKUmThxA'}
2019-11-14 14:34:47   GET:https://api.weixin.qq.com/sns/jscode2session?appid=wxb10693ce301b0503&secret=fe966f7c89ba08eccd70060f2b3f9801&js_code=0218lqSB19MmCb0H7tQB1ZHvSB18lqSu&grant_type=authorization_code
2019-11-14 14:34:47   status:200
2019-11-14 14:34:47   data:{'session_key': 'lgbmxcSd3aCn5vYhVskhRg==', 'openid': 'oJfBH41Q13o00lX3pbhGAKUmThxA'}
2019-11-14 14:40:38   GET:https://api.weixin.qq.com/sns/jscode2session?appid=wxb10693ce301b0503&secret=fe966f7c89ba08eccd70060f2b3f9801&js_code=071SIQnX00C9NV12QGmX0LVtnX0SIQnR&grant_type=authorization_code
2019-11-14 14:40:38   status:200
2019-11-14 14:40:38   data:{'session_key': 'pw8JKX9NZJ4Xx5rdqmWvGA==', 'openid': 'oJfBH41Q13o00lX3pbhGAKUmThxA'}
2019-11-14 14:40:42   GET:https://api.weixin.qq.com/sns/jscode2session?appid=wxb10693ce301b0503&secret=fe966f7c89ba08eccd70060f2b3f9801&js_code=081JJFye25sm9J0mLCze2T3uye2JJFyS&grant_type=authorization_code
2019-11-14 14:40:42   status:200
2019-11-14 14:40:42   data:{'session_key': 'pw8JKX9NZJ4Xx5rdqmWvGA==', 'openid': 'oJfBH41Q13o00lX3pbhGAKUmThxA'}
2019-11-14 14:41:25   GET:https://api.weixin.qq.com/sns/jscode2session?appid=wxb10693ce301b0503&secret=fe966f7c89ba08eccd70060f2b3f9801&js_code=021BYiLE1ObZh80HoAOE1TaZKE1BYiLv&grant_type=authorization_code
2019-11-14 14:41:25   status:200
2019-11-14 14:41:25   data:{'session_key': 'pw8JKX9NZJ4Xx5rdqmWvGA==', 'openid': 'oJfBH41Q13o00lX3pbhGAKUmThxA'}
2019-11-14 14:41:30   GET:https://api.weixin.qq.com/sns/jscode2session?appid=wxb10693ce301b0503&secret=fe966f7c89ba08eccd70060f2b3f9801&js_code=001zeG361fNi5S1RDt361VjD361zeG3-&grant_type=authorization_code
2019-11-14 14:41:30   status:200
2019-11-14 14:41:30   data:{'session_key': 'pw8JKX9NZJ4Xx5rdqmWvGA==', 'openid': 'oJfBH41Q13o00lX3pbhGAKUmThxA'}
2019-11-14 14:41:31   GET:https://api.weixin.qq.com/sns/jscode2session?appid=wxb10693ce301b0503&secret=fe966f7c89ba08eccd70060f2b3f9801&js_code=0716JXly0XijHe1idepy0JKSly06JXlf&grant_type=authorization_code
2019-11-14 14:41:31   status:200
2019-11-14 14:41:31   data:{'session_key': 'pw8JKX9NZJ4Xx5rdqmWvGA==', 'openid': 'oJfBH41Q13o00lX3pbhGAKUmThxA'}
2019-11-14 14:42:32   GET:https://api.weixin.qq.com/sns/jscode2session?appid=wxb10693ce301b0503&secret=fe966f7c89ba08eccd70060f2b3f9801&js_code=061rYtdY0mlxXU1llDcY0n0GdY0rYtdj&grant_type=authorization_code
2019-11-14 14:42:32   status:200
2019-11-14 14:42:32   data:{'session_key': 'wI9N5GtAvfsOXtyM8CUC7g==', 'openid': 'oJfBH41Q13o00lX3pbhGAKUmThxA'}
2019-11-14 14:42:39   GET:https://api.weixin.qq.com/sns/jscode2session?appid=wxb10693ce301b0503&secret=fe966f7c89ba08eccd70060f2b3f9801&js_code=081hCPHB1WWGtb0laOKB1dhHHB1hCPHo&grant_type=authorization_code
2019-11-14 14:42:39   status:200
2019-11-14 14:42:39   data:{'session_key': 'wI9N5GtAvfsOXtyM8CUC7g==', 'openid': 'oJfBH41Q13o00lX3pbhGAKUmThxA'}
2019-11-14 14:42:41   GET:https://api.weixin.qq.com/sns/jscode2session?appid=wxb10693ce301b0503&secret=fe966f7c89ba08eccd70060f2b3f9801&js_code=081zhp032SDrQU0Ejv032vGs032zhp0A&grant_type=authorization_code
2019-11-14 14:42:41   status:200
2019-11-14 14:42:41   data:{'session_key': 'wI9N5GtAvfsOXtyM8CUC7g==', 'openid': 'oJfBH41Q13o00lX3pbhGAKUmThxA'}
2019-11-14 14:42:45   GET:https://api.weixin.qq.com/sns/jscode2session?appid=wxb10693ce301b0503&secret=fe966f7c89ba08eccd70060f2b3f9801&js_code=061aCjF91pvDcO1eurC911XhF91aCjFz&grant_type=authorization_code
2019-11-14 14:42:45   status:200
2019-11-14 14:42:45   data:{'session_key': 'wI9N5GtAvfsOXtyM8CUC7g==', 'openid': 'oJfBH41Q13o00lX3pbhGAKUmThxA'}
2019-11-14 14:43:15   GET:https://api.weixin.qq.com/sns/jscode2session?appid=wxb10693ce301b0503&secret=fe966f7c89ba08eccd70060f2b3f9801&js_code=011SZ7u32Z9kGP0ZKAu32UKgu32SZ7up&grant_type=authorization_code
2019-11-14 14:43:15   status:200
2019-11-14 14:43:15   data:{'session_key': 'wI9N5GtAvfsOXtyM8CUC7g==', 'openid': 'oJfBH41Q13o00lX3pbhGAKUmThxA'}
2019-11-14 14:43:53   GET:https://api.weixin.qq.com/sns/jscode2session?appid=wxb10693ce301b0503&secret=fe966f7c89ba08eccd70060f2b3f9801&js_code=021TVIXG0G1Dmc29faZG0Pn1YG0TVIXT&grant_type=authorization_code
2019-11-14 14:43:53   status:200
2019-11-14 14:43:53   data:{'session_key': 'wI9N5GtAvfsOXtyM8CUC7g==', 'openid': 'oJfBH41Q13o00lX3pbhGAKUmThxA'}
2019-11-14 14:44:09   GET:https://api.weixin.qq.com/sns/jscode2session?appid=wxb10693ce301b0503&secret=fe966f7c89ba08eccd70060f2b3f9801&js_code=081owfgp1l6Noj0a6gdp15bhgp1owfg2&grant_type=authorization_code
2019-11-14 14:44:09   status:200
2019-11-14 14:44:09   data:{'session_key': 'wI9N5GtAvfsOXtyM8CUC7g==', 'openid': 'oJfBH41Q13o00lX3pbhGAKUmThxA'}
2019-11-14 14:44:47   GET:https://api.weixin.qq.com/sns/jscode2session?appid=wxb10693ce301b0503&secret=fe966f7c89ba08eccd70060f2b3f9801&js_code=0713zNK82ENgHK0wIvL82lkQK823zNK0&grant_type=authorization_code
2019-11-14 14:44:47   status:200
2019-11-14 14:44:47   data:{'session_key': 'cpPGPeOcOeHAIIgMHP6kOQ==', 'openid': 'oJfBH41Q13o00lX3pbhGAKUmThxA'}
2019-11-14 14:45:31   GET:https://api.weixin.qq.com/sns/jscode2session?appid=wxb10693ce301b0503&secret=fe966f7c89ba08eccd70060f2b3f9801&js_code=071VcZig22wXyH0qmgig2Okjjg2VcZih&grant_type=authorization_code
2019-11-14 14:45:31   status:200
2019-11-14 14:45:31   data:{'session_key': 'cpPGPeOcOeHAIIgMHP6kOQ==', 'openid': 'oJfBH41Q13o00lX3pbhGAKUmThxA'}
2019-11-14 14:46:09   GET:https://api.weixin.qq.com/sns/jscode2session?appid=wxb10693ce301b0503&secret=fe966f7c89ba08eccd70060f2b3f9801&js_code=011muoMv0xhhHh1S4pMv092ZLv0muoMn&grant_type=authorization_code
2019-11-14 14:46:09   status:200
2019-11-14 14:46:09   data:{'session_key': 'cpPGPeOcOeHAIIgMHP6kOQ==', 'openid': 'oJfBH41Q13o00lX3pbhGAKUmThxA'}
2019-11-14 14:46:46   GET:https://api.weixin.qq.com/sns/jscode2session?appid=wxb10693ce301b0503&secret=fe966f7c89ba08eccd70060f2b3f9801&js_code=001LI1Rq0FKWum1ovlQq0fy8Rq0LI1Rv&grant_type=authorization_code
2019-11-14 14:46:46   status:200
2019-11-14 14:46:46   data:{'session_key': 'cpPGPeOcOeHAIIgMHP6kOQ==', 'openid': 'oJfBH41Q13o00lX3pbhGAKUmThxA'}
2019-11-14 14:47:58   GET:https://api.weixin.qq.com/sns/jscode2session?appid=wxb10693ce301b0503&secret=fe966f7c89ba08eccd70060f2b3f9801&js_code=061p9xFp0jnExn18w7Fp0KjlFp0p9xFQ&grant_type=authorization_code
2019-11-14 14:47:58   status:200
2019-11-14 14:47:58   data:{'session_key': 'BCreJrqWo7CWjD823008Iw==', 'openid': 'oJfBH41Q13o00lX3pbhGAKUmThxA'}
2019-11-14 14:48:39   GET:https://api.weixin.qq.com/sns/jscode2session?appid=wxb10693ce301b0503&secret=fe966f7c89ba08eccd70060f2b3f9801&js_code=001TiTpT06FFLZ1H2WmT01AFpT0TiTpL&grant_type=authorization_code
2019-11-14 14:48:39   status:200
2019-11-14 14:48:39   data:{'session_key': 'BCreJrqWo7CWjD823008Iw==', 'openid': 'oJfBH41Q13o00lX3pbhGAKUmThxA'}
2019-11-14 14:49:44   GET:https://api.weixin.qq.com/sns/jscode2session?appid=wxb10693ce301b0503&secret=fe966f7c89ba08eccd70060f2b3f9801&js_code=061u6TIm1kZJtq0xP7Jm1IoUIm1u6TIV&grant_type=authorization_code
2019-11-14 14:49:44   status:200
2019-11-14 14:49:44   data:{'session_key': 'BCreJrqWo7CWjD823008Iw==', 'openid': 'oJfBH41Q13o00lX3pbhGAKUmThxA'}
2019-11-14 14:50:26   GET:https://api.weixin.qq.com/sns/jscode2session?appid=wxb10693ce301b0503&secret=fe966f7c89ba08eccd70060f2b3f9801&js_code=001dopbj0hBTBp1G9xaj0T6qbj0dopbo&grant_type=authorization_code
2019-11-14 14:50:26   status:200
2019-11-14 14:50:26   data:{'session_key': 'a8oCe/TVhFUqTZz6M3c/Jg==', 'openid': 'oJfBH41Q13o00lX3pbhGAKUmThxA'}
2019-11-14 14:50:46   ('data DoesNotExist',)
2019-11-14 14:50:46   ('ValidationError',)
2019-11-14 14:50:46   ('ValidationError',)
2019-11-14 14:50:46   ('ValidationError',)
2019-11-14 14:51:27   GET:https://api.weixin.qq.com/sns/jscode2session?appid=wxb10693ce301b0503&secret=fe966f7c89ba08eccd70060f2b3f9801&js_code=021aMHpD15WMe50VgvtD1gIEpD1aMHpc&grant_type=authorization_code
2019-11-14 14:51:28   status:200
2019-11-14 14:51:28   data:{'session_key': 'a8oCe/TVhFUqTZz6M3c/Jg==', 'openid': 'oJfBH41Q13o00lX3pbhGAKUmThxA'}
2019-11-14 14:52:18   GET:https://api.weixin.qq.com/sns/jscode2session?appid=wxb10693ce301b0503&secret=fe966f7c89ba08eccd70060f2b3f9801&js_code=001fjsI4186H0T1bYrL41xbrI41fjsIU&grant_type=authorization_code
2019-11-14 14:52:18   status:200
2019-11-14 14:52:18   data:{'session_key': 'a8oCe/TVhFUqTZz6M3c/Jg==', 'openid': 'oJfBH41Q13o00lX3pbhGAKUmThxA'}
2019-11-14 14:53:20   GET:https://api.weixin.qq.com/sns/jscode2session?appid=wxb10693ce301b0503&secret=fe966f7c89ba08eccd70060f2b3f9801&js_code=011zVFcb2v1aEM0jMkfb2MkCcb2zVFcT&grant_type=authorization_code
2019-11-14 14:53:20   status:200
2019-11-14 14:53:20   data:{'session_key': 'FWDpwyiSo9SW/hZBKB1YFQ==', 'openid': 'oJfBH41Q13o00lX3pbhGAKUmThxA'}
2019-11-14 14:53:22   GET:https://api.weixin.qq.com/sns/jscode2session?appid=wxb10693ce301b0503&secret=fe966f7c89ba08eccd70060f2b3f9801&js_code=081wJ3dk1SXkBo0f22ek1zQSck1wJ3dn&grant_type=authorization_code
2019-11-14 14:53:22   status:200
2019-11-14 14:53:22   data:{'session_key': 'FWDpwyiSo9SW/hZBKB1YFQ==', 'openid': 'oJfBH41Q13o00lX3pbhGAKUmThxA'}
