2019-11-28 17:44:57   GET:https://api.weixin.qq.com/sns/jscode2session?appid=wxb10693ce301b0503&secret=fe966f7c89ba08eccd70060f2b3f9801&js_code=071dsCTg0MIXvw16GKUg0FtvTg0dsCT1&grant_type=authorization_code
2019-11-28 17:44:57   status:200
2019-11-28 17:44:57   data:{'session_key': 'kq6SPUbWjjyqtDes1+UVKQ==', 'openid': 'oJfBH41Q13o00lX3pbhGAKUmThxA'}
2019-11-28 17:48:00   GET:https://api.weixin.qq.com/sns/jscode2session?appid=wxb10693ce301b0503&secret=fe966f7c89ba08eccd70060f2b3f9801&js_code=081tt6wd2retJF0iLdud2tkgwd2tt6wm&grant_type=authorization_code
2019-11-28 17:48:00   status:200
2019-11-28 17:48:00   data:{'session_key': 'LCIO3N7hKFJSLv7cb5IbcQ==', 'openid': 'oJfBH41Q13o00lX3pbhGAKUmThxA'}
2019-11-28 17:48:15   GET:https://api.weixin.qq.com/sns/jscode2session?appid=wxb10693ce301b0503&secret=fe966f7c89ba08eccd70060f2b3f9801&js_code=081Xd8ft0Arclf1mC3gt0uUWet0Xd8ff&grant_type=authorization_code
2019-11-28 17:48:15   status:200
2019-11-28 17:48:15   data:{'session_key': 'LCIO3N7hKFJSLv7cb5IbcQ==', 'openid': 'oJfBH41Q13o00lX3pbhGAKUmThxA'}
2019-11-28 17:51:55   GET:https://api.weixin.qq.com/sns/jscode2session?appid=wxb10693ce301b0503&secret=fe966f7c89ba08eccd70060f2b3f9801&js_code=0616FHb41nKsBT1esZa41tPxb416FHb0&grant_type=authorization_code
2019-11-28 17:51:55   status:200
2019-11-28 17:51:55   data:{'session_key': 'Euy8pvzH6vOX1rmR63q1xQ==', 'openid': 'oJfBH41Q13o00lX3pbhGAKUmThxA'}
2019-11-28 17:52:07   GET:https://api.weixin.qq.com/sns/jscode2session?appid=wxb10693ce301b0503&secret=fe966f7c89ba08eccd70060f2b3f9801&js_code=021ziAx31mxBZP1uxpw31p4ux31ziAxr&grant_type=authorization_code
2019-11-28 17:52:07   status:200
2019-11-28 17:52:07   data:{'session_key': 'Euy8pvzH6vOX1rmR63q1xQ==', 'openid': 'oJfBH41Q13o00lX3pbhGAKUmThxA'}
2019-11-28 17:52:24   GET:https://api.weixin.qq.com/sns/jscode2session?appid=wxb10693ce301b0503&secret=fe966f7c89ba08eccd70060f2b3f9801&js_code=011VqErs03rG8g10tSqs02Ukrs0VqErY&grant_type=authorization_code
2019-11-28 17:52:24   status:200
2019-11-28 17:52:24   data:{'session_key': 'Euy8pvzH6vOX1rmR63q1xQ==', 'openid': 'oJfBH41Q13o00lX3pbhGAKUmThxA'}
2019-11-28 17:53:08   GET:https://api.weixin.qq.com/sns/jscode2session?appid=wxb10693ce301b0503&secret=fe966f7c89ba08eccd70060f2b3f9801&js_code=0615jHTg2VzXlC0wPTRg2F2OTg25jHTe&grant_type=authorization_code
2019-11-28 17:53:08   status:200
2019-11-28 17:53:08   data:{'session_key': 'Euy8pvzH6vOX1rmR63q1xQ==', 'openid': 'oJfBH41Q13o00lX3pbhGAKUmThxA'}
2019-11-28 17:53:28   GET:https://api.weixin.qq.com/sns/jscode2session?appid=wxb10693ce301b0503&secret=fe966f7c89ba08eccd70060f2b3f9801&js_code=0110LdaF10XPX70v9Y8F19VbaF10LdaR&grant_type=authorization_code
2019-11-28 17:53:29   status:200
2019-11-28 17:53:29   data:{'session_key': 'Euy8pvzH6vOX1rmR63q1xQ==', 'openid': 'oJfBH41Q13o00lX3pbhGAKUmThxA'}
2019-11-28 17:53:56   GET:https://api.weixin.qq.com/sns/jscode2session?appid=wxb10693ce301b0503&secret=fe966f7c89ba08eccd70060f2b3f9801&js_code=0817CQrx1jWy8b0W1Gtx1YANrx17CQrK&grant_type=authorization_code
2019-11-28 17:53:56   status:200
2019-11-28 17:53:56   data:{'session_key': 'CNMeH+5jSbSbxmZI2RVY5g==', 'openid': 'oJfBH41Q13o00lX3pbhGAKUmThxA'}
2019-11-28 17:54:15   GET:https://api.weixin.qq.com/sns/jscode2session?appid=wxb10693ce301b0503&secret=fe966f7c89ba08eccd70060f2b3f9801&js_code=061oKcCU1fA7VY0P3zCU1V9pCU1oKcCM&grant_type=authorization_code
2019-11-28 17:54:15   status:200
2019-11-28 17:54:15   data:{'session_key': 'CNMeH+5jSbSbxmZI2RVY5g==', 'openid': 'oJfBH41Q13o00lX3pbhGAKUmThxA'}
2019-11-28 17:54:20   GET:https://api.weixin.qq.com/sns/jscode2session?appid=wxb10693ce301b0503&secret=fe966f7c89ba08eccd70060f2b3f9801&js_code=0217ixHu01Dwqi1pqeIu0RUFHu07ixHI&grant_type=authorization_code
2019-11-28 17:54:20   status:200
2019-11-28 17:54:20   data:{'session_key': 'CNMeH+5jSbSbxmZI2RVY5g==', 'openid': 'oJfBH41Q13o00lX3pbhGAKUmThxA'}
2019-11-28 17:55:56   GET:https://api.weixin.qq.com/sns/jscode2session?appid=wxb10693ce301b0503&secret=fe966f7c89ba08eccd70060f2b3f9801&js_code=07114Bw71dwN0M1GDnw713gow7114Bwk&grant_type=authorization_code
2019-11-28 17:55:56   status:200
2019-11-28 17:55:56   data:{'session_key': 'iPUdKbpeJoitPauvpm43hQ==', 'openid': 'oJfBH41Q13o00lX3pbhGAKUmThxA'}
2019-11-28 17:56:01   GET:https://api.weixin.qq.com/sns/jscode2session?appid=wxb10693ce301b0503&secret=fe966f7c89ba08eccd70060f2b3f9801&js_code=001OlEk127XaKW0gkhl12n2Ik12OlEkj&grant_type=authorization_code
2019-11-28 17:56:01   status:200
2019-11-28 17:56:01   data:{'session_key': 'iPUdKbpeJoitPauvpm43hQ==', 'openid': 'oJfBH41Q13o00lX3pbhGAKUmThxA'}
2019-11-28 17:56:04   GET:https://api.weixin.qq.com/sns/jscode2session?appid=wxb10693ce301b0503&secret=fe966f7c89ba08eccd70060f2b3f9801&js_code=071Vk0S20ukZfK1R6US20BpbS20Vk0SP&grant_type=authorization_code
2019-11-28 17:56:04   status:200
2019-11-28 17:56:04   data:{'session_key': 'iPUdKbpeJoitPauvpm43hQ==', 'openid': 'oJfBH41Q13o00lX3pbhGAKUmThxA'}
2019-11-28 17:56:50   GET:https://api.weixin.qq.com/sns/jscode2session?appid=wxb10693ce301b0503&secret=fe966f7c89ba08eccd70060f2b3f9801&js_code=071BuGfy1N3Aka004hgy1acPfy1BuGfS&grant_type=authorization_code
2019-11-28 17:56:51   status:200
2019-11-28 17:56:51   data:{'session_key': 'iPUdKbpeJoitPauvpm43hQ==', 'openid': 'oJfBH41Q13o00lX3pbhGAKUmThxA'}
2019-11-28 17:57:34   GET:https://api.weixin.qq.com/sns/jscode2session?appid=wxb10693ce301b0503&secret=fe966f7c89ba08eccd70060f2b3f9801&js_code=011JH7dh1X3inr007Pdh1NnTch1JH7dr&grant_type=authorization_code
2019-11-28 17:57:34   status:200
2019-11-28 17:57:34   data:{'session_key': 'iPUdKbpeJoitPauvpm43hQ==', 'openid': 'oJfBH41Q13o00lX3pbhGAKUmThxA'}
2019-11-28 17:57:55   GET:https://api.weixin.qq.com/sns/jscode2session?appid=wxb10693ce301b0503&secret=fe966f7c89ba08eccd70060f2b3f9801&js_code=061I6bci0XU9oq17Lhdi0gdwci0I6bcY&grant_type=authorization_code
2019-11-28 17:57:55   status:200
2019-11-28 17:57:55   data:{'session_key': 'iPUdKbpeJoitPauvpm43hQ==', 'openid': 'oJfBH41Q13o00lX3pbhGAKUmThxA'}
