2019-10-31 16:30:47   GET:https://api.weixin.qq.com/sns/jscode2session?appid=wxb10693ce301b0503&secret=fe966f7c89ba08eccd70060f2b3f9801&js_code=081baYgp1UV4Lj0Za9gp1qPNgp1baYgr&grant_type=authorization_code
2019-10-31 16:30:47   status:200
2019-10-31 16:30:47   data:{'errmsg': 'code been used, hints: [ req_id: OHpErAwgE-pMm ]', 'errcode': 40163}
2019-10-31 16:31:29   GET:https://api.weixin.qq.com/sns/jscode2session?appid=wxb10693ce301b0503&secret=fe966f7c89ba08eccd70060f2b3f9801&js_code=0715EmeO0FhRT42tJqdO0ndieO05EmeA&grant_type=authorization_code
2019-10-31 16:31:29   status:200
2019-10-31 16:31:29   data:{'openid': 'oJfBH41Q13o00lX3pbhGAKUmThxA', 'session_key': 'UK+go8/TQ5RiBwV9kj8yJw=='}
2019-10-31 16:36:15   GET:https://api.weixin.qq.com/sns/jscode2session?appid=wxb10693ce301b0503&secret=fe966f7c89ba08eccd70060f2b3f9801&js_code=0715EmeO0FhRT42tJqdO0ndieO05EmeA&grant_type=authorization_code
2019-10-31 16:36:15   status:200
2019-10-31 16:36:15   data:{'errcode': 40163, 'errmsg': 'code been used, hints: [ req_id: RHpEFXyMe-NcdQWa ]'}
2019-10-31 16:37:48   GET:https://api.weixin.qq.com/sns/jscode2session?appid=wxb10693ce301b0503&secret=fe966f7c89ba08eccd70060f2b3f9801&js_code=021twe5Y1UN5AZ0tRI6Y1x2h5Y1twe5p&grant_type=authorization_code
2019-10-31 16:37:48   status:200
2019-10-31 16:37:48   data:{'session_key': 'OwSoSNj1aRJ+Ab7h/0bsOA==', 'openid': 'oJfBH41Q13o00lX3pbhGAKUmThxA'}
2019-10-31 16:38:18   GET:https://api.weixin.qq.com/sns/jscode2session?appid=wxb10693ce301b0503&secret=fe966f7c89ba08eccd70060f2b3f9801&js_code=021twe5Y1UN5AZ0tRI6Y1x2h5Y1twe5p&grant_type=authorization_code
2019-10-31 16:38:18   status:200
2019-10-31 16:38:18   data:{'errmsg': 'code been used, hints: [ req_id: SHpEFXyMe-6rkDsA ]', 'errcode': 40163}
2019-10-31 16:39:32   GET:https://api.weixin.qq.com/sns/jscode2session?appid=wxb10693ce301b0503&secret=fe966f7c89ba08eccd70060f2b3f9801&js_code=081qIQTs1Ij8zf0VoWTs1NPvTs1qIQTT&grant_type=authorization_code
2019-10-31 16:39:32   status:200
2019-10-31 16:39:32   data:{'openid': 'oJfBH41Q13o00lX3pbhGAKUmThxA', 'session_key': 'OwSoSNj1aRJ+Ab7h/0bsOA=='}
2019-10-31 16:39:35   GET:https://api.weixin.qq.com/sns/jscode2session?appid=wxb10693ce301b0503&secret=fe966f7c89ba08eccd70060f2b3f9801&js_code=061iVdq01bMaMX1egnn01ziuq01iVdqZ&grant_type=authorization_code
2019-10-31 16:39:35   status:200
2019-10-31 16:39:35   data:{'openid': 'oJfBH41Q13o00lX3pbhGAKUmThxA', 'session_key': 'OwSoSNj1aRJ+Ab7h/0bsOA=='}
2019-10-31 16:46:14   GET:https://api.weixin.qq.com/sns/jscode2session?appid=wxb10693ce301b0503&secret=fe966f7c89ba08eccd70060f2b3f9801&js_code=0617UqQl1lwR8n0fNdRl1nfGQl17UqQb&grant_type=authorization_code
2019-10-31 16:46:14   status:200
2019-10-31 16:46:14   data:{'openid': 'oJfBH41Q13o00lX3pbhGAKUmThxA', 'session_key': 'ySy648OKIfCXrwQs+D/gaA=='}
2019-10-31 16:46:29   GET:https://api.weixin.qq.com/sns/jscode2session?appid=wxb10693ce301b0503&secret=fe966f7c89ba08eccd70060f2b3f9801&js_code=081sauv60xyiVB1sbxs60tCrv60sauv3&grant_type=authorization_code
2019-10-31 16:46:29   status:200
2019-10-31 16:46:29   data:{'openid': 'oJfBH41Q13o00lX3pbhGAKUmThxA', 'session_key': 'ySy648OKIfCXrwQs+D/gaA=='}
2019-10-31 16:46:34   GET:https://api.weixin.qq.com/sns/jscode2session?appid=wxb10693ce301b0503&secret=fe966f7c89ba08eccd70060f2b3f9801&js_code=011bZG4g2NpL9I08mS4g2UyV4g2bZG4I&grant_type=authorization_code
2019-10-31 16:46:34   status:200
2019-10-31 16:46:34   data:{'openid': 'oJfBH41Q13o00lX3pbhGAKUmThxA', 'session_key': 'ySy648OKIfCXrwQs+D/gaA=='}
2019-10-31 16:48:44   GET:https://api.weixin.qq.com/sns/jscode2session?appid=wxb10693ce301b0503&secret=fe966f7c89ba08eccd70060f2b3f9801&js_code=061mYwts0OyLYf1lqWvs0rwsts0mYwtP&grant_type=authorization_code
2019-10-31 16:48:44   status:200
2019-10-31 16:48:44   data:{'openid': 'oJfBH41Q13o00lX3pbhGAKUmThxA', 'session_key': '6FwOVn2d84KFDW+6TnDeUw=='}
2019-10-31 16:50:49   GET:https://api.weixin.qq.com/sns/jscode2session?appid=wxb10693ce301b0503&secret=fe966f7c89ba08eccd70060f2b3f9801&js_code=0712lfxy0P9PZe1jwawy0pDrxy02lfxJ&grant_type=authorization_code
2019-10-31 16:50:49   status:200
2019-10-31 16:50:49   data:{'openid': 'oJfBH41Q13o00lX3pbhGAKUmThxA', 'session_key': 'r7iIiNalGRUqYzmkqlrUhQ=='}
2019-10-31 16:51:59   GET:https://api.weixin.qq.com/sns/jscode2session?appid=wxb10693ce301b0503&secret=fe966f7c89ba08eccd70060f2b3f9801&js_code=071DDD9v0wZhni1ZL7bv0gmw9v0DDD9z&grant_type=authorization_code
2019-10-31 16:51:59   status:200
2019-10-31 16:51:59   data:{'openid': 'oJfBH41Q13o00lX3pbhGAKUmThxA', 'session_key': 'r7iIiNalGRUqYzmkqlrUhQ=='}
2019-10-31 16:53:15   GET:https://api.weixin.qq.com/sns/jscode2session?appid=wxb10693ce301b0503&secret=fe966f7c89ba08eccd70060f2b3f9801&js_code=021m4Mbg1flqQs0i0t8g1dUObg1m4Mb6&grant_type=authorization_code
2019-10-31 16:53:16   status:200
2019-10-31 16:53:16   data:{'openid': 'oJfBH41Q13o00lX3pbhGAKUmThxA', 'session_key': 'hl/Fa3vnkEt+uQjmMKFVkg=='}
2019-10-31 16:53:25   GET:https://api.weixin.qq.com/sns/jscode2session?appid=wxb10693ce301b0503&secret=fe966f7c89ba08eccd70060f2b3f9801&js_code=071LoQtP0k3Hd42azrtP0SUMtP0LoQtp&grant_type=authorization_code
2019-10-31 16:53:25   status:200
2019-10-31 16:53:25   data:{'openid': 'oJfBH41Q13o00lX3pbhGAKUmThxA', 'session_key': 'hl/Fa3vnkEt+uQjmMKFVkg=='}
2019-10-31 16:53:29   GET:https://api.weixin.qq.com/sns/jscode2session?appid=wxb10693ce301b0503&secret=fe966f7c89ba08eccd70060f2b3f9801&js_code=061JTHfq1moxai0Mjggq1V6Yfq1JTHfc&grant_type=authorization_code
2019-10-31 16:53:29   status:200
2019-10-31 16:53:29   data:{'openid': 'oJfBH41Q13o00lX3pbhGAKUmThxA', 'session_key': 'hl/Fa3vnkEt+uQjmMKFVkg=='}
2019-10-31 16:54:58   GET:https://api.weixin.qq.com/sns/jscode2session?appid=wxb10693ce301b0503&secret=fe966f7c89ba08eccd70060f2b3f9801&js_code=061Cqi111w8oCW1DBK411vDs111Cqi1A&grant_type=authorization_code
2019-10-31 16:54:58   status:200
2019-10-31 16:54:58   data:{'openid': 'oJfBH41Q13o00lX3pbhGAKUmThxA', 'session_key': 'hl/Fa3vnkEt+uQjmMKFVkg=='}
2019-10-31 16:55:02   GET:https://api.weixin.qq.com/sns/jscode2session?appid=wxb10693ce301b0503&secret=fe966f7c89ba08eccd70060f2b3f9801&js_code=0119ZAwP1zlOH817xfwP162zwP19ZAwO&grant_type=authorization_code
2019-10-31 16:55:02   status:200
2019-10-31 16:55:02   data:{'openid': 'oJfBH41Q13o00lX3pbhGAKUmThxA', 'session_key': 'hl/Fa3vnkEt+uQjmMKFVkg=='}
2019-10-31 16:55:25   GET:https://api.weixin.qq.com/sns/jscode2session?appid=wxb10693ce301b0503&secret=fe966f7c89ba08eccd70060f2b3f9801&js_code=0718Jce52DiYqO0JWIf52Tqae528Jcem&grant_type=authorization_code
2019-10-31 16:55:25   status:200
2019-10-31 16:55:25   data:{'openid': 'oJfBH41Q13o00lX3pbhGAKUmThxA', 'session_key': 'af3jdOGEqcuD4/8fG5aIkw=='}
2019-10-31 16:56:03   GET:https://api.weixin.qq.com/sns/jscode2session?appid=wxb10693ce301b0503&secret=fe966f7c89ba08eccd70060f2b3f9801&js_code=011nmfM51SVqRR1PQZP511j9M51nmfMa&grant_type=authorization_code
2019-10-31 16:56:04   status:200
2019-10-31 16:56:04   data:{'openid': 'oJfBH41Q13o00lX3pbhGAKUmThxA', 'session_key': 'af3jdOGEqcuD4/8fG5aIkw=='}
2019-10-31 16:56:07   GET:https://api.weixin.qq.com/sns/jscode2session?appid=wxb10693ce301b0503&secret=fe966f7c89ba08eccd70060f2b3f9801&js_code=07160Xsn05KJXk1uNMtn0zj1tn060Xsg&grant_type=authorization_code
2019-10-31 16:56:07   status:200
2019-10-31 16:56:07   data:{'openid': 'oJfBH41Q13o00lX3pbhGAKUmThxA', 'session_key': 'af3jdOGEqcuD4/8fG5aIkw=='}
2019-10-31 16:56:11   GET:https://api.weixin.qq.com/sns/jscode2session?appid=wxb10693ce301b0503&secret=fe966f7c89ba08eccd70060f2b3f9801&js_code=061kWZd41TkWYT1tJZf41ltAd41kWZdy&grant_type=authorization_code
2019-10-31 16:56:11   status:200
2019-10-31 16:56:11   data:{'openid': 'oJfBH41Q13o00lX3pbhGAKUmThxA', 'session_key': 'af3jdOGEqcuD4/8fG5aIkw=='}
2019-10-31 17:03:39   GET:https://api.weixin.qq.com/sns/jscode2session?appid=wxb10693ce301b0503&secret=fe966f7c89ba08eccd70060f2b3f9801&js_code=0710g7jq1ZpxIi0I2plq1PuYiq10g7jS&grant_type=authorization_code
2019-10-31 17:03:39   status:200
2019-10-31 17:03:39   data:{'openid': 'oJfBH41Q13o00lX3pbhGAKUmThxA', 'session_key': 'hn0fvLCe/Ivmx7YdGV9n0g=='}
2019-10-31 17:05:07   GET:https://api.weixin.qq.com/sns/jscode2session?appid=wxb10693ce301b0503&secret=fe966f7c89ba08eccd70060f2b3f9801&js_code=0812GBUT1BEbi414aNST11TuUT12GBUy&grant_type=authorization_code
2019-10-31 17:05:07   status:200
2019-10-31 17:05:07   data:{'openid': 'oJfBH41Q13o00lX3pbhGAKUmThxA', 'session_key': 'hn0fvLCe/Ivmx7YdGV9n0g=='}
2019-10-31 17:05:17   GET:https://api.weixin.qq.com/sns/jscode2session?appid=wxb10693ce301b0503&secret=fe966f7c89ba08eccd70060f2b3f9801&js_code=0012c2kr1HAfEl0FjZkr1Is3kr12c2kW&grant_type=authorization_code
2019-10-31 17:05:17   status:200
2019-10-31 17:05:17   data:{'openid': 'oJfBH41Q13o00lX3pbhGAKUmThxA', 'session_key': 'hn0fvLCe/Ivmx7YdGV9n0g=='}
2019-10-31 17:06:20   GET:https://api.weixin.qq.com/sns/jscode2session?appid=wxb10693ce301b0503&secret=fe966f7c89ba08eccd70060f2b3f9801&js_code=081mftWp1ezc5j0RXjZp1hOlWp1mftWV&grant_type=authorization_code
2019-10-31 17:06:20   status:200
2019-10-31 17:06:20   data:{'openid': 'oJfBH41Q13o00lX3pbhGAKUmThxA', 'session_key': 'zZgylae0/fPAC4Ckw6LQYw=='}
2019-10-31 17:06:48   GET:https://api.weixin.qq.com/sns/jscode2session?appid=wxb10693ce301b0503&secret=fe966f7c89ba08eccd70060f2b3f9801&js_code=0714l00P0akME42fcAXO0gqi0P04l00a&grant_type=authorization_code
2019-10-31 17:06:48   status:200
2019-10-31 17:06:48   data:{'openid': 'oJfBH41Q13o00lX3pbhGAKUmThxA', 'session_key': 'zZgylae0/fPAC4Ckw6LQYw=='}
2019-10-31 17:07:55   GET:https://api.weixin.qq.com/sns/jscode2session?appid=wxb10693ce301b0503&secret=fe966f7c89ba08eccd70060f2b3f9801&js_code=0115fjeo1AILip0LC0ho1DFxeo15fjeB&grant_type=authorization_code
2019-10-31 17:07:56   status:200
2019-10-31 17:07:56   data:{'openid': 'oJfBH41Q13o00lX3pbhGAKUmThxA', 'session_key': 'zZgylae0/fPAC4Ckw6LQYw=='}
2019-10-31 17:08:00   GET:https://api.weixin.qq.com/sns/jscode2session?appid=wxb10693ce301b0503&secret=fe966f7c89ba08eccd70060f2b3f9801&js_code=011ABEEK1e2ej20vsRHK16uPEK1ABEE0&grant_type=authorization_code
2019-10-31 17:08:00   status:200
2019-10-31 17:08:00   data:{'openid': 'oJfBH41Q13o00lX3pbhGAKUmThxA', 'session_key': 'zZgylae0/fPAC4Ckw6LQYw=='}
2019-10-31 17:09:35   GET:https://api.weixin.qq.com/sns/jscode2session?appid=wxb10693ce301b0503&secret=fe966f7c89ba08eccd70060f2b3f9801&js_code=011G9MfP0dRZR32nc2fP0jdUfP0G9Mf8&grant_type=authorization_code
2019-10-31 17:09:35   status:200
2019-10-31 17:09:35   data:{'openid': 'oJfBH41Q13o00lX3pbhGAKUmThxA', 'session_key': '98cxlVoTEphKOuu3MpxmpQ=='}
2019-10-31 17:10:44   GET:https://api.weixin.qq.com/sns/jscode2session?appid=wxb10693ce301b0503&secret=fe966f7c89ba08eccd70060f2b3f9801&js_code=011yuhgc0cLYiB1mqXdc0xeAgc0yuhgy&grant_type=authorization_code
2019-10-31 17:10:44   status:200
2019-10-31 17:10:44   data:{'openid': 'oJfBH41Q13o00lX3pbhGAKUmThxA', 'session_key': '98cxlVoTEphKOuu3MpxmpQ=='}
2019-10-31 17:10:50   GET:https://api.weixin.qq.com/sns/jscode2session?appid=wxb10693ce301b0503&secret=fe966f7c89ba08eccd70060f2b3f9801&js_code=001MSLoE12QOB80ub7nE1LyuoE1MSLod&grant_type=authorization_code
2019-10-31 17:10:50   status:200
2019-10-31 17:10:50   data:{'openid': 'oJfBH41Q13o00lX3pbhGAKUmThxA', 'session_key': '98cxlVoTEphKOuu3MpxmpQ=='}
2019-10-31 17:10:59   GET:https://api.weixin.qq.com/sns/jscode2session?appid=wxb10693ce301b0503&secret=fe966f7c89ba08eccd70060f2b3f9801&js_code=071t7Iq52QE6gO0gIvp52aP4r52t7Iqw&grant_type=authorization_code
2019-10-31 17:10:59   status:200
2019-10-31 17:10:59   data:{'openid': 'oJfBH41Q13o00lX3pbhGAKUmThxA', 'session_key': '98cxlVoTEphKOuu3MpxmpQ=='}
2019-10-31 17:18:03   GET:https://api.weixin.qq.com/sns/jscode2session?appid=wxb10693ce301b0503&secret=fe966f7c89ba08eccd70060f2b3f9801&js_code=071JEPyI0cx47f20b2xI01FWyI0JEPyv&grant_type=authorization_code
2019-10-31 17:18:03   status:200
2019-10-31 17:18:03   data:{'openid': 'oJfBH41Q13o00lX3pbhGAKUmThxA', 'session_key': 'OshA0Onb5JZk5CpLQCGtfg=='}
2019-10-31 17:19:22   GET:https://api.weixin.qq.com/sns/jscode2session?appid=wxb10693ce301b0503&secret=fe966f7c89ba08eccd70060f2b3f9801&js_code=021byFlT1HPxQ41Y7QkT1zhwlT1byFl1&grant_type=authorization_code
2019-10-31 17:19:22   status:200
2019-10-31 17:19:22   data:{'openid': 'oJfBH41Q13o00lX3pbhGAKUmThxA', 'session_key': '7NK+IjKjh3VSGEU8MWVqVA=='}
2019-10-31 17:20:18   GET:https://api.weixin.qq.com/sns/jscode2session?appid=wxb10693ce301b0503&secret=fe966f7c89ba08eccd70060f2b3f9801&js_code=0615cwKM0rIrub2Vz6JM0N5qKM05cwKS&grant_type=authorization_code
2019-10-31 17:20:18   status:200
2019-10-31 17:20:18   data:{'openid': 'oJfBH41Q13o00lX3pbhGAKUmThxA', 'session_key': '7NK+IjKjh3VSGEU8MWVqVA=='}
2019-10-31 17:21:43   GET:https://api.weixin.qq.com/sns/jscode2session?appid=wxb10693ce301b0503&secret=fe966f7c89ba08eccd70060f2b3f9801&js_code=021GNWxV1zYN6Y02ZCvV1JI2yV1GNWxj&grant_type=authorization_code
2019-10-31 17:21:43   status:200
2019-10-31 17:21:43   data:{'openid': 'oJfBH41Q13o00lX3pbhGAKUmThxA', 'session_key': 'ryYUd1rc9w2VZhe2ehRsGQ=='}
2019-10-31 17:24:15   GET:https://api.weixin.qq.com/sns/jscode2session?appid=wxb10693ce301b0503&secret=fe966f7c89ba08eccd70060f2b3f9801&js_code=021Qeh1T1HuJB41ToB4T1unB1T1Qeh1C&grant_type=authorization_code
2019-10-31 17:24:15   status:200
2019-10-31 17:24:15   data:{'openid': 'oJfBH41Q13o00lX3pbhGAKUmThxA', 'session_key': '58uU/B1vv+Y4LVnsqOKzIg=='}
2019-10-31 17:24:44   GET:https://api.weixin.qq.com/sns/jscode2session?appid=wxb10693ce301b0503&secret=fe966f7c89ba08eccd70060f2b3f9801&js_code=001jwAJD1XawG40QrHHD1YqIJD1jwAJY&grant_type=authorization_code
2019-10-31 17:24:44   status:200
2019-10-31 17:24:44   data:{'openid': 'oJfBH41Q13o00lX3pbhGAKUmThxA', 'session_key': '58uU/B1vv+Y4LVnsqOKzIg=='}
2019-10-31 17:34:24   GET:https://api.weixin.qq.com/sns/jscode2session?appid=wxb10693ce301b0503&secret=fe966f7c89ba08eccd70060f2b3f9801&js_code=081EzJs11ozdMW1G0Cv11nEys11EzJss&grant_type=authorization_code
2019-10-31 17:34:25   status:200
2019-10-31 17:34:25   data:{'openid': 'oJfBH41Q13o00lX3pbhGAKUmThxA', 'session_key': 'Ia1mtVVqFfJkJybX9LTs3w=='}
2019-10-31 17:52:13   GET:https://api.weixin.qq.com/sns/jscode2session?appid=wxb10693ce301b0503&secret=fe966f7c89ba08eccd70060f2b3f9801&js_code=0111cO502Y6vzT0kOf6022gF5021cO5r&grant_type=authorization_code
2019-10-31 17:52:13   status:200
2019-10-31 17:52:13   data:{'openid': 'oJfBH41Q13o00lX3pbhGAKUmThxA', 'session_key': 'YHQJg6IBKVA8jwndmDCifg=='}
2019-10-31 17:53:36   GET:https://api.weixin.qq.com/sns/jscode2session?appid=wxb10693ce301b0503&secret=fe966f7c89ba08eccd70060f2b3f9801&js_code=011sym270IctVF1j5T270BuE270sym21&grant_type=authorization_code
2019-10-31 17:53:36   status:200
2019-10-31 17:53:36   data:{'openid': 'oJfBH41Q13o00lX3pbhGAKUmThxA', 'session_key': 'YHQJg6IBKVA8jwndmDCifg=='}
2019-10-31 17:54:00   GET:https://api.weixin.qq.com/sns/jscode2session?appid=wxb10693ce301b0503&secret=fe966f7c89ba08eccd70060f2b3f9801&js_code=081OLWMn0Ai3dl1VyjOn0LRNMn0OLWMU&grant_type=authorization_code
2019-10-31 17:54:00   status:200
2019-10-31 17:54:00   data:{'openid': 'oJfBH41Q13o00lX3pbhGAKUmThxA', 'session_key': 'KUPA6fjHhhpTWbmRJ07HBw=='}
2019-10-31 17:55:46   GET:https://api.weixin.qq.com/sns/jscode2session?appid=wxb10693ce301b0503&secret=fe966f7c89ba08eccd70060f2b3f9801&js_code=011lj1pa2RG6QN0LQGma2WtOoa2lj1pE&grant_type=authorization_code
2019-10-31 17:55:46   status:200
2019-10-31 17:55:46   data:{'openid': 'oJfBH41Q13o00lX3pbhGAKUmThxA', 'session_key': 'KUPA6fjHhhpTWbmRJ07HBw=='}
2019-10-31 17:57:46   GET:https://api.weixin.qq.com/sns/jscode2session?appid=wxb10693ce301b0503&secret=fe966f7c89ba08eccd70060f2b3f9801&js_code=021R1EOP1jx0j31gRrNP1wbVOP1R1EOe&grant_type=authorization_code
2019-10-31 17:57:46   status:200
2019-10-31 17:57:46   data:{'openid': 'oJfBH41Q13o00lX3pbhGAKUmThxA', 'session_key': 'wTzDrock6hlvrEH9Jz0W2Q=='}
2019-10-31 17:58:16   GET:https://api.weixin.qq.com/sns/jscode2session?appid=wxb10693ce301b0503&secret=fe966f7c89ba08eccd70060f2b3f9801&js_code=071HTvFA1HxKTc0WGaFA1fPnFA1HTvFA&grant_type=authorization_code
2019-10-31 17:58:16   status:200
2019-10-31 17:58:16   data:{'openid': 'oJfBH41Q13o00lX3pbhGAKUmThxA', 'session_key': 'wTzDrock6hlvrEH9Jz0W2Q=='}
2019-10-31 17:58:47   GET:https://api.weixin.qq.com/sns/jscode2session?appid=wxb10693ce301b0503&secret=fe966f7c89ba08eccd70060f2b3f9801&js_code=071ujWP017sapX1UjuR01UNDP01ujWPD&grant_type=authorization_code
2019-10-31 17:58:47   status:200
2019-10-31 17:58:47   data:{'openid': 'oJfBH41Q13o00lX3pbhGAKUmThxA', 'session_key': 'wTzDrock6hlvrEH9Jz0W2Q=='}
2019-10-31 17:59:00   GET:https://api.weixin.qq.com/sns/jscode2session?appid=wxb10693ce301b0503&secret=fe966f7c89ba08eccd70060f2b3f9801&js_code=0818NNlT1QnYQ41uzCmT1bdFlT18NNla&grant_type=authorization_code
2019-10-31 17:59:00   status:200
2019-10-31 17:59:00   data:{'openid': 'oJfBH41Q13o00lX3pbhGAKUmThxA', 'session_key': 'wTzDrock6hlvrEH9Jz0W2Q=='}
2019-10-31 17:59:38   GET:https://api.weixin.qq.com/sns/jscode2session?appid=wxb10693ce301b0503&secret=fe966f7c89ba08eccd70060f2b3f9801&js_code=061D9Z2P1jubA81X7t4P1duS2P1D9Z2Y&grant_type=authorization_code
2019-10-31 17:59:38   status:200
2019-10-31 17:59:38   data:{'openid': 'oJfBH41Q13o00lX3pbhGAKUmThxA', 'session_key': 'wTzDrock6hlvrEH9Jz0W2Q=='}
2019-10-31 18:01:52   GET:https://api.weixin.qq.com/sns/jscode2session?appid=wxb10693ce301b0503&secret=fe966f7c89ba08eccd70060f2b3f9801&js_code=081Ue37Q0k8Nz32eJa8Q04F37Q0Ue37x&grant_type=authorization_code
2019-10-31 18:01:53   status:200
2019-10-31 18:01:53   data:{'openid': 'oJfBH41Q13o00lX3pbhGAKUmThxA', 'session_key': 'DSQpSBCUwB6v12O+8mB7Xg=='}
2019-10-31 18:02:04   GET:https://api.weixin.qq.com/sns/jscode2session?appid=wxb10693ce301b0503&secret=fe966f7c89ba08eccd70060f2b3f9801&js_code=021yiCKQ1ELYk21LKiLQ17NsKQ1yiCKq&grant_type=authorization_code
2019-10-31 18:02:04   status:200
2019-10-31 18:02:04   data:{'openid': 'oJfBH41Q13o00lX3pbhGAKUmThxA', 'session_key': 'DSQpSBCUwB6v12O+8mB7Xg=='}
2019-10-31 18:03:07   GET:https://api.weixin.qq.com/sns/jscode2session?appid=wxb10693ce301b0503&secret=fe966f7c89ba08eccd70060f2b3f9801&js_code=011CrEr41d37eT1XYyr41myMr41CrErb&grant_type=authorization_code
2019-10-31 18:03:07   status:200
2019-10-31 18:03:07   data:{'openid': 'oJfBH41Q13o00lX3pbhGAKUmThxA', 'session_key': 'DSQpSBCUwB6v12O+8mB7Xg=='}
2019-10-31 18:03:50   GET:https://api.weixin.qq.com/sns/jscode2session?appid=wxb10693ce301b0503&secret=fe966f7c89ba08eccd70060f2b3f9801&js_code=08147wBC0SpD1l2RyVEC02ssBC047wBS&grant_type=authorization_code
2019-10-31 18:03:50   status:200
2019-10-31 18:03:50   data:{'openid': 'oJfBH41Q13o00lX3pbhGAKUmThxA', 'session_key': 'DSQpSBCUwB6v12O+8mB7Xg=='}
2019-10-31 18:04:32   GET:https://api.weixin.qq.com/sns/jscode2session?appid=wxb10693ce301b0503&secret=fe966f7c89ba08eccd70060f2b3f9801&js_code=061SDIMt0ebGbj1YpJNt0IMrMt0SDIM6&grant_type=authorization_code
2019-10-31 18:04:32   status:200
2019-10-31 18:04:32   data:{'openid': 'oJfBH41Q13o00lX3pbhGAKUmThxA', 'session_key': 'YcsMcgCpaLw0F4tNiquZvA=='}
2019-10-31 18:04:56   GET:https://api.weixin.qq.com/sns/jscode2session?appid=wxb10693ce301b0503&secret=fe966f7c89ba08eccd70060f2b3f9801&js_code=011yCoJT08jVoZ1pB6KT0Ty9JT0yCoJk&grant_type=authorization_code
2019-10-31 18:04:57   status:200
2019-10-31 18:04:57   data:{'openid': 'oJfBH41Q13o00lX3pbhGAKUmThxA', 'session_key': 'YcsMcgCpaLw0F4tNiquZvA=='}
2019-10-31 18:05:33   GET:https://api.weixin.qq.com/sns/jscode2session?appid=wxb10693ce301b0503&secret=fe966f7c89ba08eccd70060f2b3f9801&js_code=021awObo1VnNlp0AkIco1yAYbo1awObf&grant_type=authorization_code
2019-10-31 18:05:33   status:200
2019-10-31 18:05:33   data:{'openid': 'oJfBH41Q13o00lX3pbhGAKUmThxA', 'session_key': 'YcsMcgCpaLw0F4tNiquZvA=='}
2019-10-31 18:06:47   GET:https://api.weixin.qq.com/sns/jscode2session?appid=wxb10693ce301b0503&secret=fe966f7c89ba08eccd70060f2b3f9801&js_code=021pwugf1WUnct0CH6hf1AJigf1pwuga&grant_type=authorization_code
2019-10-31 18:06:47   status:200
2019-10-31 18:06:47   data:{'openid': 'oJfBH41Q13o00lX3pbhGAKUmThxA', 'session_key': 'AiDjnGJ1ekIeWC3Z8xhRbw=='}
2019-10-31 18:07:47   GET:https://api.weixin.qq.com/sns/jscode2session?appid=wxb10693ce301b0503&secret=fe966f7c89ba08eccd70060f2b3f9801&js_code=021pRg7i2l2JYA0KOm5i22M27i2pRg7e&grant_type=authorization_code
2019-10-31 18:07:47   status:200
2019-10-31 18:07:47   data:{'openid': 'oJfBH41Q13o00lX3pbhGAKUmThxA', 'session_key': 'AiDjnGJ1ekIeWC3Z8xhRbw=='}
2019-10-31 18:08:40   GET:https://api.weixin.qq.com/sns/jscode2session?appid=wxb10693ce301b0503&secret=fe966f7c89ba08eccd70060f2b3f9801&js_code=011X60Cm17wsoq0vsDEm1WTZBm1X60Cu&grant_type=authorization_code
2019-10-31 18:08:40   status:200
2019-10-31 18:08:40   data:{'openid': 'oJfBH41Q13o00lX3pbhGAKUmThxA', 'session_key': 'AiDjnGJ1ekIeWC3Z8xhRbw=='}
