2019-11-15 09:26:27   GET:https://api.weixin.qq.com/sns/jscode2session?appid=wxb10693ce301b0503&secret=fe966f7c89ba08eccd70060f2b3f9801&js_code=0215zPAi0MWbcq1frDEi0y3YAi05zPA0&grant_type=authorization_code
2019-11-15 09:26:28   status:200
2019-11-15 09:26:28   data:{'session_key': '7pUywRjp/+8qqRCXMNa1mw==', 'openid': 'oJfBH41Q13o00lX3pbhGAKUmThxA'}
2019-11-15 09:26:33   GET:https://api.weixin.qq.com/sns/jscode2session?appid=wxb10693ce301b0503&secret=fe966f7c89ba08eccd70060f2b3f9801&js_code=081p6Jn30ipM6K1fOan30RsNn30p6Jnx&grant_type=authorization_code
2019-11-15 09:26:33   status:200
2019-11-15 09:26:33   data:{'session_key': '7pUywRjp/+8qqRCXMNa1mw==', 'openid': 'oJfBH41Q13o00lX3pbhGAKUmThxA'}
2019-11-15 09:27:04   GET:https://api.weixin.qq.com/sns/jscode2session?appid=wxb10693ce301b0503&secret=fe966f7c89ba08eccd70060f2b3f9801&js_code=001I41cX0U4qhW1UpvdX0BjqcX0I41cj&grant_type=authorization_code
2019-11-15 09:27:04   status:200
2019-11-15 09:27:04   data:{'session_key': '7pUywRjp/+8qqRCXMNa1mw==', 'openid': 'oJfBH41Q13o00lX3pbhGAKUmThxA'}
2019-11-15 09:27:04   ('no processing prize',)
2019-11-15 09:40:31   GET:https://api.weixin.qq.com/sns/jscode2session?appid=wxb10693ce301b0503&secret=fe966f7c89ba08eccd70060f2b3f9801&js_code=081uL3hc2s8GUG0QfZgc2wlXgc2uL3h0&grant_type=authorization_code
2019-11-15 09:40:32   status:200
2019-11-15 09:40:32   data:{'session_key': 'QmuS7xB76OMedH/Ij0O0rg==', 'openid': 'oJfBH41Q13o00lX3pbhGAKUmThxA'}
2019-11-15 09:40:47   GET:https://api.weixin.qq.com/sns/jscode2session?appid=wxb10693ce301b0503&secret=fe966f7c89ba08eccd70060f2b3f9801&js_code=0817SO800UcfEI1M8Tb00f9O8007SO8h&grant_type=authorization_code
2019-11-15 09:40:47   status:200
2019-11-15 09:40:47   data:{'session_key': 'QmuS7xB76OMedH/Ij0O0rg==', 'openid': 'oJfBH41Q13o00lX3pbhGAKUmThxA'}
2019-11-15 09:43:03   ('data DoesNotExist',)
2019-11-15 09:43:03   ('ValidationError',)
2019-11-15 09:50:35   GET:https://api.weixin.qq.com/sns/jscode2session?appid=wxb10693ce301b0503&secret=fe966f7c89ba08eccd70060f2b3f9801&js_code=071Nq4Le02YHbu1UQDHe0QO5Le0Nq4LZ&grant_type=authorization_code
2019-11-15 09:50:35   status:200
2019-11-15 09:50:35   data:{'session_key': 'tLAxvzZAodg+W6h51Ctuew==', 'openid': 'oJfBH41Q13o00lX3pbhGAKUmThxA'}
2019-11-15 09:50:51   GET:https://api.weixin.qq.com/sns/jscode2session?appid=wxb10693ce301b0503&secret=fe966f7c89ba08eccd70060f2b3f9801&js_code=0219seww02aVgc1jxAww083mww09sewl&grant_type=authorization_code
2019-11-15 09:50:51   status:200
2019-11-15 09:50:51   data:{'session_key': 'tLAxvzZAodg+W6h51Ctuew==', 'openid': 'oJfBH41Q13o00lX3pbhGAKUmThxA'}
2019-11-15 09:51:04   GET:https://api.weixin.qq.com/sns/jscode2session?appid=wxb10693ce301b0503&secret=fe966f7c89ba08eccd70060f2b3f9801&js_code=011nScH50T2uOC1AfGH50EztH50nScHH&grant_type=authorization_code
2019-11-15 09:51:04   status:200
2019-11-15 09:51:04   data:{'session_key': 'tLAxvzZAodg+W6h51Ctuew==', 'openid': 'oJfBH41Q13o00lX3pbhGAKUmThxA'}
2019-11-15 09:53:04   GET:https://api.weixin.qq.com/sns/jscode2session?appid=wxb10693ce301b0503&secret=fe966f7c89ba08eccd70060f2b3f9801&js_code=081htfUt1JvH1f0wKYXt1FhlUt1htfUD&grant_type=authorization_code
2019-11-15 09:53:05   status:200
2019-11-15 09:53:05   data:{'session_key': '1Cu8QM+HL41CBzuQl4jcCQ==', 'openid': 'oJfBH41Q13o00lX3pbhGAKUmThxA'}
2019-11-15 09:53:43   GET:https://api.weixin.qq.com/sns/jscode2session?appid=wxb10693ce301b0503&secret=fe966f7c89ba08eccd70060f2b3f9801&js_code=081SGQee27XhWE0PNuge2WqPee2SGQeY&grant_type=authorization_code
2019-11-15 09:53:43   status:200
2019-11-15 09:53:43   data:{'session_key': '1Cu8QM+HL41CBzuQl4jcCQ==', 'openid': 'oJfBH41Q13o00lX3pbhGAKUmThxA'}
2019-11-15 09:53:46   GET:https://api.weixin.qq.com/sns/jscode2session?appid=wxb10693ce301b0503&secret=fe966f7c89ba08eccd70060f2b3f9801&js_code=001nVknl01rpPr1TtRnl0yfanl0nVknk&grant_type=authorization_code
2019-11-15 09:53:46   status:200
2019-11-15 09:53:46   data:{'session_key': '1Cu8QM+HL41CBzuQl4jcCQ==', 'openid': 'oJfBH41Q13o00lX3pbhGAKUmThxA'}
2019-11-15 09:53:50   GET:https://api.weixin.qq.com/sns/jscode2session?appid=wxb10693ce301b0503&secret=fe966f7c89ba08eccd70060f2b3f9801&js_code=061DntMf1RlIJs0VG4Of194zMf1DntMl&grant_type=authorization_code
2019-11-15 09:53:50   status:200
2019-11-15 09:53:50   data:{'session_key': '1Cu8QM+HL41CBzuQl4jcCQ==', 'openid': 'oJfBH41Q13o00lX3pbhGAKUmThxA'}
2019-11-15 09:54:01   GET:https://api.weixin.qq.com/sns/jscode2session?appid=wxb10693ce301b0503&secret=fe966f7c89ba08eccd70060f2b3f9801&js_code=001iMDia2tZ1qN07Ucka2qCVia2iMDi0&grant_type=authorization_code
2019-11-15 09:54:02   status:200
2019-11-15 09:54:02   data:{'session_key': '1Cu8QM+HL41CBzuQl4jcCQ==', 'openid': 'oJfBH41Q13o00lX3pbhGAKUmThxA'}
2019-11-15 09:54:09   GET:https://api.weixin.qq.com/sns/jscode2session?appid=wxb10693ce301b0503&secret=fe966f7c89ba08eccd70060f2b3f9801&js_code=0614Fa7s1DIN4l0zkp4s1FDg7s14Fa7x&grant_type=authorization_code
2019-11-15 09:54:09   status:200
2019-11-15 09:54:09   data:{'session_key': '1Cu8QM+HL41CBzuQl4jcCQ==', 'openid': 'oJfBH41Q13o00lX3pbhGAKUmThxA'}
2019-11-15 09:54:15   ('data DoesNotExist',)
2019-11-15 09:54:41   GET:https://api.weixin.qq.com/sns/jscode2session?appid=wxb10693ce301b0503&secret=fe966f7c89ba08eccd70060f2b3f9801&js_code=081T98B01GnQoX1egzC01zNeB01T98Ba&grant_type=authorization_code
2019-11-15 09:54:41   status:200
2019-11-15 09:54:41   data:{'session_key': '1Cu8QM+HL41CBzuQl4jcCQ==', 'openid': 'oJfBH41Q13o00lX3pbhGAKUmThxA'}
2019-11-15 10:11:25   GET:https://api.weixin.qq.com/sns/jscode2session?appid=wxb10693ce301b0503&secret=fe966f7c89ba08eccd70060f2b3f9801&js_code=011GH0EW07Xim12h0tCW0CuTDW0GH0Eo&grant_type=authorization_code
2019-11-15 10:11:25   status:200
2019-11-15 10:11:25   data:{'session_key': 'pbENlUKpkwWCX5soqlQtjQ==', 'openid': 'oJfBH41Q13o00lX3pbhGAKUmThxA'}
2019-11-15 10:11:27   GET:https://api.weixin.qq.com/sns/jscode2session?appid=wxb10693ce301b0503&secret=fe966f7c89ba08eccd70060f2b3f9801&js_code=011vc6HX1EQ4j01yilGX1JBfHX1vc6HM&grant_type=authorization_code
2019-11-15 10:11:27   status:200
2019-11-15 10:11:27   data:{'session_key': 'pbENlUKpkwWCX5soqlQtjQ==', 'openid': 'oJfBH41Q13o00lX3pbhGAKUmThxA'}
2019-11-15 10:16:17   GET:https://api.weixin.qq.com/sns/jscode2session?appid=wxb10693ce301b0503&secret=fe966f7c89ba08eccd70060f2b3f9801&js_code=081v4cZO0Afeu42oVBZO0gHPYO0v4cZy&grant_type=authorization_code
2019-11-15 10:16:18   status:200
2019-11-15 10:16:18   data:{'session_key': 'pQyCKcpd1R0x/4AO8Sj8kg==', 'openid': 'oJfBH41Q13o00lX3pbhGAKUmThxA'}
2019-11-15 10:16:20   GET:https://api.weixin.qq.com/sns/jscode2session?appid=wxb10693ce301b0503&secret=fe966f7c89ba08eccd70060f2b3f9801&js_code=0115rNYt1iP3xe0GDS1u1zYKYt15rNYf&grant_type=authorization_code
2019-11-15 10:16:20   status:200
2019-11-15 10:16:20   data:{'session_key': 'pQyCKcpd1R0x/4AO8Sj8kg==', 'openid': 'oJfBH41Q13o00lX3pbhGAKUmThxA'}
2019-11-15 10:17:37   GET:https://api.weixin.qq.com/sns/jscode2session?appid=wxb10693ce301b0503&secret=fe966f7c89ba08eccd70060f2b3f9801&js_code=021qvRC00nXiTH1EpIA00mQZC00qvRCs&grant_type=authorization_code
2019-11-15 10:17:37   status:200
2019-11-15 10:17:37   data:{'session_key': 'pQyCKcpd1R0x/4AO8Sj8kg==', 'openid': 'oJfBH41Q13o00lX3pbhGAKUmThxA'}
2019-11-15 10:17:45   GET:https://api.weixin.qq.com/sns/jscode2session?appid=wxb10693ce301b0503&secret=fe966f7c89ba08eccd70060f2b3f9801&js_code=0614NbKg0Vb1Kw1w07Kg0moOJg04NbKS&grant_type=authorization_code
2019-11-15 10:17:45   status:200
2019-11-15 10:17:45   data:{'session_key': 'pQyCKcpd1R0x/4AO8Sj8kg==', 'openid': 'oJfBH41Q13o00lX3pbhGAKUmThxA'}
2019-11-15 10:17:49   GET:https://api.weixin.qq.com/sns/jscode2session?appid=wxb10693ce301b0503&secret=fe966f7c89ba08eccd70060f2b3f9801&js_code=02148xmp1rrgAj0ajVop1zwjmp148xmd&grant_type=authorization_code
2019-11-15 10:17:49   status:200
2019-11-15 10:17:49   data:{'session_key': 'pQyCKcpd1R0x/4AO8Sj8kg==', 'openid': 'oJfBH41Q13o00lX3pbhGAKUmThxA'}
2019-11-15 10:17:51   GET:https://api.weixin.qq.com/sns/jscode2session?appid=wxb10693ce301b0503&secret=fe966f7c89ba08eccd70060f2b3f9801&js_code=061016IF1ZmCu70rxbIF1Kp5IF1016IJ&grant_type=authorization_code
2019-11-15 10:17:51   status:200
2019-11-15 10:17:51   data:{'session_key': 'pQyCKcpd1R0x/4AO8Sj8kg==', 'openid': 'oJfBH41Q13o00lX3pbhGAKUmThxA'}
2019-11-15 10:17:52   GET:https://api.weixin.qq.com/sns/jscode2session?appid=wxb10693ce301b0503&secret=fe966f7c89ba08eccd70060f2b3f9801&js_code=021dQRNQ0tWoV62rcdPQ01YrNQ0dQRNR&grant_type=authorization_code
2019-11-15 10:17:52   status:200
2019-11-15 10:17:52   data:{'session_key': 'pQyCKcpd1R0x/4AO8Sj8kg==', 'openid': 'oJfBH41Q13o00lX3pbhGAKUmThxA'}
2019-11-15 10:17:54   GET:https://api.weixin.qq.com/sns/jscode2session?appid=wxb10693ce301b0503&secret=fe966f7c89ba08eccd70060f2b3f9801&js_code=061hLlof2fNmkI08jprf2tQpof2hLlos&grant_type=authorization_code
2019-11-15 10:17:54   status:200
2019-11-15 10:17:54   data:{'session_key': 'pQyCKcpd1R0x/4AO8Sj8kg==', 'openid': 'oJfBH41Q13o00lX3pbhGAKUmThxA'}
2019-11-15 10:17:56   GET:https://api.weixin.qq.com/sns/jscode2session?appid=wxb10693ce301b0503&secret=fe966f7c89ba08eccd70060f2b3f9801&js_code=011r3FPo0BccPj1VqsMo0gvHPo0r3FPN&grant_type=authorization_code
2019-11-15 10:17:56   status:200
2019-11-15 10:17:56   data:{'session_key': 'pQyCKcpd1R0x/4AO8Sj8kg==', 'openid': 'oJfBH41Q13o00lX3pbhGAKUmThxA'}
2019-11-15 10:26:27   ('data DoesNotExist',)
2019-11-15 10:27:20   ('data DoesNotExist',)
2019-11-15 10:51:44   GET:https://api.weixin.qq.com/sns/jscode2session?appid=wxb10693ce301b0503&secret=fe966f7c89ba08eccd70060f2b3f9801&js_code=011n5ggj0Tv9Gp1qytgj0UL3gj0n5ggC&grant_type=authorization_code
2019-11-15 10:51:44   status:200
2019-11-15 10:51:44   data:{'session_key': '6LK+dKENodaYMwkzy5EZsw==', 'openid': 'oJfBH41Q13o00lX3pbhGAKUmThxA'}
2019-11-15 10:52:09   ('data DoesNotExist',)
2019-11-15 12:44:16   ('data DoesNotExist',)
2019-11-15 12:44:35   ('data DoesNotExist',)
2019-11-15 12:45:05   GET:https://api.weixin.qq.com/sns/jscode2session?appid=wxb10693ce301b0503&secret=fe966f7c89ba08eccd70060f2b3f9801&js_code=00145tU60JjohG1UDKU60N9NU6045tUk&grant_type=authorization_code
2019-11-15 12:45:05   status:200
2019-11-15 12:45:05   data:{'session_key': 'dKTHYCFfeZqmt5Eme7p4pQ==', 'openid': 'oJfBH41Q13o00lX3pbhGAKUmThxA'}
2019-11-15 12:45:09   GET:https://api.weixin.qq.com/sns/jscode2session?appid=wxb10693ce301b0503&secret=fe966f7c89ba08eccd70060f2b3f9801&js_code=0813QMOq1uuFFm0MpxNq1RWBOq13QMOk&grant_type=authorization_code
2019-11-15 12:45:09   status:200
2019-11-15 12:45:09   data:{'session_key': 'dKTHYCFfeZqmt5Eme7p4pQ==', 'openid': 'oJfBH41Q13o00lX3pbhGAKUmThxA'}
2019-11-15 12:47:09   ('data DoesNotExist',)
2019-11-15 12:47:16   ('data DoesNotExist',)
2019-11-15 12:56:03   ('ValidationError',)
2019-11-15 12:56:23   ('data DoesNotExist',)
2019-11-15 12:56:26   ('data DoesNotExist',)
2019-11-15 12:57:24   ('data DoesNotExist',)
2019-11-15 12:57:31   GET:https://api.weixin.qq.com/sns/jscode2session?appid=wxb10693ce301b0503&secret=fe966f7c89ba08eccd70060f2b3f9801&js_code=061IqLm11HWimW1zrIk117aDm11IqLmX&grant_type=authorization_code
2019-11-15 12:57:31   status:200
2019-11-15 12:57:31   data:{'session_key': 'gxjoQ+xGBWuNjmY/BDnL2w==', 'openid': 'oJfBH41Q13o00lX3pbhGAKUmThxA'}
2019-11-15 12:57:37   GET:https://api.weixin.qq.com/sns/jscode2session?appid=wxb10693ce301b0503&secret=fe966f7c89ba08eccd70060f2b3f9801&js_code=011davyh1U2cEv0bDZyh1pohyh1davyB&grant_type=authorization_code
2019-11-15 12:57:37   status:200
2019-11-15 12:57:37   data:{'session_key': 'gxjoQ+xGBWuNjmY/BDnL2w==', 'openid': 'oJfBH41Q13o00lX3pbhGAKUmThxA'}
2019-11-15 12:57:43   ('data DoesNotExist',)
2019-11-15 13:00:00   ('data DoesNotExist',)
2019-11-15 13:00:02   ('data DoesNotExist',)
2019-11-15 13:02:10   ('data DoesNotExist',)
2019-11-15 13:02:12   ('data DoesNotExist',)
2019-11-15 13:10:25   ('ValidationError',)
2019-11-15 13:10:25   ('ValidationError',)
2019-11-15 13:10:25   ('ValidationError',)
2019-11-15 13:10:25   ('ValidationError',)
2019-11-15 13:10:25   ('ValidationError',)
2019-11-15 13:10:25   ('ValidationError',)
2019-11-15 13:10:25   ('ValidationError',)
2019-11-15 13:10:25   ('ValidationError',)
2019-11-15 13:10:25   ('ValidationError',)
2019-11-15 13:10:25   ('ValidationError',)
2019-11-15 13:10:25   ('ValidationError',)
2019-11-15 13:10:25   ('ValidationError',)
2019-11-15 13:10:25   ('ValidationError',)
2019-11-15 13:10:25   ('ValidationError',)
2019-11-15 13:10:25   ('ValidationError',)
2019-11-15 13:10:25   ('ValidationError',)
2019-11-15 13:10:25   ('ValidationError',)
2019-11-15 13:10:25   ('ValidationError',)
2019-11-15 13:10:25   ('ValidationError',)
2019-11-15 13:10:25   ('ValidationError',)
2019-11-15 13:10:25   ('ValidationError',)
2019-11-15 13:10:25   ('ValidationError',)
2019-11-15 13:10:25   ('ValidationError',)
2019-11-15 13:10:25   ('ValidationError',)
2019-11-15 13:10:25   ('ValidationError',)
2019-11-15 13:10:25   ('ValidationError',)
2019-11-15 13:10:25   ('ValidationError',)
2019-11-15 13:10:25   ('ValidationError',)
2019-11-15 13:10:25   ('ValidationError',)
2019-11-15 13:10:25   ('ValidationError',)
2019-11-15 13:10:25   ('ValidationError',)
2019-11-15 13:10:25   ('ValidationError',)
2019-11-15 13:10:25   ('ValidationError',)
2019-11-15 13:10:25   ('ValidationError',)
2019-11-15 13:10:25   ('ValidationError',)
2019-11-15 13:10:25   ('ValidationError',)
2019-11-15 13:10:25   ('ValidationError',)
2019-11-15 13:10:25   ('ValidationError',)
2019-11-15 13:10:25   ('ValidationError',)
2019-11-15 13:10:25   ('ValidationError',)
2019-11-15 13:10:25   ('ValidationError',)
2019-11-15 13:10:25   ('ValidationError',)
2019-11-15 13:10:25   ('ValidationError',)
2019-11-15 13:10:25   ('ValidationError',)
2019-11-15 13:10:25   ('ValidationError',)
2019-11-15 13:10:25   ('ValidationError',)
2019-11-15 13:10:25   ('ValidationError',)
2019-11-15 13:10:25   ('ValidationError',)
2019-11-15 13:10:25   ('ValidationError',)
2019-11-15 13:10:25   ('ValidationError',)
2019-11-15 13:10:25   ('ValidationError',)
2019-11-15 13:10:25   ('ValidationError',)
2019-11-15 13:10:25   ('ValidationError',)
2019-11-15 13:10:25   ('ValidationError',)
2019-11-15 13:10:25   ('ValidationError',)
2019-11-15 13:10:25   ('ValidationError',)
2019-11-15 13:10:25   ('ValidationError',)
2019-11-15 13:10:25   ('ValidationError',)
2019-11-15 13:10:45   ('data DoesNotExist',)
2019-11-15 13:11:02   ('ValidationError',)
2019-11-15 13:11:02   ('ValidationError',)
2019-11-15 13:11:02   ('ValidationError',)
2019-11-15 13:11:02   ('ValidationError',)
2019-11-15 13:11:02   ('ValidationError',)
2019-11-15 13:11:02   ('ValidationError',)
2019-11-15 13:11:02   ('ValidationError',)
2019-11-15 13:11:02   ('ValidationError',)
2019-11-15 13:11:02   ('ValidationError',)
2019-11-15 13:11:02   ('ValidationError',)
2019-11-15 13:11:02   ('ValidationError',)
2019-11-15 13:11:02   ('ValidationError',)
2019-11-15 13:11:02   ('ValidationError',)
2019-11-15 13:11:02   ('ValidationError',)
2019-11-15 13:11:02   ('ValidationError',)
2019-11-15 13:11:02   ('ValidationError',)
2019-11-15 13:11:02   ('ValidationError',)
2019-11-15 13:11:03   ('ValidationError',)
2019-11-15 13:11:03   ('ValidationError',)
2019-11-15 13:11:03   ('ValidationError',)
2019-11-15 13:11:03   ('ValidationError',)
2019-11-15 13:11:03   ('ValidationError',)
2019-11-15 13:11:03   ('ValidationError',)
2019-11-15 13:11:03   ('ValidationError',)
2019-11-15 13:11:03   ('ValidationError',)
2019-11-15 13:11:03   ('ValidationError',)
2019-11-15 13:11:03   ('ValidationError',)
2019-11-15 13:11:03   ('ValidationError',)
2019-11-15 13:11:03   ('ValidationError',)
2019-11-15 13:11:03   ('ValidationError',)
2019-11-15 13:11:03   ('ValidationError',)
2019-11-15 13:11:03   ('ValidationError',)
2019-11-15 13:11:03   ('ValidationError',)
2019-11-15 13:11:03   ('ValidationError',)
2019-11-15 13:11:03   ('ValidationError',)
2019-11-15 13:11:03   ('ValidationError',)
2019-11-15 13:11:03   ('ValidationError',)
2019-11-15 13:11:03   ('ValidationError',)
2019-11-15 13:11:03   ('ValidationError',)
2019-11-15 13:11:03   ('ValidationError',)
2019-11-15 13:11:03   ('ValidationError',)
2019-11-15 13:11:03   ('ValidationError',)
2019-11-15 13:11:03   ('ValidationError',)
2019-11-15 13:11:03   ('ValidationError',)
2019-11-15 13:11:03   ('ValidationError',)
2019-11-15 13:11:03   ('ValidationError',)
2019-11-15 13:11:03   ('ValidationError',)
2019-11-15 13:11:03   ('ValidationError',)
2019-11-15 13:11:03   ('ValidationError',)
2019-11-15 13:11:03   ('ValidationError',)
2019-11-15 13:11:03   ('ValidationError',)
2019-11-15 13:11:03   ('ValidationError',)
2019-11-15 13:11:03   ('ValidationError',)
2019-11-15 13:11:03   ('ValidationError',)
2019-11-15 13:11:03   ('ValidationError',)
2019-11-15 13:11:03   ('ValidationError',)
2019-11-15 13:11:03   ('ValidationError',)
2019-11-15 13:11:03   ('ValidationError',)
2019-11-15 13:12:03   ('ValidationError',)
2019-11-15 13:12:03   ('ValidationError',)
2019-11-15 13:12:03   ('ValidationError',)
2019-11-15 13:12:03   ('ValidationError',)
2019-11-15 13:12:03   ('ValidationError',)
2019-11-15 13:12:03   ('ValidationError',)
2019-11-15 13:12:03   ('ValidationError',)
2019-11-15 13:12:03   ('ValidationError',)
2019-11-15 13:12:03   ('ValidationError',)
2019-11-15 13:12:03   ('ValidationError',)
2019-11-15 13:12:03   ('ValidationError',)
2019-11-15 13:12:03   ('ValidationError',)
2019-11-15 13:12:03   ('ValidationError',)
2019-11-15 13:12:03   ('ValidationError',)
2019-11-15 13:12:03   ('ValidationError',)
2019-11-15 13:12:03   ('ValidationError',)
2019-11-15 13:12:03   ('ValidationError',)
2019-11-15 13:12:03   ('ValidationError',)
2019-11-15 13:12:03   ('ValidationError',)
2019-11-15 13:12:03   ('ValidationError',)
2019-11-15 13:12:03   ('ValidationError',)
2019-11-15 13:12:03   ('ValidationError',)
2019-11-15 13:12:03   ('ValidationError',)
2019-11-15 13:12:03   ('ValidationError',)
2019-11-15 13:12:03   ('ValidationError',)
2019-11-15 13:12:03   ('ValidationError',)
2019-11-15 13:12:03   ('ValidationError',)
2019-11-15 13:12:03   ('ValidationError',)
2019-11-15 13:12:03   ('ValidationError',)
2019-11-15 13:12:03   ('ValidationError',)
2019-11-15 13:12:03   ('ValidationError',)
2019-11-15 13:12:03   ('ValidationError',)
2019-11-15 13:12:03   ('ValidationError',)
2019-11-15 13:12:03   ('ValidationError',)
2019-11-15 13:12:03   ('ValidationError',)
2019-11-15 13:12:03   ('ValidationError',)
2019-11-15 13:12:03   ('ValidationError',)
2019-11-15 13:12:03   ('ValidationError',)
2019-11-15 13:12:03   ('ValidationError',)
2019-11-15 13:12:03   ('ValidationError',)
2019-11-15 13:12:03   ('ValidationError',)
2019-11-15 13:12:03   ('ValidationError',)
2019-11-15 13:12:03   ('ValidationError',)
2019-11-15 13:12:03   ('ValidationError',)
2019-11-15 13:12:03   ('ValidationError',)
2019-11-15 13:12:03   ('ValidationError',)
2019-11-15 13:12:03   ('ValidationError',)
2019-11-15 13:12:03   ('ValidationError',)
2019-11-15 13:12:03   ('ValidationError',)
2019-11-15 13:12:03   ('ValidationError',)
2019-11-15 13:12:03   ('ValidationError',)
2019-11-15 13:12:03   ('ValidationError',)
2019-11-15 13:12:03   ('ValidationError',)
2019-11-15 13:12:03   ('ValidationError',)
2019-11-15 13:12:03   ('ValidationError',)
2019-11-15 13:12:03   ('ValidationError',)
2019-11-15 13:12:03   ('ValidationError',)
2019-11-15 13:12:03   ('ValidationError',)
2019-11-15 13:12:35   ('ValidationError',)
2019-11-15 13:12:40   ('data DoesNotExist',)
2019-11-15 13:14:04   ('data DoesNotExist',)
2019-11-15 13:14:13   ('ValidationError',)
2019-11-15 13:14:19   ('data DoesNotExist',)
2019-11-15 13:17:02   GET:https://api.weixin.qq.com/sns/jscode2session?appid=wxb10693ce301b0503&secret=fe966f7c89ba08eccd70060f2b3f9801&js_code=071r4wEW1hUH411eV0FW1VyfEW1r4wEg&grant_type=authorization_code
2019-11-15 13:17:02   status:200
2019-11-15 13:17:02   data:{'session_key': 'ovSLdGmldZMFmBSJhs0gMg==', 'openid': 'oJfBH41Q13o00lX3pbhGAKUmThxA'}
2019-11-15 13:17:07   GET:https://api.weixin.qq.com/sns/jscode2session?appid=wxb10693ce301b0503&secret=fe966f7c89ba08eccd70060f2b3f9801&js_code=081hLfFP0WdXv32EhbIP0NbqFP0hLfFa&grant_type=authorization_code
2019-11-15 13:17:07   status:200
2019-11-15 13:17:07   data:{'session_key': 'ovSLdGmldZMFmBSJhs0gMg==', 'openid': 'oJfBH41Q13o00lX3pbhGAKUmThxA'}
2019-11-15 13:17:24   GET:https://api.weixin.qq.com/sns/jscode2session?appid=wxb10693ce301b0503&secret=fe966f7c89ba08eccd70060f2b3f9801&js_code=0019fttp17Er2j0h8Ntp1oYItp19fttA&grant_type=authorization_code
2019-11-15 13:17:24   status:200
2019-11-15 13:17:24   data:{'session_key': 'ovSLdGmldZMFmBSJhs0gMg==', 'openid': 'oJfBH41Q13o00lX3pbhGAKUmThxA'}
2019-11-15 13:18:09   GET:https://api.weixin.qq.com/sns/jscode2session?appid=wxb10693ce301b0503&secret=fe966f7c89ba08eccd70060f2b3f9801&js_code=061LcDm12y8kEW03abk12OLhm12LcDmY&grant_type=authorization_code
2019-11-15 13:18:09   status:200
2019-11-15 13:18:09   data:{'session_key': 'ovSLdGmldZMFmBSJhs0gMg==', 'openid': 'oJfBH41Q13o00lX3pbhGAKUmThxA'}
2019-11-15 13:18:11   GET:https://api.weixin.qq.com/sns/jscode2session?appid=wxb10693ce301b0503&secret=fe966f7c89ba08eccd70060f2b3f9801&js_code=081JaHGc10DLPv090oFc1tlqGc1JaHGX&grant_type=authorization_code
2019-11-15 13:18:11   status:200
2019-11-15 13:18:11   data:{'session_key': 'ovSLdGmldZMFmBSJhs0gMg==', 'openid': 'oJfBH41Q13o00lX3pbhGAKUmThxA'}
2019-11-15 13:18:16   GET:https://api.weixin.qq.com/sns/jscode2session?appid=wxb10693ce301b0503&secret=fe966f7c89ba08eccd70060f2b3f9801&js_code=081Q3oNL00144c2KTROL0X1iNL0Q3oNh&grant_type=authorization_code
2019-11-15 13:18:16   status:200
2019-11-15 13:18:16   data:{'session_key': 'ovSLdGmldZMFmBSJhs0gMg==', 'openid': 'oJfBH41Q13o00lX3pbhGAKUmThxA'}
2019-11-15 13:18:20   GET:https://api.weixin.qq.com/sns/jscode2session?appid=wxb10693ce301b0503&secret=fe966f7c89ba08eccd70060f2b3f9801&js_code=001HqB8D03Ir0l2nb38D0wNt8D0HqB8E&grant_type=authorization_code
2019-11-15 13:18:21   status:200
2019-11-15 13:18:21   data:{'session_key': 'ovSLdGmldZMFmBSJhs0gMg==', 'openid': 'oJfBH41Q13o00lX3pbhGAKUmThxA'}
2019-11-15 13:18:22   GET:https://api.weixin.qq.com/sns/jscode2session?appid=wxb10693ce301b0503&secret=fe966f7c89ba08eccd70060f2b3f9801&js_code=021tBuKK0TfbI82aXfHK0NOkKK0tBuKI&grant_type=authorization_code
2019-11-15 13:18:22   status:200
2019-11-15 13:18:22   data:{'session_key': 'ovSLdGmldZMFmBSJhs0gMg==', 'openid': 'oJfBH41Q13o00lX3pbhGAKUmThxA'}
2019-11-15 13:18:41   GET:https://api.weixin.qq.com/sns/jscode2session?appid=wxb10693ce301b0503&secret=fe966f7c89ba08eccd70060f2b3f9801&js_code=021lA6WW1mh6N01RbDVW1y2cWW1lA6WD&grant_type=authorization_code
2019-11-15 13:18:41   status:200
2019-11-15 13:18:41   data:{'session_key': 'ovSLdGmldZMFmBSJhs0gMg==', 'openid': 'oJfBH41Q13o00lX3pbhGAKUmThxA'}
2019-11-15 13:18:50   GET:https://api.weixin.qq.com/sns/jscode2session?appid=wxb10693ce301b0503&secret=fe966f7c89ba08eccd70060f2b3f9801&js_code=081pTibR0PXhG62TA2dR0orsbR0pTib-&grant_type=authorization_code
2019-11-15 13:18:50   status:200
2019-11-15 13:18:50   data:{'session_key': 'ovSLdGmldZMFmBSJhs0gMg==', 'openid': 'oJfBH41Q13o00lX3pbhGAKUmThxA'}
2019-11-15 13:19:14   GET:https://api.weixin.qq.com/sns/jscode2session?appid=wxb10693ce301b0503&secret=fe966f7c89ba08eccd70060f2b3f9801&js_code=0710To641cCo2U1u7E7414Uw6410To62&grant_type=authorization_code
2019-11-15 13:19:14   status:200
2019-11-15 13:19:14   data:{'session_key': 'OP1BWzVdulRAztwfIgdPgg==', 'openid': 'oJfBH41Q13o00lX3pbhGAKUmThxA'}
2019-11-15 13:24:47   ('ValidationError',)
2019-11-15 13:24:52   ('data DoesNotExist',)
2019-11-15 13:24:54   ('data DoesNotExist',)
2019-11-15 13:25:15   ('data DoesNotExist',)
2019-11-15 13:28:14   ('ValidationError',)
2019-11-15 13:28:53   ('ValidationError',)
2019-11-15 13:29:51   ('data DoesNotExist',)
2019-11-15 13:31:36   ('data DoesNotExist',)
2019-11-15 13:31:37   ('data DoesNotExist',)
2019-11-15 13:52:06   ('data DoesNotExist',)
2019-11-15 13:52:08   ('data DoesNotExist',)
2019-11-15 14:00:44   ('data DoesNotExist',)
2019-11-15 14:00:48   ('data DoesNotExist',)
2019-11-15 14:03:35   ('data DoesNotExist',)
2019-11-15 14:05:13   ('data DoesNotExist',)
2019-11-15 15:28:11   ('data DoesNotExist',)
2019-11-15 15:38:12   ('data DoesNotExist',)
2019-11-15 15:38:15   ('data DoesNotExist',)
2019-11-15 15:51:12   ('data DoesNotExist',)
2019-11-15 15:51:14   ('data DoesNotExist',)
2019-11-15 15:52:10   ('data DoesNotExist',)
2019-11-15 15:52:21   ('ValidationError',)
2019-11-15 15:52:27   ('data DoesNotExist',)
2019-11-15 16:01:07   ('data DoesNotExist',)
2019-11-15 16:55:42   ('data DoesNotExist',)
2019-11-15 16:56:05   ('data DoesNotExist',)
2019-11-15 17:01:04   ('data DoesNotExist',)
2019-11-15 17:01:14   ('ValidationError',)
2019-11-15 17:01:23   ('data DoesNotExist',)
2019-11-15 17:03:11   ('data DoesNotExist',)
2019-11-15 17:03:21   ('ValidationError',)
2019-11-15 17:03:27   ('data DoesNotExist',)
2019-11-15 17:11:45   ('data DoesNotExist',)
2019-11-15 17:12:08   ('data DoesNotExist',)
2019-11-15 17:14:54   ('data DoesNotExist',)
2019-11-15 17:15:34   ('data DoesNotExist',)
2019-11-15 17:23:30   ('data DoesNotExist',)
2019-11-15 17:24:05   ('data DoesNotExist',)
2019-11-15 18:00:27   ('data DoesNotExist',)
2019-11-15 18:00:50   ('data DoesNotExist',)
2019-11-15 18:03:07   ('data DoesNotExist',)
2019-11-15 18:03:28   ('data DoesNotExist',)
2019-11-15 18:04:42   ('data DoesNotExist',)
2019-11-15 18:04:58   ('data DoesNotExist',)
