2019-12-02 09:13:02   ('ValidationError',)
2019-12-02 09:13:02   ('ValidationError',)
2019-12-02 09:13:02   ('ValidationError',)
2019-12-02 09:13:02   ('ValidationError',)
2019-12-02 09:13:02   ('ValidationError',)
2019-12-02 09:13:02   status:200
2019-12-02 09:13:02   data:{'session_key': 'KyJI4Gon07+sKJVx1/tpZg==', 'openid': 'oJfBH41Q13o00lX3pbhGAKUmThxA'}
2019-12-02 09:13:02   ('ValidationError',)
2019-12-02 09:39:58   GET:https://api.weixin.qq.com/sns/jscode2session?appid=wxb10693ce301b0503&secret=fe966f7c89ba08eccd70060f2b3f9801&js_code=001rYJb52HVA9O02bR952mrHb52rYJbe&grant_type=authorization_code
2019-12-02 09:39:58   status:200
2019-12-02 09:39:58   data:{'session_key': 'Br1dIf6CG90b5/mchKkY2Q==', 'openid': 'oJfBH41Q13o00lX3pbhGAKUmThxA'}
2019-12-02 09:40:47   ('data DoesNotExist',)
2019-12-02 09:40:47   ('ValidationError',)
2019-12-02 09:40:47   ('ValidationError',)
2019-12-02 09:40:47   GET:https://api.weixin.qq.com/sns/jscode2session?appid=wxb10693ce301b0503&secret=fe966f7c89ba08eccd70060f2b3f9801&js_code=001OW6U50hcWRC1Tm2V50ZGeU50OW6UU&grant_type=authorization_code
2019-12-02 09:40:47   ('ValidationError',)
2019-12-02 09:40:47   ('ValidationError',)
2019-12-02 09:40:47   ('ValidationError',)
2019-12-02 09:40:47   ('ValidationError',)
2019-12-02 09:40:47   ('ValidationError',)
2019-12-02 09:40:47   status:200
2019-12-02 09:40:47   data:{'session_key': 'Br1dIf6CG90b5/mchKkY2Q==', 'openid': 'oJfBH41Q13o00lX3pbhGAKUmThxA'}
2019-12-02 09:40:58   GET:https://api.weixin.qq.com/sns/jscode2session?appid=wxb10693ce301b0503&secret=fe966f7c89ba08eccd70060f2b3f9801&js_code=001DxM6609povC1Qv1760JMP660DxM6Y&grant_type=authorization_code
2019-12-02 09:40:58   status:200
2019-12-02 09:40:58   data:{'session_key': 'Br1dIf6CG90b5/mchKkY2Q==', 'openid': 'oJfBH41Q13o00lX3pbhGAKUmThxA'}
2019-12-02 09:47:24   GET:https://api.weixin.qq.com/sns/jscode2session?appid=wxb10693ce301b0503&secret=fe966f7c89ba08eccd70060f2b3f9801&js_code=001dfwCf2fmapI0OBdEf2CWCCf2dfwCv&grant_type=authorization_code
2019-12-02 09:47:24   status:200
2019-12-02 09:47:24   data:{'session_key': 'TRm6+d2iluxvjSil58zrjg==', 'openid': 'oJfBH41Q13o00lX3pbhGAKUmThxA'}
2019-12-02 09:47:26   GET:https://api.weixin.qq.com/sns/jscode2session?appid=wxb10693ce301b0503&secret=fe966f7c89ba08eccd70060f2b3f9801&js_code=071qfZeU1KoS3Z0AAchU166QeU1qfZeC&grant_type=authorization_code
2019-12-02 09:47:26   status:200
2019-12-02 09:47:26   data:{'session_key': 'TRm6+d2iluxvjSil58zrjg==', 'openid': 'oJfBH41Q13o00lX3pbhGAKUmThxA'}
2019-12-02 09:47:31   GET:https://api.weixin.qq.com/sns/jscode2session?appid=wxb10693ce301b0503&secret=fe966f7c89ba08eccd70060f2b3f9801&js_code=021I3Rqs1HrbJk0O2Nrs163Sqs1I3Rqa&grant_type=authorization_code
2019-12-02 09:47:32   status:200
2019-12-02 09:47:32   data:{'session_key': 'TRm6+d2iluxvjSil58zrjg==', 'openid': 'oJfBH41Q13o00lX3pbhGAKUmThxA'}
2019-12-02 09:47:36   GET:https://api.weixin.qq.com/sns/jscode2session?appid=wxb10693ce301b0503&secret=fe966f7c89ba08eccd70060f2b3f9801&js_code=011hLTGT17Ov941ienFT1iwFGT1hLTGG&grant_type=authorization_code
2019-12-02 09:47:36   status:200
2019-12-02 09:47:36   data:{'session_key': 'TRm6+d2iluxvjSil58zrjg==', 'openid': 'oJfBH41Q13o00lX3pbhGAKUmThxA'}
2019-12-02 09:49:24   GET:https://api.weixin.qq.com/sns/jscode2session?appid=wxb10693ce301b0503&secret=fe966f7c89ba08eccd70060f2b3f9801&js_code=001ZK28k2vlwPD0ycHak25q38k2ZK28Q&grant_type=authorization_code
2019-12-02 09:49:24   status:200
2019-12-02 09:49:24   data:{'session_key': 'gA82RLqgJZu+7OYdd3tZvA==', 'openid': 'oJfBH41Q13o00lX3pbhGAKUmThxA'}
2019-12-02 09:49:27   GET:https://api.weixin.qq.com/sns/jscode2session?appid=wxb10693ce301b0503&secret=fe966f7c89ba08eccd70060f2b3f9801&js_code=021bOSwd2oMkKF09xWyd2pvTwd2bOSw9&grant_type=authorization_code
2019-12-02 09:49:27   status:200
2019-12-02 09:49:27   data:{'session_key': 'gA82RLqgJZu+7OYdd3tZvA==', 'openid': 'oJfBH41Q13o00lX3pbhGAKUmThxA'}
2019-12-02 09:49:34   GET:https://api.weixin.qq.com/sns/jscode2session?appid=wxb10693ce301b0503&secret=fe966f7c89ba08eccd70060f2b3f9801&js_code=011u9CgQ0mayC72sJLfQ0XOqgQ0u9Cgp&grant_type=authorization_code
2019-12-02 09:49:34   status:200
2019-12-02 09:49:34   data:{'session_key': 'gA82RLqgJZu+7OYdd3tZvA==', 'openid': 'oJfBH41Q13o00lX3pbhGAKUmThxA'}
2019-12-02 09:50:23   GET:https://api.weixin.qq.com/sns/jscode2session?appid=wxb10693ce301b0503&secret=fe966f7c89ba08eccd70060f2b3f9801&js_code=011Jv8O81sa6eP1S7MM81OSlO81Jv8O7&grant_type=authorization_code
2019-12-02 09:50:23   status:200
2019-12-02 09:50:23   data:{'session_key': 'gA82RLqgJZu+7OYdd3tZvA==', 'openid': 'oJfBH41Q13o00lX3pbhGAKUmThxA'}
2019-12-02 09:50:36   GET:https://api.weixin.qq.com/sns/jscode2session?appid=wxb10693ce301b0503&secret=fe966f7c89ba08eccd70060f2b3f9801&js_code=061PMl5i1fox8v05Mj3i1YQa5i1PMl5O&grant_type=authorization_code
2019-12-02 09:50:36   status:200
2019-12-02 09:50:36   data:{'session_key': 'gA82RLqgJZu+7OYdd3tZvA==', 'openid': 'oJfBH41Q13o00lX3pbhGAKUmThxA'}
2019-12-02 09:56:23   GET:https://api.weixin.qq.com/sns/jscode2session?appid=wxb10693ce301b0503&secret=fe966f7c89ba08eccd70060f2b3f9801&js_code=071huqRf201B2I0uVfOf2KoBRf2huqRR&grant_type=authorization_code
2019-12-02 09:56:24   status:200
2019-12-02 09:56:24   data:{'session_key': 'AP12BvBr2NyMQe0SoRlYzQ==', 'openid': 'oJfBH41Q13o00lX3pbhGAKUmThxA'}
2019-12-02 09:56:43   GET:https://api.weixin.qq.com/sns/jscode2session?appid=wxb10693ce301b0503&secret=fe966f7c89ba08eccd70060f2b3f9801&js_code=011YO8kQ13gS531HVfnQ1VeukQ1YO8ke&grant_type=authorization_code
2019-12-02 09:56:43   status:200
2019-12-02 09:56:43   data:{'session_key': 'AP12BvBr2NyMQe0SoRlYzQ==', 'openid': 'oJfBH41Q13o00lX3pbhGAKUmThxA'}
2019-12-02 09:56:46   GET:https://api.weixin.qq.com/sns/jscode2session?appid=wxb10693ce301b0503&secret=fe966f7c89ba08eccd70060f2b3f9801&js_code=021Sk5UM0cUk4b2pa3WM0lIZTM0Sk5Ub&grant_type=authorization_code
2019-12-02 09:56:46   status:200
2019-12-02 09:56:46   data:{'session_key': 'AP12BvBr2NyMQe0SoRlYzQ==', 'openid': 'oJfBH41Q13o00lX3pbhGAKUmThxA'}
2019-12-02 09:56:57   ('data DoesNotExist',)
2019-12-02 09:56:57   ('ValidationError',)
2019-12-02 09:56:57   ('ValidationError',)
2019-12-02 09:56:57   GET:https://api.weixin.qq.com/sns/jscode2session?appid=wxb10693ce301b0503&secret=fe966f7c89ba08eccd70060f2b3f9801&js_code=011L9O1Z0oa6fU1s3Y1Z0ZYK1Z0L9O1p&grant_type=authorization_code
2019-12-02 09:56:57   ('ValidationError',)
2019-12-02 09:56:57   ('ValidationError',)
2019-12-02 09:56:57   ('ValidationError',)
2019-12-02 09:56:57   ('ValidationError',)
2019-12-02 09:56:57   ('ValidationError',)
2019-12-02 09:56:57   status:200
2019-12-02 09:56:57   data:{'session_key': 'AP12BvBr2NyMQe0SoRlYzQ==', 'openid': 'oJfBH41Q13o00lX3pbhGAKUmThxA'}
2019-12-02 09:57:05   GET:https://api.weixin.qq.com/sns/jscode2session?appid=wxb10693ce301b0503&secret=fe966f7c89ba08eccd70060f2b3f9801&js_code=061VIHbK0SvHa92nKiaK0D53cK0VIHbl&grant_type=authorization_code
2019-12-02 09:57:05   status:200
2019-12-02 09:57:05   data:{'session_key': 'AP12BvBr2NyMQe0SoRlYzQ==', 'openid': 'oJfBH41Q13o00lX3pbhGAKUmThxA'}
2019-12-02 09:57:11   GET:https://api.weixin.qq.com/sns/jscode2session?appid=wxb10693ce301b0503&secret=fe966f7c89ba08eccd70060f2b3f9801&js_code=061nR1Qx1MVeQa0RbHNx1BtUPx1nR1Qh&grant_type=authorization_code
2019-12-02 09:57:11   status:200
2019-12-02 09:57:11   data:{'session_key': 'AP12BvBr2NyMQe0SoRlYzQ==', 'openid': 'oJfBH41Q13o00lX3pbhGAKUmThxA'}
2019-12-02 10:20:58   GET:https://api.weixin.qq.com/sns/jscode2session?appid=wxb10693ce301b0503&secret=fe966f7c89ba08eccd70060f2b3f9801&js_code=011X03Aq15y9zm05QXCq1Yf2Aq1X03AJ&grant_type=authorization_code
2019-12-02 10:20:58   status:200
2019-12-02 10:20:58   data:{'session_key': 'pu445YopJhqC7RLtNlkRSA==', 'openid': 'oJfBH41Q13o00lX3pbhGAKUmThxA'}
2019-12-02 10:21:01   GET:https://api.weixin.qq.com/sns/jscode2session?appid=wxb10693ce301b0503&secret=fe966f7c89ba08eccd70060f2b3f9801&js_code=0611Ksy72wy3uQ0M7Zv72Yq9y721Ksyk&grant_type=authorization_code
2019-12-02 10:21:01   status:200
2019-12-02 10:21:01   data:{'session_key': 'pu445YopJhqC7RLtNlkRSA==', 'openid': 'oJfBH41Q13o00lX3pbhGAKUmThxA'}
2019-12-02 10:21:22   GET:https://api.weixin.qq.com/sns/jscode2session?appid=wxb10693ce301b0503&secret=fe966f7c89ba08eccd70060f2b3f9801&js_code=021MTIdS1AaYN51xuQaS1hVXdS1MTIdU&grant_type=authorization_code
2019-12-02 10:21:22   status:200
2019-12-02 10:21:22   data:{'session_key': 'pu445YopJhqC7RLtNlkRSA==', 'openid': 'oJfBH41Q13o00lX3pbhGAKUmThxA'}
2019-12-02 10:26:03   GET:https://api.weixin.qq.com/sns/jscode2session?appid=wxb10693ce301b0503&secret=fe966f7c89ba08eccd70060f2b3f9801&js_code=021dpmbv1KXs7i0Ltmbv1O0lbv1dpmb9&grant_type=authorization_code
2019-12-02 10:26:03   status:200
2019-12-02 10:26:03   data:{'session_key': 'nL33QT85NhePkcBttQ2h/w==', 'openid': 'oJfBH41Q13o00lX3pbhGAKUmThxA'}
2019-12-02 10:26:27   GET:https://api.weixin.qq.com/sns/jscode2session?appid=wxb10693ce301b0503&secret=fe966f7c89ba08eccd70060f2b3f9801&js_code=061gaaSF1FPdu70mfaSF1E36SF1gaaSV&grant_type=authorization_code
2019-12-02 10:26:27   status:200
2019-12-02 10:26:27   data:{'session_key': 'nL33QT85NhePkcBttQ2h/w==', 'openid': 'oJfBH41Q13o00lX3pbhGAKUmThxA'}
2019-12-02 10:28:57   GET:https://api.weixin.qq.com/sns/jscode2session?appid=wxb10693ce301b0503&secret=fe966f7c89ba08eccd70060f2b3f9801&js_code=001FTKBc2mwvOG0yHBCc2dXsBc2FTKBI&grant_type=authorization_code
2019-12-02 10:28:57   status:200
2019-12-02 10:28:57   data:{'session_key': 'O7xdYcY0zrxbaiagb/Oayg==', 'openid': 'oJfBH41Q13o00lX3pbhGAKUmThxA'}
2019-12-02 10:29:03   GET:https://api.weixin.qq.com/sns/jscode2session?appid=wxb10693ce301b0503&secret=fe966f7c89ba08eccd70060f2b3f9801&js_code=001pjWFA0UsVFi2uKhDA09yWFA0pjWFV&grant_type=authorization_code
2019-12-02 10:29:04   status:200
2019-12-02 10:29:04   data:{'session_key': 'O7xdYcY0zrxbaiagb/Oayg==', 'openid': 'oJfBH41Q13o00lX3pbhGAKUmThxA'}
2019-12-02 10:38:26   GET:https://api.weixin.qq.com/sns/jscode2session?appid=wxb10693ce301b0503&secret=fe966f7c89ba08eccd70060f2b3f9801&js_code=021UC1CH0YBqhg2A8JCH0Ic2CH0UC1Cw&grant_type=authorization_code
2019-12-02 10:38:26   status:200
2019-12-02 10:38:26   data:{'session_key': 'TX7JU2GURq1nfJgLJe6DBA==', 'openid': 'oJfBH41Q13o00lX3pbhGAKUmThxA'}
2019-12-02 10:39:24   GET:https://api.weixin.qq.com/sns/jscode2session?appid=wxb10693ce301b0503&secret=fe966f7c89ba08eccd70060f2b3f9801&js_code=001oH5dW16gXiX0WoeaW1MFXcW1oH5dM&grant_type=authorization_code
2019-12-02 10:39:24   status:200
2019-12-02 10:39:24   data:{'session_key': 'TX7JU2GURq1nfJgLJe6DBA==', 'openid': 'oJfBH41Q13o00lX3pbhGAKUmThxA'}
2019-12-02 10:40:19   GET:https://api.weixin.qq.com/sns/jscode2session?appid=wxb10693ce301b0503&secret=fe966f7c89ba08eccd70060f2b3f9801&js_code=061W5azD1xFfb5026vAD1uMbzD1W5azH&grant_type=authorization_code
2019-12-02 10:40:20   status:200
2019-12-02 10:40:20   data:{'session_key': 'TX7JU2GURq1nfJgLJe6DBA==', 'openid': 'oJfBH41Q13o00lX3pbhGAKUmThxA'}
2019-12-02 10:40:23   GET:https://api.weixin.qq.com/sns/jscode2session?appid=wxb10693ce301b0503&secret=fe966f7c89ba08eccd70060f2b3f9801&js_code=061QV74O0r90q52yFU2O09G94O0QV747&grant_type=authorization_code
2019-12-02 10:40:24   status:200
2019-12-02 10:40:24   data:{'session_key': 'TX7JU2GURq1nfJgLJe6DBA==', 'openid': 'oJfBH41Q13o00lX3pbhGAKUmThxA'}
2019-12-02 10:41:00   GET:https://api.weixin.qq.com/sns/jscode2session?appid=wxb10693ce301b0503&secret=fe966f7c89ba08eccd70060f2b3f9801&js_code=071VAcpo0QFYqk1l6Clo0bLnpo0VAcpE&grant_type=authorization_code
2019-12-02 10:41:00   status:200
2019-12-02 10:41:00   data:{'session_key': 'fQs3Ue1gIRtimr41oKP70Q==', 'openid': 'oJfBH41Q13o00lX3pbhGAKUmThxA'}
2019-12-02 10:41:45   GET:https://api.weixin.qq.com/sns/jscode2session?appid=wxb10693ce301b0503&secret=fe966f7c89ba08eccd70060f2b3f9801&js_code=0818xhHG0r4uOc2iqBIG0XDkHG08xhHK&grant_type=authorization_code
2019-12-02 10:41:45   status:200
2019-12-02 10:41:45   data:{'session_key': 'fQs3Ue1gIRtimr41oKP70Q==', 'openid': 'oJfBH41Q13o00lX3pbhGAKUmThxA'}
2019-12-02 10:41:59   GET:https://api.weixin.qq.com/sns/jscode2session?appid=wxb10693ce301b0503&secret=fe966f7c89ba08eccd70060f2b3f9801&js_code=011HdoAy1oDzaa04lTBy1pK5Ay1HdoAl&grant_type=authorization_code
2019-12-02 10:41:59   status:200
2019-12-02 10:41:59   data:{'session_key': 'fQs3Ue1gIRtimr41oKP70Q==', 'openid': 'oJfBH41Q13o00lX3pbhGAKUmThxA'}
2019-12-02 10:42:06   GET:https://api.weixin.qq.com/sns/jscode2session?appid=wxb10693ce301b0503&secret=fe966f7c89ba08eccd70060f2b3f9801&js_code=011rahcU1ROFiZ0G0MbU1mzbcU1rahcC&grant_type=authorization_code
2019-12-02 10:42:06   status:200
2019-12-02 10:42:06   data:{'session_key': 'fQs3Ue1gIRtimr41oKP70Q==', 'openid': 'oJfBH41Q13o00lX3pbhGAKUmThxA'}
2019-12-02 10:42:19   GET:https://api.weixin.qq.com/sns/jscode2session?appid=wxb10693ce301b0503&secret=fe966f7c89ba08eccd70060f2b3f9801&js_code=001hkY7U1c9seZ0atV6U1JKW7U1hkY7w&grant_type=authorization_code
2019-12-02 10:42:19   status:200
2019-12-02 10:42:19   data:{'session_key': 'fQs3Ue1gIRtimr41oKP70Q==', 'openid': 'oJfBH41Q13o00lX3pbhGAKUmThxA'}
2019-12-02 10:43:27   GET:https://api.weixin.qq.com/sns/jscode2session?appid=wxb10693ce301b0503&secret=fe966f7c89ba08eccd70060f2b3f9801&js_code=061Yvn5E1xAbB403hd5E1qdp5E1Yvn5t&grant_type=authorization_code
2019-12-02 10:43:27   status:200
2019-12-02 10:43:27   data:{'session_key': '31DXhSlIumFoJhdEAADtlw==', 'openid': 'oJfBH41Q13o00lX3pbhGAKUmThxA'}
2019-12-02 10:54:45   GET:https://api.weixin.qq.com/sns/jscode2session?appid=wxb10693ce301b0503&secret=fe966f7c89ba08eccd70060f2b3f9801&js_code=021ysvLn1YxUsp0kfGKn10JzLn1ysvLI&grant_type=authorization_code
2019-12-02 10:54:45   status:200
2019-12-02 10:54:45   data:{'session_key': 'IjCG0cqeltuLE9wzj90org==', 'openid': 'oJfBH41Q13o00lX3pbhGAKUmThxA'}
2019-12-02 10:54:47   GET:https://api.weixin.qq.com/sns/jscode2session?appid=wxb10693ce301b0503&secret=fe966f7c89ba08eccd70060f2b3f9801&js_code=061sSs621jo5kR1RJz621Hex621sSs6E&grant_type=authorization_code
2019-12-02 10:54:47   status:200
2019-12-02 10:54:47   data:{'session_key': 'IjCG0cqeltuLE9wzj90org==', 'openid': 'oJfBH41Q13o00lX3pbhGAKUmThxA'}
2019-12-02 10:55:17   GET:https://api.weixin.qq.com/sns/jscode2session?appid=wxb10693ce301b0503&secret=fe966f7c89ba08eccd70060f2b3f9801&js_code=021GF8xU1pYBKY01W0xU1qbZwU1GF8xp&grant_type=authorization_code
2019-12-02 10:55:17   status:200
2019-12-02 10:55:17   data:{'session_key': 'IjCG0cqeltuLE9wzj90org==', 'openid': 'oJfBH41Q13o00lX3pbhGAKUmThxA'}
2019-12-02 10:55:20   GET:https://api.weixin.qq.com/sns/jscode2session?appid=wxb10693ce301b0503&secret=fe966f7c89ba08eccd70060f2b3f9801&js_code=071JKUl11RAZwW1W5Yl11XATl11JKUlc&grant_type=authorization_code
2019-12-02 10:55:20   status:200
2019-12-02 10:55:20   data:{'session_key': 'IjCG0cqeltuLE9wzj90org==', 'openid': 'oJfBH41Q13o00lX3pbhGAKUmThxA'}
2019-12-02 10:56:11   GET:https://api.weixin.qq.com/sns/jscode2session?appid=wxb10693ce301b0503&secret=fe966f7c89ba08eccd70060f2b3f9801&js_code=011cNTKr1Voftl0SNpJr15sLKr1cNTKs&grant_type=authorization_code
2019-12-02 10:56:11   status:200
2019-12-02 10:56:11   data:{'session_key': 'IjCG0cqeltuLE9wzj90org==', 'openid': 'oJfBH41Q13o00lX3pbhGAKUmThxA'}
2019-12-02 10:56:25   GET:https://api.weixin.qq.com/sns/jscode2session?appid=wxb10693ce301b0503&secret=fe966f7c89ba08eccd70060f2b3f9801&js_code=011mXXrn03jibl1gJSsn0NEVrn0mXXrX&grant_type=authorization_code
2019-12-02 10:56:26   status:200
2019-12-02 10:56:26   data:{'session_key': 'IjCG0cqeltuLE9wzj90org==', 'openid': 'oJfBH41Q13o00lX3pbhGAKUmThxA'}
2019-12-02 11:00:03   GET:https://api.weixin.qq.com/sns/jscode2session?appid=wxb10693ce301b0503&secret=fe966f7c89ba08eccd70060f2b3f9801&js_code=001Luo2B1Qi6lc092KZA187t2B1Luo2L&grant_type=authorization_code
2019-12-02 11:00:03   status:200
2019-12-02 11:00:03   data:{'session_key': 'lGON4N/XO1lJuYo1vUDMog==', 'openid': 'oJfBH41Q13o00lX3pbhGAKUmThxA'}
2019-12-02 11:00:56   GET:https://api.weixin.qq.com/sns/jscode2session?appid=wxb10693ce301b0503&secret=fe966f7c89ba08eccd70060f2b3f9801&js_code=08125RR31EyiYT1KuyU310dWR3125RRH&grant_type=authorization_code
2019-12-02 11:00:57   status:200
2019-12-02 11:00:57   data:{'session_key': 'lGON4N/XO1lJuYo1vUDMog==', 'openid': 'oJfBH41Q13o00lX3pbhGAKUmThxA'}
2019-12-02 11:03:23   GET:https://api.weixin.qq.com/sns/jscode2session?appid=wxb10693ce301b0503&secret=fe966f7c89ba08eccd70060f2b3f9801&js_code=0612f6pD1vSPi50xBOoD1M19pD12f6pt&grant_type=authorization_code
2019-12-02 11:03:23   status:200
2019-12-02 11:03:23   data:{'session_key': 'e/Ay9bpt3euxfmBE7z3r1A==', 'openid': 'oJfBH41Q13o00lX3pbhGAKUmThxA'}
2019-12-02 11:05:01   GET:https://api.weixin.qq.com/sns/jscode2session?appid=wxb10693ce301b0503&secret=fe966f7c89ba08eccd70060f2b3f9801&js_code=061I46Mb0lGWBB1TY3Jb0e3eMb0I46M-&grant_type=authorization_code
2019-12-02 11:05:01   status:200
2019-12-02 11:05:01   data:{'session_key': 'e/Ay9bpt3euxfmBE7z3r1A==', 'openid': 'oJfBH41Q13o00lX3pbhGAKUmThxA'}
2019-12-02 11:05:51   GET:https://api.weixin.qq.com/sns/jscode2session?appid=wxb10693ce301b0503&secret=fe966f7c89ba08eccd70060f2b3f9801&js_code=011sGgCA0CEEEi2RQbGA0dKgCA0sGgCH&grant_type=authorization_code
2019-12-02 11:05:51   status:200
2019-12-02 11:05:51   data:{'session_key': '2IctDCovv83+3I/tn7a1BA==', 'openid': 'oJfBH41Q13o00lX3pbhGAKUmThxA'}
2019-12-02 11:09:07   GET:https://api.weixin.qq.com/sns/jscode2session?appid=wxb10693ce301b0503&secret=fe966f7c89ba08eccd70060f2b3f9801&js_code=0712Cb8C1BUjC60KpT9C1mm48C12Cb8l&grant_type=authorization_code
2019-12-02 11:09:07   status:200
2019-12-02 11:09:07   data:{'session_key': 'P1ZbfOfNO1OEF9ztU05MkA==', 'openid': 'oJfBH41Q13o00lX3pbhGAKUmThxA'}
2019-12-02 11:10:34   GET:https://api.weixin.qq.com/sns/jscode2session?appid=wxb10693ce301b0503&secret=fe966f7c89ba08eccd70060f2b3f9801&js_code=0114nCs51e3FrS1Badt51rwRs514nCsr&grant_type=authorization_code
2019-12-02 11:10:34   status:200
2019-12-02 11:10:34   data:{'session_key': 'P1ZbfOfNO1OEF9ztU05MkA==', 'openid': 'oJfBH41Q13o00lX3pbhGAKUmThxA'}
2019-12-02 11:10:37   GET:https://api.weixin.qq.com/sns/jscode2session?appid=wxb10693ce301b0503&secret=fe966f7c89ba08eccd70060f2b3f9801&js_code=0816jyeh2rPo2C0j7Xgh2dmXeh26jye9&grant_type=authorization_code
2019-12-02 11:10:37   status:200
2019-12-02 11:10:37   data:{'session_key': 'P1ZbfOfNO1OEF9ztU05MkA==', 'openid': 'oJfBH41Q13o00lX3pbhGAKUmThxA'}
2019-12-02 11:10:41   GET:https://api.weixin.qq.com/sns/jscode2session?appid=wxb10693ce301b0503&secret=fe966f7c89ba08eccd70060f2b3f9801&js_code=061OgDck2xBGCD0VhWfk2Hklck2OgDce&grant_type=authorization_code
2019-12-02 11:10:41   status:200
2019-12-02 11:10:41   data:{'session_key': 'P1ZbfOfNO1OEF9ztU05MkA==', 'openid': 'oJfBH41Q13o00lX3pbhGAKUmThxA'}
2019-12-02 11:11:00   GET:https://api.weixin.qq.com/sns/jscode2session?appid=wxb10693ce301b0503&secret=fe966f7c89ba08eccd70060f2b3f9801&js_code=001yZQnB0OL4Yh2FlnkB0hCWnB0yZQnk&grant_type=authorization_code
2019-12-02 11:11:01   status:200
2019-12-02 11:11:01   data:{'session_key': 'P1ZbfOfNO1OEF9ztU05MkA==', 'openid': 'oJfBH41Q13o00lX3pbhGAKUmThxA'}
2019-12-02 11:11:09   GET:https://api.weixin.qq.com/sns/jscode2session?appid=wxb10693ce301b0503&secret=fe966f7c89ba08eccd70060f2b3f9801&js_code=071vrrhF025qee2SyQeF0C1ehF0vrrhh&grant_type=authorization_code
2019-12-02 11:11:09   status:200
2019-12-02 11:11:09   data:{'session_key': 'EnWJlNN+YxcKbmIGCY4D0Q==', 'openid': 'oJfBH41Q13o00lX3pbhGAKUmThxA'}
2019-12-02 11:11:14   GET:https://api.weixin.qq.com/sns/jscode2session?appid=wxb10693ce301b0503&secret=fe966f7c89ba08eccd70060f2b3f9801&js_code=081FsXxN0Lssia2BKgBN0Hb5yN0FsXxs&grant_type=authorization_code
2019-12-02 11:11:14   status:200
2019-12-02 11:11:14   data:{'session_key': 'EnWJlNN+YxcKbmIGCY4D0Q==', 'openid': 'oJfBH41Q13o00lX3pbhGAKUmThxA'}
2019-12-02 11:14:01   GET:https://api.weixin.qq.com/sns/jscode2session?appid=wxb10693ce301b0503&secret=fe966f7c89ba08eccd70060f2b3f9801&js_code=021iwFRv0XsRSc1MyJUv0xvJRv0iwFRZ&grant_type=authorization_code
2019-12-02 11:14:01   status:200
2019-12-02 11:14:01   data:{'session_key': 'nwI8IAgAEQAFYnCW5VRlCA==', 'openid': 'oJfBH41Q13o00lX3pbhGAKUmThxA'}
2019-12-02 11:30:25   GET:https://api.weixin.qq.com/sns/jscode2session?appid=wxb10693ce301b0503&secret=fe966f7c89ba08eccd70060f2b3f9801&js_code=001tw60m1ilvQm0ABeXl1D850m1tw603&grant_type=authorization_code
2019-12-02 11:30:25   status:200
2019-12-02 11:30:25   data:{'session_key': 'NnLgBoB1obi6JnwDG+DjtA==', 'openid': 'oJfBH41Q13o00lX3pbhGAKUmThxA'}
2019-12-02 12:37:36   GET:https://api.weixin.qq.com/sns/jscode2session?appid=wxb10693ce301b0503&secret=fe966f7c89ba08eccd70060f2b3f9801&js_code=071ieTeA0sto0d1GhVcA03uKeA0ieTeG&grant_type=authorization_code
2019-12-02 12:37:36   status:200
2019-12-02 12:37:36   data:{'session_key': 'PB/oQqqwRKkqOkp5KD/Z6A==', 'openid': 'oJfBH41Q13o00lX3pbhGAKUmThxA'}
2019-12-02 12:37:39   GET:https://api.weixin.qq.com/sns/jscode2session?appid=wxb10693ce301b0503&secret=fe966f7c89ba08eccd70060f2b3f9801&js_code=081ENJ5M1Nyjl71Zp27M1gYQ5M1ENJ52&grant_type=authorization_code
2019-12-02 12:37:40   status:200
2019-12-02 12:37:40   data:{'session_key': 'PB/oQqqwRKkqOkp5KD/Z6A==', 'openid': 'oJfBH41Q13o00lX3pbhGAKUmThxA'}
2019-12-02 12:52:13   GET:https://api.weixin.qq.com/sns/jscode2session?appid=wxb10693ce301b0503&secret=fe966f7c89ba08eccd70060f2b3f9801&js_code=021ZO14K0ssTm92d9u6K0mRh4K0ZO14-&grant_type=authorization_code
2019-12-02 12:52:13   status:200
2019-12-02 12:52:13   data:{'session_key': 'rsfqrmWTcgUJimYMjQFlSA==', 'openid': 'oJfBH41Q13o00lX3pbhGAKUmThxA'}
2019-12-02 12:52:41   GET:https://api.weixin.qq.com/sns/jscode2session?appid=wxb10693ce301b0503&secret=fe966f7c89ba08eccd70060f2b3f9801&js_code=071BpJou1Ketde0cQIru1nKsou1BpJoQ&grant_type=authorization_code
2019-12-02 12:52:41   status:200
2019-12-02 12:52:41   data:{'session_key': 'b1u2MaYace+jOScKWOusgQ==', 'openid': 'oJfBH41Q13o00lX3pbhGAKUmThxA'}
2019-12-02 12:52:59   GET:https://api.weixin.qq.com/sns/jscode2session?appid=wxb10693ce301b0503&secret=fe966f7c89ba08eccd70060f2b3f9801&js_code=0818u2rx1VjLfb0NXkox1PWIqx18u2rV&grant_type=authorization_code
2019-12-02 12:52:59   status:200
2019-12-02 12:52:59   data:{'session_key': 'b1u2MaYace+jOScKWOusgQ==', 'openid': 'oJfBH41Q13o00lX3pbhGAKUmThxA'}
2019-12-02 12:57:15   GET:https://api.weixin.qq.com/sns/jscode2session?appid=wxb10693ce301b0503&secret=fe966f7c89ba08eccd70060f2b3f9801&js_code=061zHm5L1WK6m81PQU6L1hMl5L1zHm5a&grant_type=authorization_code
2019-12-02 12:57:15   status:200
2019-12-02 12:57:15   data:{'session_key': 'l0e4oX8dF4ervjREzv+evg==', 'openid': 'oJfBH41Q13o00lX3pbhGAKUmThxA'}
2019-12-02 12:58:04   GET:https://api.weixin.qq.com/sns/jscode2session?appid=wxb10693ce301b0503&secret=fe966f7c89ba08eccd70060f2b3f9801&js_code=021wJdXH1QZLN00ldnXH1CR3XH1wJdXR&grant_type=authorization_code
2019-12-02 12:58:04   status:200
2019-12-02 12:58:04   data:{'session_key': 'l0e4oX8dF4ervjREzv+evg==', 'openid': 'oJfBH41Q13o00lX3pbhGAKUmThxA'}
2019-12-02 12:58:18   GET:https://api.weixin.qq.com/sns/jscode2session?appid=wxb10693ce301b0503&secret=fe966f7c89ba08eccd70060f2b3f9801&js_code=061OBIdc22ODOL0mgffc2dTBdc2OBIdR&grant_type=authorization_code
2019-12-02 12:58:18   status:200
2019-12-02 12:58:18   data:{'session_key': 'l0e4oX8dF4ervjREzv+evg==', 'openid': 'oJfBH41Q13o00lX3pbhGAKUmThxA'}
2019-12-02 13:00:26   GET:https://api.weixin.qq.com/sns/jscode2session?appid=wxb10693ce301b0503&secret=fe966f7c89ba08eccd70060f2b3f9801&js_code=081zMNTq1nHTjm0pvjSq1pf0Uq1zMNTk&grant_type=authorization_code
2019-12-02 13:00:26   status:200
2019-12-02 13:00:26   data:{'session_key': 'ZoEXOLI0Bg8SCzgaYV82XQ==', 'openid': 'oJfBH41Q13o00lX3pbhGAKUmThxA'}
2019-12-02 13:07:10   GET:https://api.weixin.qq.com/sns/jscode2session?appid=wxb10693ce301b0503&secret=fe966f7c89ba08eccd70060f2b3f9801&js_code=06134qdn1j5P0q0v1odn1sVedn134qd4&grant_type=authorization_code
2019-12-02 13:07:10   status:200
2019-12-02 13:07:10   data:{'session_key': 'g+D7iPX+5LWFWV6EjZEzGg==', 'openid': 'oJfBH41Q13o00lX3pbhGAKUmThxA'}
2019-12-02 13:27:20   GET:https://api.weixin.qq.com/sns/jscode2session?appid=wxb10693ce301b0503&secret=fe966f7c89ba08eccd70060f2b3f9801&js_code=061rWIVS1l7c651VnIUS1XcTVS1rWIVB&grant_type=authorization_code
2019-12-02 13:27:20   status:200
2019-12-02 13:27:20   data:{'session_key': '5xipx8YkQ1qQlfWLFc4DcA==', 'openid': 'oJfBH41Q13o00lX3pbhGAKUmThxA'}
2019-12-02 13:39:26   ('data DoesNotExist',)
2019-12-02 13:39:26   GET:https://api.weixin.qq.com/sns/jscode2session?appid=wxb10693ce301b0503&secret=fe966f7c89ba08eccd70060f2b3f9801&js_code=021LGyrx0DrVib1mzzsx0n3prx0LGyrv&grant_type=authorization_code
2019-12-02 13:39:26   status:200
2019-12-02 13:39:26   data:{'session_key': 'QKtQx4mm9GJrwXcNyWtAWQ==', 'openid': 'oJfBH41Q13o00lX3pbhGAKUmThxA'}
2019-12-02 13:39:46   GET:https://api.weixin.qq.com/sns/jscode2session?appid=wxb10693ce301b0503&secret=fe966f7c89ba08eccd70060f2b3f9801&js_code=011aI55C0Eeyhh24dP4C0YV95C0aI55Q&grant_type=authorization_code
2019-12-02 13:39:46   status:200
2019-12-02 13:39:46   data:{'session_key': 'QKtQx4mm9GJrwXcNyWtAWQ==', 'openid': 'oJfBH41Q13o00lX3pbhGAKUmThxA'}
2019-12-02 13:39:52   GET:https://api.weixin.qq.com/sns/jscode2session?appid=wxb10693ce301b0503&secret=fe966f7c89ba08eccd70060f2b3f9801&js_code=001i35Bu1IyI5e0UtWzu12DRAu1i35BJ&grant_type=authorization_code
2019-12-02 13:39:52   status:200
2019-12-02 13:39:52   data:{'session_key': 'QKtQx4mm9GJrwXcNyWtAWQ==', 'openid': 'oJfBH41Q13o00lX3pbhGAKUmThxA'}
2019-12-02 13:48:47   GET:https://api.weixin.qq.com/sns/jscode2session?appid=wxb10693ce301b0503&secret=fe966f7c89ba08eccd70060f2b3f9801&js_code=021qhUGd23ALAF015LHd2gMPGd2qhUG-&grant_type=authorization_code
2019-12-02 13:48:48   status:200
2019-12-02 13:48:48   data:{'session_key': 'uy3qQw4DwZBIu6qFMuTFqw==', 'openid': 'oJfBH41Q13o00lX3pbhGAKUmThxA'}
2019-12-02 13:48:48   status:200
2019-12-02 13:48:48   data:{'session_key': 'uy3qQw4DwZBIu6qFMuTFqw==', 'openid': 'oJfBH41Q13o00lX3pbhGAKUmThxA'}
2019-12-02 13:49:19   GET:https://api.weixin.qq.com/sns/jscode2session?appid=wxb10693ce301b0503&secret=fe966f7c89ba08eccd70060f2b3f9801&js_code=061DlPxr0mMW4h1kuzAr00bQxr0DlPxW&grant_type=authorization_code
2019-12-02 13:49:20   status:200
2019-12-02 13:49:20   data:{'session_key': 'uy3qQw4DwZBIu6qFMuTFqw==', 'openid': 'oJfBH41Q13o00lX3pbhGAKUmThxA'}
2019-12-02 13:49:45   GET:https://api.weixin.qq.com/sns/jscode2session?appid=wxb10693ce301b0503&secret=fe966f7c89ba08eccd70060f2b3f9801&js_code=061DJS6U0u5igZ1dkX6U0BPS6U0DJS6g&grant_type=authorization_code
2019-12-02 13:49:45   status:200
2019-12-02 13:49:45   data:{'session_key': 'uy3qQw4DwZBIu6qFMuTFqw==', 'openid': 'oJfBH41Q13o00lX3pbhGAKUmThxA'}
2019-12-02 13:50:24   GET:https://api.weixin.qq.com/sns/jscode2session?appid=wxb10693ce301b0503&secret=fe966f7c89ba08eccd70060f2b3f9801&js_code=061kFvtC1WQtm60ZSvtC1VSFtC1kFvtb&grant_type=authorization_code
2019-12-02 13:50:24   status:200
2019-12-02 13:50:24   data:{'session_key': 'uy3qQw4DwZBIu6qFMuTFqw==', 'openid': 'oJfBH41Q13o00lX3pbhGAKUmThxA'}
2019-12-02 13:53:34   GET:https://api.weixin.qq.com/sns/jscode2session?appid=wxb10693ce301b0503&secret=fe966f7c89ba08eccd70060f2b3f9801&js_code=011WRQ381Ur5mL1Azd481vtQ381WRQ3-&grant_type=authorization_code
2019-12-02 13:53:34   status:200
2019-12-02 13:53:34   data:{'session_key': 'SR1xLl3Q0/g4LTtuVaE3/g==', 'openid': 'oJfBH41Q13o00lX3pbhGAKUmThxA'}
2019-12-02 13:54:49   GET:https://api.weixin.qq.com/sns/jscode2session?appid=wxb10693ce301b0503&secret=fe966f7c89ba08eccd70060f2b3f9801&js_code=021HMUj80IF8YE1w1Um800i9k80HMUjQ&grant_type=authorization_code
2019-12-02 13:54:49   status:200
2019-12-02 13:54:49   data:{'session_key': 'SR1xLl3Q0/g4LTtuVaE3/g==', 'openid': 'oJfBH41Q13o00lX3pbhGAKUmThxA'}
2019-12-02 13:54:59   GET:https://api.weixin.qq.com/sns/jscode2session?appid=wxb10693ce301b0503&secret=fe966f7c89ba08eccd70060f2b3f9801&js_code=001vyC1Q1i1uk31ABr0Q1wdB1Q1vyC1a&grant_type=authorization_code
2019-12-02 13:54:59   status:200
2019-12-02 13:54:59   data:{'session_key': 'SR1xLl3Q0/g4LTtuVaE3/g==', 'openid': 'oJfBH41Q13o00lX3pbhGAKUmThxA'}
2019-12-02 13:55:23   GET:https://api.weixin.qq.com/sns/jscode2session?appid=wxb10693ce301b0503&secret=fe966f7c89ba08eccd70060f2b3f9801&js_code=071k6x3i1tFZ6v0hXR3i1rWB3i1k6x32&grant_type=authorization_code
2019-12-02 13:55:23   status:200
2019-12-02 13:55:23   data:{'session_key': 'SR1xLl3Q0/g4LTtuVaE3/g==', 'openid': 'oJfBH41Q13o00lX3pbhGAKUmThxA'}
2019-12-02 13:55:33   GET:https://api.weixin.qq.com/sns/jscode2session?appid=wxb10693ce301b0503&secret=fe966f7c89ba08eccd70060f2b3f9801&js_code=001oX0Qe1dfMny05D1Pe14IjQe1oX0QU&grant_type=authorization_code
2019-12-02 13:55:33   status:200
2019-12-02 13:55:33   data:{'session_key': 'SR1xLl3Q0/g4LTtuVaE3/g==', 'openid': 'oJfBH41Q13o00lX3pbhGAKUmThxA'}
2019-12-02 13:55:45   GET:https://api.weixin.qq.com/sns/jscode2session?appid=wxb10693ce301b0503&secret=fe966f7c89ba08eccd70060f2b3f9801&js_code=021uQCxo0ZpNhk15gKwo0UWFxo0uQCxd&grant_type=authorization_code
2019-12-02 13:55:45   status:200
2019-12-02 13:55:45   data:{'session_key': 'G25y8coR56jrTVORMOnB9Q==', 'openid': 'oJfBH41Q13o00lX3pbhGAKUmThxA'}
2019-12-02 13:55:56   GET:https://api.weixin.qq.com/sns/jscode2session?appid=wxb10693ce301b0503&secret=fe966f7c89ba08eccd70060f2b3f9801&js_code=0715TAMO1v2mb913DyNO1BEDMO15TAMT&grant_type=authorization_code
2019-12-02 13:55:56   GET:https://api.weixin.qq.com/sns/jscode2session?appid=wxb10693ce301b0503&secret=fe966f7c89ba08eccd70060f2b3f9801&js_code=011az5iM08S0Bb2LsshM0N6niM0az5io&grant_type=authorization_code
2019-12-02 13:55:57   status:200
2019-12-02 13:55:57   data:{'session_key': 'G25y8coR56jrTVORMOnB9Q==', 'openid': 'oJfBH41Q13o00lX3pbhGAKUmThxA'}
2019-12-02 13:55:57   status:200
2019-12-02 13:55:57   data:{'session_key': 'G25y8coR56jrTVORMOnB9Q==', 'openid': 'oJfBH41Q13o00lX3pbhGAKUmThxA'}
2019-12-02 13:56:31   GET:https://api.weixin.qq.com/sns/jscode2session?appid=wxb10693ce301b0503&secret=fe966f7c89ba08eccd70060f2b3f9801&js_code=071pD8i21iJRdR1no3f21DQMh21pD8i1&grant_type=authorization_code
2019-12-02 13:56:31   GET:https://api.weixin.qq.com/sns/jscode2session?appid=wxb10693ce301b0503&secret=fe966f7c89ba08eccd70060f2b3f9801&js_code=021sh1LU1vJjJY0EZzJU1r02LU1sh1L7&grant_type=authorization_code
2019-12-02 13:56:31   status:200
2019-12-02 13:56:31   data:{'session_key': 'G25y8coR56jrTVORMOnB9Q==', 'openid': 'oJfBH41Q13o00lX3pbhGAKUmThxA'}
2019-12-02 13:56:31   status:200
2019-12-02 13:56:31   data:{'session_key': 'G25y8coR56jrTVORMOnB9Q==', 'openid': 'oJfBH41Q13o00lX3pbhGAKUmThxA'}
2019-12-02 13:56:56   GET:https://api.weixin.qq.com/sns/jscode2session?appid=wxb10693ce301b0503&secret=fe966f7c89ba08eccd70060f2b3f9801&js_code=0715yiqT12Ciu41MyNoT1jQ5qT15yiqG&grant_type=authorization_code
2019-12-02 13:56:56   status:200
2019-12-02 13:56:56   data:{'session_key': 'G25y8coR56jrTVORMOnB9Q==', 'openid': 'oJfBH41Q13o00lX3pbhGAKUmThxA'}
2019-12-02 13:58:05   GET:https://api.weixin.qq.com/sns/jscode2session?appid=wxb10693ce301b0503&secret=fe966f7c89ba08eccd70060f2b3f9801&js_code=071rceve20L5ZE0Zeawe2o4bve2rcevw&grant_type=authorization_code
2019-12-02 13:58:05   status:200
2019-12-02 13:58:05   data:{'session_key': 'PrKG1AR9TVq3tcuhJQi3NA==', 'openid': 'oJfBH41Q13o00lX3pbhGAKUmThxA'}
2019-12-02 13:58:37   GET:https://api.weixin.qq.com/sns/jscode2session?appid=wxb10693ce301b0503&secret=fe966f7c89ba08eccd70060f2b3f9801&js_code=011U2MMM1VihE61wUwOM1RCVMM1U2MMF&grant_type=authorization_code
2019-12-02 13:58:37   status:200
2019-12-02 13:58:37   data:{'session_key': 'PrKG1AR9TVq3tcuhJQi3NA==', 'openid': 'oJfBH41Q13o00lX3pbhGAKUmThxA'}
2019-12-02 13:59:54   GET:https://api.weixin.qq.com/sns/jscode2session?appid=wxb10693ce301b0503&secret=fe966f7c89ba08eccd70060f2b3f9801&js_code=081J1jNA0n56yi2q7CLA00LzNA0J1jNx&grant_type=authorization_code
2019-12-02 13:59:54   status:200
2019-12-02 13:59:54   data:{'session_key': 'PrKG1AR9TVq3tcuhJQi3NA==', 'openid': 'oJfBH41Q13o00lX3pbhGAKUmThxA'}
2019-12-02 14:00:40   GET:https://api.weixin.qq.com/sns/jscode2session?appid=wxb10693ce301b0503&secret=fe966f7c89ba08eccd70060f2b3f9801&js_code=081EhL3s0uUXHg1KWt2s0IHA3s0EhL3a&grant_type=authorization_code
2019-12-02 14:00:40   status:200
2019-12-02 14:00:40   data:{'session_key': '3d4+a8+Kvd/hgjtf2o5mUg==', 'openid': 'oJfBH41Q13o00lX3pbhGAKUmThxA'}
2019-12-02 14:01:11   GET:https://api.weixin.qq.com/sns/jscode2session?appid=wxb10693ce301b0503&secret=fe966f7c89ba08eccd70060f2b3f9801&js_code=0119Qj1o1oBz9p0CDG4o15Hm1o19Qj1B&grant_type=authorization_code
2019-12-02 14:01:12   status:200
2019-12-02 14:01:12   data:{'session_key': '3d4+a8+Kvd/hgjtf2o5mUg==', 'openid': 'oJfBH41Q13o00lX3pbhGAKUmThxA'}
2019-12-02 14:02:08   GET:https://api.weixin.qq.com/sns/jscode2session?appid=wxb10693ce301b0503&secret=fe966f7c89ba08eccd70060f2b3f9801&js_code=081617Nu04WqAi1ZvYJu0pa1Nu0617NA&grant_type=authorization_code
2019-12-02 14:02:09   status:200
2019-12-02 14:02:09   data:{'session_key': '3d4+a8+Kvd/hgjtf2o5mUg==', 'openid': 'oJfBH41Q13o00lX3pbhGAKUmThxA'}
2019-12-02 14:02:22   GET:https://api.weixin.qq.com/sns/jscode2session?appid=wxb10693ce301b0503&secret=fe966f7c89ba08eccd70060f2b3f9801&js_code=0612ajc70SXn7G1IPxd704M1c702ajcX&grant_type=authorization_code
2019-12-02 14:02:22   status:200
2019-12-02 14:02:22   data:{'session_key': '3d4+a8+Kvd/hgjtf2o5mUg==', 'openid': 'oJfBH41Q13o00lX3pbhGAKUmThxA'}
2019-12-02 14:03:15   GET:https://api.weixin.qq.com/sns/jscode2session?appid=wxb10693ce301b0503&secret=fe966f7c89ba08eccd70060f2b3f9801&js_code=021NsH4T0oDXc02nod6T0aFC4T0NsH4Q&grant_type=authorization_code
2019-12-02 14:03:15   status:200
2019-12-02 14:03:15   data:{'session_key': 'ktB4o35b2o5WaS1oxCxbAQ==', 'openid': 'oJfBH41Q13o00lX3pbhGAKUmThxA'}
2019-12-02 14:03:32   GET:https://api.weixin.qq.com/sns/jscode2session?appid=wxb10693ce301b0503&secret=fe966f7c89ba08eccd70060f2b3f9801&js_code=021eZqsc0GlyUA18FTqc0UHbsc0eZqsB&grant_type=authorization_code
2019-12-02 14:03:32   status:200
2019-12-02 14:03:32   data:{'session_key': 'ktB4o35b2o5WaS1oxCxbAQ==', 'openid': 'oJfBH41Q13o00lX3pbhGAKUmThxA'}
2019-12-02 14:05:33   ('data DoesNotExist',)
2019-12-02 14:05:33   ('ValidationError',)
2019-12-02 14:05:34   ('ValidationError',)
2019-12-02 15:42:45   GET:https://api.weixin.qq.com/sns/jscode2session?appid=wxb10693ce301b0503&secret=fe966f7c89ba08eccd70060f2b3f9801&js_code=021ElkYc0lvTfA1emSYc0bO5Yc0ElkYp&grant_type=authorization_code
2019-12-02 15:42:45   status:200
2019-12-02 15:42:45   data:{'session_key': 'b70Clt6yMRDhRrCHo55/MQ==', 'openid': 'oJfBH41Q13o00lX3pbhGAKUmThxA'}
2019-12-02 15:43:53   GET:https://api.weixin.qq.com/sns/jscode2session?appid=wxb10693ce301b0503&secret=fe966f7c89ba08eccd70060f2b3f9801&js_code=021skgZ22lOPZU0EFoY22D1iZ22skgZa&grant_type=authorization_code
2019-12-02 15:43:53   status:200
2019-12-02 15:43:53   data:{'session_key': '3CWusoMXAjBh3XRGCjUKeA==', 'openid': 'oJfBH41Q13o00lX3pbhGAKUmThxA'}
2019-12-02 15:44:42   GET:https://api.weixin.qq.com/sns/jscode2session?appid=wxb10693ce301b0503&secret=fe966f7c89ba08eccd70060f2b3f9801&js_code=061iQIN720UCCL0MziN72CAsN72iQINE&grant_type=authorization_code
2019-12-02 15:44:42   status:200
2019-12-02 15:44:42   data:{'session_key': '3CWusoMXAjBh3XRGCjUKeA==', 'openid': 'oJfBH41Q13o00lX3pbhGAKUmThxA'}
2019-12-02 15:44:50   GET:https://api.weixin.qq.com/sns/jscode2session?appid=wxb10693ce301b0503&secret=fe966f7c89ba08eccd70060f2b3f9801&js_code=021umGSt0SX2qj1Qv5Wt0YuESt0umGSJ&grant_type=authorization_code
2019-12-02 15:44:50   status:200
2019-12-02 15:44:50   data:{'session_key': '3CWusoMXAjBh3XRGCjUKeA==', 'openid': 'oJfBH41Q13o00lX3pbhGAKUmThxA'}
2019-12-02 15:45:12   ('data DoesNotExist',)
2019-12-02 15:45:12   GET:https://api.weixin.qq.com/sns/jscode2session?appid=wxb10693ce301b0503&secret=fe966f7c89ba08eccd70060f2b3f9801&js_code=061IaDxh1IKbHv0Sd6wh1z1Fxh1IaDxv&grant_type=authorization_code
2019-12-02 15:45:12   status:200
2019-12-02 15:45:12   data:{'session_key': '3CWusoMXAjBh3XRGCjUKeA==', 'openid': 'oJfBH41Q13o00lX3pbhGAKUmThxA'}
2019-12-02 15:45:19   GET:https://api.weixin.qq.com/sns/jscode2session?appid=wxb10693ce301b0503&secret=fe966f7c89ba08eccd70060f2b3f9801&js_code=021d7Q672IiwVQ0fFI572eYO672d7Q60&grant_type=authorization_code
2019-12-02 15:45:19   status:200
2019-12-02 15:45:19   data:{'session_key': '3CWusoMXAjBh3XRGCjUKeA==', 'openid': 'oJfBH41Q13o00lX3pbhGAKUmThxA'}
2019-12-02 15:45:30   GET:https://api.weixin.qq.com/sns/jscode2session?appid=wxb10693ce301b0503&secret=fe966f7c89ba08eccd70060f2b3f9801&js_code=071flsp22fMyyV09jmo226vlp22flsp9&grant_type=authorization_code
2019-12-02 15:45:30   status:200
2019-12-02 15:45:30   data:{'session_key': '3CWusoMXAjBh3XRGCjUKeA==', 'openid': 'oJfBH41Q13o00lX3pbhGAKUmThxA'}
2019-12-02 15:45:57   GET:https://api.weixin.qq.com/sns/jscode2session?appid=wxb10693ce301b0503&secret=fe966f7c89ba08eccd70060f2b3f9801&js_code=011jB5mJ0aluCe2WkgnJ0xpnmJ0jB5ms&grant_type=authorization_code
2019-12-02 15:45:57   status:200
2019-12-02 15:45:57   data:{'session_key': '+WblLMq0c8ualfPKvkVwWQ==', 'openid': 'oJfBH41Q13o00lX3pbhGAKUmThxA'}
2019-12-02 15:46:09   GET:https://api.weixin.qq.com/sns/jscode2session?appid=wxb10693ce301b0503&secret=fe966f7c89ba08eccd70060f2b3f9801&js_code=081FBrwH10nae10azfAH1XDIwH1FBrws&grant_type=authorization_code
2019-12-02 15:46:10   status:200
2019-12-02 15:46:10   data:{'session_key': '+WblLMq0c8ualfPKvkVwWQ==', 'openid': 'oJfBH41Q13o00lX3pbhGAKUmThxA'}
2019-12-02 16:06:05   ('data DoesNotExist',)
2019-12-02 16:06:05   ('ValidationError',)
2019-12-02 16:06:05   GET:https://api.weixin.qq.com/sns/jscode2session?appid=wxb10693ce301b0503&secret=fe966f7c89ba08eccd70060f2b3f9801&js_code=061ZUXVk023cms1vNEYk0Y84Wk0ZUXV5&grant_type=authorization_code
2019-12-02 16:06:05   status:200
2019-12-02 16:06:05   data:{'session_key': 'T96Ww/HMP7qH++xIohQkYg==', 'openid': 'oJfBH41Q13o00lX3pbhGAKUmThxA'}
2019-12-02 16:06:16   GET:https://api.weixin.qq.com/sns/jscode2session?appid=wxb10693ce301b0503&secret=fe966f7c89ba08eccd70060f2b3f9801&js_code=01124Skx1sZWYf0ZVQkx163Bkx124SkC&grant_type=authorization_code
2019-12-02 16:06:16   status:200
2019-12-02 16:06:16   data:{'session_key': 'T96Ww/HMP7qH++xIohQkYg==', 'openid': 'oJfBH41Q13o00lX3pbhGAKUmThxA'}
2019-12-02 16:23:46   GET:https://api.weixin.qq.com/sns/jscode2session?appid=wxb10693ce301b0503&secret=fe966f7c89ba08eccd70060f2b3f9801&js_code=081KfrG02KKtJS0fomI02uFAG02KfrGn&grant_type=authorization_code
2019-12-02 16:23:46   status:200
2019-12-02 16:23:46   data:{'session_key': 'BFjXyfjYQp6hBuPiG54rsQ==', 'openid': 'oJfBH41Q13o00lX3pbhGAKUmThxA'}
2019-12-02 16:25:30   ('data DoesNotExist',)
2019-12-02 16:25:30   GET:https://api.weixin.qq.com/sns/jscode2session?appid=wxb10693ce301b0503&secret=fe966f7c89ba08eccd70060f2b3f9801&js_code=081JjIN42DL7CO0rNWP42NWWN42JjINb&grant_type=authorization_code
2019-12-02 16:25:30   status:200
2019-12-02 16:25:30   data:{'session_key': 'BFjXyfjYQp6hBuPiG54rsQ==', 'openid': 'oJfBH41Q13o00lX3pbhGAKUmThxA'}
2019-12-02 16:25:39   GET:https://api.weixin.qq.com/sns/jscode2session?appid=wxb10693ce301b0503&secret=fe966f7c89ba08eccd70060f2b3f9801&js_code=011rrP8706s16G1nKS870L8U870rrP8k&grant_type=authorization_code
2019-12-02 16:25:39   status:200
2019-12-02 16:25:39   data:{'session_key': 'BFjXyfjYQp6hBuPiG54rsQ==', 'openid': 'oJfBH41Q13o00lX3pbhGAKUmThxA'}
2019-12-02 16:26:21   GET:https://api.weixin.qq.com/sns/jscode2session?appid=wxb10693ce301b0503&secret=fe966f7c89ba08eccd70060f2b3f9801&js_code=011qRBMb2zftcM0sOKMb2eFtMb2qRBMg&grant_type=authorization_code
2019-12-02 16:26:21   status:200
2019-12-02 16:26:21   data:{'session_key': 'KyzStNT1W7sxDBeHArPUtQ==', 'openid': 'oJfBH41Q13o00lX3pbhGAKUmThxA'}
2019-12-02 16:26:43   ('data DoesNotExist',)
2019-12-02 16:27:13   GET:https://api.weixin.qq.com/sns/jscode2session?appid=wxb10693ce301b0503&secret=fe966f7c89ba08eccd70060f2b3f9801&js_code=021kso5u0HfOij1jJo3u0sjh5u0kso5w&grant_type=authorization_code
2019-12-02 16:27:13   status:200
2019-12-02 16:27:13   data:{'session_key': 'KyzStNT1W7sxDBeHArPUtQ==', 'openid': 'oJfBH41Q13o00lX3pbhGAKUmThxA'}
2019-12-02 16:40:25   ('data DoesNotExist',)
2019-12-02 16:40:25   GET:https://api.weixin.qq.com/sns/jscode2session?appid=wxb10693ce301b0503&secret=fe966f7c89ba08eccd70060f2b3f9801&js_code=061XIHhJ1Qbm540w1EgJ1CsrhJ1XIHhs&grant_type=authorization_code
2019-12-02 16:40:25   status:200
2019-12-02 16:40:25   data:{'session_key': 'rnOolPNdYm2CPWY7kmbR0w==', 'openid': 'oJfBH41Q13o00lX3pbhGAKUmThxA'}
2019-12-02 16:40:44   GET:https://api.weixin.qq.com/sns/jscode2session?appid=wxb10693ce301b0503&secret=fe966f7c89ba08eccd70060f2b3f9801&js_code=071dmd8P1bT3I817FC7P1Gn08P1dmd8s&grant_type=authorization_code
2019-12-02 16:40:44   status:200
2019-12-02 16:40:44   data:{'session_key': 'rnOolPNdYm2CPWY7kmbR0w==', 'openid': 'oJfBH41Q13o00lX3pbhGAKUmThxA'}
2019-12-02 16:41:09   ('data DoesNotExist',)
2019-12-02 16:42:02   GET:https://api.weixin.qq.com/sns/jscode2session?appid=wxb10693ce301b0503&secret=fe966f7c89ba08eccd70060f2b3f9801&js_code=071OH7252YzxfO0KcK052Ufj252OH721&grant_type=authorization_code
2019-12-02 16:42:02   status:200
2019-12-02 16:42:02   data:{'session_key': 'rnOolPNdYm2CPWY7kmbR0w==', 'openid': 'oJfBH41Q13o00lX3pbhGAKUmThxA'}
2019-12-02 16:42:09   GET:https://api.weixin.qq.com/sns/jscode2session?appid=wxb10693ce301b0503&secret=fe966f7c89ba08eccd70060f2b3f9801&js_code=001uCpLY0SaBvU1RZ7NY0kllLY0uCpLk&grant_type=authorization_code
2019-12-02 16:42:09   status:200
2019-12-02 16:42:09   data:{'session_key': 'rnOolPNdYm2CPWY7kmbR0w==', 'openid': 'oJfBH41Q13o00lX3pbhGAKUmThxA'}
2019-12-02 16:47:13   GET:https://api.weixin.qq.com/sns/jscode2session?appid=wxb10693ce301b0503&secret=fe966f7c89ba08eccd70060f2b3f9801&js_code=001lvqg02q60aT0SxKh024Q4g02lvqg5&grant_type=authorization_code
2019-12-02 16:47:13   status:200
2019-12-02 16:47:13   data:{'session_key': 'Pft/MFlaiMDQ/DJdX4Wlcw==', 'openid': 'oJfBH41Q13o00lX3pbhGAKUmThxA'}
2019-12-02 16:47:23   ('data DoesNotExist',)
2019-12-02 16:47:23   GET:https://api.weixin.qq.com/sns/jscode2session?appid=wxb10693ce301b0503&secret=fe966f7c89ba08eccd70060f2b3f9801&js_code=071y8Wp30FWxKJ1umwq304Jhq30y8Wpv&grant_type=authorization_code
2019-12-02 16:47:23   status:200
2019-12-02 16:47:23   data:{'session_key': 'Pft/MFlaiMDQ/DJdX4Wlcw==', 'openid': 'oJfBH41Q13o00lX3pbhGAKUmThxA'}
2019-12-02 16:47:39   GET:https://api.weixin.qq.com/sns/jscode2session?appid=wxb10693ce301b0503&secret=fe966f7c89ba08eccd70060f2b3f9801&js_code=021xgwAZ1kflUT0NHbCZ15FuAZ1xgwAW&grant_type=authorization_code
2019-12-02 16:47:39   status:200
2019-12-02 16:47:39   data:{'session_key': 'Pft/MFlaiMDQ/DJdX4Wlcw==', 'openid': 'oJfBH41Q13o00lX3pbhGAKUmThxA'}
2019-12-02 16:48:50   GET:https://api.weixin.qq.com/sns/jscode2session?appid=wxb10693ce301b0503&secret=fe966f7c89ba08eccd70060f2b3f9801&js_code=061Mo4ZO1gHEQ81v731P1RB4ZO1Mo4Z-&grant_type=authorization_code
2019-12-02 16:48:50   status:200
2019-12-02 16:48:50   data:{'session_key': 'Pft/MFlaiMDQ/DJdX4Wlcw==', 'openid': 'oJfBH41Q13o00lX3pbhGAKUmThxA'}
2019-12-02 16:50:38   ('data DoesNotExist',)
2019-12-02 16:50:38   GET:https://api.weixin.qq.com/sns/jscode2session?appid=wxb10693ce301b0503&secret=fe966f7c89ba08eccd70060f2b3f9801&js_code=0010lbNp1ujvYi0PbCNp1qPqNp10lbNI&grant_type=authorization_code
2019-12-02 16:50:38   status:200
2019-12-02 16:50:38   data:{'session_key': 'K34xugFbWQGu4pU1uCbM6w==', 'openid': 'oJfBH41Q13o00lX3pbhGAKUmThxA'}
2019-12-02 16:50:51   GET:https://api.weixin.qq.com/sns/jscode2session?appid=wxb10693ce301b0503&secret=fe966f7c89ba08eccd70060f2b3f9801&js_code=081IYRJI0RHr6f2ObvLI0cvAJI0IYRJE&grant_type=authorization_code
2019-12-02 16:50:51   status:200
2019-12-02 16:50:51   data:{'session_key': 'K34xugFbWQGu4pU1uCbM6w==', 'openid': 'oJfBH41Q13o00lX3pbhGAKUmThxA'}
2019-12-02 16:51:17   GET:https://api.weixin.qq.com/sns/jscode2session?appid=wxb10693ce301b0503&secret=fe966f7c89ba08eccd70060f2b3f9801&js_code=071hSYiT12BuE41AsfjT1LVKiT1hSYix&grant_type=authorization_code
2019-12-02 16:51:17   status:200
2019-12-02 16:51:17   data:{'session_key': 'K34xugFbWQGu4pU1uCbM6w==', 'openid': 'oJfBH41Q13o00lX3pbhGAKUmThxA'}
2019-12-02 16:52:07   GET:https://api.weixin.qq.com/sns/jscode2session?appid=wxb10693ce301b0503&secret=fe966f7c89ba08eccd70060f2b3f9801&js_code=011jWBE92EGQMJ04M8G92D1rE92jWBEO&grant_type=authorization_code
2019-12-02 16:52:08   status:200
2019-12-02 16:52:08   data:{'session_key': 'K34xugFbWQGu4pU1uCbM6w==', 'openid': 'oJfBH41Q13o00lX3pbhGAKUmThxA'}
2019-12-02 16:52:35   ('data DoesNotExist',)
2019-12-02 16:53:01   ('data DoesNotExist',)
2019-12-02 16:53:01   GET:https://api.weixin.qq.com/sns/jscode2session?appid=wxb10693ce301b0503&secret=fe966f7c89ba08eccd70060f2b3f9801&js_code=001fbGdA0e5MWc1xG4dA0ulFdA0fbGdc&grant_type=authorization_code
2019-12-02 16:53:01   status:200
2019-12-02 16:53:01   data:{'session_key': 'xlAxaPMG2eZY9hdCSGsF9Q==', 'openid': 'oJfBH41Q13o00lX3pbhGAKUmThxA'}
2019-12-02 16:53:49   GET:https://api.weixin.qq.com/sns/jscode2session?appid=wxb10693ce301b0503&secret=fe966f7c89ba08eccd70060f2b3f9801&js_code=081YnD1H1ns8A10eOR2H12OE1H1YnD1G&grant_type=authorization_code
2019-12-02 16:53:49   status:200
2019-12-02 16:53:49   data:{'session_key': 'xlAxaPMG2eZY9hdCSGsF9Q==', 'openid': 'oJfBH41Q13o00lX3pbhGAKUmThxA'}
2019-12-02 16:54:15   ('data DoesNotExist',)
2019-12-02 16:54:42   GET:https://api.weixin.qq.com/sns/jscode2session?appid=wxb10693ce301b0503&secret=fe966f7c89ba08eccd70060f2b3f9801&js_code=011Fpqh42d4weP0TWIe42tWnh42Fpqh-&grant_type=authorization_code
2019-12-02 16:54:42   status:200
2019-12-02 16:54:42   data:{'session_key': 'xlAxaPMG2eZY9hdCSGsF9Q==', 'openid': 'oJfBH41Q13o00lX3pbhGAKUmThxA'}
2019-12-02 16:58:17   ('data DoesNotExist',)
2019-12-02 16:58:17   GET:https://api.weixin.qq.com/sns/jscode2session?appid=wxb10693ce301b0503&secret=fe966f7c89ba08eccd70060f2b3f9801&js_code=061CVa3R13lJm21Lqr2R1XK83R1CVa3g&grant_type=authorization_code
2019-12-02 16:58:17   status:200
2019-12-02 16:58:17   data:{'session_key': 'n0/qBuENtttVviiM5AV0tw==', 'openid': 'oJfBH41Q13o00lX3pbhGAKUmThxA'}
2019-12-02 16:59:08   ('data DoesNotExist',)
2019-12-02 16:59:13   ('data DoesNotExist',)
2019-12-02 17:00:35   GET:https://api.weixin.qq.com/sns/jscode2session?appid=wxb10693ce301b0503&secret=fe966f7c89ba08eccd70060f2b3f9801&js_code=011S9rJh2nSoGB0EZ9Kh2RMxJh2S9rJf&grant_type=authorization_code
2019-12-02 17:00:35   status:200
2019-12-02 17:00:35   data:{'session_key': 'OBFherNIwj+qM5Y/oJVhmA==', 'openid': 'oJfBH41Q13o00lX3pbhGAKUmThxA'}
2019-12-02 17:12:10   ('data DoesNotExist',)
2019-12-02 17:12:21   ('data DoesNotExist',)
2019-12-02 17:12:21   GET:https://api.weixin.qq.com/sns/jscode2session?appid=wxb10693ce301b0503&secret=fe966f7c89ba08eccd70060f2b3f9801&js_code=001Coj4A0drY4d1qz64A0ruf4A0Coj4s&grant_type=authorization_code
2019-12-02 17:12:21   status:200
2019-12-02 17:12:21   data:{'session_key': 'T385Qu97bBiBhzjyv4YhtA==', 'openid': 'oJfBH41Q13o00lX3pbhGAKUmThxA'}
2019-12-02 17:12:26   GET:https://api.weixin.qq.com/sns/jscode2session?appid=wxb10693ce301b0503&secret=fe966f7c89ba08eccd70060f2b3f9801&js_code=001upep41sFDCT1wGqm41Vg5p41upep4&grant_type=authorization_code
2019-12-02 17:12:27   status:200
2019-12-02 17:12:27   data:{'session_key': 'T385Qu97bBiBhzjyv4YhtA==', 'openid': 'oJfBH41Q13o00lX3pbhGAKUmThxA'}
2019-12-02 17:13:21   GET:https://api.weixin.qq.com/sns/jscode2session?appid=wxb10693ce301b0503&secret=fe966f7c89ba08eccd70060f2b3f9801&js_code=071fnGRj2GLh6E0yyjQj28RnRj2fnGRE&grant_type=authorization_code
2019-12-02 17:13:21   status:200
2019-12-02 17:13:21   data:{'session_key': 'T385Qu97bBiBhzjyv4YhtA==', 'openid': 'oJfBH41Q13o00lX3pbhGAKUmThxA'}
2019-12-02 17:13:42   ('data DoesNotExist',)
2019-12-02 17:13:49   ('data DoesNotExist',)
2019-12-02 17:13:49   GET:https://api.weixin.qq.com/sns/jscode2session?appid=wxb10693ce301b0503&secret=fe966f7c89ba08eccd70060f2b3f9801&js_code=021cQvAZ1X1lUT0UwXxZ14UzAZ1cQvAv&grant_type=authorization_code
2019-12-02 17:13:49   status:200
2019-12-02 17:13:49   data:{'session_key': 'T385Qu97bBiBhzjyv4YhtA==', 'openid': 'oJfBH41Q13o00lX3pbhGAKUmThxA'}
2019-12-02 17:14:02   GET:https://api.weixin.qq.com/sns/jscode2session?appid=wxb10693ce301b0503&secret=fe966f7c89ba08eccd70060f2b3f9801&js_code=011Cept22w0dlV0n9St22xrpt22Ceptp&grant_type=authorization_code
2019-12-02 17:14:02   status:200
2019-12-02 17:14:02   data:{'session_key': 'T385Qu97bBiBhzjyv4YhtA==', 'openid': 'oJfBH41Q13o00lX3pbhGAKUmThxA'}
2019-12-02 17:14:33   GET:https://api.weixin.qq.com/sns/jscode2session?appid=wxb10693ce301b0503&secret=fe966f7c89ba08eccd70060f2b3f9801&js_code=0612CnTa2V7O0N0v9yPa2NukTa22CnTk&grant_type=authorization_code
2019-12-02 17:14:34   status:200
2019-12-02 17:14:34   data:{'session_key': 'iCGfKpn0MWHO0bjO8iON9w==', 'openid': 'oJfBH41Q13o00lX3pbhGAKUmThxA'}
2019-12-02 17:14:57   ('data DoesNotExist',)
2019-12-02 17:15:17   ('data DoesNotExist',)
2019-12-02 17:15:17   GET:https://api.weixin.qq.com/sns/jscode2session?appid=wxb10693ce301b0503&secret=fe966f7c89ba08eccd70060f2b3f9801&js_code=071JIIcU0uri4Z1AqYcU0q26dU0JIIch&grant_type=authorization_code
2019-12-02 17:15:17   status:200
2019-12-02 17:15:17   data:{'session_key': 'iCGfKpn0MWHO0bjO8iON9w==', 'openid': 'oJfBH41Q13o00lX3pbhGAKUmThxA'}
2019-12-02 17:15:33   GET:https://api.weixin.qq.com/sns/jscode2session?appid=wxb10693ce301b0503&secret=fe966f7c89ba08eccd70060f2b3f9801&js_code=021yRGMs1RUWvk0UFvPs1iymMs1yRGMF&grant_type=authorization_code
2019-12-02 17:15:33   status:200
2019-12-02 17:15:33   data:{'session_key': 'iCGfKpn0MWHO0bjO8iON9w==', 'openid': 'oJfBH41Q13o00lX3pbhGAKUmThxA'}
2019-12-02 17:16:28   GET:https://api.weixin.qq.com/sns/jscode2session?appid=wxb10693ce301b0503&secret=fe966f7c89ba08eccd70060f2b3f9801&js_code=0617T2y50hCo5D1vuiy50OR0y507T2yG&grant_type=authorization_code
2019-12-02 17:16:28   status:200
2019-12-02 17:16:28   data:{'session_key': 'iCGfKpn0MWHO0bjO8iON9w==', 'openid': 'oJfBH41Q13o00lX3pbhGAKUmThxA'}
2019-12-02 17:16:50   ('data DoesNotExist',)
2019-12-02 17:16:58   ('data DoesNotExist',)
2019-12-02 17:16:58   GET:https://api.weixin.qq.com/sns/jscode2session?appid=wxb10693ce301b0503&secret=fe966f7c89ba08eccd70060f2b3f9801&js_code=001BJQTG03pArc2c1kUG0AA9UG0BJQTU&grant_type=authorization_code
2019-12-02 17:16:58   status:200
2019-12-02 17:16:58   data:{'session_key': 'Bfpj+Sj7k6r4GO1j53DC4g==', 'openid': 'oJfBH41Q13o00lX3pbhGAKUmThxA'}
2019-12-02 17:17:20   GET:https://api.weixin.qq.com/sns/jscode2session?appid=wxb10693ce301b0503&secret=fe966f7c89ba08eccd70060f2b3f9801&js_code=061sbqTP1QdFt31AdnSP1ghoTP1sbqTo&grant_type=authorization_code
2019-12-02 17:17:20   status:200
2019-12-02 17:17:20   data:{'session_key': 'Bfpj+Sj7k6r4GO1j53DC4g==', 'openid': 'oJfBH41Q13o00lX3pbhGAKUmThxA'}
2019-12-02 17:18:05   GET:https://api.weixin.qq.com/sns/jscode2session?appid=wxb10693ce301b0503&secret=fe966f7c89ba08eccd70060f2b3f9801&js_code=081plXnh1uUSjr0CQJnh1ec6oh1plXnf&grant_type=authorization_code
2019-12-02 17:18:05   status:200
2019-12-02 17:18:05   data:{'session_key': 'Bfpj+Sj7k6r4GO1j53DC4g==', 'openid': 'oJfBH41Q13o00lX3pbhGAKUmThxA'}
2019-12-02 17:18:24   ('data DoesNotExist',)
2019-12-02 17:18:31   ('data DoesNotExist',)
2019-12-02 17:18:31   GET:https://api.weixin.qq.com/sns/jscode2session?appid=wxb10693ce301b0503&secret=fe966f7c89ba08eccd70060f2b3f9801&js_code=061leVRi0Sm6Yp1DAaPi07KXRi0leVRd&grant_type=authorization_code
2019-12-02 17:18:31   status:200
2019-12-02 17:18:31   data:{'session_key': 'Bfpj+Sj7k6r4GO1j53DC4g==', 'openid': 'oJfBH41Q13o00lX3pbhGAKUmThxA'}
2019-12-02 17:18:47   GET:https://api.weixin.qq.com/sns/jscode2session?appid=wxb10693ce301b0503&secret=fe966f7c89ba08eccd70060f2b3f9801&js_code=011ABSNA13DYlc0biMOA191zNA1ABSNl&grant_type=authorization_code
2019-12-02 17:18:48   status:200
2019-12-02 17:18:48   data:{'session_key': 'Bfpj+Sj7k6r4GO1j53DC4g==', 'openid': 'oJfBH41Q13o00lX3pbhGAKUmThxA'}
2019-12-02 17:18:56   GET:https://api.weixin.qq.com/sns/jscode2session?appid=wxb10693ce301b0503&secret=fe966f7c89ba08eccd70060f2b3f9801&js_code=011q18TL1q3js71PnpSL1dp5TL1q18TL&grant_type=authorization_code
2019-12-02 17:18:57   status:200
2019-12-02 17:18:57   data:{'session_key': 'Bfpj+Sj7k6r4GO1j53DC4g==', 'openid': 'oJfBH41Q13o00lX3pbhGAKUmThxA'}
2019-12-02 17:19:32   GET:https://api.weixin.qq.com/sns/jscode2session?appid=wxb10693ce301b0503&secret=fe966f7c89ba08eccd70060f2b3f9801&js_code=011TVb9M0hY7Hb2A55aM0Gd49M0TVb92&grant_type=authorization_code
2019-12-02 17:19:32   status:200
2019-12-02 17:19:32   data:{'session_key': 'Zmrr9yIx2fzciuRttIxtXg==', 'openid': 'oJfBH41Q13o00lX3pbhGAKUmThxA'}
2019-12-02 17:19:50   ('data DoesNotExist',)
2019-12-02 17:20:04   ('data DoesNotExist',)
2019-12-02 17:20:04   GET:https://api.weixin.qq.com/sns/jscode2session?appid=wxb10693ce301b0503&secret=fe966f7c89ba08eccd70060f2b3f9801&js_code=081MQ2Id2Qw0EF0QSjGd2ri4Id2MQ2I9&grant_type=authorization_code
2019-12-02 17:20:04   status:200
2019-12-02 17:20:04   data:{'session_key': 'Zmrr9yIx2fzciuRttIxtXg==', 'openid': 'oJfBH41Q13o00lX3pbhGAKUmThxA'}
2019-12-02 17:20:32   GET:https://api.weixin.qq.com/sns/jscode2session?appid=wxb10693ce301b0503&secret=fe966f7c89ba08eccd70060f2b3f9801&js_code=071LogeF1XY91802rneF1FNZdF1Logeo&grant_type=authorization_code
2019-12-02 17:20:32   status:200
2019-12-02 17:20:32   data:{'session_key': 'Zmrr9yIx2fzciuRttIxtXg==', 'openid': 'oJfBH41Q13o00lX3pbhGAKUmThxA'}
2019-12-02 17:20:58   GET:https://api.weixin.qq.com/sns/jscode2session?appid=wxb10693ce301b0503&secret=fe966f7c89ba08eccd70060f2b3f9801&js_code=061egqfc12Himw0HrBfc1ySgfc1egqfI&grant_type=authorization_code
2019-12-02 17:20:58   status:200
2019-12-02 17:20:58   data:{'session_key': 'Zmrr9yIx2fzciuRttIxtXg==', 'openid': 'oJfBH41Q13o00lX3pbhGAKUmThxA'}
2019-12-02 17:21:10   ('data DoesNotExist',)
2019-12-02 17:21:26   ('data DoesNotExist',)
2019-12-02 17:21:27   GET:https://api.weixin.qq.com/sns/jscode2session?appid=wxb10693ce301b0503&secret=fe966f7c89ba08eccd70060f2b3f9801&js_code=071Uuwb22m4JEV02V1e22pxIb22Uuwb2&grant_type=authorization_code
2019-12-02 17:21:27   status:200
2019-12-02 17:21:27   data:{'session_key': 'Zmrr9yIx2fzciuRttIxtXg==', 'openid': 'oJfBH41Q13o00lX3pbhGAKUmThxA'}
2019-12-02 17:21:36   GET:https://api.weixin.qq.com/sns/jscode2session?appid=wxb10693ce301b0503&secret=fe966f7c89ba08eccd70060f2b3f9801&js_code=0612obYr1O6Sol0UUoXr1sSfYr12obYt&grant_type=authorization_code
2019-12-02 17:21:36   status:200
2019-12-02 17:21:36   data:{'session_key': 'M2hyueoEcow0HMii+G+6ZA==', 'openid': 'oJfBH41Q13o00lX3pbhGAKUmThxA'}
2019-12-02 17:22:08   GET:https://api.weixin.qq.com/sns/jscode2session?appid=wxb10693ce301b0503&secret=fe966f7c89ba08eccd70060f2b3f9801&js_code=081093Cm0u6OCq1811Am0AXbCm0093Cw&grant_type=authorization_code
2019-12-02 17:22:08   status:200
2019-12-02 17:22:08   data:{'session_key': 'M2hyueoEcow0HMii+G+6ZA==', 'openid': 'oJfBH41Q13o00lX3pbhGAKUmThxA'}
2019-12-02 17:22:24   ('data DoesNotExist',)
2019-12-02 17:22:30   ('data DoesNotExist',)
2019-12-02 17:22:30   GET:https://api.weixin.qq.com/sns/jscode2session?appid=wxb10693ce301b0503&secret=fe966f7c89ba08eccd70060f2b3f9801&js_code=0115RtsI11qTa00dICsI12ZEsI15RtsP&grant_type=authorization_code
2019-12-02 17:22:30   status:200
2019-12-02 17:22:30   data:{'session_key': 'M2hyueoEcow0HMii+G+6ZA==', 'openid': 'oJfBH41Q13o00lX3pbhGAKUmThxA'}
2019-12-02 17:22:39   GET:https://api.weixin.qq.com/sns/jscode2session?appid=wxb10693ce301b0503&secret=fe966f7c89ba08eccd70060f2b3f9801&js_code=071rOvlq0G5FWm1XBPnq0sNFlq0rOvlr&grant_type=authorization_code
2019-12-02 17:22:39   status:200
2019-12-02 17:22:39   data:{'session_key': 'M2hyueoEcow0HMii+G+6ZA==', 'openid': 'oJfBH41Q13o00lX3pbhGAKUmThxA'}
2019-12-02 17:22:53   GET:https://api.weixin.qq.com/sns/jscode2session?appid=wxb10693ce301b0503&secret=fe966f7c89ba08eccd70060f2b3f9801&js_code=011OYPtS0ZXBz52CL7tS05kOtS0OYPtr&grant_type=authorization_code
2019-12-02 17:22:53   status:200
2019-12-02 17:22:53   data:{'session_key': 'M2hyueoEcow0HMii+G+6ZA==', 'openid': 'oJfBH41Q13o00lX3pbhGAKUmThxA'}
2019-12-02 17:23:28   GET:https://api.weixin.qq.com/sns/jscode2session?appid=wxb10693ce301b0503&secret=fe966f7c89ba08eccd70060f2b3f9801&js_code=011wtCcd1w9S9A0IN4dd1J6Ncd1wtCcR&grant_type=authorization_code
2019-12-02 17:23:28   status:200
2019-12-02 17:23:28   data:{'session_key': 'M2hyueoEcow0HMii+G+6ZA==', 'openid': 'oJfBH41Q13o00lX3pbhGAKUmThxA'}
2019-12-02 17:24:14   ('data DoesNotExist',)
2019-12-02 17:25:01   GET:https://api.weixin.qq.com/sns/jscode2session?appid=wxb10693ce301b0503&secret=fe966f7c89ba08eccd70060f2b3f9801&js_code=021J2CEc1d2bXv0PXyIc1L1HEc1J2CEf&grant_type=authorization_code
2019-12-02 17:25:01   status:200
2019-12-02 17:25:01   data:{'session_key': 'DZCgFOdXWe9OA0Bc56un+A==', 'openid': 'oJfBH41Q13o00lX3pbhGAKUmThxA'}
2019-12-02 17:25:07   GET:https://api.weixin.qq.com/sns/jscode2session?appid=wxb10693ce301b0503&secret=fe966f7c89ba08eccd70060f2b3f9801&js_code=0211n6sg08Q0Vw1PzDrg0Xs8sg01n6sR&grant_type=authorization_code
2019-12-02 17:25:08   status:200
2019-12-02 17:25:08   data:{'session_key': 'DZCgFOdXWe9OA0Bc56un+A==', 'openid': 'oJfBH41Q13o00lX3pbhGAKUmThxA'}
2019-12-02 17:25:12   ('data DoesNotExist',)
2019-12-02 17:25:13   GET:https://api.weixin.qq.com/sns/jscode2session?appid=wxb10693ce301b0503&secret=fe966f7c89ba08eccd70060f2b3f9801&js_code=061wDiMd18fKAz03opJd1dD6Md1wDiMx&grant_type=authorization_code
2019-12-02 17:25:13   status:200
2019-12-02 17:25:13   data:{'session_key': 'DZCgFOdXWe9OA0Bc56un+A==', 'openid': 'oJfBH41Q13o00lX3pbhGAKUmThxA'}
2019-12-02 17:25:34   GET:https://api.weixin.qq.com/sns/jscode2session?appid=wxb10693ce301b0503&secret=fe966f7c89ba08eccd70060f2b3f9801&js_code=071C019r00uK4m1iGB9r0urh9r0C0196&grant_type=authorization_code
2019-12-02 17:25:34   status:200
2019-12-02 17:25:34   data:{'session_key': 'DZCgFOdXWe9OA0Bc56un+A==', 'openid': 'oJfBH41Q13o00lX3pbhGAKUmThxA'}
2019-12-02 17:25:51   ('data DoesNotExist',)
2019-12-02 17:25:51   GET:https://api.weixin.qq.com/sns/jscode2session?appid=wxb10693ce301b0503&secret=fe966f7c89ba08eccd70060f2b3f9801&js_code=001rHm612ctKNW0dRG512a7p612rHm67&grant_type=authorization_code
2019-12-02 17:25:51   status:200
2019-12-02 17:25:51   data:{'session_key': 'DZCgFOdXWe9OA0Bc56un+A==', 'openid': 'oJfBH41Q13o00lX3pbhGAKUmThxA'}
2019-12-02 17:26:05   GET:https://api.weixin.qq.com/sns/jscode2session?appid=wxb10693ce301b0503&secret=fe966f7c89ba08eccd70060f2b3f9801&js_code=0613mRmZ1gtOVT0DX2mZ1k3OmZ13mRmk&grant_type=authorization_code
2019-12-02 17:26:05   status:200
2019-12-02 17:26:05   data:{'session_key': 'DZCgFOdXWe9OA0Bc56un+A==', 'openid': 'oJfBH41Q13o00lX3pbhGAKUmThxA'}
2019-12-02 17:26:40   GET:https://api.weixin.qq.com/sns/jscode2session?appid=wxb10693ce301b0503&secret=fe966f7c89ba08eccd70060f2b3f9801&js_code=021tgDxS1v93h511VUxS1dhWxS1tgDxx&grant_type=authorization_code
2019-12-02 17:26:40   status:200
2019-12-02 17:26:40   data:{'session_key': 'DZCgFOdXWe9OA0Bc56un+A==', 'openid': 'oJfBH41Q13o00lX3pbhGAKUmThxA'}
2019-12-02 17:27:17   GET:https://api.weixin.qq.com/sns/jscode2session?appid=wxb10693ce301b0503&secret=fe966f7c89ba08eccd70060f2b3f9801&js_code=001o2Vfe0YQmru11ekce0Fz6ge0o2Vf3&grant_type=authorization_code
2019-12-02 17:27:17   status:200
2019-12-02 17:27:17   data:{'session_key': '8cHMQSLUXSaFruBqCrNvQQ==', 'openid': 'oJfBH41Q13o00lX3pbhGAKUmThxA'}
2019-12-02 17:27:27   GET:https://api.weixin.qq.com/sns/jscode2session?appid=wxb10693ce301b0503&secret=fe966f7c89ba08eccd70060f2b3f9801&js_code=061hkDJ10yKNTG1xR9J10z7uJ10hkDJm&grant_type=authorization_code
2019-12-02 17:27:27   status:200
2019-12-02 17:27:27   data:{'session_key': '8cHMQSLUXSaFruBqCrNvQQ==', 'openid': 'oJfBH41Q13o00lX3pbhGAKUmThxA'}
2019-12-02 17:27:41   ('data DoesNotExist',)
2019-12-02 17:27:41   GET:https://api.weixin.qq.com/sns/jscode2session?appid=wxb10693ce301b0503&secret=fe966f7c89ba08eccd70060f2b3f9801&js_code=021nimY10OqCQG1DJmV10djkY10nimYf&grant_type=authorization_code
2019-12-02 17:27:42   status:200
2019-12-02 17:27:42   data:{'session_key': '8cHMQSLUXSaFruBqCrNvQQ==', 'openid': 'oJfBH41Q13o00lX3pbhGAKUmThxA'}
2019-12-02 17:28:53   GET:https://api.weixin.qq.com/sns/jscode2session?appid=wxb10693ce301b0503&secret=fe966f7c89ba08eccd70060f2b3f9801&js_code=0211w2IT1KxYa41TmCHT1XO5IT11w2IS&grant_type=authorization_code
2019-12-02 17:28:53   status:200
2019-12-02 17:28:53   data:{'session_key': '8cHMQSLUXSaFruBqCrNvQQ==', 'openid': 'oJfBH41Q13o00lX3pbhGAKUmThxA'}
2019-12-02 17:30:23   ('data DoesNotExist',)
2019-12-02 17:30:32   ('data DoesNotExist',)
2019-12-02 17:30:32   GET:https://api.weixin.qq.com/sns/jscode2session?appid=wxb10693ce301b0503&secret=fe966f7c89ba08eccd70060f2b3f9801&js_code=011rhoSh1DjEuv0MuvSh1Mu9Sh1rhoSi&grant_type=authorization_code
2019-12-02 17:30:32   status:200
2019-12-02 17:30:32   data:{'session_key': 'giVVV5UaRQYDN4PP3SICHQ==', 'openid': 'oJfBH41Q13o00lX3pbhGAKUmThxA'}
2019-12-02 17:30:50   GET:https://api.weixin.qq.com/sns/jscode2session?appid=wxb10693ce301b0503&secret=fe966f7c89ba08eccd70060f2b3f9801&js_code=0710ZiuM1yZLS61RuDqM1dN6uM10Ziuu&grant_type=authorization_code
2019-12-02 17:30:51   status:200
2019-12-02 17:30:51   data:{'session_key': 'giVVV5UaRQYDN4PP3SICHQ==', 'openid': 'oJfBH41Q13o00lX3pbhGAKUmThxA'}
2019-12-02 17:30:58   GET:https://api.weixin.qq.com/sns/jscode2session?appid=wxb10693ce301b0503&secret=fe966f7c89ba08eccd70060f2b3f9801&js_code=071VKhs52rckmS0ycEs52Yevs52VKhsu&grant_type=authorization_code
2019-12-02 17:30:58   status:200
2019-12-02 17:30:58   data:{'session_key': 'giVVV5UaRQYDN4PP3SICHQ==', 'openid': 'oJfBH41Q13o00lX3pbhGAKUmThxA'}
2019-12-02 17:31:21   GET:https://api.weixin.qq.com/sns/jscode2session?appid=wxb10693ce301b0503&secret=fe966f7c89ba08eccd70060f2b3f9801&js_code=001MCOKI0Xjm9f2giCLI0yjQKI0MCOKA&grant_type=authorization_code
2019-12-02 17:31:21   status:200
2019-12-02 17:31:21   data:{'session_key': 'giVVV5UaRQYDN4PP3SICHQ==', 'openid': 'oJfBH41Q13o00lX3pbhGAKUmThxA'}
2019-12-02 17:31:27   GET:https://api.weixin.qq.com/sns/jscode2session?appid=wxb10693ce301b0503&secret=fe966f7c89ba08eccd70060f2b3f9801&js_code=001cuTEj0OoG5p1ShlIj0hN8Fj0cuTEf&grant_type=authorization_code
2019-12-02 17:31:27   status:200
2019-12-02 17:31:27   data:{'session_key': 'giVVV5UaRQYDN4PP3SICHQ==', 'openid': 'oJfBH41Q13o00lX3pbhGAKUmThxA'}
2019-12-02 17:31:32   GET:https://api.weixin.qq.com/sns/jscode2session?appid=wxb10693ce301b0503&secret=fe966f7c89ba08eccd70060f2b3f9801&js_code=0014jZ9s0qqKwg1FHz6s0KTT9s04jZ92&grant_type=authorization_code
2019-12-02 17:31:32   status:200
2019-12-02 17:31:32   data:{'session_key': 'giVVV5UaRQYDN4PP3SICHQ==', 'openid': 'oJfBH41Q13o00lX3pbhGAKUmThxA'}
2019-12-02 17:32:45   GET:https://api.weixin.qq.com/sns/jscode2session?appid=wxb10693ce301b0503&secret=fe966f7c89ba08eccd70060f2b3f9801&js_code=021hcgkA1ggR2d0BkMjA1zTakA1hcgkz&grant_type=authorization_code
2019-12-02 17:32:46   status:200
2019-12-02 17:32:46   data:{'session_key': '5Xg8heaELKvaTC+Kzqsv9Q==', 'openid': 'oJfBH41Q13o00lX3pbhGAKUmThxA'}
2019-12-02 17:33:09   ('data DoesNotExist',)
2019-12-02 17:33:17   ('data DoesNotExist',)
2019-12-02 17:33:17   GET:https://api.weixin.qq.com/sns/jscode2session?appid=wxb10693ce301b0503&secret=fe966f7c89ba08eccd70060f2b3f9801&js_code=021shFsf2TKOuI06djuf24xIsf2shFs0&grant_type=authorization_code
2019-12-02 17:33:18   status:200
2019-12-02 17:33:18   data:{'session_key': '5Xg8heaELKvaTC+Kzqsv9Q==', 'openid': 'oJfBH41Q13o00lX3pbhGAKUmThxA'}
2019-12-02 17:33:24   GET:https://api.weixin.qq.com/sns/jscode2session?appid=wxb10693ce301b0503&secret=fe966f7c89ba08eccd70060f2b3f9801&js_code=011QW9fk26P0FD0XjCgk2o80fk2QW9fw&grant_type=authorization_code
2019-12-02 17:33:24   status:200
2019-12-02 17:33:24   data:{'session_key': '5Xg8heaELKvaTC+Kzqsv9Q==', 'openid': 'oJfBH41Q13o00lX3pbhGAKUmThxA'}
2019-12-02 17:33:36   GET:https://api.weixin.qq.com/sns/jscode2session?appid=wxb10693ce301b0503&secret=fe966f7c89ba08eccd70060f2b3f9801&js_code=081qdOth1sSyFv0HTIuh1eIVth1qdOtC&grant_type=authorization_code
2019-12-02 17:33:36   status:200
2019-12-02 17:33:36   data:{'session_key': '5Xg8heaELKvaTC+Kzqsv9Q==', 'openid': 'oJfBH41Q13o00lX3pbhGAKUmThxA'}
2019-12-02 17:33:56   GET:https://api.weixin.qq.com/sns/jscode2session?appid=wxb10693ce301b0503&secret=fe966f7c89ba08eccd70060f2b3f9801&js_code=081Ne7YL1DDhx71bjBYL1fipYL1Ne7Ya&grant_type=authorization_code
2019-12-02 17:33:56   status:200
2019-12-02 17:33:56   data:{'session_key': '5Xg8heaELKvaTC+Kzqsv9Q==', 'openid': 'oJfBH41Q13o00lX3pbhGAKUmThxA'}
2019-12-02 17:34:10   ('data DoesNotExist',)
2019-12-02 17:35:12   ('data DoesNotExist',)
2019-12-02 17:35:12   GET:https://api.weixin.qq.com/sns/jscode2session?appid=wxb10693ce301b0503&secret=fe966f7c89ba08eccd70060f2b3f9801&js_code=071jAMgg0Xaj1x1Csxig0r9Fgg0jAMgW&grant_type=authorization_code
2019-12-02 17:35:13   status:200
2019-12-02 17:35:13   data:{'session_key': 'VlIQFNJ5qK/RT+lxQIHJZw==', 'openid': 'oJfBH41Q13o00lX3pbhGAKUmThxA'}
2019-12-02 17:35:19   GET:https://api.weixin.qq.com/sns/jscode2session?appid=wxb10693ce301b0503&secret=fe966f7c89ba08eccd70060f2b3f9801&js_code=021K8rn81iDM6L1eWhk81esJn81K8rnt&grant_type=authorization_code
2019-12-02 17:35:19   status:200
2019-12-02 17:35:19   data:{'session_key': 'VlIQFNJ5qK/RT+lxQIHJZw==', 'openid': 'oJfBH41Q13o00lX3pbhGAKUmThxA'}
2019-12-02 17:35:26   GET:https://api.weixin.qq.com/sns/jscode2session?appid=wxb10693ce301b0503&secret=fe966f7c89ba08eccd70060f2b3f9801&js_code=081gCzTz0uyttd1jOySz01kDTz0gCzTo&grant_type=authorization_code
2019-12-02 17:35:26   status:200
2019-12-02 17:35:26   data:{'session_key': 'VlIQFNJ5qK/RT+lxQIHJZw==', 'openid': 'oJfBH41Q13o00lX3pbhGAKUmThxA'}
2019-12-02 17:35:36   GET:https://api.weixin.qq.com/sns/jscode2session?appid=wxb10693ce301b0503&secret=fe966f7c89ba08eccd70060f2b3f9801&js_code=071Nonta1XN1uN102vwa1z0tta1Nontq&grant_type=authorization_code
2019-12-02 17:35:36   status:200
2019-12-02 17:35:36   data:{'session_key': 'VlIQFNJ5qK/RT+lxQIHJZw==', 'openid': 'oJfBH41Q13o00lX3pbhGAKUmThxA'}
2019-12-02 17:35:55   GET:https://api.weixin.qq.com/sns/jscode2session?appid=wxb10693ce301b0503&secret=fe966f7c89ba08eccd70060f2b3f9801&js_code=061fn7u01K2ToX1qd1s01l39u01fn7uS&grant_type=authorization_code
2019-12-02 17:35:55   status:200
2019-12-02 17:35:55   data:{'session_key': 'VlIQFNJ5qK/RT+lxQIHJZw==', 'openid': 'oJfBH41Q13o00lX3pbhGAKUmThxA'}
2019-12-02 17:36:03   ('data DoesNotExist',)
2019-12-02 17:36:12   ('data DoesNotExist',)
2019-12-02 17:36:12   GET:https://api.weixin.qq.com/sns/jscode2session?appid=wxb10693ce301b0503&secret=fe966f7c89ba08eccd70060f2b3f9801&js_code=021PXlW9018ZFy1RizZ908hvW90PXlWP&grant_type=authorization_code
2019-12-02 17:36:12   status:200
2019-12-02 17:36:12   data:{'session_key': 'VlIQFNJ5qK/RT+lxQIHJZw==', 'openid': 'oJfBH41Q13o00lX3pbhGAKUmThxA'}
2019-12-02 17:36:20   GET:https://api.weixin.qq.com/sns/jscode2session?appid=wxb10693ce301b0503&secret=fe966f7c89ba08eccd70060f2b3f9801&js_code=061Tx0RV0Vwo6224fHRV0mD4RV0Tx0RW&grant_type=authorization_code
2019-12-02 17:36:20   status:200
2019-12-02 17:36:20   data:{'session_key': 'VlIQFNJ5qK/RT+lxQIHJZw==', 'openid': 'oJfBH41Q13o00lX3pbhGAKUmThxA'}
2019-12-02 17:36:29   GET:https://api.weixin.qq.com/sns/jscode2session?appid=wxb10693ce301b0503&secret=fe966f7c89ba08eccd70060f2b3f9801&js_code=001AOc320fl0EG1PcC2203sA320AOc3Y&grant_type=authorization_code
2019-12-02 17:36:29   status:200
2019-12-02 17:36:29   data:{'session_key': 'VlIQFNJ5qK/RT+lxQIHJZw==', 'openid': 'oJfBH41Q13o00lX3pbhGAKUmThxA'}
2019-12-02 17:36:36   GET:https://api.weixin.qq.com/sns/jscode2session?appid=wxb10693ce301b0503&secret=fe966f7c89ba08eccd70060f2b3f9801&js_code=06187Jm22Al0yV0fk7k22RlAm2287Jm-&grant_type=authorization_code
2019-12-02 17:36:36   status:200
2019-12-02 17:36:36   data:{'session_key': 'VlIQFNJ5qK/RT+lxQIHJZw==', 'openid': 'oJfBH41Q13o00lX3pbhGAKUmThxA'}
2019-12-02 17:36:49   ('data DoesNotExist',)
2019-12-02 17:36:51   ('ValidationError',)
2019-12-02 17:36:51   ('ValidationError',)
2019-12-02 17:37:54   GET:https://api.weixin.qq.com/sns/jscode2session?appid=wxb10693ce301b0503&secret=fe966f7c89ba08eccd70060f2b3f9801&js_code=001JpCso19cgak0PNhto1zBTso1JpCs2&grant_type=authorization_code
2019-12-02 17:37:55   status:200
2019-12-02 17:37:55   data:{'session_key': 'EHxZ4cFXYqYKH0jI4sY+fQ==', 'openid': 'oJfBH41Q13o00lX3pbhGAKUmThxA'}
2019-12-02 17:38:16   ('data DoesNotExist',)
2019-12-02 17:38:24   GET:https://api.weixin.qq.com/sns/jscode2session?appid=wxb10693ce301b0503&secret=fe966f7c89ba08eccd70060f2b3f9801&js_code=081iHDCE0MICdj2xztEE0nTPCE0iHDCU&grant_type=authorization_code
2019-12-02 17:38:24   status:200
2019-12-02 17:38:24   data:{'session_key': 'EHxZ4cFXYqYKH0jI4sY+fQ==', 'openid': 'oJfBH41Q13o00lX3pbhGAKUmThxA'}
2019-12-02 17:38:27   GET:https://api.weixin.qq.com/sns/jscode2session?appid=wxb10693ce301b0503&secret=fe966f7c89ba08eccd70060f2b3f9801&js_code=081sclHD1ZrN350lT5KD19wXGD1sclHi&grant_type=authorization_code
2019-12-02 17:38:27   status:200
2019-12-02 17:38:27   data:{'session_key': 'EHxZ4cFXYqYKH0jI4sY+fQ==', 'openid': 'oJfBH41Q13o00lX3pbhGAKUmThxA'}
2019-12-02 17:38:43   ('data DoesNotExist',)
2019-12-02 17:40:00   GET:https://api.weixin.qq.com/sns/jscode2session?appid=wxb10693ce301b0503&secret=fe966f7c89ba08eccd70060f2b3f9801&js_code=001xxoWc12PrdA0OvZZc1KqpWc1xxoWX&grant_type=authorization_code
2019-12-02 17:40:00   status:200
2019-12-02 17:40:00   data:{'session_key': '4Cj8I+ypIUGlRjr2ioF5dA==', 'openid': 'oJfBH41Q13o00lX3pbhGAKUmThxA'}
2019-12-02 17:41:43   ('data DoesNotExist',)
2019-12-02 17:42:24   GET:https://api.weixin.qq.com/sns/jscode2session?appid=wxb10693ce301b0503&secret=fe966f7c89ba08eccd70060f2b3f9801&js_code=071EQpIp02HYrn19O1Kp0R4GIp0EQpIH&grant_type=authorization_code
2019-12-02 17:42:24   status:200
2019-12-02 17:42:24   data:{'session_key': 'Lc1TPaCWf/eFs0Qr+BejJg==', 'openid': 'oJfBH41Q13o00lX3pbhGAKUmThxA'}
2019-12-02 17:43:18   GET:https://api.weixin.qq.com/sns/jscode2session?appid=wxb10693ce301b0503&secret=fe966f7c89ba08eccd70060f2b3f9801&js_code=011nH9eS0xnyB52YwsdS0Oo9eS0nH9ea&grant_type=authorization_code
2019-12-02 17:43:18   status:200
2019-12-02 17:43:18   data:{'session_key': 'Lc1TPaCWf/eFs0Qr+BejJg==', 'openid': 'oJfBH41Q13o00lX3pbhGAKUmThxA'}
2019-12-02 17:43:23   GET:https://api.weixin.qq.com/sns/jscode2session?appid=wxb10693ce301b0503&secret=fe966f7c89ba08eccd70060f2b3f9801&js_code=011r3v3d22QWmG0fXv3d2oIm3d2r3v3q&grant_type=authorization_code
2019-12-02 17:43:23   status:200
2019-12-02 17:43:23   data:{'session_key': 'Lc1TPaCWf/eFs0Qr+BejJg==', 'openid': 'oJfBH41Q13o00lX3pbhGAKUmThxA'}
