2019-11-21 10:52:12   GET:https://api.weixin.qq.com/sns/jscode2session?appid=wxb10693ce301b0503&secret=fe966f7c89ba08eccd70060f2b3f9801&js_code=0016kUYQ0UxB772G8QYQ0WlGYQ06kUY7&grant_type=authorization_code
2019-11-21 10:52:12   status:200
2019-11-21 10:52:12   data:{'session_key': 'zjs4T3iS/qntkftSIhQUmg==', 'openid': 'oJfBH41Q13o00lX3pbhGAKUmThxA'}
2019-11-21 10:55:46   GET:https://api.weixin.qq.com/sns/jscode2session?appid=wxb10693ce301b0503&secret=fe966f7c89ba08eccd70060f2b3f9801&js_code=001XXoJ41pfd2T1fC7I41CSKJ41XXoJ9&grant_type=authorization_code
2019-11-21 10:55:46   status:200
2019-11-21 10:55:46   data:{'session_key': 'm/HE7jT4+Q2AG4PBOsC5ig==', 'openid': 'oJfBH41Q13o00lX3pbhGAKUmThxA'}
2019-11-21 10:56:14   GET:https://api.weixin.qq.com/sns/jscode2session?appid=wxb10693ce301b0503&secret=fe966f7c89ba08eccd70060f2b3f9801&js_code=021RGnXa1EmfAx0Xr61b1ZAqXa1RGnX3&grant_type=authorization_code
2019-11-21 10:56:14   status:200
2019-11-21 10:56:14   data:{'session_key': 'm/HE7jT4+Q2AG4PBOsC5ig==', 'openid': 'oJfBH41Q13o00lX3pbhGAKUmThxA'}
2019-11-21 11:01:13   GET:https://api.weixin.qq.com/sns/jscode2session?appid=wxb10693ce301b0503&secret=fe966f7c89ba08eccd70060f2b3f9801&js_code=001DqKVc1dFYYv0lZNRc1ZAyVc1DqKV5&grant_type=authorization_code
2019-11-21 11:01:13   status:200
2019-11-21 11:01:13   data:{'session_key': 'kN1ELSj05QLFScE1O2Ns6A==', 'openid': 'oJfBH41Q13o00lX3pbhGAKUmThxA'}
2019-11-21 11:01:42   GET:https://api.weixin.qq.com/sns/jscode2session?appid=wxb10693ce301b0503&secret=fe966f7c89ba08eccd70060f2b3f9801&js_code=0713vppf13odut0F0Qpf1s1gpf13vppY&grant_type=authorization_code
2019-11-21 11:01:42   status:200
2019-11-21 11:01:42   data:{'session_key': 'kN1ELSj05QLFScE1O2Ns6A==', 'openid': 'oJfBH41Q13o00lX3pbhGAKUmThxA'}
2019-11-21 11:02:15   GET:https://api.weixin.qq.com/sns/jscode2session?appid=wxb10693ce301b0503&secret=fe966f7c89ba08eccd70060f2b3f9801&js_code=021RCYD92kzyQJ0g2KG92SD2E92RCYDn&grant_type=authorization_code
2019-11-21 11:02:15   status:200
2019-11-21 11:02:15   data:{'session_key': 'kN1ELSj05QLFScE1O2Ns6A==', 'openid': 'oJfBH41Q13o00lX3pbhGAKUmThxA'}
2019-11-21 11:03:02   GET:https://api.weixin.qq.com/sns/jscode2session?appid=wxb10693ce301b0503&secret=fe966f7c89ba08eccd70060f2b3f9801&js_code=001dZ2Bb1nTzWw0ykfDb1zHUAb1dZ2Bz&grant_type=authorization_code
2019-11-21 11:03:02   status:200
2019-11-21 11:03:02   data:{'session_key': 'kN1ELSj05QLFScE1O2Ns6A==', 'openid': 'oJfBH41Q13o00lX3pbhGAKUmThxA'}
2019-11-21 11:03:33   GET:https://api.weixin.qq.com/sns/jscode2session?appid=wxb10693ce301b0503&secret=fe966f7c89ba08eccd70060f2b3f9801&js_code=071iaw4C0FPOch2AT43C08dI4C0iaw4S&grant_type=authorization_code
2019-11-21 11:03:34   status:200
2019-11-21 11:03:34   data:{'session_key': 'z4YWjl9YpZTph1wlJQjlpg==', 'openid': 'oJfBH41Q13o00lX3pbhGAKUmThxA'}
2019-11-21 11:04:42   GET:https://api.weixin.qq.com/sns/jscode2session?appid=wxb10693ce301b0503&secret=fe966f7c89ba08eccd70060f2b3f9801&js_code=081p8kGh2lR0BB02m7Gh2pqnGh2p8kGq&grant_type=authorization_code
2019-11-21 11:04:42   status:200
2019-11-21 11:04:42   data:{'session_key': 'z4YWjl9YpZTph1wlJQjlpg==', 'openid': 'oJfBH41Q13o00lX3pbhGAKUmThxA'}
