2019-11-08 09:15:42   GET:https://api.weixin.qq.com/sns/jscode2session?appid=wxb10693ce301b0503&secret=fe966f7c89ba08eccd70060f2b3f9801&js_code=011ahREb1AFU2x0Cl1Eb16vwEb1ahREs&grant_type=authorization_code
2019-11-08 09:15:42   status:200
2019-11-08 09:15:42   data:{'session_key': 'SZMxAt/hQ3mFCC/n5N0G3A==', 'openid': 'oJfBH41Q13o00lX3pbhGAKUmThxA'}
2019-11-08 09:15:42   ('no processing activity',)
2019-11-08 09:16:46   GET:https://api.weixin.qq.com/sns/jscode2session?appid=wxb10693ce301b0503&secret=fe966f7c89ba08eccd70060f2b3f9801&js_code=061FTJGl1zf9dn0ROFIl19ORGl1FTJGV&grant_type=authorization_code
2019-11-08 09:16:46   status:200
2019-11-08 09:16:46   data:{'session_key': 'SZMxAt/hQ3mFCC/n5N0G3A==', 'openid': 'oJfBH41Q13o00lX3pbhGAKUmThxA'}
2019-11-08 09:16:46   ('no processing activity',)
2019-11-08 09:17:17   GET:https://api.weixin.qq.com/sns/jscode2session?appid=wxb10693ce301b0503&secret=fe966f7c89ba08eccd70060f2b3f9801&js_code=081gUXkf0bX19t13fTlf09lalf0gUXkv&grant_type=authorization_code
2019-11-08 09:17:18   status:200
2019-11-08 09:17:18   data:{'session_key': 'SZMxAt/hQ3mFCC/n5N0G3A==', 'openid': 'oJfBH41Q13o00lX3pbhGAKUmThxA'}
2019-11-08 09:17:18   ('no processing activity',)
2019-11-08 09:18:04   GET:https://api.weixin.qq.com/sns/jscode2session?appid=wxb10693ce301b0503&secret=fe966f7c89ba08eccd70060f2b3f9801&js_code=001eOzfm1q6jbr0L0iim18vKfm1eOzfc&grant_type=authorization_code
2019-11-08 09:18:04   status:200
2019-11-08 09:18:04   data:{'session_key': 'dRjoGq3jfbD3NjQCEO/s8w==', 'openid': 'oJfBH41Q13o00lX3pbhGAKUmThxA'}
2019-11-08 09:18:04   ('no processing activity',)
2019-11-08 09:18:56   GET:https://api.weixin.qq.com/sns/jscode2session?appid=wxb10693ce301b0503&secret=fe966f7c89ba08eccd70060f2b3f9801&js_code=081K0wd20usOFG1cfHc20QCBd20K0wdO&grant_type=authorization_code
2019-11-08 09:18:56   status:200
2019-11-08 09:18:56   data:{'session_key': 'dRjoGq3jfbD3NjQCEO/s8w==', 'openid': 'oJfBH41Q13o00lX3pbhGAKUmThxA'}
2019-11-08 09:18:56   ('no processing activity',)
2019-11-08 09:19:52   GET:https://api.weixin.qq.com/sns/jscode2session?appid=wxb10693ce301b0503&secret=fe966f7c89ba08eccd70060f2b3f9801&js_code=081OLzcq0c0rYm1qfjcq0Zvycq0OLzck&grant_type=authorization_code
2019-11-08 09:19:52   status:200
2019-11-08 09:19:52   data:{'session_key': 'dRjoGq3jfbD3NjQCEO/s8w==', 'openid': 'oJfBH41Q13o00lX3pbhGAKUmThxA'}
2019-11-08 09:19:52   ('no processing activity',)
2019-11-08 09:19:52   GET:https://api.weixin.qq.com/sns/jscode2session?appid=wxb10693ce301b0503&secret=fe966f7c89ba08eccd70060f2b3f9801&js_code=081R6cti2RmUaB0pu4ri2C5qti2R6ctZ&grant_type=authorization_code
2019-11-08 09:19:52   status:200
2019-11-08 09:19:52   data:{'session_key': 'dRjoGq3jfbD3NjQCEO/s8w==', 'openid': 'oJfBH41Q13o00lX3pbhGAKUmThxA'}
2019-11-08 09:19:52   ('no processing activity',)
2019-11-08 09:20:46   GET:https://api.weixin.qq.com/sns/jscode2session?appid=wxb10693ce301b0503&secret=fe966f7c89ba08eccd70060f2b3f9801&js_code=021Bp5r103rz3H1qtwq102NYq10Bp5ry&grant_type=authorization_code
2019-11-08 09:20:46   status:200
2019-11-08 09:20:46   data:{'session_key': 'MGp6NAZlUX2b2V4eGwtofg==', 'openid': 'oJfBH41Q13o00lX3pbhGAKUmThxA'}
2019-11-08 09:20:46   ('no processing activity',)
2019-11-08 09:20:46   GET:https://api.weixin.qq.com/sns/jscode2session?appid=wxb10693ce301b0503&secret=fe966f7c89ba08eccd70060f2b3f9801&js_code=011sAE5F0WqXse2IWl7F0u6R5F0sAE5O&grant_type=authorization_code
2019-11-08 09:20:46   status:200
2019-11-08 09:20:46   data:{'session_key': 'MGp6NAZlUX2b2V4eGwtofg==', 'openid': 'oJfBH41Q13o00lX3pbhGAKUmThxA'}
2019-11-08 09:20:46   ('no processing activity',)
2019-11-08 09:21:41   ('data DoesNotExist',)
2019-11-08 09:22:11   GET:https://api.weixin.qq.com/sns/jscode2session?appid=wxb10693ce301b0503&secret=fe966f7c89ba08eccd70060f2b3f9801&js_code=011rqP772UKP2R0ri3872JHN772rqP7B&grant_type=authorization_code
2019-11-08 09:22:11   status:200
2019-11-08 09:22:11   data:{'session_key': 'MGp6NAZlUX2b2V4eGwtofg==', 'openid': 'oJfBH41Q13o00lX3pbhGAKUmThxA'}
2019-11-08 09:22:36   GET:https://api.weixin.qq.com/sns/jscode2session?appid=wxb10693ce301b0503&secret=fe966f7c89ba08eccd70060f2b3f9801&js_code=021a1JBi18IKUu0l4Dyi1IvNBi1a1JBo&grant_type=authorization_code
2019-11-08 09:22:36   status:200
2019-11-08 09:22:36   data:{'session_key': 'MGp6NAZlUX2b2V4eGwtofg==', 'openid': 'oJfBH41Q13o00lX3pbhGAKUmThxA'}
2019-11-08 09:22:37   GET:https://api.weixin.qq.com/sns/jscode2session?appid=wxb10693ce301b0503&secret=fe966f7c89ba08eccd70060f2b3f9801&js_code=071lLlWX0gjphV1TtOVX0sHAWX0lLlWY&grant_type=authorization_code
2019-11-08 09:22:37   status:200
2019-11-08 09:22:37   data:{'session_key': 'MGp6NAZlUX2b2V4eGwtofg==', 'openid': 'oJfBH41Q13o00lX3pbhGAKUmThxA'}
2019-11-08 09:49:17   ('data DoesNotExist',)
2019-11-08 10:14:29   ('data DoesNotExist',)
2019-11-08 11:05:11   GET:https://api.weixin.qq.com/sns/jscode2session?appid=wxb10693ce301b0503&secret=fe966f7c89ba08eccd70060f2b3f9801&js_code=021Twa8X1frmV01rwf4X1KW58X1Twa8M&grant_type=authorization_code
2019-11-08 11:05:11   status:200
2019-11-08 11:05:11   data:{'session_key': 'waGfC061rlT4wQyd5CpjIA==', 'openid': 'oJfBH41Q13o00lX3pbhGAKUmThxA'}
2019-11-08 11:05:11   ('no processing activity',)
2019-11-08 11:05:44   ('data DoesNotExist',)
2019-11-08 11:06:11   GET:https://api.weixin.qq.com/sns/jscode2session?appid=wxb10693ce301b0503&secret=fe966f7c89ba08eccd70060f2b3f9801&js_code=001zzCjO18TTJ91DDBiO1YYCjO1zzCjz&grant_type=authorization_code
2019-11-08 11:06:11   status:200
2019-11-08 11:06:11   data:{'session_key': 'waGfC061rlT4wQyd5CpjIA==', 'openid': 'oJfBH41Q13o00lX3pbhGAKUmThxA'}
2019-11-08 11:06:14   GET:https://api.weixin.qq.com/sns/jscode2session?appid=wxb10693ce301b0503&secret=fe966f7c89ba08eccd70060f2b3f9801&js_code=081e7XPU04dYV22HjPLU04D8QU0e7XPw&grant_type=authorization_code
2019-11-08 11:06:15   status:200
2019-11-08 11:06:15   data:{'session_key': 'waGfC061rlT4wQyd5CpjIA==', 'openid': 'oJfBH41Q13o00lX3pbhGAKUmThxA'}
2019-11-08 12:41:02   GET:https://api.weixin.qq.com/sns/jscode2session?appid=wxb10693ce301b0503&secret=fe966f7c89ba08eccd70060f2b3f9801&js_code=001w9aa618mv2N1VBi9619DY961w9aaX&grant_type=authorization_code
2019-11-08 12:41:03   status:200
2019-11-08 12:41:03   data:{'session_key': 'XlXKwORp8GQ3TLBGLPEdWQ==', 'openid': 'oJfBH41Q13o00lX3pbhGAKUmThxA'}
2019-11-08 12:41:03   ('no processing activity',)
2019-11-08 12:41:16   ('data DoesNotExist',)
2019-11-08 12:45:35   ('data DoesNotExist',)
2019-11-08 12:52:22   ('data DoesNotExist',)
2019-11-08 12:54:54   ('data DoesNotExist',)
2019-11-08 13:01:07   ('data DoesNotExist',)
2019-11-08 13:10:24   ('data DoesNotExist',)
2019-11-08 13:19:28   ('data DoesNotExist',)
2019-11-08 13:21:52   ('data DoesNotExist',)
2019-11-08 13:25:50   ('data DoesNotExist',)
2019-11-08 13:29:24   ('data DoesNotExist',)
2019-11-08 13:35:30   GET:https://api.weixin.qq.com/sns/jscode2session?appid=wxb10693ce301b0503&secret=fe966f7c89ba08eccd70060f2b3f9801&js_code=0115XLdB0h6TYh2HkQeB0TUNdB05XLdL&grant_type=authorization_code
2019-11-08 13:35:30   status:200
2019-11-08 13:35:30   data:{'session_key': 'auEFUZohpkEUBqGorJNzDA==', 'openid': 'oJfBH41Q13o00lX3pbhGAKUmThxA'}
2019-11-08 13:35:30   ('no processing activity',)
2019-11-08 13:35:30   GET:https://api.weixin.qq.com/sns/jscode2session?appid=wxb10693ce301b0503&secret=fe966f7c89ba08eccd70060f2b3f9801&js_code=071Br3Lt07vqGj1gG6Kt0m56Lt0Br3L2&grant_type=authorization_code
2019-11-08 13:35:30   status:200
2019-11-08 13:35:30   data:{'session_key': 'auEFUZohpkEUBqGorJNzDA==', 'openid': 'oJfBH41Q13o00lX3pbhGAKUmThxA'}
2019-11-08 13:35:30   ('no processing activity',)
2019-11-08 13:36:09   GET:https://api.weixin.qq.com/sns/jscode2session?appid=wxb10693ce301b0503&secret=fe966f7c89ba08eccd70060f2b3f9801&js_code=071HIdfE1ucgQ80SNDbE1jnkfE1HIdf5&grant_type=authorization_code
2019-11-08 13:36:09   status:200
2019-11-08 13:36:09   data:{'session_key': 'auEFUZohpkEUBqGorJNzDA==', 'openid': 'oJfBH41Q13o00lX3pbhGAKUmThxA'}
2019-11-08 13:36:09   ('no processing activity',)
2019-11-08 13:36:16   ('data DoesNotExist',)
2019-11-08 13:36:16   GET:https://api.weixin.qq.com/sns/jscode2session?appid=wxb10693ce301b0503&secret=fe966f7c89ba08eccd70060f2b3f9801&js_code=001W7sfp0koSfo1Q4Oep06Wzfp0W7sfH&grant_type=authorization_code
2019-11-08 13:36:16   status:200
2019-11-08 13:36:16   data:{'session_key': 'auEFUZohpkEUBqGorJNzDA==', 'openid': 'oJfBH41Q13o00lX3pbhGAKUmThxA'}
2019-11-08 13:36:39   GET:https://api.weixin.qq.com/sns/jscode2session?appid=wxb10693ce301b0503&secret=fe966f7c89ba08eccd70060f2b3f9801&js_code=081RurMo1GyB3k0CMsMo1h8KMo1RurMS&grant_type=authorization_code
2019-11-08 13:36:39   status:200
2019-11-08 13:36:39   data:{'session_key': 'auEFUZohpkEUBqGorJNzDA==', 'openid': 'oJfBH41Q13o00lX3pbhGAKUmThxA'}
2019-11-08 13:36:39   ('no processing activity',)
2019-11-08 14:08:15   ('data DoesNotExist',)
2019-11-08 14:08:51   GET:https://api.weixin.qq.com/sns/jscode2session?appid=wxb10693ce301b0503&secret=fe966f7c89ba08eccd70060f2b3f9801&js_code=071r6Pg01yFmCX1KB4f01t6ah01r6Pgz&grant_type=authorization_code
2019-11-08 14:08:51   status:200
2019-11-08 14:08:51   data:{'session_key': 'XLnDwKCwaz2KUsnrA2NsCQ==', 'openid': 'oJfBH41Q13o00lX3pbhGAKUmThxA'}
2019-11-08 14:08:51   GET:https://api.weixin.qq.com/sns/jscode2session?appid=wxb10693ce301b0503&secret=fe966f7c89ba08eccd70060f2b3f9801&js_code=021mmCrT1nTME41fwfvT1R9MrT1mmCrI&grant_type=authorization_code
2019-11-08 14:08:51   status:200
2019-11-08 14:08:51   data:{'session_key': 'XLnDwKCwaz2KUsnrA2NsCQ==', 'openid': 'oJfBH41Q13o00lX3pbhGAKUmThxA'}
2019-11-08 14:09:13   GET:https://api.weixin.qq.com/sns/jscode2session?appid=wxb10693ce301b0503&secret=fe966f7c89ba08eccd70060f2b3f9801&js_code=0615KKM21aHbrQ1MdhM21CrMM215KKMI&grant_type=authorization_code
2019-11-08 14:09:13   status:200
2019-11-08 14:09:13   data:{'session_key': 'XLnDwKCwaz2KUsnrA2NsCQ==', 'openid': 'oJfBH41Q13o00lX3pbhGAKUmThxA'}
2019-11-08 14:09:55   ('data DoesNotExist',)
2019-11-08 14:10:29   GET:https://api.weixin.qq.com/sns/jscode2session?appid=wxb10693ce301b0503&secret=fe966f7c89ba08eccd70060f2b3f9801&js_code=061wz6G51H4leS1d2gD51eaPF51wz6G9&grant_type=authorization_code
2019-11-08 14:10:29   status:200
2019-11-08 14:10:29   data:{'session_key': 'XLnDwKCwaz2KUsnrA2NsCQ==', 'openid': 'oJfBH41Q13o00lX3pbhGAKUmThxA'}
2019-11-08 14:10:29   ('no processing activity',)
2019-11-08 14:10:45   ('data DoesNotExist',)
2019-11-08 14:10:45   GET:https://api.weixin.qq.com/sns/jscode2session?appid=wxb10693ce301b0503&secret=fe966f7c89ba08eccd70060f2b3f9801&js_code=061ktFrh2vITQB0Kr3sh2Wxorh2ktFrT&grant_type=authorization_code
2019-11-08 14:10:45   status:200
2019-11-08 14:10:45   data:{'session_key': 'XLnDwKCwaz2KUsnrA2NsCQ==', 'openid': 'oJfBH41Q13o00lX3pbhGAKUmThxA'}
2019-11-08 14:10:52   GET:https://api.weixin.qq.com/sns/jscode2session?appid=wxb10693ce301b0503&secret=fe966f7c89ba08eccd70060f2b3f9801&js_code=061BSo3B05KXni2syv5B0Ymn3B0BSo3f&grant_type=authorization_code
2019-11-08 14:10:52   status:200
2019-11-08 14:10:52   data:{'session_key': 'c6hKbplw0P0vZOuCeRbvQw==', 'openid': 'oJfBH41Q13o00lX3pbhGAKUmThxA'}
2019-11-08 14:13:12   ('data DoesNotExist',)
2019-11-08 14:13:32   GET:https://api.weixin.qq.com/sns/jscode2session?appid=wxb10693ce301b0503&secret=fe966f7c89ba08eccd70060f2b3f9801&js_code=071B6gl01nvNGX1gENj01x7hl01B6glj&grant_type=authorization_code
2019-11-08 14:13:32   status:200
2019-11-08 14:13:32   data:{'session_key': 'sBQa/73bz4GvIoiRrOKVVw==', 'openid': 'oJfBH41Q13o00lX3pbhGAKUmThxA'}
2019-11-08 14:22:45   GET:https://api.weixin.qq.com/sns/jscode2session?appid=wxb10693ce301b0503&secret=fe966f7c89ba08eccd70060f2b3f9801&js_code=0618U7ad0lYN0A1KVI9d0II3ad08U7aE&grant_type=authorization_code
2019-11-08 14:22:45   status:200
2019-11-08 14:22:45   data:{'session_key': 'T4oyMJ9ANaVdT4FufWNLSg==', 'openid': 'oJfBH41Q13o00lX3pbhGAKUmThxA'}
2019-11-08 14:28:21   GET:https://api.weixin.qq.com/sns/jscode2session?appid=wxb10693ce301b0503&secret=fe966f7c89ba08eccd70060f2b3f9801&js_code=081h7Yyv12GGKh02ZTAv1pOYyv1h7YyS&grant_type=authorization_code
2019-11-08 14:28:21   status:200
2019-11-08 14:28:21   data:{'session_key': 'SU/Opguee6i43H2ZCNnL7A==', 'openid': 'oJfBH41Q13o00lX3pbhGAKUmThxA'}
2019-11-08 14:28:55   GET:https://api.weixin.qq.com/sns/jscode2session?appid=wxb10693ce301b0503&secret=fe966f7c89ba08eccd70060f2b3f9801&js_code=0717n5MN1yQEka1fdQLN167SLN17n5MK&grant_type=authorization_code
2019-11-08 14:28:55   status:200
2019-11-08 14:28:55   data:{'session_key': 'SU/Opguee6i43H2ZCNnL7A==', 'openid': 'oJfBH41Q13o00lX3pbhGAKUmThxA'}
2019-11-08 14:29:04   GET:https://api.weixin.qq.com/sns/jscode2session?appid=wxb10693ce301b0503&secret=fe966f7c89ba08eccd70060f2b3f9801&js_code=001kkZrC0MiNTg2OotsC0Y81sC0kkZr2&grant_type=authorization_code
2019-11-08 14:29:04   status:200
2019-11-08 14:29:04   data:{'session_key': 'SU/Opguee6i43H2ZCNnL7A==', 'openid': 'oJfBH41Q13o00lX3pbhGAKUmThxA'}
2019-11-08 14:29:05   GET:https://api.weixin.qq.com/sns/jscode2session?appid=wxb10693ce301b0503&secret=fe966f7c89ba08eccd70060f2b3f9801&js_code=061t8eJq16Rizm0jWPKq1Kj8Jq1t8eJd&grant_type=authorization_code
2019-11-08 14:29:06   status:200
2019-11-08 14:29:06   data:{'session_key': 'SU/Opguee6i43H2ZCNnL7A==', 'openid': 'oJfBH41Q13o00lX3pbhGAKUmThxA'}
2019-11-08 14:29:14   GET:https://api.weixin.qq.com/sns/jscode2session?appid=wxb10693ce301b0503&secret=fe966f7c89ba08eccd70060f2b3f9801&js_code=071o479J1W2U540Dx09J12qm9J1o4799&grant_type=authorization_code
2019-11-08 14:29:14   status:200
2019-11-08 14:29:14   data:{'session_key': 'SU/Opguee6i43H2ZCNnL7A==', 'openid': 'oJfBH41Q13o00lX3pbhGAKUmThxA'}
2019-11-08 14:29:14   ('no processing activity',)
2019-11-08 14:29:34   ('data DoesNotExist',)
2019-11-08 14:29:34   GET:https://api.weixin.qq.com/sns/jscode2session?appid=wxb10693ce301b0503&secret=fe966f7c89ba08eccd70060f2b3f9801&js_code=021JGMx207MYXK1Jfcw20DSEx20JGMxz&grant_type=authorization_code
2019-11-08 14:29:34   status:200
2019-11-08 14:29:34   data:{'session_key': 'SU/Opguee6i43H2ZCNnL7A==', 'openid': 'oJfBH41Q13o00lX3pbhGAKUmThxA'}
2019-11-08 14:30:29   ('data DoesNotExist',)
2019-11-08 14:30:30   GET:https://api.weixin.qq.com/sns/jscode2session?appid=wxb10693ce301b0503&secret=fe966f7c89ba08eccd70060f2b3f9801&js_code=061qrraO1OMbB91saMaO1CrPaO1qrraG&grant_type=authorization_code
2019-11-08 14:30:30   status:200
2019-11-08 14:30:30   data:{'session_key': 'CBGWVaNVNrLilBlnH5uLFA==', 'openid': 'oJfBH41Q13o00lX3pbhGAKUmThxA'}
2019-11-08 14:33:11   GET:https://api.weixin.qq.com/sns/jscode2session?appid=wxb10693ce301b0503&secret=fe966f7c89ba08eccd70060f2b3f9801&js_code=061vATrl1OHaxn0PEeol1mLVrl1vATrA&grant_type=authorization_code
2019-11-08 14:33:11   status:200
2019-11-08 14:33:11   data:{'session_key': 'CS0aA01u4xd+Jj3MHM3LIQ==', 'openid': 'oJfBH41Q13o00lX3pbhGAKUmThxA'}
2019-11-08 14:33:19   GET:https://api.weixin.qq.com/sns/jscode2session?appid=wxb10693ce301b0503&secret=fe966f7c89ba08eccd70060f2b3f9801&js_code=071qCAZ40hsqLD1eWoY4003vZ40qCAZA&grant_type=authorization_code
2019-11-08 14:33:19   status:200
2019-11-08 14:33:19   data:{'session_key': 'CS0aA01u4xd+Jj3MHM3LIQ==', 'openid': 'oJfBH41Q13o00lX3pbhGAKUmThxA'}
2019-11-08 14:33:25   GET:https://api.weixin.qq.com/sns/jscode2session?appid=wxb10693ce301b0503&secret=fe966f7c89ba08eccd70060f2b3f9801&js_code=0810VhcF1LGt780RmEdF10CccF10Vhc7&grant_type=authorization_code
2019-11-08 14:33:25   status:200
2019-11-08 14:33:25   data:{'session_key': 'CS0aA01u4xd+Jj3MHM3LIQ==', 'openid': 'oJfBH41Q13o00lX3pbhGAKUmThxA'}
2019-11-08 14:42:22   GET:https://api.weixin.qq.com/sns/jscode2session?appid=wxb10693ce301b0503&secret=fe966f7c89ba08eccd70060f2b3f9801&js_code=071Gmpjl0cylHr1J6Njl0rrvjl0GmpjX&grant_type=authorization_code
2019-11-08 14:42:22   status:200
2019-11-08 14:42:22   data:{'session_key': 'yALkQfai58N+BocZ3816gA==', 'openid': 'oJfBH41Q13o00lX3pbhGAKUmThxA'}
2019-11-08 14:42:43   GET:https://api.weixin.qq.com/sns/jscode2session?appid=wxb10693ce301b0503&secret=fe966f7c89ba08eccd70060f2b3f9801&js_code=061kcgs52TGJdS0thUr52cRls52kcgsF&grant_type=authorization_code
2019-11-08 14:42:43   status:200
2019-11-08 14:42:43   data:{'session_key': 'yALkQfai58N+BocZ3816gA==', 'openid': 'oJfBH41Q13o00lX3pbhGAKUmThxA'}
2019-11-08 14:42:58   ('data DoesNotExist',)
2019-11-08 14:42:58   GET:https://api.weixin.qq.com/sns/jscode2session?appid=wxb10693ce301b0503&secret=fe966f7c89ba08eccd70060f2b3f9801&js_code=071HJF7b2bqozM0MEB8b2e9T7b2HJF72&grant_type=authorization_code
2019-11-08 14:42:58   status:200
2019-11-08 14:42:58   data:{'session_key': 'yALkQfai58N+BocZ3816gA==', 'openid': 'oJfBH41Q13o00lX3pbhGAKUmThxA'}
2019-11-08 14:43:20   GET:https://api.weixin.qq.com/sns/jscode2session?appid=wxb10693ce301b0503&secret=fe966f7c89ba08eccd70060f2b3f9801&js_code=081drBeE0JLNOj2m7YcE0W2CeE0drBeu&grant_type=authorization_code
2019-11-08 14:43:20   status:200
2019-11-08 14:43:20   data:{'session_key': 'yALkQfai58N+BocZ3816gA==', 'openid': 'oJfBH41Q13o00lX3pbhGAKUmThxA'}
2019-11-08 14:43:32   GET:https://api.weixin.qq.com/sns/jscode2session?appid=wxb10693ce301b0503&secret=fe966f7c89ba08eccd70060f2b3f9801&js_code=081lcNyQ1PdBR21kOoyQ18KDyQ1lcNyp&grant_type=authorization_code
2019-11-08 14:43:32   status:200
2019-11-08 14:43:32   data:{'session_key': 'yALkQfai58N+BocZ3816gA==', 'openid': 'oJfBH41Q13o00lX3pbhGAKUmThxA'}
2019-11-08 14:44:03   GET:https://api.weixin.qq.com/sns/jscode2session?appid=wxb10693ce301b0503&secret=fe966f7c89ba08eccd70060f2b3f9801&js_code=011OakBM0hK8ab2xJJyM0wHCBM0OakBH&grant_type=authorization_code
2019-11-08 14:44:03   status:200
2019-11-08 14:44:03   data:{'session_key': 'yALkQfai58N+BocZ3816gA==', 'openid': 'oJfBH41Q13o00lX3pbhGAKUmThxA'}
2019-11-08 14:44:16   ('data DoesNotExist',)
2019-11-08 14:44:16   GET:https://api.weixin.qq.com/sns/jscode2session?appid=wxb10693ce301b0503&secret=fe966f7c89ba08eccd70060f2b3f9801&js_code=06184wHm1iHzwq0bScJm1IDsHm184wH7&grant_type=authorization_code
2019-11-08 14:44:16   status:200
2019-11-08 14:44:16   data:{'session_key': 'yALkQfai58N+BocZ3816gA==', 'openid': 'oJfBH41Q13o00lX3pbhGAKUmThxA'}
2019-11-08 14:44:29   GET:https://api.weixin.qq.com/sns/jscode2session?appid=wxb10693ce301b0503&secret=fe966f7c89ba08eccd70060f2b3f9801&js_code=021dwcwZ0Xp8xY1MYAsZ0WI1wZ0dwcwY&grant_type=authorization_code
2019-11-08 14:44:29   status:200
2019-11-08 14:44:29   data:{'session_key': 'QyfZD6JQaYIqLzx1xyZ1sw==', 'openid': 'oJfBH41Q13o00lX3pbhGAKUmThxA'}
2019-11-08 14:44:58   GET:https://api.weixin.qq.com/sns/jscode2session?appid=wxb10693ce301b0503&secret=fe966f7c89ba08eccd70060f2b3f9801&js_code=061YOshN1kXNpa1AsaiN1R8ohN1YOshq&grant_type=authorization_code
2019-11-08 14:44:58   status:200
2019-11-08 14:44:58   data:{'session_key': 'QyfZD6JQaYIqLzx1xyZ1sw==', 'openid': 'oJfBH41Q13o00lX3pbhGAKUmThxA'}
2019-11-08 14:45:03   GET:https://api.weixin.qq.com/sns/jscode2session?appid=wxb10693ce301b0503&secret=fe966f7c89ba08eccd70060f2b3f9801&js_code=0813Taro1yEsjk02lAuo1Ppcro13TarN&grant_type=authorization_code
2019-11-08 14:45:03   status:200
2019-11-08 14:45:03   data:{'session_key': 'QyfZD6JQaYIqLzx1xyZ1sw==', 'openid': 'oJfBH41Q13o00lX3pbhGAKUmThxA'}
2019-11-08 14:45:07   GET:https://api.weixin.qq.com/sns/jscode2session?appid=wxb10693ce301b0503&secret=fe966f7c89ba08eccd70060f2b3f9801&js_code=021FFYwO1O7km91ohOuO14MfxO1FFYwG&grant_type=authorization_code
2019-11-08 14:45:07   status:200
2019-11-08 14:45:07   data:{'session_key': 'QyfZD6JQaYIqLzx1xyZ1sw==', 'openid': 'oJfBH41Q13o00lX3pbhGAKUmThxA'}
2019-11-08 14:46:09   GET:https://api.weixin.qq.com/sns/jscode2session?appid=wxb10693ce301b0503&secret=fe966f7c89ba08eccd70060f2b3f9801&js_code=071BFpK614NBsM1dDcK61ahlK61BFpKY&grant_type=authorization_code
2019-11-08 14:46:09   status:200
2019-11-08 14:46:09   data:{'session_key': 'QyfZD6JQaYIqLzx1xyZ1sw==', 'openid': 'oJfBH41Q13o00lX3pbhGAKUmThxA'}
2019-11-08 14:46:27   ('data DoesNotExist',)
2019-11-08 14:46:27   GET:https://api.weixin.qq.com/sns/jscode2session?appid=wxb10693ce301b0503&secret=fe966f7c89ba08eccd70060f2b3f9801&js_code=061jNCCa18ZPuN1k0zEa1HqPCa1jNCCH&grant_type=authorization_code
2019-11-08 14:46:27   status:200
2019-11-08 14:46:27   data:{'session_key': 'QyfZD6JQaYIqLzx1xyZ1sw==', 'openid': 'oJfBH41Q13o00lX3pbhGAKUmThxA'}
2019-11-08 14:47:03   GET:https://api.weixin.qq.com/sns/jscode2session?appid=wxb10693ce301b0503&secret=fe966f7c89ba08eccd70060f2b3f9801&js_code=011ut4sD0FtTJk2sezrD0kFdsD0ut4sU&grant_type=authorization_code
2019-11-08 14:47:03   status:200
2019-11-08 14:47:03   data:{'session_key': 'JzEuBFdOjTM9s4ClO4Hyxw==', 'openid': 'oJfBH41Q13o00lX3pbhGAKUmThxA'}
2019-11-08 14:47:27   GET:https://api.weixin.qq.com/sns/jscode2session?appid=wxb10693ce301b0503&secret=fe966f7c89ba08eccd70060f2b3f9801&js_code=0811OJud12Q71A0QJVud1dNEud11OJuT&grant_type=authorization_code
2019-11-08 14:47:27   status:200
2019-11-08 14:47:27   data:{'session_key': 'JzEuBFdOjTM9s4ClO4Hyxw==', 'openid': 'oJfBH41Q13o00lX3pbhGAKUmThxA'}
2019-11-08 14:47:50   GET:https://api.weixin.qq.com/sns/jscode2session?appid=wxb10693ce301b0503&secret=fe966f7c89ba08eccd70060f2b3f9801&js_code=0019o6HB0P2ISh2I6DIB0R1jHB09o6HZ&grant_type=authorization_code
2019-11-08 14:47:50   status:200
2019-11-08 14:47:50   data:{'session_key': 'JzEuBFdOjTM9s4ClO4Hyxw==', 'openid': 'oJfBH41Q13o00lX3pbhGAKUmThxA'}
2019-11-08 14:47:59   GET:https://api.weixin.qq.com/sns/jscode2session?appid=wxb10693ce301b0503&secret=fe966f7c89ba08eccd70060f2b3f9801&js_code=0014Pc2a15Ws4O1Wea5a1wb32a14Pc22&grant_type=authorization_code
2019-11-08 14:48:00   status:200
2019-11-08 14:48:00   data:{'session_key': 'JzEuBFdOjTM9s4ClO4Hyxw==', 'openid': 'oJfBH41Q13o00lX3pbhGAKUmThxA'}
2019-11-08 14:48:13   ('data DoesNotExist',)
2019-11-08 14:48:13   GET:https://api.weixin.qq.com/sns/jscode2session?appid=wxb10693ce301b0503&secret=fe966f7c89ba08eccd70060f2b3f9801&js_code=011wWTVD11aEy404tmXD1mA1WD1wWTVf&grant_type=authorization_code
2019-11-08 14:48:13   status:200
2019-11-08 14:48:13   data:{'session_key': 'JzEuBFdOjTM9s4ClO4Hyxw==', 'openid': 'oJfBH41Q13o00lX3pbhGAKUmThxA'}
2019-11-08 14:48:59   GET:https://api.weixin.qq.com/sns/jscode2session?appid=wxb10693ce301b0503&secret=fe966f7c89ba08eccd70060f2b3f9801&js_code=061ZaLDg0K2PIw1rJOFg0Ws2Eg0ZaLDr&grant_type=authorization_code
2019-11-08 14:48:59   status:200
2019-11-08 14:48:59   data:{'session_key': 'JzEuBFdOjTM9s4ClO4Hyxw==', 'openid': 'oJfBH41Q13o00lX3pbhGAKUmThxA'}
2019-11-08 14:49:08   GET:https://api.weixin.qq.com/sns/jscode2session?appid=wxb10693ce301b0503&secret=fe966f7c89ba08eccd70060f2b3f9801&js_code=081OKuQg1uW63s0zJoRg1SsrQg1OKuQp&grant_type=authorization_code
2019-11-08 14:49:08   status:200
2019-11-08 14:49:08   data:{'session_key': 'lW/UR3AeNDO2iyZreBA7yg==', 'openid': 'oJfBH41Q13o00lX3pbhGAKUmThxA'}
2019-11-08 14:49:45   GET:https://api.weixin.qq.com/sns/jscode2session?appid=wxb10693ce301b0503&secret=fe966f7c89ba08eccd70060f2b3f9801&js_code=071r6ItV09xSq22PADpV0SsttV0r6Itr&grant_type=authorization_code
2019-11-08 14:49:45   status:200
2019-11-08 14:49:45   data:{'session_key': 'lW/UR3AeNDO2iyZreBA7yg==', 'openid': 'oJfBH41Q13o00lX3pbhGAKUmThxA'}
2019-11-08 14:49:49   ('data DoesNotExist',)
2019-11-08 14:49:49   GET:https://api.weixin.qq.com/sns/jscode2session?appid=wxb10693ce301b0503&secret=fe966f7c89ba08eccd70060f2b3f9801&js_code=081nS6TM1UNgC61q4tRM1EpxTM1nS6TM&grant_type=authorization_code
2019-11-08 14:49:50   status:200
2019-11-08 14:49:50   data:{'session_key': 'lW/UR3AeNDO2iyZreBA7yg==', 'openid': 'oJfBH41Q13o00lX3pbhGAKUmThxA'}
2019-11-08 14:50:58   GET:https://api.weixin.qq.com/sns/jscode2session?appid=wxb10693ce301b0503&secret=fe966f7c89ba08eccd70060f2b3f9801&js_code=0212vVEi2cPbLA03D2Hi2NZXEi22vVEx&grant_type=authorization_code
2019-11-08 14:50:58   status:200
2019-11-08 14:50:58   data:{'session_key': 'lW/UR3AeNDO2iyZreBA7yg==', 'openid': 'oJfBH41Q13o00lX3pbhGAKUmThxA'}
2019-11-08 14:51:34   GET:https://api.weixin.qq.com/sns/jscode2session?appid=wxb10693ce301b0503&secret=fe966f7c89ba08eccd70060f2b3f9801&js_code=061fFmXa1BLXvx0Hj1Ya1cshXa1fFmXE&grant_type=authorization_code
2019-11-08 14:51:34   status:200
2019-11-08 14:51:34   data:{'session_key': 'mm0am3jWj9VcYTIUxoOiIQ==', 'openid': 'oJfBH41Q13o00lX3pbhGAKUmThxA'}
2019-11-08 14:51:56   ('data DoesNotExist',)
2019-11-08 14:51:56   GET:https://api.weixin.qq.com/sns/jscode2session?appid=wxb10693ce301b0503&secret=fe966f7c89ba08eccd70060f2b3f9801&js_code=001A0wO70mT8uF1eTLR70BriO70A0wOC&grant_type=authorization_code
2019-11-08 14:51:56   status:200
2019-11-08 14:51:56   data:{'session_key': 'mm0am3jWj9VcYTIUxoOiIQ==', 'openid': 'oJfBH41Q13o00lX3pbhGAKUmThxA'}
2019-11-08 14:55:02   GET:https://api.weixin.qq.com/sns/jscode2session?appid=wxb10693ce301b0503&secret=fe966f7c89ba08eccd70060f2b3f9801&js_code=001qwpw00nOonI1Excx00t66w00qwpwF&grant_type=authorization_code
2019-11-08 14:55:02   status:200
2019-11-08 14:55:02   data:{'session_key': 'i4Zkn0ph6AI4gVTgU0ft+g==', 'openid': 'oJfBH41Q13o00lX3pbhGAKUmThxA'}
2019-11-08 14:55:05   GET:https://api.weixin.qq.com/sns/jscode2session?appid=wxb10693ce301b0503&secret=fe966f7c89ba08eccd70060f2b3f9801&js_code=06155I5Q1Qxsx31f203Q1jm16Q155I5w&grant_type=authorization_code
2019-11-08 14:55:06   status:200
2019-11-08 14:55:06   data:{'session_key': 'i4Zkn0ph6AI4gVTgU0ft+g==', 'openid': 'oJfBH41Q13o00lX3pbhGAKUmThxA'}
2019-11-08 14:58:40   GET:https://api.weixin.qq.com/sns/jscode2session?appid=wxb10693ce301b0503&secret=fe966f7c89ba08eccd70060f2b3f9801&js_code=071Fiz2s05U7Sg1orZ3s0izQ2s0Fiz2D&grant_type=authorization_code
2019-11-08 14:58:40   status:200
2019-11-08 14:58:40   data:{'session_key': '+ypcV/blOu0PLXzYpu5wgg==', 'openid': 'oJfBH41Q13o00lX3pbhGAKUmThxA'}
2019-11-08 14:58:42   ('data DoesNotExist',)
2019-11-08 14:58:42   GET:https://api.weixin.qq.com/sns/jscode2session?appid=wxb10693ce301b0503&secret=fe966f7c89ba08eccd70060f2b3f9801&js_code=061mTovp18vS6j0C6Txp1d67vp1mTovM&grant_type=authorization_code
2019-11-08 14:58:42   status:200
2019-11-08 14:58:42   data:{'session_key': '+ypcV/blOu0PLXzYpu5wgg==', 'openid': 'oJfBH41Q13o00lX3pbhGAKUmThxA'}
2019-11-08 14:59:00   GET:https://api.weixin.qq.com/sns/jscode2session?appid=wxb10693ce301b0503&secret=fe966f7c89ba08eccd70060f2b3f9801&js_code=021i122v0siP7i1L2r2v01Le2v0i122L&grant_type=authorization_code
2019-11-08 14:59:00   status:200
2019-11-08 14:59:00   data:{'session_key': '+ypcV/blOu0PLXzYpu5wgg==', 'openid': 'oJfBH41Q13o00lX3pbhGAKUmThxA'}
2019-11-08 15:06:01   GET:https://api.weixin.qq.com/sns/jscode2session?appid=wxb10693ce301b0503&secret=fe966f7c89ba08eccd70060f2b3f9801&js_code=081jJfq90YIs7z1pagp90Tkdq90jJfqJ&grant_type=authorization_code
2019-11-08 15:06:01   status:200
2019-11-08 15:06:01   data:{'session_key': 'zwIDwSwr33QFOFsf5anXNw==', 'openid': 'oJfBH41Q13o00lX3pbhGAKUmThxA'}
2019-11-08 15:06:06   GET:https://api.weixin.qq.com/sns/jscode2session?appid=wxb10693ce301b0503&secret=fe966f7c89ba08eccd70060f2b3f9801&js_code=001CChF614eUYM18rcF61YhiF61CChFT&grant_type=authorization_code
2019-11-08 15:06:06   status:200
2019-11-08 15:06:06   data:{'session_key': 'zwIDwSwr33QFOFsf5anXNw==', 'openid': 'oJfBH41Q13o00lX3pbhGAKUmThxA'}
2019-11-08 15:06:14   ('data DoesNotExist',)
2019-11-08 15:06:15   GET:https://api.weixin.qq.com/sns/jscode2session?appid=wxb10693ce301b0503&secret=fe966f7c89ba08eccd70060f2b3f9801&js_code=081dh2Kv1YMkph0JhoKv1rR6Kv1dh2K-&grant_type=authorization_code
2019-11-08 15:06:15   status:200
2019-11-08 15:06:15   data:{'session_key': 'zwIDwSwr33QFOFsf5anXNw==', 'openid': 'oJfBH41Q13o00lX3pbhGAKUmThxA'}
2019-11-08 16:24:57   GET:https://api.weixin.qq.com/sns/jscode2session?appid=wxb10693ce301b0503&secret=fe966f7c89ba08eccd70060f2b3f9801&js_code=061JtT8P1WERP815fa7P1p599P1JtT8G&grant_type=authorization_code
2019-11-08 16:24:57   status:200
2019-11-08 16:24:57   data:{'session_key': 'wsxiKjm3b1qjIqh7Jcl3DA==', 'openid': 'oJfBH41Q13o00lX3pbhGAKUmThxA'}
2019-11-08 16:25:29   ('data DoesNotExist',)
2019-11-08 16:25:29   GET:https://api.weixin.qq.com/sns/jscode2session?appid=wxb10693ce301b0503&secret=fe966f7c89ba08eccd70060f2b3f9801&js_code=011WnLHH1JgzY00nPkHH1Q5qHH1WnLH3&grant_type=authorization_code
2019-11-08 16:25:30   status:200
2019-11-08 16:25:30   data:{'session_key': 'wsxiKjm3b1qjIqh7Jcl3DA==', 'openid': 'oJfBH41Q13o00lX3pbhGAKUmThxA'}
2019-11-08 16:58:27   ('data DoesNotExist',)
2019-11-08 17:02:16   GET:https://api.weixin.qq.com/sns/jscode2session?appid=wxb10693ce301b0503&secret=fe966f7c89ba08eccd70060f2b3f9801&js_code=011f4zwg0TAPyw1SiRtg0oMjwg0f4zwO&grant_type=authorization_code
2019-11-08 17:02:16   status:200
2019-11-08 17:02:16   data:{'session_key': 'Gvxv4pWquwnLRnGcbd2uDg==', 'openid': 'oJfBH41Q13o00lX3pbhGAKUmThxA'}
2019-11-08 17:02:33   ('data DoesNotExist',)
2019-11-08 17:02:33   GET:https://api.weixin.qq.com/sns/jscode2session?appid=wxb10693ce301b0503&secret=fe966f7c89ba08eccd70060f2b3f9801&js_code=0613tYEz0mjKHd1SeeDz0jR6Fz03tYEf&grant_type=authorization_code
2019-11-08 17:02:33   status:200
2019-11-08 17:02:33   data:{'session_key': 'Gvxv4pWquwnLRnGcbd2uDg==', 'openid': 'oJfBH41Q13o00lX3pbhGAKUmThxA'}
2019-11-08 17:04:02   ('data DoesNotExist',)
2019-11-08 17:04:11   GET:https://api.weixin.qq.com/sns/jscode2session?appid=wxb10693ce301b0503&secret=fe966f7c89ba08eccd70060f2b3f9801&js_code=021TIDY710wGrL1kPN081Q1lY71TIDYt&grant_type=authorization_code
2019-11-08 17:04:11   status:200
2019-11-08 17:04:11   data:{'session_key': 'Gvxv4pWquwnLRnGcbd2uDg==', 'openid': 'oJfBH41Q13o00lX3pbhGAKUmThxA'}
2019-11-08 17:04:13   ('data DoesNotExist',)
2019-11-08 17:04:13   GET:https://api.weixin.qq.com/sns/jscode2session?appid=wxb10693ce301b0503&secret=fe966f7c89ba08eccd70060f2b3f9801&js_code=081u8uSF0JnHyd2I7RUF0xWJSF0u8uSl&grant_type=authorization_code
2019-11-08 17:04:13   status:200
2019-11-08 17:04:13   data:{'session_key': 'Gvxv4pWquwnLRnGcbd2uDg==', 'openid': 'oJfBH41Q13o00lX3pbhGAKUmThxA'}
2019-11-08 17:04:43   ('data DoesNotExist',)
2019-11-08 17:08:49   ('data DoesNotExist',)
2019-11-08 17:09:26   GET:https://api.weixin.qq.com/sns/jscode2session?appid=wxb10693ce301b0503&secret=fe966f7c89ba08eccd70060f2b3f9801&js_code=001vj8Ab2Nn3sM0O1iBb2JV1Ab2vj8AY&grant_type=authorization_code
2019-11-08 17:09:26   status:200
2019-11-08 17:09:26   data:{'session_key': 't7n4wHY/1Fx8P1udWwT+ig==', 'openid': 'oJfBH41Q13o00lX3pbhGAKUmThxA'}
2019-11-08 18:01:08   ('data DoesNotExist',)
2019-11-08 18:01:26   ('data DoesNotExist',)
