2019-12-23 13:47:46   ('data DoesNotExist',)
2019-12-23 13:56:36   ('data DoesNotExist',)
2019-12-23 13:57:01   ('data DoesNotExist',)
2019-12-23 13:57:14   ('data DoesNotExist',)
2019-12-23 13:57:25   ('data DoesNotExist',)
2019-12-23 13:57:37   ('data DoesNotExist',)
2019-12-23 13:57:50   ('data DoesNotExist',)
2019-12-23 15:04:20   GET:https://api.weixin.qq.com/sns/jscode2session?appid=wxb10693ce301b0503&secret=fe966f7c89ba08eccd70060f2b3f9801&js_code=081tf2GH1bKxu30M5cGH1haOFH1tf2GK&grant_type=authorization_code
2019-12-23 15:04:23   GET:https://api.weixin.qq.com/sns/jscode2session?appid=wxb10693ce301b0503&secret=fe966f7c89ba08eccd70060f2b3f9801&js_code=001pqarW1SCU7X03PPrW1OT1rW1pqarE&grant_type=authorization_code
2019-12-23 15:05:16   GET:https://api.weixin.qq.com/sns/jscode2session?appid=wxb10693ce301b0503&secret=fe966f7c89ba08eccd70060f2b3f9801&js_code=011ExIwA1kTLX90uKLxA16eEwA1ExIwl&grant_type=authorization_code
2019-12-23 15:05:26   GET:https://api.weixin.qq.com/sns/jscode2session?appid=wxb10693ce301b0503&secret=fe966f7c89ba08eccd70060f2b3f9801&js_code=071E0jl81W6juP1Lzio81Wpzl81E0jlp&grant_type=authorization_code
2019-12-23 15:06:40   GET:https://api.weixin.qq.com/sns/jscode2session?appid=wxb10693ce301b0503&secret=fe966f7c89ba08eccd70060f2b3f9801&js_code=071aTGhB0omU0k2geZgB0D1WhB0aTGhM&grant_type=authorization_code
2019-12-23 15:17:24   GET:https://api.weixin.qq.com/sns/jscode2session?appid=wxb10693ce301b0503&secret=fe966f7c89ba08eccd70060f2b3f9801&js_code=071cTcNf1oLG6u0rM6Nf1D1eNf1cTcNW&grant_type=authorization_code
2019-12-23 15:17:24   status:200
2019-12-23 15:17:24   data:{'session_key': 'Je1Q9+vCjymKCVhew5AKRQ==', 'openid': 'oJfBH41Q13o00lX3pbhGAKUmThxA'}
2019-12-23 15:17:36   GET:https://api.weixin.qq.com/sns/jscode2session?appid=wxb10693ce301b0503&secret=fe966f7c89ba08eccd70060f2b3f9801&js_code=001RZHP00ZTYyJ1KVAM00e33Q00RZHPa&grant_type=authorization_code
2019-12-23 15:17:36   status:200
2019-12-23 15:17:36   data:{'session_key': 'Je1Q9+vCjymKCVhew5AKRQ==', 'openid': 'oJfBH41Q13o00lX3pbhGAKUmThxA'}
2019-12-23 15:17:58   GET:https://api.weixin.qq.com/sns/jscode2session?appid=wxb10693ce301b0503&secret=fe966f7c89ba08eccd70060f2b3f9801&js_code=081n4Aja1THUUM17vhka19fkja1n4AjA&grant_type=authorization_code
2019-12-23 15:17:58   status:200
2019-12-23 15:17:58   data:{'session_key': 'Je1Q9+vCjymKCVhew5AKRQ==', 'openid': 'oJfBH41Q13o00lX3pbhGAKUmThxA'}
2019-12-23 15:18:05   GET:https://api.weixin.qq.com/sns/jscode2session?appid=wxb10693ce301b0503&secret=fe966f7c89ba08eccd70060f2b3f9801&js_code=001jxCz618gxIN1qwUz61VFJz61jxCzn&grant_type=authorization_code
2019-12-23 15:18:05   status:200
2019-12-23 15:18:05   data:{'session_key': 'Je1Q9+vCjymKCVhew5AKRQ==', 'openid': 'oJfBH41Q13o00lX3pbhGAKUmThxA'}
2019-12-23 15:18:29   GET:https://api.weixin.qq.com/sns/jscode2session?appid=wxb10693ce301b0503&secret=fe966f7c89ba08eccd70060f2b3f9801&js_code=061X3xmc16T7Lz0Ya7jc14dCmc1X3xmi&grant_type=authorization_code
2019-12-23 15:18:29   status:200
2019-12-23 15:18:29   data:{'session_key': 'Je1Q9+vCjymKCVhew5AKRQ==', 'openid': 'oJfBH41Q13o00lX3pbhGAKUmThxA'}
2019-12-23 15:18:35   GET:https://api.weixin.qq.com/sns/jscode2session?appid=wxb10693ce301b0503&secret=fe966f7c89ba08eccd70060f2b3f9801&js_code=021jZZaT0Lqtz12NtY9T0bwcbT0jZZaC&grant_type=authorization_code
2019-12-23 15:18:35   status:200
2019-12-23 15:18:35   data:{'session_key': 'Je1Q9+vCjymKCVhew5AKRQ==', 'openid': 'oJfBH41Q13o00lX3pbhGAKUmThxA'}
2019-12-23 15:18:39   GET:https://api.weixin.qq.com/sns/jscode2session?appid=wxb10693ce301b0503&secret=fe966f7c89ba08eccd70060f2b3f9801&js_code=021clBmO0LzkQ52johnO0FCsmO0clBmw&grant_type=authorization_code
2019-12-23 15:18:39   status:200
2019-12-23 15:18:39   data:{'session_key': 'Je1Q9+vCjymKCVhew5AKRQ==', 'openid': 'oJfBH41Q13o00lX3pbhGAKUmThxA'}
2019-12-23 15:28:03   GET:https://api.weixin.qq.com/sns/jscode2session?appid=wxb10693ce301b0503&secret=fe966f7c89ba08eccd70060f2b3f9801&js_code=0210Lnxk1njzLp0hsjzk1AXixk10LnxJ&grant_type=authorization_code
2019-12-23 15:28:03   status:200
2019-12-23 15:28:03   data:{'session_key': 'n8JC12/3MzCPvrso2wqtVg==', 'openid': 'oJfBH41Q13o00lX3pbhGAKUmThxA'}
2019-12-23 15:29:47   GET:https://api.weixin.qq.com/sns/jscode2session?appid=wxb10693ce301b0503&secret=fe966f7c89ba08eccd70060f2b3f9801&js_code=011ag0rB0TLgak24TysB03w7rB0ag0rL&grant_type=authorization_code
2019-12-23 15:29:47   status:200
2019-12-23 15:29:47   data:{'session_key': 'n8JC12/3MzCPvrso2wqtVg==', 'openid': 'oJfBH41Q13o00lX3pbhGAKUmThxA'}
2019-12-23 15:29:58   GET:https://api.weixin.qq.com/sns/jscode2session?appid=wxb10693ce301b0503&secret=fe966f7c89ba08eccd70060f2b3f9801&js_code=081UXpxL0yHn6c21zQwL0cxhxL0UXpxU&grant_type=authorization_code
2019-12-23 15:29:58   status:200
2019-12-23 15:29:58   data:{'session_key': 'Biszv/+r3cZL9SToGCZ0jw==', 'openid': 'oJfBH41Q13o00lX3pbhGAKUmThxA'}
2019-12-23 15:30:16   GET:https://api.weixin.qq.com/sns/jscode2session?appid=wxb10693ce301b0503&secret=fe966f7c89ba08eccd70060f2b3f9801&js_code=001zMcIz0bSFjc1EOtKz0AvaIz0zMcIP&grant_type=authorization_code
2019-12-23 15:30:16   status:200
2019-12-23 15:30:16   data:{'session_key': 'Biszv/+r3cZL9SToGCZ0jw==', 'openid': 'oJfBH41Q13o00lX3pbhGAKUmThxA'}
2019-12-23 15:30:23   GET:https://api.weixin.qq.com/sns/jscode2session?appid=wxb10693ce301b0503&secret=fe966f7c89ba08eccd70060f2b3f9801&js_code=011OnYC42bEQGR0VNGD42b1XC42OnYCV&grant_type=authorization_code
2019-12-23 15:30:23   status:200
2019-12-23 15:30:23   data:{'session_key': 'Biszv/+r3cZL9SToGCZ0jw==', 'openid': 'oJfBH41Q13o00lX3pbhGAKUmThxA'}
2019-12-23 15:30:31   GET:https://api.weixin.qq.com/sns/jscode2session?appid=wxb10693ce301b0503&secret=fe966f7c89ba08eccd70060f2b3f9801&js_code=071GaeqV1v1vE01g7XpV1RjjqV1Gaeqf&grant_type=authorization_code
2019-12-23 15:30:31   status:200
2019-12-23 15:30:31   data:{'session_key': 'Biszv/+r3cZL9SToGCZ0jw==', 'openid': 'oJfBH41Q13o00lX3pbhGAKUmThxA'}
2019-12-23 15:30:53   ('data DoesNotExist',)
2019-12-23 15:30:53   GET:https://api.weixin.qq.com/sns/jscode2session?appid=wxb10693ce301b0503&secret=fe966f7c89ba08eccd70060f2b3f9801&js_code=081ywxJZ1ltySV0GLCIZ1UnKJZ1ywxJe&grant_type=authorization_code
2019-12-23 15:30:53   status:200
2019-12-23 15:30:53   data:{'session_key': 'Biszv/+r3cZL9SToGCZ0jw==', 'openid': 'oJfBH41Q13o00lX3pbhGAKUmThxA'}
2019-12-23 15:31:03   GET:https://api.weixin.qq.com/sns/jscode2session?appid=wxb10693ce301b0503&secret=fe966f7c89ba08eccd70060f2b3f9801&js_code=0210a9IZ1nMeRV0oiLKZ1AAaIZ10a9IP&grant_type=authorization_code
2019-12-23 15:31:03   status:200
2019-12-23 15:31:03   data:{'session_key': 'Biszv/+r3cZL9SToGCZ0jw==', 'openid': 'oJfBH41Q13o00lX3pbhGAKUmThxA'}
2019-12-23 15:31:30   GET:https://api.weixin.qq.com/sns/jscode2session?appid=wxb10693ce301b0503&secret=fe966f7c89ba08eccd70060f2b3f9801&js_code=0010hgSR0aRnO42f3lSR0UJhSR00hgSV&grant_type=authorization_code
2019-12-23 15:31:30   status:200
2019-12-23 15:31:30   data:{'session_key': 'Biszv/+r3cZL9SToGCZ0jw==', 'openid': 'oJfBH41Q13o00lX3pbhGAKUmThxA'}
2019-12-23 15:31:34   GET:https://api.weixin.qq.com/sns/jscode2session?appid=wxb10693ce301b0503&secret=fe966f7c89ba08eccd70060f2b3f9801&js_code=071PQFIP0RKgc72Uf1FP0QgGIP0PQFIy&grant_type=authorization_code
2019-12-23 15:31:35   status:200
2019-12-23 15:31:35   data:{'session_key': 'Biszv/+r3cZL9SToGCZ0jw==', 'openid': 'oJfBH41Q13o00lX3pbhGAKUmThxA'}
2019-12-23 15:32:15   GET:https://api.weixin.qq.com/sns/jscode2session?appid=wxb10693ce301b0503&secret=fe966f7c89ba08eccd70060f2b3f9801&js_code=0011VHAd1oYHrw0G9rDd1OrNAd11VHAD&grant_type=authorization_code
2019-12-23 15:32:16   status:200
2019-12-23 15:32:16   data:{'session_key': '54XyKOEQRJR6yfEsC0VHrQ==', 'openid': 'oJfBH41Q13o00lX3pbhGAKUmThxA'}
2019-12-23 15:32:31   ('data DoesNotExist',)
2019-12-23 15:32:31   GET:https://api.weixin.qq.com/sns/jscode2session?appid=wxb10693ce301b0503&secret=fe966f7c89ba08eccd70060f2b3f9801&js_code=071DpcPc10HEdA007AOc1UK9Pc1DpcPR&grant_type=authorization_code
2019-12-23 15:32:31   status:200
2019-12-23 15:32:31   data:{'session_key': '54XyKOEQRJR6yfEsC0VHrQ==', 'openid': 'oJfBH41Q13o00lX3pbhGAKUmThxA'}
2019-12-23 15:32:38   GET:https://api.weixin.qq.com/sns/jscode2session?appid=wxb10693ce301b0503&secret=fe966f7c89ba08eccd70060f2b3f9801&js_code=081aem8t0GVqmj1CCx8t0l5x8t0aem80&grant_type=authorization_code
2019-12-23 15:32:38   status:200
2019-12-23 15:32:38   data:{'session_key': '54XyKOEQRJR6yfEsC0VHrQ==', 'openid': 'oJfBH41Q13o00lX3pbhGAKUmThxA'}
2019-12-23 15:32:41   GET:https://api.weixin.qq.com/sns/jscode2session?appid=wxb10693ce301b0503&secret=fe966f7c89ba08eccd70060f2b3f9801&js_code=011TZsij1Amj4t0XGogj1HItij1TZsiq&grant_type=authorization_code
2019-12-23 15:32:41   status:200
2019-12-23 15:32:41   data:{'session_key': '54XyKOEQRJR6yfEsC0VHrQ==', 'openid': 'oJfBH41Q13o00lX3pbhGAKUmThxA'}
2019-12-23 15:32:46   GET:https://api.weixin.qq.com/sns/jscode2session?appid=wxb10693ce301b0503&secret=fe966f7c89ba08eccd70060f2b3f9801&js_code=021aH8k92sTXiN0WNOj92zF6k92aH8kN&grant_type=authorization_code
2019-12-23 15:32:46   status:200
2019-12-23 15:32:46   data:{'session_key': '54XyKOEQRJR6yfEsC0VHrQ==', 'openid': 'oJfBH41Q13o00lX3pbhGAKUmThxA'}
2019-12-23 15:33:26   GET:https://api.weixin.qq.com/sns/jscode2session?appid=wxb10693ce301b0503&secret=fe966f7c89ba08eccd70060f2b3f9801&js_code=0211ZWB01DBPnV1S7AA01LbWB011ZWBC&grant_type=authorization_code
2019-12-23 15:33:26   status:200
2019-12-23 15:33:26   data:{'session_key': '54XyKOEQRJR6yfEsC0VHrQ==', 'openid': 'oJfBH41Q13o00lX3pbhGAKUmThxA'}
2019-12-23 15:33:31   GET:https://api.weixin.qq.com/sns/jscode2session?appid=wxb10693ce301b0503&secret=fe966f7c89ba08eccd70060f2b3f9801&js_code=021FXZl21mBiAS193rm21ZG3m21FXZlw&grant_type=authorization_code
2019-12-23 15:33:31   status:200
2019-12-23 15:33:31   data:{'session_key': '54XyKOEQRJR6yfEsC0VHrQ==', 'openid': 'oJfBH41Q13o00lX3pbhGAKUmThxA'}
2019-12-23 15:33:34   GET:https://api.weixin.qq.com/sns/jscode2session?appid=wxb10693ce301b0503&secret=fe966f7c89ba08eccd70060f2b3f9801&js_code=0211S62d1bA2Tv0YQn2d1B5P1d11S62p&grant_type=authorization_code
2019-12-23 15:33:34   status:200
2019-12-23 15:33:34   data:{'session_key': '54XyKOEQRJR6yfEsC0VHrQ==', 'openid': 'oJfBH41Q13o00lX3pbhGAKUmThxA'}
2019-12-23 15:33:41   ('data DoesNotExist',)
2019-12-23 15:33:42   GET:https://api.weixin.qq.com/sns/jscode2session?appid=wxb10693ce301b0503&secret=fe966f7c89ba08eccd70060f2b3f9801&js_code=071cLvEV1IEMS01ElFEV1bAOEV1cLvEa&grant_type=authorization_code
2019-12-23 15:33:42   status:200
2019-12-23 15:33:42   data:{'session_key': '54XyKOEQRJR6yfEsC0VHrQ==', 'openid': 'oJfBH41Q13o00lX3pbhGAKUmThxA'}
2019-12-23 15:33:47   GET:https://api.weixin.qq.com/sns/jscode2session?appid=wxb10693ce301b0503&secret=fe966f7c89ba08eccd70060f2b3f9801&js_code=00145TKz0xsdmc10y4Hz0KPwKz045TKL&grant_type=authorization_code
2019-12-23 15:33:48   status:200
2019-12-23 15:33:48   data:{'session_key': '54XyKOEQRJR6yfEsC0VHrQ==', 'openid': 'oJfBH41Q13o00lX3pbhGAKUmThxA'}
2019-12-23 15:33:51   GET:https://api.weixin.qq.com/sns/jscode2session?appid=wxb10693ce301b0503&secret=fe966f7c89ba08eccd70060f2b3f9801&js_code=021roNGy1CPyFc0JjMGy1qwRGy1roNGF&grant_type=authorization_code
2019-12-23 15:33:51   status:200
2019-12-23 15:33:51   data:{'session_key': '54XyKOEQRJR6yfEsC0VHrQ==', 'openid': 'oJfBH41Q13o00lX3pbhGAKUmThxA'}
2019-12-23 15:35:06   GET:https://api.weixin.qq.com/sns/jscode2session?appid=wxb10693ce301b0503&secret=fe966f7c89ba08eccd70060f2b3f9801&js_code=061eAHMR14sb661GB3KR19lQMR1eAHMX&grant_type=authorization_code
2019-12-23 15:35:06   status:200
2019-12-23 15:35:06   data:{'session_key': 'xK8K5qMLgpUvMKBcQUNxEQ==', 'openid': 'oJfBH41Q13o00lX3pbhGAKUmThxA'}
2019-12-23 15:35:13   GET:https://api.weixin.qq.com/sns/jscode2session?appid=wxb10693ce301b0503&secret=fe966f7c89ba08eccd70060f2b3f9801&js_code=061MzDf00TqLYI1tIAf002FEf00MzDfD&grant_type=authorization_code
2019-12-23 15:35:13   status:200
2019-12-23 15:35:13   data:{'session_key': 'xK8K5qMLgpUvMKBcQUNxEQ==', 'openid': 'oJfBH41Q13o00lX3pbhGAKUmThxA'}
2019-12-23 15:36:15   GET:https://api.weixin.qq.com/sns/jscode2session?appid=wxb10693ce301b0503&secret=fe966f7c89ba08eccd70060f2b3f9801&js_code=081Dyjpw06Dsyd1EFBpw0lqvpw0Dyjps&grant_type=authorization_code
2019-12-23 15:36:15   status:200
2019-12-23 15:36:15   data:{'session_key': 'xK8K5qMLgpUvMKBcQUNxEQ==', 'openid': 'oJfBH41Q13o00lX3pbhGAKUmThxA'}
2019-12-23 15:36:22   ('data DoesNotExist',)
2019-12-23 15:36:22   GET:https://api.weixin.qq.com/sns/jscode2session?appid=wxb10693ce301b0503&secret=fe966f7c89ba08eccd70060f2b3f9801&js_code=021E1NaK169wr107n3aK1DUDaK1E1Nas&grant_type=authorization_code
2019-12-23 15:36:22   status:200
2019-12-23 15:36:22   data:{'session_key': 'xK8K5qMLgpUvMKBcQUNxEQ==', 'openid': 'oJfBH41Q13o00lX3pbhGAKUmThxA'}
2019-12-23 15:36:36   GET:https://api.weixin.qq.com/sns/jscode2session?appid=wxb10693ce301b0503&secret=fe966f7c89ba08eccd70060f2b3f9801&js_code=081HXjYm10rWEn009zZm1fj8Ym1HXjY6&grant_type=authorization_code
2019-12-23 15:36:36   status:200
2019-12-23 15:36:36   data:{'session_key': 'xK8K5qMLgpUvMKBcQUNxEQ==', 'openid': 'oJfBH41Q13o00lX3pbhGAKUmThxA'}
2019-12-23 15:36:43   GET:https://api.weixin.qq.com/sns/jscode2session?appid=wxb10693ce301b0503&secret=fe966f7c89ba08eccd70060f2b3f9801&js_code=001Kjji62nkIOO0r3tj62Fk3i62Kjji3&grant_type=authorization_code
2019-12-23 15:36:43   status:200
2019-12-23 15:36:43   data:{'session_key': 'xK8K5qMLgpUvMKBcQUNxEQ==', 'openid': 'oJfBH41Q13o00lX3pbhGAKUmThxA'}
2019-12-23 15:36:50   ('data DoesNotExist',)
2019-12-23 15:36:50   GET:https://api.weixin.qq.com/sns/jscode2session?appid=wxb10693ce301b0503&secret=fe966f7c89ba08eccd70060f2b3f9801&js_code=01176bj50JoiXE1r3sg501Onj5076bjh&grant_type=authorization_code
2019-12-23 15:36:51   status:200
2019-12-23 15:36:51   data:{'session_key': 'xK8K5qMLgpUvMKBcQUNxEQ==', 'openid': 'oJfBH41Q13o00lX3pbhGAKUmThxA'}
2019-12-23 15:36:57   GET:https://api.weixin.qq.com/sns/jscode2session?appid=wxb10693ce301b0503&secret=fe966f7c89ba08eccd70060f2b3f9801&js_code=021AJH6v0HycNg1Sld6v0mfD6v0AJH6S&grant_type=authorization_code
2019-12-23 15:36:57   status:200
2019-12-23 15:36:57   data:{'session_key': 'xK8K5qMLgpUvMKBcQUNxEQ==', 'openid': 'oJfBH41Q13o00lX3pbhGAKUmThxA'}
2019-12-23 15:36:59   GET:https://api.weixin.qq.com/sns/jscode2session?appid=wxb10693ce301b0503&secret=fe966f7c89ba08eccd70060f2b3f9801&js_code=081zVBpK0EJuYa2CgbtK08pvpK0zVBpF&grant_type=authorization_code
2019-12-23 15:36:59   status:200
2019-12-23 15:36:59   data:{'session_key': 'xK8K5qMLgpUvMKBcQUNxEQ==', 'openid': 'oJfBH41Q13o00lX3pbhGAKUmThxA'}
2019-12-23 15:37:04   ('data DoesNotExist',)
2019-12-23 15:37:05   GET:https://api.weixin.qq.com/sns/jscode2session?appid=wxb10693ce301b0503&secret=fe966f7c89ba08eccd70060f2b3f9801&js_code=011gGeIk2XhXYB0mhiIk2CK7Ik2gGeID&grant_type=authorization_code
2019-12-23 15:37:05   status:200
2019-12-23 15:37:05   data:{'session_key': 'xK8K5qMLgpUvMKBcQUNxEQ==', 'openid': 'oJfBH41Q13o00lX3pbhGAKUmThxA'}
2019-12-23 15:37:10   GET:https://api.weixin.qq.com/sns/jscode2session?appid=wxb10693ce301b0503&secret=fe966f7c89ba08eccd70060f2b3f9801&js_code=081cFPtD14emn80WvuuD12PXtD1cFPtU&grant_type=authorization_code
2019-12-23 15:37:10   status:200
2019-12-23 15:37:10   data:{'session_key': '4DcjLDRIU/e32Aa05oP31Q==', 'openid': 'oJfBH41Q13o00lX3pbhGAKUmThxA'}
2019-12-23 15:37:16   GET:https://api.weixin.qq.com/sns/jscode2session?appid=wxb10693ce301b0503&secret=fe966f7c89ba08eccd70060f2b3f9801&js_code=0714if0U0kANo22ydu2U0z7ZZT04if0n&grant_type=authorization_code
2019-12-23 15:37:16   status:200
2019-12-23 15:37:16   data:{'session_key': '4DcjLDRIU/e32Aa05oP31Q==', 'openid': 'oJfBH41Q13o00lX3pbhGAKUmThxA'}
2019-12-23 15:37:22   ('data DoesNotExist',)
2019-12-23 15:37:23   GET:https://api.weixin.qq.com/sns/jscode2session?appid=wxb10693ce301b0503&secret=fe966f7c89ba08eccd70060f2b3f9801&js_code=071iVgT60TmGZB1Pa3T60De3T60iVgTe&grant_type=authorization_code
2019-12-23 15:37:23   status:200
2019-12-23 15:37:23   data:{'session_key': '4DcjLDRIU/e32Aa05oP31Q==', 'openid': 'oJfBH41Q13o00lX3pbhGAKUmThxA'}
2019-12-23 15:37:27   GET:https://api.weixin.qq.com/sns/jscode2session?appid=wxb10693ce301b0503&secret=fe966f7c89ba08eccd70060f2b3f9801&js_code=071Yyp9g1tFKsu0mG1cg1fun9g1Yyp9j&grant_type=authorization_code
2019-12-23 15:37:27   status:200
2019-12-23 15:37:27   data:{'session_key': '4DcjLDRIU/e32Aa05oP31Q==', 'openid': 'oJfBH41Q13o00lX3pbhGAKUmThxA'}
2019-12-23 15:37:34   GET:https://api.weixin.qq.com/sns/jscode2session?appid=wxb10693ce301b0503&secret=fe966f7c89ba08eccd70060f2b3f9801&js_code=061yzT6k1yQdlp0z3n8k1hBW6k1yzT6z&grant_type=authorization_code
2019-12-23 15:37:34   status:200
2019-12-23 15:37:34   data:{'session_key': '4DcjLDRIU/e32Aa05oP31Q==', 'openid': 'oJfBH41Q13o00lX3pbhGAKUmThxA'}
2019-12-23 15:37:39   ('data DoesNotExist',)
2019-12-23 15:37:39   GET:https://api.weixin.qq.com/sns/jscode2session?appid=wxb10693ce301b0503&secret=fe966f7c89ba08eccd70060f2b3f9801&js_code=0010onI50HUpmF1VVQI50FHII500onIW&grant_type=authorization_code
2019-12-23 15:37:39   status:200
2019-12-23 15:37:39   data:{'session_key': '4DcjLDRIU/e32Aa05oP31Q==', 'openid': 'oJfBH41Q13o00lX3pbhGAKUmThxA'}
2019-12-23 15:37:43   GET:https://api.weixin.qq.com/sns/jscode2session?appid=wxb10693ce301b0503&secret=fe966f7c89ba08eccd70060f2b3f9801&js_code=081fPAy52KyR4O00iQy52vsDy52fPAyd&grant_type=authorization_code
2019-12-23 15:37:43   status:200
2019-12-23 15:37:43   data:{'session_key': '4DcjLDRIU/e32Aa05oP31Q==', 'openid': 'oJfBH41Q13o00lX3pbhGAKUmThxA'}
2019-12-23 15:37:52   ('data DoesNotExist',)
2019-12-23 15:37:52   GET:https://api.weixin.qq.com/sns/jscode2session?appid=wxb10693ce301b0503&secret=fe966f7c89ba08eccd70060f2b3f9801&js_code=011wuTes0GB2ti1K3vcs0g5Zes0wuTeZ&grant_type=authorization_code
2019-12-23 15:37:52   status:200
2019-12-23 15:37:52   data:{'session_key': '4DcjLDRIU/e32Aa05oP31Q==', 'openid': 'oJfBH41Q13o00lX3pbhGAKUmThxA'}
2019-12-23 15:38:00   GET:https://api.weixin.qq.com/sns/jscode2session?appid=wxb10693ce301b0503&secret=fe966f7c89ba08eccd70060f2b3f9801&js_code=081YSgMr02jv0i1MtWMr0nEdMr0YSgM-&grant_type=authorization_code
2019-12-23 15:38:01   status:200
2019-12-23 15:38:01   data:{'session_key': '4DcjLDRIU/e32Aa05oP31Q==', 'openid': 'oJfBH41Q13o00lX3pbhGAKUmThxA'}
2019-12-23 15:38:07   ('data DoesNotExist',)
2019-12-23 15:38:07   GET:https://api.weixin.qq.com/sns/jscode2session?appid=wxb10693ce301b0503&secret=fe966f7c89ba08eccd70060f2b3f9801&js_code=061mJAZn0nSUin1zbv0o06zmZn0mJAZM&grant_type=authorization_code
2019-12-23 15:38:07   status:200
2019-12-23 15:38:07   data:{'session_key': '4DcjLDRIU/e32Aa05oP31Q==', 'openid': 'oJfBH41Q13o00lX3pbhGAKUmThxA'}
2019-12-23 15:38:11   GET:https://api.weixin.qq.com/sns/jscode2session?appid=wxb10693ce301b0503&secret=fe966f7c89ba08eccd70060f2b3f9801&js_code=061hRrb40IM9nI1guL840sDsb40hRrbs&grant_type=authorization_code
2019-12-23 15:38:11   status:200
2019-12-23 15:38:11   data:{'session_key': '4DcjLDRIU/e32Aa05oP31Q==', 'openid': 'oJfBH41Q13o00lX3pbhGAKUmThxA'}
2019-12-23 15:38:24   ('data DoesNotExist',)
2019-12-23 15:38:24   GET:https://api.weixin.qq.com/sns/jscode2session?appid=wxb10693ce301b0503&secret=fe966f7c89ba08eccd70060f2b3f9801&js_code=061M9y9m1W4fQm0MOC6m179R9m1M9y9q&grant_type=authorization_code
2019-12-23 15:38:25   status:200
2019-12-23 15:38:25   data:{'session_key': '4DcjLDRIU/e32Aa05oP31Q==', 'openid': 'oJfBH41Q13o00lX3pbhGAKUmThxA'}
2019-12-23 15:38:33   ('data DoesNotExist',)
2019-12-23 15:38:33   GET:https://api.weixin.qq.com/sns/jscode2session?appid=wxb10693ce301b0503&secret=fe966f7c89ba08eccd70060f2b3f9801&js_code=081OkMqN0JPZr92W1ipN0U2SqN0OkMqp&grant_type=authorization_code
2019-12-23 15:38:33   status:200
2019-12-23 15:38:33   data:{'session_key': '4DcjLDRIU/e32Aa05oP31Q==', 'openid': 'oJfBH41Q13o00lX3pbhGAKUmThxA'}
2019-12-23 15:38:40   ('data DoesNotExist',)
2019-12-23 15:38:41   GET:https://api.weixin.qq.com/sns/jscode2session?appid=wxb10693ce301b0503&secret=fe966f7c89ba08eccd70060f2b3f9801&js_code=021kqKqE1ntPM403ptqE1htxqE1kqKqD&grant_type=authorization_code
2019-12-23 15:38:41   status:200
2019-12-23 15:38:41   data:{'session_key': '4DcjLDRIU/e32Aa05oP31Q==', 'openid': 'oJfBH41Q13o00lX3pbhGAKUmThxA'}
2019-12-23 15:38:49   ('data DoesNotExist',)
2019-12-23 15:38:49   GET:https://api.weixin.qq.com/sns/jscode2session?appid=wxb10693ce301b0503&secret=fe966f7c89ba08eccd70060f2b3f9801&js_code=001Ha8450cV5IE14kL350bDf450Ha84i&grant_type=authorization_code
2019-12-23 15:38:49   status:200
2019-12-23 15:38:49   data:{'session_key': '4DcjLDRIU/e32Aa05oP31Q==', 'openid': 'oJfBH41Q13o00lX3pbhGAKUmThxA'}
2019-12-23 15:38:56   ('data DoesNotExist',)
2019-12-23 15:38:56   GET:https://api.weixin.qq.com/sns/jscode2session?appid=wxb10693ce301b0503&secret=fe966f7c89ba08eccd70060f2b3f9801&js_code=011i5cru10Gbvh01Krqu1Gupru1i5crf&grant_type=authorization_code
2019-12-23 15:38:57   status:200
2019-12-23 15:38:57   data:{'session_key': '4DcjLDRIU/e32Aa05oP31Q==', 'openid': 'oJfBH41Q13o00lX3pbhGAKUmThxA'}
2019-12-23 15:39:05   GET:https://api.weixin.qq.com/sns/jscode2session?appid=wxb10693ce301b0503&secret=fe966f7c89ba08eccd70060f2b3f9801&js_code=061j3EDb2KlG4L0cPUBb25w3Eb2j3EDz&grant_type=authorization_code
2019-12-23 15:39:05   status:200
2019-12-23 15:39:05   data:{'session_key': '4DcjLDRIU/e32Aa05oP31Q==', 'openid': 'oJfBH41Q13o00lX3pbhGAKUmThxA'}
2019-12-23 15:39:10   ('data DoesNotExist',)
2019-12-23 15:39:10   GET:https://api.weixin.qq.com/sns/jscode2session?appid=wxb10693ce301b0503&secret=fe966f7c89ba08eccd70060f2b3f9801&js_code=011VSYTa0FxNsB1iJZUa0TihUa0VSYT6&grant_type=authorization_code
2019-12-23 15:39:10   status:200
2019-12-23 15:39:10   data:{'session_key': 'xGXd5xHVnM8y6TZ242AohQ==', 'openid': 'oJfBH41Q13o00lX3pbhGAKUmThxA'}
2019-12-23 15:39:44   GET:https://api.weixin.qq.com/sns/jscode2session?appid=wxb10693ce301b0503&secret=fe966f7c89ba08eccd70060f2b3f9801&js_code=021uHe0o18uVGo08CBXn1Q600o1uHe0L&grant_type=authorization_code
2019-12-23 15:39:44   status:200
2019-12-23 15:39:44   data:{'session_key': 'xGXd5xHVnM8y6TZ242AohQ==', 'openid': 'oJfBH41Q13o00lX3pbhGAKUmThxA'}
2019-12-23 15:39:50   GET:https://api.weixin.qq.com/sns/jscode2session?appid=wxb10693ce301b0503&secret=fe966f7c89ba08eccd70060f2b3f9801&js_code=071Y2F4E0Idigi2zjn4E08af4E0Y2F4K&grant_type=authorization_code
2019-12-23 15:39:50   status:200
2019-12-23 15:39:50   data:{'session_key': 'xGXd5xHVnM8y6TZ242AohQ==', 'openid': 'oJfBH41Q13o00lX3pbhGAKUmThxA'}
2019-12-23 15:40:07   GET:https://api.weixin.qq.com/sns/jscode2session?appid=wxb10693ce301b0503&secret=fe966f7c89ba08eccd70060f2b3f9801&js_code=011zF3CT0wDC022HpPAT0hf7CT0zF3Ct&grant_type=authorization_code
2019-12-23 15:40:07   status:200
2019-12-23 15:40:07   data:{'session_key': 'xGXd5xHVnM8y6TZ242AohQ==', 'openid': 'oJfBH41Q13o00lX3pbhGAKUmThxA'}
2019-12-23 15:40:15   GET:https://api.weixin.qq.com/sns/jscode2session?appid=wxb10693ce301b0503&secret=fe966f7c89ba08eccd70060f2b3f9801&js_code=071CzAGS0Rh9512E4jGS0j3VGS0CzAGS&grant_type=authorization_code
2019-12-23 15:40:15   status:200
2019-12-23 15:40:15   data:{'session_key': 'xGXd5xHVnM8y6TZ242AohQ==', 'openid': 'oJfBH41Q13o00lX3pbhGAKUmThxA'}
2019-12-23 15:41:25   GET:https://api.weixin.qq.com/sns/jscode2session?appid=wxb10693ce301b0503&secret=fe966f7c89ba08eccd70060f2b3f9801&js_code=0017YGMk0WaxDo14s4Lk0YyAMk07YGMP&grant_type=authorization_code
2019-12-23 15:41:25   status:200
2019-12-23 15:41:25   data:{'session_key': 'yA0b11X161V16XaLzl+F0g==', 'openid': 'oJfBH41Q13o00lX3pbhGAKUmThxA'}
2019-12-23 15:42:01   GET:https://api.weixin.qq.com/sns/jscode2session?appid=wxb10693ce301b0503&secret=fe966f7c89ba08eccd70060f2b3f9801&js_code=021hvYS52G2bpO0q1BR52gG2T52hvYSl&grant_type=authorization_code
2019-12-23 15:42:01   status:200
2019-12-23 15:42:01   data:{'session_key': 'yA0b11X161V16XaLzl+F0g==', 'openid': 'oJfBH41Q13o00lX3pbhGAKUmThxA'}
2019-12-23 15:42:03   GET:https://api.weixin.qq.com/sns/jscode2session?appid=wxb10693ce301b0503&secret=fe966f7c89ba08eccd70060f2b3f9801&js_code=061mnii82HkWgM0rSPh82kCdi82mniiY&grant_type=authorization_code
2019-12-23 15:42:03   status:200
2019-12-23 15:42:03   data:{'session_key': 'yA0b11X161V16XaLzl+F0g==', 'openid': 'oJfBH41Q13o00lX3pbhGAKUmThxA'}
2019-12-23 15:45:20   GET:https://api.weixin.qq.com/sns/jscode2session?appid=wxb10693ce301b0503&secret=fe966f7c89ba08eccd70060f2b3f9801&js_code=081uUtKY0qeT3Y184WKY0nIkKY0uUtK5&grant_type=authorization_code
2019-12-23 15:45:20   status:200
2019-12-23 15:45:20   data:{'session_key': '7rrAKd+dAtvdonFO9iF2tw==', 'openid': 'oJfBH41Q13o00lX3pbhGAKUmThxA'}
2019-12-23 15:45:24   GET:https://api.weixin.qq.com/sns/jscode2session?appid=wxb10693ce301b0503&secret=fe966f7c89ba08eccd70060f2b3f9801&js_code=001oC7oP1oS6f81uGBnP17s6oP1oC7o9&grant_type=authorization_code
2019-12-23 15:45:25   status:200
2019-12-23 15:45:25   data:{'session_key': '7rrAKd+dAtvdonFO9iF2tw==', 'openid': 'oJfBH41Q13o00lX3pbhGAKUmThxA'}
2019-12-23 15:45:34   ('data DoesNotExist',)
2019-12-23 15:45:34   GET:https://api.weixin.qq.com/sns/jscode2session?appid=wxb10693ce301b0503&secret=fe966f7c89ba08eccd70060f2b3f9801&js_code=071h2AnL1533M81licqL12YjnL1h2Ant&grant_type=authorization_code
2019-12-23 15:45:34   status:200
2019-12-23 15:45:34   data:{'session_key': '7rrAKd+dAtvdonFO9iF2tw==', 'openid': 'oJfBH41Q13o00lX3pbhGAKUmThxA'}
2019-12-23 16:01:53   GET:https://api.weixin.qq.com/sns/jscode2session?appid=wxb10693ce301b0503&secret=fe966f7c89ba08eccd70060f2b3f9801&js_code=071WHSqs1Lff2k05wwts1iENqs1WHSqT&grant_type=authorization_code
2019-12-23 16:01:54   status:200
2019-12-23 16:01:54   data:{'session_key': 'MkOqDgg19jvnAIO//pe20w==', 'openid': 'oJfBH41Q13o00lX3pbhGAKUmThxA'}
2019-12-23 16:04:42   GET:https://api.weixin.qq.com/sns/jscode2session?appid=wxb10693ce301b0503&secret=fe966f7c89ba08eccd70060f2b3f9801&js_code=061R2uRD11ZZK80hgKRD1yqpRD1R2uRL&grant_type=authorization_code
2019-12-23 16:04:42   status:200
2019-12-23 16:04:42   data:{'session_key': 'Faxfk2j5QqnwyAIBaNNJqg==', 'openid': 'oJfBH41Q13o00lX3pbhGAKUmThxA'}
2019-12-23 16:06:08   GET:https://api.weixin.qq.com/sns/jscode2session?appid=wxb10693ce301b0503&secret=fe966f7c89ba08eccd70060f2b3f9801&js_code=001912vA1Fx8W90NtovA1yibvA1912v8&grant_type=authorization_code
2019-12-23 16:06:08   status:200
2019-12-23 16:06:08   data:{'session_key': 'Faxfk2j5QqnwyAIBaNNJqg==', 'openid': 'oJfBH41Q13o00lX3pbhGAKUmThxA'}
2019-12-23 16:07:22   GET:https://api.weixin.qq.com/sns/jscode2session?appid=wxb10693ce301b0503&secret=fe966f7c89ba08eccd70060f2b3f9801&js_code=021GfyXW1gf9EX0bCcWW1RzNXW1GfyXG&grant_type=authorization_code
2019-12-23 16:07:22   status:200
2019-12-23 16:07:22   data:{'session_key': 'XzGuFjwfq+gwJ+fThzxT4Q==', 'openid': 'oJfBH41Q13o00lX3pbhGAKUmThxA'}
2019-12-23 16:07:54   GET:https://api.weixin.qq.com/sns/jscode2session?appid=wxb10693ce301b0503&secret=fe966f7c89ba08eccd70060f2b3f9801&js_code=021cOJqC1Oymk703q5rC18XKqC1cOJqU&grant_type=authorization_code
2019-12-23 16:07:54   status:200
2019-12-23 16:07:54   data:{'session_key': 'XzGuFjwfq+gwJ+fThzxT4Q==', 'openid': 'oJfBH41Q13o00lX3pbhGAKUmThxA'}
2019-12-23 16:08:50   GET:https://api.weixin.qq.com/sns/jscode2session?appid=wxb10693ce301b0503&secret=fe966f7c89ba08eccd70060f2b3f9801&js_code=011vxtfw1LMJLe0hq6iw10Eufw1vxtfB&grant_type=authorization_code
2019-12-23 16:08:50   status:200
2019-12-23 16:08:50   data:{'session_key': 'XzGuFjwfq+gwJ+fThzxT4Q==', 'openid': 'oJfBH41Q13o00lX3pbhGAKUmThxA'}
2019-12-23 16:11:00   GET:https://api.weixin.qq.com/sns/jscode2session?appid=wxb10693ce301b0503&secret=fe966f7c89ba08eccd70060f2b3f9801&js_code=0610xqjh0cLBfu1ZV7gh0ubsjh00xqjV&grant_type=authorization_code
2019-12-23 16:11:01   status:200
2019-12-23 16:11:01   data:{'session_key': 'rW2NhCOaXWV5jbiMKzh7hw==', 'openid': 'oJfBH41Q13o00lX3pbhGAKUmThxA'}
2019-12-23 16:11:08   GET:https://api.weixin.qq.com/sns/jscode2session?appid=wxb10693ce301b0503&secret=fe966f7c89ba08eccd70060f2b3f9801&js_code=081S01gq0QZF1l1NuZhq0DyZfq0S01gL&grant_type=authorization_code
2019-12-23 16:11:08   status:200
2019-12-23 16:11:08   data:{'session_key': 'rW2NhCOaXWV5jbiMKzh7hw==', 'openid': 'oJfBH41Q13o00lX3pbhGAKUmThxA'}
2019-12-23 16:11:11   GET:https://api.weixin.qq.com/sns/jscode2session?appid=wxb10693ce301b0503&secret=fe966f7c89ba08eccd70060f2b3f9801&js_code=02120Uhd0btbjz1J6Hhd0wa3id020Uhd&grant_type=authorization_code
2019-12-23 16:11:11   status:200
2019-12-23 16:11:11   data:{'session_key': 'rW2NhCOaXWV5jbiMKzh7hw==', 'openid': 'oJfBH41Q13o00lX3pbhGAKUmThxA'}
2019-12-23 16:12:15   GET:https://api.weixin.qq.com/sns/jscode2session?appid=wxb10693ce301b0503&secret=fe966f7c89ba08eccd70060f2b3f9801&js_code=001eb81S1DC3N11DRoXR1Dmq1S1eb81w&grant_type=authorization_code
2019-12-23 16:12:16   status:200
2019-12-23 16:12:16   data:{'session_key': 'rW2NhCOaXWV5jbiMKzh7hw==', 'openid': 'oJfBH41Q13o00lX3pbhGAKUmThxA'}
2019-12-23 16:12:26   ('data DoesNotExist',)
2019-12-23 16:12:26   GET:https://api.weixin.qq.com/sns/jscode2session?appid=wxb10693ce301b0503&secret=fe966f7c89ba08eccd70060f2b3f9801&js_code=061WSFX81EM4zL1LmpU81IJDX81WSFXh&grant_type=authorization_code
2019-12-23 16:12:26   status:200
2019-12-23 16:12:26   data:{'session_key': 'rW2NhCOaXWV5jbiMKzh7hw==', 'openid': 'oJfBH41Q13o00lX3pbhGAKUmThxA'}
2019-12-23 16:13:21   GET:https://api.weixin.qq.com/sns/jscode2session?appid=wxb10693ce301b0503&secret=fe966f7c89ba08eccd70060f2b3f9801&js_code=071Y2ddG0lEeRf2YrZcG0Xk8dG0Y2ddq&grant_type=authorization_code
2019-12-23 16:13:21   status:200
2019-12-23 16:13:21   data:{'session_key': 'uLmcOkq2qouoSdW+A3eeBw==', 'openid': 'oJfBH41Q13o00lX3pbhGAKUmThxA'}
2019-12-23 16:14:07   GET:https://api.weixin.qq.com/sns/jscode2session?appid=wxb10693ce301b0503&secret=fe966f7c89ba08eccd70060f2b3f9801&js_code=021zBqUl0kNtLp13GiSl0XVAUl0zBqUy&grant_type=authorization_code
2019-12-23 16:14:07   status:200
2019-12-23 16:14:07   data:{'session_key': 'uLmcOkq2qouoSdW+A3eeBw==', 'openid': 'oJfBH41Q13o00lX3pbhGAKUmThxA'}
2019-12-23 16:23:56   GET:https://api.weixin.qq.com/sns/jscode2session?appid=wxb10693ce301b0503&secret=fe966f7c89ba08eccd70060f2b3f9801&js_code=001Wj5Cr0m1kQh1EG3Er0CyaCr0Wj5C6&grant_type=authorization_code
2019-12-23 16:23:56   status:200
2019-12-23 16:23:56   data:{'session_key': '0s8u7T1DjxeKkNhHPh3ZyA==', 'openid': 'oJfBH41Q13o00lX3pbhGAKUmThxA'}
2019-12-23 16:24:02   GET:https://api.weixin.qq.com/sns/jscode2session?appid=wxb10693ce301b0503&secret=fe966f7c89ba08eccd70060f2b3f9801&js_code=081b3HhM1pp9G916plkM1bzzhM1b3Hhd&grant_type=authorization_code
2019-12-23 16:24:02   status:200
2019-12-23 16:24:02   data:{'session_key': '0s8u7T1DjxeKkNhHPh3ZyA==', 'openid': 'oJfBH41Q13o00lX3pbhGAKUmThxA'}
2019-12-23 16:27:59   ('data DoesNotExist',)
2019-12-23 16:27:59   GET:https://api.weixin.qq.com/sns/jscode2session?appid=wxb10693ce301b0503&secret=fe966f7c89ba08eccd70060f2b3f9801&js_code=021EDEYn1pIbFo0OrmXn1KQNYn1EDEYy&grant_type=authorization_code
2019-12-23 16:28:00   status:200
2019-12-23 16:28:00   data:{'session_key': 'ZyQj8FQBcevZsmAejM87rQ==', 'openid': 'oJfBH41Q13o00lX3pbhGAKUmThxA'}
2019-12-23 16:28:09   GET:https://api.weixin.qq.com/sns/jscode2session?appid=wxb10693ce301b0503&secret=fe966f7c89ba08eccd70060f2b3f9801&js_code=021vy07a2Mp7yJ0TbP6a2smf7a2vy07q&grant_type=authorization_code
2019-12-23 16:28:09   status:200
2019-12-23 16:28:09   data:{'session_key': 'ZyQj8FQBcevZsmAejM87rQ==', 'openid': 'oJfBH41Q13o00lX3pbhGAKUmThxA'}
2019-12-23 16:28:14   ('data DoesNotExist',)
2019-12-23 16:28:22   GET:https://api.weixin.qq.com/sns/jscode2session?appid=wxb10693ce301b0503&secret=fe966f7c89ba08eccd70060f2b3f9801&js_code=081oRKMS0eXkb12dL8PS0Qq5NS0oRKMQ&grant_type=authorization_code
2019-12-23 16:28:22   status:200
2019-12-23 16:28:22   data:{'session_key': 'ZyQj8FQBcevZsmAejM87rQ==', 'openid': 'oJfBH41Q13o00lX3pbhGAKUmThxA'}
2019-12-23 16:31:31   GET:https://api.weixin.qq.com/sns/jscode2session?appid=wxb10693ce301b0503&secret=fe966f7c89ba08eccd70060f2b3f9801&js_code=061uqYZK1jxEo81cdV0L1H6g0L1uqYZq&grant_type=authorization_code
2019-12-23 16:31:31   status:200
2019-12-23 16:31:31   data:{'session_key': 'lolLoR8KQ4DFZRo3FS+PYA==', 'openid': 'oJfBH41Q13o00lX3pbhGAKUmThxA'}
2019-12-23 16:31:33   GET:https://api.weixin.qq.com/sns/jscode2session?appid=wxb10693ce301b0503&secret=fe966f7c89ba08eccd70060f2b3f9801&js_code=021zOvjQ12aOC41hPViQ1U1vjQ1zOvjB&grant_type=authorization_code
2019-12-23 16:31:33   status:200
2019-12-23 16:31:33   data:{'session_key': 'lolLoR8KQ4DFZRo3FS+PYA==', 'openid': 'oJfBH41Q13o00lX3pbhGAKUmThxA'}
2019-12-23 16:31:45   GET:https://api.weixin.qq.com/sns/jscode2session?appid=wxb10693ce301b0503&secret=fe966f7c89ba08eccd70060f2b3f9801&js_code=061SiWDQ0Pk6A32gR6EQ07AUDQ0SiWD-&grant_type=authorization_code
2019-12-23 16:31:45   status:200
2019-12-23 16:31:45   data:{'session_key': 'lolLoR8KQ4DFZRo3FS+PYA==', 'openid': 'oJfBH41Q13o00lX3pbhGAKUmThxA'}
2019-12-23 16:33:25   GET:https://api.weixin.qq.com/sns/jscode2session?appid=wxb10693ce301b0503&secret=fe966f7c89ba08eccd70060f2b3f9801&js_code=071O7Oh42B2GlR0R9Nh42DNPh42O7OhK&grant_type=authorization_code
2019-12-23 16:33:25   status:200
2019-12-23 16:33:25   data:{'session_key': 'lolLoR8KQ4DFZRo3FS+PYA==', 'openid': 'oJfBH41Q13o00lX3pbhGAKUmThxA'}
2019-12-23 16:39:50   GET:https://api.weixin.qq.com/sns/jscode2session?appid=wxb10693ce301b0503&secret=fe966f7c89ba08eccd70060f2b3f9801&js_code=021F1LTg1vL5dv0NXMRg1FLoTg1F1LTm&grant_type=authorization_code
2019-12-23 16:39:51   status:200
2019-12-23 16:39:51   data:{'session_key': 'TG0DAK7KW8rLcnfWYm2G/Q==', 'openid': 'oJfBH41Q13o00lX3pbhGAKUmThxA'}
2019-12-23 16:40:21   GET:https://api.weixin.qq.com/sns/jscode2session?appid=wxb10693ce301b0503&secret=fe966f7c89ba08eccd70060f2b3f9801&js_code=081wclra1xIO2N18C3ra1ye4ra1wclrF&grant_type=authorization_code
2019-12-23 16:40:21   status:200
2019-12-23 16:40:21   data:{'session_key': 'TG0DAK7KW8rLcnfWYm2G/Q==', 'openid': 'oJfBH41Q13o00lX3pbhGAKUmThxA'}
2019-12-23 16:40:24   GET:https://api.weixin.qq.com/sns/jscode2session?appid=wxb10693ce301b0503&secret=fe966f7c89ba08eccd70060f2b3f9801&js_code=081hJacs1xNwNj0T2Dds1Ry9cs1hJac0&grant_type=authorization_code
2019-12-23 16:40:24   status:200
2019-12-23 16:40:24   data:{'session_key': 'TG0DAK7KW8rLcnfWYm2G/Q==', 'openid': 'oJfBH41Q13o00lX3pbhGAKUmThxA'}
2019-12-23 16:41:42   GET:https://api.weixin.qq.com/sns/jscode2session?appid=wxb10693ce301b0503&secret=fe966f7c89ba08eccd70060f2b3f9801&js_code=081WUmGO1K5qx71KwCFO1OjgGO1WUmGv&grant_type=authorization_code
2019-12-23 16:41:42   status:200
2019-12-23 16:41:42   data:{'session_key': 'TG0DAK7KW8rLcnfWYm2G/Q==', 'openid': 'oJfBH41Q13o00lX3pbhGAKUmThxA'}
2019-12-23 16:41:44   GET:https://api.weixin.qq.com/sns/jscode2session?appid=wxb10693ce301b0503&secret=fe966f7c89ba08eccd70060f2b3f9801&js_code=061IUN322SBbFT00RF522nMA322IUN3s&grant_type=authorization_code
2019-12-23 16:41:45   status:200
2019-12-23 16:41:45   data:{'session_key': 'TG0DAK7KW8rLcnfWYm2G/Q==', 'openid': 'oJfBH41Q13o00lX3pbhGAKUmThxA'}
2019-12-23 16:41:46   GET:https://api.weixin.qq.com/sns/jscode2session?appid=wxb10693ce301b0503&secret=fe966f7c89ba08eccd70060f2b3f9801&js_code=071ZLVra177k3N1dgypa1ZZBra1ZLVru&grant_type=authorization_code
2019-12-23 16:41:46   status:200
2019-12-23 16:41:46   data:{'session_key': 'TG0DAK7KW8rLcnfWYm2G/Q==', 'openid': 'oJfBH41Q13o00lX3pbhGAKUmThxA'}
2019-12-23 16:42:23   ('data DoesNotExist',)
2019-12-23 16:42:24   GET:https://api.weixin.qq.com/sns/jscode2session?appid=wxb10693ce301b0503&secret=fe966f7c89ba08eccd70060f2b3f9801&js_code=061yOwp52nxntS05MUn52wXVp52yOwpn&grant_type=authorization_code
2019-12-23 16:42:24   status:200
2019-12-23 16:42:24   data:{'session_key': '20mJaSUf1xl+sT5sGkOT7Q==', 'openid': 'oJfBH41Q13o00lX3pbhGAKUmThxA'}
2019-12-23 16:42:31   GET:https://api.weixin.qq.com/sns/jscode2session?appid=wxb10693ce301b0503&secret=fe966f7c89ba08eccd70060f2b3f9801&js_code=071cI7x80ZNzDD1ELPw80wqfx80cI7xU&grant_type=authorization_code
2019-12-23 16:42:31   status:200
2019-12-23 16:42:31   data:{'session_key': '20mJaSUf1xl+sT5sGkOT7Q==', 'openid': 'oJfBH41Q13o00lX3pbhGAKUmThxA'}
2019-12-23 16:44:14   GET:https://api.weixin.qq.com/sns/jscode2session?appid=wxb10693ce301b0503&secret=fe966f7c89ba08eccd70060f2b3f9801&js_code=081ySrIN0wuMJ926u5KN0vBxIN0ySrI5&grant_type=authorization_code
2019-12-23 16:44:14   status:200
2019-12-23 16:44:14   data:{'session_key': '20mJaSUf1xl+sT5sGkOT7Q==', 'openid': 'oJfBH41Q13o00lX3pbhGAKUmThxA'}
2019-12-23 16:44:25   GET:https://api.weixin.qq.com/sns/jscode2session?appid=wxb10693ce301b0503&secret=fe966f7c89ba08eccd70060f2b3f9801&js_code=061SULo21VL2DS1J3Yp21VCbp21SULoL&grant_type=authorization_code
2019-12-23 16:44:25   status:200
2019-12-23 16:44:25   data:{'session_key': 'oQhZyuvwkFWswl9+nA085A==', 'openid': 'oJfBH41Q13o00lX3pbhGAKUmThxA'}
2019-12-23 16:44:30   GET:https://api.weixin.qq.com/sns/jscode2session?appid=wxb10693ce301b0503&secret=fe966f7c89ba08eccd70060f2b3f9801&js_code=081bZgtj29HdKA0jO2tj2tMntj2bZgtc&grant_type=authorization_code
2019-12-23 16:44:30   status:200
2019-12-23 16:44:30   data:{'session_key': 'oQhZyuvwkFWswl9+nA085A==', 'openid': 'oJfBH41Q13o00lX3pbhGAKUmThxA'}
2019-12-23 16:44:34   GET:https://api.weixin.qq.com/sns/jscode2session?appid=wxb10693ce301b0503&secret=fe966f7c89ba08eccd70060f2b3f9801&js_code=0215hJBA15uV2a06bLCA1YcTBA15hJBD&grant_type=authorization_code
2019-12-23 16:44:34   status:200
2019-12-23 16:44:34   data:{'session_key': 'oQhZyuvwkFWswl9+nA085A==', 'openid': 'oJfBH41Q13o00lX3pbhGAKUmThxA'}
2019-12-23 16:44:37   GET:https://api.weixin.qq.com/sns/jscode2session?appid=wxb10693ce301b0503&secret=fe966f7c89ba08eccd70060f2b3f9801&js_code=02197BnZ047h9U140AlZ0iUwnZ097Bnh&grant_type=authorization_code
2019-12-23 16:44:37   status:200
2019-12-23 16:44:37   data:{'session_key': 'oQhZyuvwkFWswl9+nA085A==', 'openid': 'oJfBH41Q13o00lX3pbhGAKUmThxA'}
2019-12-23 16:44:39   GET:https://api.weixin.qq.com/sns/jscode2session?appid=wxb10693ce301b0503&secret=fe966f7c89ba08eccd70060f2b3f9801&js_code=071qaq0u0tW6Hf1QVz0u0I4e0u0qaq0c&grant_type=authorization_code
2019-12-23 16:44:39   status:200
2019-12-23 16:44:39   data:{'session_key': 'oQhZyuvwkFWswl9+nA085A==', 'openid': 'oJfBH41Q13o00lX3pbhGAKUmThxA'}
2019-12-23 16:45:44   GET:https://api.weixin.qq.com/sns/jscode2session?appid=wxb10693ce301b0503&secret=fe966f7c89ba08eccd70060f2b3f9801&js_code=011bUdKQ0y5cG324eMLQ0pluKQ0bUdKy&grant_type=authorization_code
2019-12-23 16:45:44   status:200
2019-12-23 16:45:44   data:{'session_key': 'oQhZyuvwkFWswl9+nA085A==', 'openid': 'oJfBH41Q13o00lX3pbhGAKUmThxA'}
2019-12-23 16:47:44   ('data DoesNotExist',)
2019-12-23 16:47:44   GET:https://api.weixin.qq.com/sns/jscode2session?appid=wxb10693ce301b0503&secret=fe966f7c89ba08eccd70060f2b3f9801&js_code=081PWq1C1PS4V60k4p3C1yfO1C1PWq1r&grant_type=authorization_code
2019-12-23 16:47:44   status:200
2019-12-23 16:47:44   data:{'session_key': 'nfSTLbcbhzprFa2VFZ94bw==', 'openid': 'oJfBH41Q13o00lX3pbhGAKUmThxA'}
2019-12-23 16:47:54   GET:https://api.weixin.qq.com/sns/jscode2session?appid=wxb10693ce301b0503&secret=fe966f7c89ba08eccd70060f2b3f9801&js_code=081x0jRk0lFfIo1frkPk0iYtRk0x0jRO&grant_type=authorization_code
2019-12-23 16:47:54   status:200
2019-12-23 16:47:54   data:{'session_key': 'nfSTLbcbhzprFa2VFZ94bw==', 'openid': 'oJfBH41Q13o00lX3pbhGAKUmThxA'}
2019-12-23 16:47:56   GET:https://api.weixin.qq.com/sns/jscode2session?appid=wxb10693ce301b0503&secret=fe966f7c89ba08eccd70060f2b3f9801&js_code=081U1Wpp0a2Pbk18dHqp0W5bqp0U1WpZ&grant_type=authorization_code
2019-12-23 16:47:56   status:200
2019-12-23 16:47:56   data:{'session_key': 'nfSTLbcbhzprFa2VFZ94bw==', 'openid': 'oJfBH41Q13o00lX3pbhGAKUmThxA'}
2019-12-23 16:48:03   ('data DoesNotExist',)
2019-12-23 16:48:03   GET:https://api.weixin.qq.com/sns/jscode2session?appid=wxb10693ce301b0503&secret=fe966f7c89ba08eccd70060f2b3f9801&js_code=0019zvmB06TH5k2DiokB0zzFmB09zvmV&grant_type=authorization_code
2019-12-23 16:48:03   status:200
2019-12-23 16:48:03   data:{'session_key': 'nfSTLbcbhzprFa2VFZ94bw==', 'openid': 'oJfBH41Q13o00lX3pbhGAKUmThxA'}
2019-12-23 16:48:26   ('data DoesNotExist',)
2019-12-23 16:48:26   GET:https://api.weixin.qq.com/sns/jscode2session?appid=wxb10693ce301b0503&secret=fe966f7c89ba08eccd70060f2b3f9801&js_code=001SdYA62IZb7P0nJcA62XE1B62SdYA8&grant_type=authorization_code
2019-12-23 16:48:26   status:200
2019-12-23 16:48:26   data:{'session_key': 'nfSTLbcbhzprFa2VFZ94bw==', 'openid': 'oJfBH41Q13o00lX3pbhGAKUmThxA'}
2019-12-23 16:48:44   GET:https://api.weixin.qq.com/sns/jscode2session?appid=wxb10693ce301b0503&secret=fe966f7c89ba08eccd70060f2b3f9801&js_code=081BtNfa23mVGJ0LExea2gcNfa2BtNfJ&grant_type=authorization_code
2019-12-23 16:48:44   status:200
2019-12-23 16:48:44   data:{'session_key': 'nfSTLbcbhzprFa2VFZ94bw==', 'openid': 'oJfBH41Q13o00lX3pbhGAKUmThxA'}
2019-12-23 16:49:05   ('data DoesNotExist',)
2019-12-23 16:49:05   GET:https://api.weixin.qq.com/sns/jscode2session?appid=wxb10693ce301b0503&secret=fe966f7c89ba08eccd70060f2b3f9801&js_code=071FCW2C0aTeMk2mwn2C0ynX2C0FCW2C&grant_type=authorization_code
2019-12-23 16:49:05   status:200
2019-12-23 16:49:05   data:{'session_key': 'nfSTLbcbhzprFa2VFZ94bw==', 'openid': 'oJfBH41Q13o00lX3pbhGAKUmThxA'}
2019-12-23 16:49:17   GET:https://api.weixin.qq.com/sns/jscode2session?appid=wxb10693ce301b0503&secret=fe966f7c89ba08eccd70060f2b3f9801&js_code=011xYZyr0ul5Nh1sedzr0quKyr0xYZyV&grant_type=authorization_code
2019-12-23 16:49:17   status:200
2019-12-23 16:49:17   data:{'session_key': 'nfSTLbcbhzprFa2VFZ94bw==', 'openid': 'oJfBH41Q13o00lX3pbhGAKUmThxA'}
2019-12-23 16:50:15   GET:https://api.weixin.qq.com/sns/jscode2session?appid=wxb10693ce301b0503&secret=fe966f7c89ba08eccd70060f2b3f9801&js_code=021rCH0o0ax1kn1SPB0o0tIq0o0rCH0Y&grant_type=authorization_code
2019-12-23 16:50:15   status:200
2019-12-23 16:50:15   data:{'session_key': 'PBSjkTQ+D31NoKVMpgbCCw==', 'openid': 'oJfBH41Q13o00lX3pbhGAKUmThxA'}
2019-12-23 16:50:21   GET:https://api.weixin.qq.com/sns/jscode2session?appid=wxb10693ce301b0503&secret=fe966f7c89ba08eccd70060f2b3f9801&js_code=061P2T730EfzjH1aE0a30JnY730P2T7g&grant_type=authorization_code
2019-12-23 16:50:21   status:200
2019-12-23 16:50:21   data:{'session_key': 'PBSjkTQ+D31NoKVMpgbCCw==', 'openid': 'oJfBH41Q13o00lX3pbhGAKUmThxA'}
2019-12-23 16:50:23   GET:https://api.weixin.qq.com/sns/jscode2session?appid=wxb10693ce301b0503&secret=fe966f7c89ba08eccd70060f2b3f9801&js_code=071g0VN427SURR0K8tQ42gtHN42g0VNN&grant_type=authorization_code
2019-12-23 16:50:23   status:200
2019-12-23 16:50:23   data:{'session_key': 'PBSjkTQ+D31NoKVMpgbCCw==', 'openid': 'oJfBH41Q13o00lX3pbhGAKUmThxA'}
2019-12-23 16:50:50   GET:https://api.weixin.qq.com/sns/jscode2session?appid=wxb10693ce301b0503&secret=fe966f7c89ba08eccd70060f2b3f9801&js_code=021IwPZT00dpo22jPr1U0vPQZT0IwPZF&grant_type=authorization_code
2019-12-23 16:50:50   status:200
2019-12-23 16:50:50   data:{'session_key': 'PBSjkTQ+D31NoKVMpgbCCw==', 'openid': 'oJfBH41Q13o00lX3pbhGAKUmThxA'}
2019-12-23 16:51:05   GET:https://api.weixin.qq.com/sns/jscode2session?appid=wxb10693ce301b0503&secret=fe966f7c89ba08eccd70060f2b3f9801&js_code=011oW1rc2vTGkH0ctpsc2Z2lrc2oW1rV&grant_type=authorization_code
2019-12-23 16:51:05   status:200
2019-12-23 16:51:05   data:{'session_key': 'PBSjkTQ+D31NoKVMpgbCCw==', 'openid': 'oJfBH41Q13o00lX3pbhGAKUmThxA'}
2019-12-23 16:51:36   GET:https://api.weixin.qq.com/sns/jscode2session?appid=wxb10693ce301b0503&secret=fe966f7c89ba08eccd70060f2b3f9801&js_code=021M6ylz1259kd0jPelz1aHnlz1M6ylR&grant_type=authorization_code
2019-12-23 16:51:36   status:200
2019-12-23 16:51:36   data:{'session_key': 'PBSjkTQ+D31NoKVMpgbCCw==', 'openid': 'oJfBH41Q13o00lX3pbhGAKUmThxA'}
2019-12-23 16:51:54   GET:https://api.weixin.qq.com/sns/jscode2session?appid=wxb10693ce301b0503&secret=fe966f7c89ba08eccd70060f2b3f9801&js_code=0116ouNg1k0K6v0R4BNg14evNg16ouNM&grant_type=authorization_code
2019-12-23 16:51:54   status:200
2019-12-23 16:51:54   data:{'session_key': 'PBSjkTQ+D31NoKVMpgbCCw==', 'openid': 'oJfBH41Q13o00lX3pbhGAKUmThxA'}
2019-12-23 16:52:02   GET:https://api.weixin.qq.com/sns/jscode2session?appid=wxb10693ce301b0503&secret=fe966f7c89ba08eccd70060f2b3f9801&js_code=081NWFVb2ZTXmL0V1VVb2dd0Wb2NWFVv&grant_type=authorization_code
2019-12-23 16:52:02   status:200
2019-12-23 16:52:02   data:{'session_key': 'PBSjkTQ+D31NoKVMpgbCCw==', 'openid': 'oJfBH41Q13o00lX3pbhGAKUmThxA'}
2019-12-23 16:52:07   GET:https://api.weixin.qq.com/sns/jscode2session?appid=wxb10693ce301b0503&secret=fe966f7c89ba08eccd70060f2b3f9801&js_code=081QhmQP1PXS9415fPRP1sglQP1QhmQr&grant_type=authorization_code
2019-12-23 16:52:08   status:200
2019-12-23 16:52:08   data:{'session_key': 'PBSjkTQ+D31NoKVMpgbCCw==', 'openid': 'oJfBH41Q13o00lX3pbhGAKUmThxA'}
