2019-11-01 09:35:18   GET:https://api.weixin.qq.com/sns/jscode2session?appid=wxb10693ce301b0503&secret=fe966f7c89ba08eccd70060f2b3f9801&js_code=071M265C06MJ0h2uOs3C0q275C0M265d&grant_type=authorization_code
2019-11-01 09:35:19   status:200
2019-11-01 09:35:19   data:{'openid': 'oJfBH41Q13o00lX3pbhGAKUmThxA', 'session_key': 'TOamZY1iz7oM9CLxZYytlA=='}
2019-11-01 09:36:15   GET:https://api.weixin.qq.com/sns/jscode2session?appid=wxb10693ce301b0503&secret=fe966f7c89ba08eccd70060f2b3f9801&js_code=001K2ULc1r5Rdw0Zq2Nc1fRRLc1K2ULS&grant_type=authorization_code
2019-11-01 09:36:15   status:200
2019-11-01 09:36:15   data:{'openid': 'oJfBH41Q13o00lX3pbhGAKUmThxA', 'session_key': 'TOamZY1iz7oM9CLxZYytlA=='}
2019-11-01 09:37:37   GET:https://api.weixin.qq.com/sns/jscode2session?appid=wxb10693ce301b0503&secret=fe966f7c89ba08eccd70060f2b3f9801&js_code=071ewPPb05zzJB1AGRNb0hBSPb0ewPPq&grant_type=authorization_code
2019-11-01 09:37:37   status:200
2019-11-01 09:37:37   data:{'openid': 'oJfBH41Q13o00lX3pbhGAKUmThxA', 'session_key': 'MTWNxZe+QVvz2JCCoAmnPw=='}
2019-11-01 09:38:14   GET:https://api.weixin.qq.com/sns/jscode2session?appid=wxb10693ce301b0503&secret=fe966f7c89ba08eccd70060f2b3f9801&js_code=061J5FX92ZszJJ0hkkU92xJMX92J5FXx&grant_type=authorization_code
2019-11-01 09:38:14   status:200
2019-11-01 09:38:14   data:{'openid': 'oJfBH41Q13o00lX3pbhGAKUmThxA', 'session_key': 'MTWNxZe+QVvz2JCCoAmnPw=='}
2019-11-01 09:38:46   GET:https://api.weixin.qq.com/sns/jscode2session?appid=wxb10693ce301b0503&secret=fe966f7c89ba08eccd70060f2b3f9801&js_code=001h5Rxj2ReTGE0Y38vj2Jw1yj2h5Rxc&grant_type=authorization_code
2019-11-01 09:38:47   status:200
2019-11-01 09:38:47   data:{'openid': 'oJfBH41Q13o00lX3pbhGAKUmThxA', 'session_key': 'MTWNxZe+QVvz2JCCoAmnPw=='}
2019-11-01 09:39:01   GET:https://api.weixin.qq.com/sns/jscode2session?appid=wxb10693ce301b0503&secret=fe966f7c89ba08eccd70060f2b3f9801&js_code=0713OHta2yyWIN0pEJwa2KnVta23OHta&grant_type=authorization_code
2019-11-01 09:39:01   status:200
2019-11-01 09:39:01   data:{'openid': 'oJfBH41Q13o00lX3pbhGAKUmThxA', 'session_key': 'MTWNxZe+QVvz2JCCoAmnPw=='}
2019-11-01 10:18:09   GET:https://api.weixin.qq.com/sns/jscode2session?appid=wxb10693ce301b0503&secret=fe966f7c89ba08eccd70060f2b3f9801&js_code=021Juj9w1K92oh0kU69w1fBV8w1Juj9M&grant_type=authorization_code
2019-11-01 10:18:09   status:200
2019-11-01 10:18:09   data:{'openid': 'oJfBH41Q13o00lX3pbhGAKUmThxA', 'session_key': 'PkpmO45zeRVDuu5dZKJKZQ=='}
2019-11-01 10:19:38   GET:https://api.weixin.qq.com/sns/jscode2session?appid=wxb10693ce301b0503&secret=fe966f7c89ba08eccd70060f2b3f9801&js_code=071naHnQ071Af728SwqQ0EiLnQ0naHnP&grant_type=authorization_code
2019-11-01 10:19:39   status:200
2019-11-01 10:19:39   data:{'openid': 'oJfBH41Q13o00lX3pbhGAKUmThxA', 'session_key': 'PkpmO45zeRVDuu5dZKJKZQ=='}
2019-11-01 10:22:30   GET:https://api.weixin.qq.com/sns/jscode2session?appid=wxb10693ce301b0503&secret=fe966f7c89ba08eccd70060f2b3f9801&js_code=081UmsDK1KWKm20O6qCK1vLtDK1UmsDH&grant_type=authorization_code
2019-11-01 10:22:30   status:200
2019-11-01 10:22:30   data:{'openid': 'oJfBH41Q13o00lX3pbhGAKUmThxA', 'session_key': 'YOS3Ab9NE/pQt/tj/3JdaQ=='}
2019-11-01 10:22:47   GET:https://api.weixin.qq.com/sns/jscode2session?appid=wxb10693ce301b0503&secret=fe966f7c89ba08eccd70060f2b3f9801&js_code=021djAY91rv5gO18jw0a1WhFY91djAYe&grant_type=authorization_code
2019-11-01 10:22:47   status:200
2019-11-01 10:22:47   data:{'openid': 'oJfBH41Q13o00lX3pbhGAKUmThxA', 'session_key': 'YOS3Ab9NE/pQt/tj/3JdaQ=='}
2019-11-01 10:23:15   GET:https://api.weixin.qq.com/sns/jscode2session?appid=wxb10693ce301b0503&secret=fe966f7c89ba08eccd70060f2b3f9801&js_code=081iZaqt0fsxzf1noBqt0ES0qt0iZaqA&grant_type=authorization_code
2019-11-01 10:23:15   status:200
2019-11-01 10:23:15   data:{'openid': 'oJfBH41Q13o00lX3pbhGAKUmThxA', 'session_key': 'YOS3Ab9NE/pQt/tj/3JdaQ=='}
2019-11-01 10:23:34   GET:https://api.weixin.qq.com/sns/jscode2session?appid=wxb10693ce301b0503&secret=fe966f7c89ba08eccd70060f2b3f9801&js_code=081Ukhbv0aa5oi1edmdv0Dk8bv0Ukhb0&grant_type=authorization_code
2019-11-01 10:23:34   status:200
2019-11-01 10:23:34   data:{'openid': 'oJfBH41Q13o00lX3pbhGAKUmThxA', 'session_key': 'YOS3Ab9NE/pQt/tj/3JdaQ=='}
2019-11-01 10:23:49   GET:https://api.weixin.qq.com/sns/jscode2session?appid=wxb10693ce301b0503&secret=fe966f7c89ba08eccd70060f2b3f9801&js_code=001nq2Nr1qG6dl0nKqMr15VMMr1nq2Nd&grant_type=authorization_code
2019-11-01 10:23:49   status:200
2019-11-01 10:23:49   data:{'openid': 'oJfBH41Q13o00lX3pbhGAKUmThxA', 'session_key': 'YOS3Ab9NE/pQt/tj/3JdaQ=='}
2019-11-01 10:25:08   GET:https://api.weixin.qq.com/sns/jscode2session?appid=wxb10693ce301b0503&secret=fe966f7c89ba08eccd70060f2b3f9801&js_code=0619QGia0H9L7y1a7mia0jRHia09QGi3&grant_type=authorization_code
2019-11-01 10:25:08   status:200
2019-11-01 10:25:08   data:{'openid': 'oJfBH41Q13o00lX3pbhGAKUmThxA', 'session_key': 'memXPdr5Ilqtt6zdSH1fug=='}
2019-11-01 10:25:30   GET:https://api.weixin.qq.com/sns/jscode2session?appid=wxb10693ce301b0503&secret=fe966f7c89ba08eccd70060f2b3f9801&js_code=0015I4T40RVL8E1daZQ409O2T405I4To&grant_type=authorization_code
2019-11-01 10:25:30   status:200
2019-11-01 10:25:30   data:{'openid': 'oJfBH41Q13o00lX3pbhGAKUmThxA', 'session_key': 'memXPdr5Ilqtt6zdSH1fug=='}
2019-11-01 10:27:39   GET:https://api.weixin.qq.com/sns/jscode2session?appid=wxb10693ce301b0503&secret=fe966f7c89ba08eccd70060f2b3f9801&js_code=081JwvCB0OOnth2W55EB0XcwCB0JwvCB&grant_type=authorization_code
2019-11-01 10:27:39   status:200
2019-11-01 10:27:39   data:{'openid': 'oJfBH41Q13o00lX3pbhGAKUmThxA', 'session_key': 'ggxiv4RpvoZsnqBBoBdz/w=='}
2019-11-01 10:27:47   GET:https://api.weixin.qq.com/sns/jscode2session?appid=wxb10693ce301b0503&secret=fe966f7c89ba08eccd70060f2b3f9801&js_code=081NaEQs1maNzf0bBBTs1QJIQs1NaEQ8&grant_type=authorization_code
2019-11-01 10:27:47   status:200
2019-11-01 10:27:47   data:{'openid': 'oJfBH41Q13o00lX3pbhGAKUmThxA', 'session_key': 'ggxiv4RpvoZsnqBBoBdz/w=='}
2019-11-01 10:27:54   GET:https://api.weixin.qq.com/sns/jscode2session?appid=wxb10693ce301b0503&secret=fe966f7c89ba08eccd70060f2b3f9801&js_code=071Zqfel2hHlYC03ETbl26n5el2Zqfe2&grant_type=authorization_code
2019-11-01 10:27:54   status:200
2019-11-01 10:27:54   data:{'openid': 'oJfBH41Q13o00lX3pbhGAKUmThxA', 'session_key': 'ggxiv4RpvoZsnqBBoBdz/w=='}
2019-11-01 10:27:59   GET:https://api.weixin.qq.com/sns/jscode2session?appid=wxb10693ce301b0503&secret=fe966f7c89ba08eccd70060f2b3f9801&js_code=081r4sG51UI9ZR1Dl0D51zcrG51r4sGf&grant_type=authorization_code
2019-11-01 10:27:59   status:200
2019-11-01 10:27:59   data:{'openid': 'oJfBH41Q13o00lX3pbhGAKUmThxA', 'session_key': 'ggxiv4RpvoZsnqBBoBdz/w=='}
2019-11-01 10:30:25   GET:https://api.weixin.qq.com/sns/jscode2session?appid=wxb10693ce301b0503&secret=fe966f7c89ba08eccd70060f2b3f9801&js_code=061EWRby1V2zea0rwgby1Ve3cy1EWRbm&grant_type=authorization_code
2019-11-01 10:30:26   status:200
2019-11-01 10:30:26   data:{'openid': 'oJfBH41Q13o00lX3pbhGAKUmThxA', 'session_key': 'hGqZ1gEcTvQ7NAoZRWFVRw=='}
2019-11-01 10:30:48   GET:https://api.weixin.qq.com/sns/jscode2session?appid=wxb10693ce301b0503&secret=fe966f7c89ba08eccd70060f2b3f9801&js_code=011WKckX0QzKkW1mfznX0laukX0WKckU&grant_type=authorization_code
2019-11-01 10:30:48   status:200
2019-11-01 10:30:48   data:{'openid': 'oJfBH41Q13o00lX3pbhGAKUmThxA', 'session_key': 'hGqZ1gEcTvQ7NAoZRWFVRw=='}
2019-11-01 10:32:02   GET:https://api.weixin.qq.com/sns/jscode2session?appid=wxb10693ce301b0503&secret=fe966f7c89ba08eccd70060f2b3f9801&js_code=011Unt1g2YCZaI0L4H1g2fmI1g2Unt1b&grant_type=authorization_code
2019-11-01 10:32:02   status:200
2019-11-01 10:32:02   data:{'openid': 'oJfBH41Q13o00lX3pbhGAKUmThxA', 'session_key': 'hGqZ1gEcTvQ7NAoZRWFVRw=='}
2019-11-01 10:32:33   GET:https://api.weixin.qq.com/sns/jscode2session?appid=wxb10693ce301b0503&secret=fe966f7c89ba08eccd70060f2b3f9801&js_code=0819sDSn0omWxk1YtQRn0NSOSn09sDSA&grant_type=authorization_code
2019-11-01 10:32:34   status:200
2019-11-01 10:32:34   data:{'openid': 'oJfBH41Q13o00lX3pbhGAKUmThxA', 'session_key': 'yYS4YaFdvWuq45C1b7jt5A=='}
2019-11-01 10:32:54   GET:https://api.weixin.qq.com/sns/jscode2session?appid=wxb10693ce301b0503&secret=fe966f7c89ba08eccd70060f2b3f9801&js_code=071qL2Ay1igkQ90ONPCy1wF8Ay1qL2AC&grant_type=authorization_code
2019-11-01 10:32:54   status:200
2019-11-01 10:32:54   data:{'openid': 'oJfBH41Q13o00lX3pbhGAKUmThxA', 'session_key': 'yYS4YaFdvWuq45C1b7jt5A=='}
2019-11-01 10:32:58   GET:https://api.weixin.qq.com/sns/jscode2session?appid=wxb10693ce301b0503&secret=fe966f7c89ba08eccd70060f2b3f9801&js_code=011LY0mw0xGKFc12p2mw0Tzcmw0LY0m1&grant_type=authorization_code
2019-11-01 10:32:58   status:200
2019-11-01 10:32:58   data:{'openid': 'oJfBH41Q13o00lX3pbhGAKUmThxA', 'session_key': 'yYS4YaFdvWuq45C1b7jt5A=='}
2019-11-01 10:34:29   GET:https://api.weixin.qq.com/sns/jscode2session?appid=wxb10693ce301b0503&secret=fe966f7c89ba08eccd70060f2b3f9801&js_code=001nJ9HL0WJjWb2iKlHL0rDNGL0nJ9Hn&grant_type=authorization_code
2019-11-01 10:34:29   status:200
2019-11-01 10:34:29   data:{'openid': 'oJfBH41Q13o00lX3pbhGAKUmThxA', 'session_key': 'yYS4YaFdvWuq45C1b7jt5A=='}
2019-11-01 10:35:20   GET:https://api.weixin.qq.com/sns/jscode2session?appid=wxb10693ce301b0503&secret=fe966f7c89ba08eccd70060f2b3f9801&js_code=071pb9ln0Rfu7l1DL9hn0CLbln0pb9lQ&grant_type=authorization_code
2019-11-01 10:35:21   status:200
2019-11-01 10:35:21   data:{'openid': 'oJfBH41Q13o00lX3pbhGAKUmThxA', 'session_key': 'pCfxilE0VXNMceGMl+4hPA=='}
2019-11-01 10:35:36   GET:https://api.weixin.qq.com/sns/jscode2session?appid=wxb10693ce301b0503&secret=fe966f7c89ba08eccd70060f2b3f9801&js_code=081IC5Ql00acar1hj4Nl0hjaQl0IC5Q9&grant_type=authorization_code
2019-11-01 10:35:36   status:200
2019-11-01 10:35:36   data:{'openid': 'oJfBH41Q13o00lX3pbhGAKUmThxA', 'session_key': 'pCfxilE0VXNMceGMl+4hPA=='}
2019-11-01 11:03:37   GET:https://api.weixin.qq.com/sns/jscode2session?appid=wxb10693ce301b0503&secret=fe966f7c89ba08eccd70060f2b3f9801&js_code=021FfZhU0Q1JNY1bBshU00y1iU0FfZho&grant_type=authorization_code
2019-11-01 11:03:37   status:200
2019-11-01 11:03:37   data:{'openid': 'oJfBH41Q13o00lX3pbhGAKUmThxA', 'session_key': 'uqsTvyWZgGbKMcblVUWdCA=='}
2019-11-01 11:05:50   GET:https://api.weixin.qq.com/sns/jscode2session?appid=wxb10693ce301b0503&secret=fe966f7c89ba08eccd70060f2b3f9801&js_code=0212KHQb2cmXOL0sDhPb2gNnQb22KHQR&grant_type=authorization_code
2019-11-01 11:05:50   status:200
2019-11-01 11:05:50   data:{'session_key': '+IuItfIvyLgyJvXHMhhkpA==', 'openid': 'oJfBH41Q13o00lX3pbhGAKUmThxA'}
2019-11-01 11:05:50   ('no processing activity',)
2019-11-01 12:44:47   GET:https://api.weixin.qq.com/sns/jscode2session?appid=wxb10693ce301b0503&secret=fe966f7c89ba08eccd70060f2b3f9801&js_code=011YqsTZ1BlBeT0liBPZ1POKTZ1YqsTR&grant_type=authorization_code
2019-11-01 12:44:48   status:200
2019-11-01 12:44:48   data:{'openid': 'oJfBH41Q13o00lX3pbhGAKUmThxA', 'session_key': '1H5sb7Y6OMOSgJwl2rgamw=='}
2019-11-01 12:45:47   GET:https://api.weixin.qq.com/sns/jscode2session?appid=wxb10693ce301b0503&secret=fe966f7c89ba08eccd70060f2b3f9801&js_code=08126Snz0x87Ad12Kwoz0jpSnz026SnI&grant_type=authorization_code
2019-11-01 12:45:47   status:200
2019-11-01 12:45:47   data:{'session_key': '1H5sb7Y6OMOSgJwl2rgamw==', 'openid': 'oJfBH41Q13o00lX3pbhGAKUmThxA'}
2019-11-01 12:46:19   GET:https://api.weixin.qq.com/sns/jscode2session?appid=wxb10693ce301b0503&secret=fe966f7c89ba08eccd70060f2b3f9801&js_code=081bBlzH0O6mFg2OkFxH0ZKlzH0bBlza&grant_type=authorization_code
2019-11-01 12:46:19   status:200
2019-11-01 12:46:19   data:{'session_key': '1H5sb7Y6OMOSgJwl2rgamw==', 'openid': 'oJfBH41Q13o00lX3pbhGAKUmThxA'}
2019-11-01 12:48:56   GET:https://api.weixin.qq.com/sns/jscode2session?appid=wxb10693ce301b0503&secret=fe966f7c89ba08eccd70060f2b3f9801&js_code=0212wN621YRjAR1BNs821RPJ6212wN6s&grant_type=authorization_code
2019-11-01 12:48:56   status:200
2019-11-01 12:48:56   data:{'session_key': 'uFin6IsxpAJ2ZLb7CB2iEQ==', 'openid': 'oJfBH41Q13o00lX3pbhGAKUmThxA'}
2019-11-01 12:50:13   GET:https://api.weixin.qq.com/sns/jscode2session?appid=wxb10693ce301b0503&secret=fe966f7c89ba08eccd70060f2b3f9801&js_code=081Vhumd28bqiG0IkOjd2Bodmd2Vhumu&grant_type=authorization_code
2019-11-01 12:50:13   status:200
2019-11-01 12:50:13   data:{'session_key': 'uFin6IsxpAJ2ZLb7CB2iEQ==', 'openid': 'oJfBH41Q13o00lX3pbhGAKUmThxA'}
2019-11-01 12:51:38   GET:https://api.weixin.qq.com/sns/jscode2session?appid=wxb10693ce301b0503&secret=fe966f7c89ba08eccd70060f2b3f9801&js_code=011YzOmJ1cebB309IenJ1jS3nJ1YzOmg&grant_type=authorization_code
2019-11-01 12:51:38   status:200
2019-11-01 12:51:38   data:{'session_key': 'U0pl6ehHFa6I6AnxD5HStw==', 'openid': 'oJfBH41Q13o00lX3pbhGAKUmThxA'}
2019-11-01 12:52:05   GET:https://api.weixin.qq.com/sns/jscode2session?appid=wxb10693ce301b0503&secret=fe966f7c89ba08eccd70060f2b3f9801&js_code=061t6JLI067Ysf2BjXJI0qBPLI0t6JL-&grant_type=authorization_code
2019-11-01 12:52:05   status:200
2019-11-01 12:52:05   data:{'session_key': 'U0pl6ehHFa6I6AnxD5HStw==', 'openid': 'oJfBH41Q13o00lX3pbhGAKUmThxA'}
2019-11-01 12:53:38   GET:https://api.weixin.qq.com/sns/jscode2session?appid=wxb10693ce301b0503&secret=fe966f7c89ba08eccd70060f2b3f9801&js_code=021rbh4X0nED3W1un15X0yWG4X0rbh4Q&grant_type=authorization_code
2019-11-01 12:53:39   status:200
2019-11-01 12:53:39   data:{'session_key': 'fIDIKJnh2bP1CoOai79sog==', 'openid': 'oJfBH41Q13o00lX3pbhGAKUmThxA'}
2019-11-01 12:55:36   GET:https://api.weixin.qq.com/sns/jscode2session?appid=wxb10693ce301b0503&secret=fe966f7c89ba08eccd70060f2b3f9801&js_code=061ArMO30kNBKJ1XmmM30LuvO30ArMOJ&grant_type=authorization_code
2019-11-01 12:55:36   status:200
2019-11-01 12:55:36   data:{'session_key': 'fIDIKJnh2bP1CoOai79sog==', 'openid': 'oJfBH41Q13o00lX3pbhGAKUmThxA'}
2019-11-01 12:56:12   GET:https://api.weixin.qq.com/sns/jscode2session?appid=wxb10693ce301b0503&secret=fe966f7c89ba08eccd70060f2b3f9801&js_code=081Ynhyi0Anwtq1xTBwi0gQpyi0YnhyR&grant_type=authorization_code
2019-11-01 12:56:12   status:200
2019-11-01 12:56:12   data:{'session_key': 'bI5sJE3m2OAJGd6md8h5Ow==', 'openid': 'oJfBH41Q13o00lX3pbhGAKUmThxA'}
2019-11-01 13:06:13   GET:https://api.weixin.qq.com/sns/jscode2session?appid=wxb10693ce301b0503&secret=fe966f7c89ba08eccd70060f2b3f9801&js_code=081Xz0j01ciuTX1Nvoj01hM7j01Xz0jR&grant_type=authorization_code
2019-11-01 13:06:13   status:200
2019-11-01 13:06:13   data:{'openid': 'oJfBH41Q13o00lX3pbhGAKUmThxA', 'session_key': 'Utm8qsq66JXcnni1wGArKg=='}
2019-11-01 13:09:58   GET:https://api.weixin.qq.com/sns/jscode2session?appid=wxb10693ce301b0503&secret=fe966f7c89ba08eccd70060f2b3f9801&js_code=011qxsJD0kLevk2WUcJD0fHqJD0qxsJP&grant_type=authorization_code
2019-11-01 13:09:58   status:200
2019-11-01 13:09:58   data:{'openid': 'oJfBH41Q13o00lX3pbhGAKUmThxA', 'session_key': 'pEAt0esnSS36fYsO2mTEwA=='}
2019-11-01 13:09:58   ('no processing activity',)
2019-11-01 13:10:46   GET:https://api.weixin.qq.com/sns/jscode2session?appid=wxb10693ce301b0503&secret=fe966f7c89ba08eccd70060f2b3f9801&js_code=081STVWx0EH05b1qccVx0XLfXx0STVWQ&grant_type=authorization_code
2019-11-01 13:10:46   status:200
2019-11-01 13:10:46   data:{'openid': 'oJfBH41Q13o00lX3pbhGAKUmThxA', 'session_key': 'pEAt0esnSS36fYsO2mTEwA=='}
2019-11-01 13:10:46   ('no processing activity',)
2019-11-01 13:11:01   GET:https://api.weixin.qq.com/sns/jscode2session?appid=wxb10693ce301b0503&secret=fe966f7c89ba08eccd70060f2b3f9801&js_code=061i9Yvm15Op3r06nvvm19CQvm1i9Yvs&grant_type=authorization_code
2019-11-01 13:11:01   status:200
2019-11-01 13:11:01   data:{'openid': 'oJfBH41Q13o00lX3pbhGAKUmThxA', 'session_key': 'pEAt0esnSS36fYsO2mTEwA=='}
2019-11-01 13:11:01   ('no processing activity',)
2019-11-01 13:11:48   GET:https://api.weixin.qq.com/sns/jscode2session?appid=wxb10693ce301b0503&secret=fe966f7c89ba08eccd70060f2b3f9801&js_code=001O6Ldz0i8zMd12hCcz0CmTdz0O6LdN&grant_type=authorization_code
2019-11-01 13:11:48   status:200
2019-11-01 13:11:48   data:{'openid': 'oJfBH41Q13o00lX3pbhGAKUmThxA', 'session_key': 'pEAt0esnSS36fYsO2mTEwA=='}
2019-11-01 13:12:24   GET:https://api.weixin.qq.com/sns/jscode2session?appid=wxb10693ce301b0503&secret=fe966f7c89ba08eccd70060f2b3f9801&js_code=0616tksG1y3c770VoYrG1DOlsG16tksi&grant_type=authorization_code
2019-11-01 13:12:24   status:200
2019-11-01 13:12:24   data:{'openid': 'oJfBH41Q13o00lX3pbhGAKUmThxA', 'session_key': 'f+pvHFtSdbCvM/KZNmux7w=='}
2019-11-01 13:12:24   ('no processing activity',)
2019-11-01 13:14:02   GET:https://api.weixin.qq.com/sns/jscode2session?appid=wxb10693ce301b0503&secret=fe966f7c89ba08eccd70060f2b3f9801&js_code=081axB5S0OcHx52sfW5S0KSq5S0axB51&grant_type=authorization_code
2019-11-01 13:14:02   status:200
2019-11-01 13:14:02   data:{'openid': 'oJfBH41Q13o00lX3pbhGAKUmThxA', 'session_key': 'f+pvHFtSdbCvM/KZNmux7w=='}
2019-11-01 13:35:21   GET:https://api.weixin.qq.com/sns/jscode2session?appid=wxb10693ce301b0503&secret=fe966f7c89ba08eccd70060f2b3f9801&js_code=07109hzh2rKJyB0VEjwh2cfVyh209hzB&grant_type=authorization_code
2019-11-01 13:35:21   status:200
2019-11-01 13:35:21   data:{'session_key': 'I4cJatt75m2BnxGQKOTRrA==', 'openid': 'oJfBH41Q13o00lX3pbhGAKUmThxA'}
2019-11-01 13:35:21   ('no processing activity',)
2019-11-01 13:36:34   ('data DoesNotExist',)
2019-11-01 13:57:18   ('data DoesNotExist',)
2019-11-01 13:58:01   ('data DoesNotExist',)
2019-11-01 14:04:33   ('data DoesNotExist',)
2019-11-01 14:27:14   GET:https://api.weixin.qq.com/sns/jscode2session?appid=wxb10693ce301b0503&secret=fe966f7c89ba08eccd70060f2b3f9801&js_code=001fXdAb1vwGrx09Pvzb1f2Zzb1fXdAA&grant_type=authorization_code
2019-11-01 14:27:14   status:200
2019-11-01 14:27:14   data:{'openid': 'oJfBH41Q13o00lX3pbhGAKUmThxA', 'session_key': 'tcu1it9hdP2gZ1Wa5x1ueA=='}
2019-11-01 14:28:45   GET:https://api.weixin.qq.com/sns/jscode2session?appid=wxb10693ce301b0503&secret=fe966f7c89ba08eccd70060f2b3f9801&js_code=011roFqL10Nhe81D87rL1kLwqL1roFqb&grant_type=authorization_code
2019-11-01 14:28:45   status:200
2019-11-01 14:28:45   data:{'openid': 'oJfBH41Q13o00lX3pbhGAKUmThxA', 'session_key': 'tcu1it9hdP2gZ1Wa5x1ueA=='}
2019-11-01 14:32:04   GET:https://api.weixin.qq.com/sns/jscode2session?appid=wxb10693ce301b0503&secret=fe966f7c89ba08eccd70060f2b3f9801&js_code=021iYHIk24t2wD0RYIKk2xWLIk2iYHI0&grant_type=authorization_code
2019-11-01 14:32:04   status:200
2019-11-01 14:32:04   data:{'openid': 'oJfBH41Q13o00lX3pbhGAKUmThxA', 'session_key': 'cu7mKWXVk8J+bXBXhLcuZw=='}
2019-11-01 14:32:42   GET:https://api.weixin.qq.com/sns/jscode2session?appid=wxb10693ce301b0503&secret=fe966f7c89ba08eccd70060f2b3f9801&js_code=081EijAr0Cyoph1RPKzr0Hw8Ar0EijAS&grant_type=authorization_code
2019-11-01 14:32:42   status:200
2019-11-01 14:32:42   data:{'openid': 'oJfBH41Q13o00lX3pbhGAKUmThxA', 'session_key': 'cu7mKWXVk8J+bXBXhLcuZw=='}
2019-11-01 14:34:11   GET:https://api.weixin.qq.com/sns/jscode2session?appid=wxb10693ce301b0503&secret=fe966f7c89ba08eccd70060f2b3f9801&js_code=071WuF9w0tS2Qc1d26aw0LD1aw0WuF97&grant_type=authorization_code
2019-11-01 14:34:11   status:200
2019-11-01 14:34:11   data:{'openid': 'oJfBH41Q13o00lX3pbhGAKUmThxA', 'session_key': 'mR8LFWCqBB/c49YBvJbifA=='}
2019-11-01 14:34:53   ('data DoesNotExist',)
2019-11-01 14:38:04   GET:https://api.weixin.qq.com/sns/jscode2session?appid=wxb10693ce301b0503&secret=fe966f7c89ba08eccd70060f2b3f9801&js_code=011kzBm10MZU3H1cGSm10KThm10kzBmW&grant_type=authorization_code
2019-11-01 14:38:04   status:200
2019-11-01 14:38:04   data:{'openid': 'oJfBH41Q13o00lX3pbhGAKUmThxA', 'session_key': '7wwE654IRFlLokePFdistg=='}
2019-11-01 14:41:36   GET:https://api.weixin.qq.com/sns/jscode2session?appid=wxb10693ce301b0503&secret=fe966f7c89ba08eccd70060f2b3f9801&js_code=071p7Qq02zc6HS0YX6s028wFq02p7QqY&grant_type=authorization_code
2019-11-01 14:41:36   status:200
2019-11-01 14:41:36   data:{'session_key': 'AaJbTV1VdVtd8DfFbB2eeg==', 'openid': 'oJfBH41Q13o00lX3pbhGAKUmThxA'}
2019-11-01 14:59:03   GET:https://api.weixin.qq.com/sns/jscode2session?appid=wxb10693ce301b0503&secret=fe966f7c89ba08eccd70060f2b3f9801&js_code=081cjdM92HpNSJ07CeN92ipaM92cjdMF&grant_type=authorization_code
2019-11-01 14:59:05   status:200
2019-11-01 14:59:05   data:{'session_key': 'h+7w4gsdtRKJq9j7EFarDA==', 'openid': 'oJfBH41Q13o00lX3pbhGAKUmThxA'}
2019-11-01 15:00:23   GET:https://api.weixin.qq.com/sns/jscode2session?appid=wxb10693ce301b0503&secret=fe966f7c89ba08eccd70060f2b3f9801&js_code=021xxbZR1sCpG51LPBXR1yMgZR1xxbZ9&grant_type=authorization_code
2019-11-01 15:00:23   status:200
2019-11-01 15:00:23   data:{'session_key': 'h+7w4gsdtRKJq9j7EFarDA==', 'openid': 'oJfBH41Q13o00lX3pbhGAKUmThxA'}
2019-11-01 15:04:34   GET:https://api.weixin.qq.com/sns/jscode2session?appid=wxb10693ce301b0503&secret=fe966f7c89ba08eccd70060f2b3f9801&js_code=0812vbRA0i0YPi2SXnTA0KltRA02vbRX&grant_type=authorization_code
2019-11-01 15:04:34   status:200
2019-11-01 15:04:34   data:{'session_key': 'qGkmrgYocP9yi9kDkEKQGg==', 'openid': 'oJfBH41Q13o00lX3pbhGAKUmThxA'}
2019-11-01 15:22:14   GET:https://api.weixin.qq.com/sns/jscode2session?appid=wxb10693ce301b0503&secret=fe966f7c89ba08eccd70060f2b3f9801&js_code=0113J2F20xvfSK1ltvG20mX1F203J2FK&grant_type=authorization_code
2019-11-01 15:22:14   status:200
2019-11-01 15:22:14   data:{'session_key': 'kYFZx4sP7jgTanHyQxKskA==', 'openid': 'oJfBH41Q13o00lX3pbhGAKUmThxA'}
2019-11-01 15:25:01   GET:https://api.weixin.qq.com/sns/jscode2session?appid=wxb10693ce301b0503&secret=fe966f7c89ba08eccd70060f2b3f9801&js_code=0819BmJI0g1nvf2QcbJI0XCbJI09BmJG&grant_type=authorization_code
2019-11-01 15:25:01   status:200
2019-11-01 15:25:01   data:{'session_key': 'iXjVvIpLnjNvAirRIe9Z4Q==', 'openid': 'oJfBH41Q13o00lX3pbhGAKUmThxA'}
2019-11-01 15:25:59   GET:https://api.weixin.qq.com/sns/jscode2session?appid=wxb10693ce301b0503&secret=fe966f7c89ba08eccd70060f2b3f9801&js_code=0016mk3B1bxTWb0m0KZA1Okg3B16mk36&grant_type=authorization_code
2019-11-01 15:26:00   status:200
2019-11-01 15:26:00   data:{'session_key': 'iXjVvIpLnjNvAirRIe9Z4Q==', 'openid': 'oJfBH41Q13o00lX3pbhGAKUmThxA'}
2019-11-01 15:27:16   GET:https://api.weixin.qq.com/sns/jscode2session?appid=wxb10693ce301b0503&secret=fe966f7c89ba08eccd70060f2b3f9801&js_code=061k0Ppb2hHYOM016Hrb2Va3qb2k0Ppz&grant_type=authorization_code
2019-11-01 15:27:16   status:200
2019-11-01 15:27:16   data:{'session_key': 'LoSl3HdrRyLIclmLFoH75A==', 'openid': 'oJfBH41Q13o00lX3pbhGAKUmThxA'}
2019-11-01 15:27:16   (OrderedDict([('created', '2019-11-01T06:34:53.902889Z'), ('name', '周荣荣'), ('open_id', 'oJfBH41Q13o00lX3pbhGAKUmThxA'), ('staff_id', '2014009')]),)
2019-11-01 15:32:39   GET:https://api.weixin.qq.com/sns/jscode2session?appid=wxb10693ce301b0503&secret=fe966f7c89ba08eccd70060f2b3f9801&js_code=021ifSG415ZEYS1lc8F41xR6H41ifSGo&grant_type=authorization_code
2019-11-01 15:32:39   status:200
2019-11-01 15:32:39   data:{'session_key': 'fNp5/BwZtRxRT7q4vYNItg==', 'openid': 'oJfBH41Q13o00lX3pbhGAKUmThxA'}
2019-11-01 15:33:05   GET:https://api.weixin.qq.com/sns/jscode2session?appid=wxb10693ce301b0503&secret=fe966f7c89ba08eccd70060f2b3f9801&js_code=0812szwK0txn892SbdxK0JrOwK02szwf&grant_type=authorization_code
2019-11-01 15:33:05   status:200
2019-11-01 15:33:05   data:{'openid': 'oJfBH41Q13o00lX3pbhGAKUmThxA', 'session_key': 'fNp5/BwZtRxRT7q4vYNItg=='}
2019-11-01 15:34:09   GET:https://api.weixin.qq.com/sns/jscode2session?appid=wxb10693ce301b0503&secret=fe966f7c89ba08eccd70060f2b3f9801&js_code=061mZoQ60hcT9G1ubVQ60TfwQ60mZoQs&grant_type=authorization_code
2019-11-01 15:34:10   status:200
2019-11-01 15:34:10   data:{'session_key': 'fNp5/BwZtRxRT7q4vYNItg==', 'openid': 'oJfBH41Q13o00lX3pbhGAKUmThxA'}
2019-11-01 15:34:10   (1.0,)
2019-11-01 15:35:33   GET:https://api.weixin.qq.com/sns/jscode2session?appid=wxb10693ce301b0503&secret=fe966f7c89ba08eccd70060f2b3f9801&js_code=081irlgX0NctPV1VMGiX0I7BgX0irlgp&grant_type=authorization_code
2019-11-01 15:35:33   status:200
2019-11-01 15:35:33   data:{'session_key': 'Ty/rrzKXewuNAkZdUt+vgg==', 'openid': 'oJfBH41Q13o00lX3pbhGAKUmThxA'}
2019-11-01 15:35:33   (0.5,)
2019-11-01 15:36:57   GET:https://api.weixin.qq.com/sns/jscode2session?appid=wxb10693ce301b0503&secret=fe966f7c89ba08eccd70060f2b3f9801&js_code=061jSpIC0akYUk2DcjJC0KJwIC0jSpIa&grant_type=authorization_code
2019-11-01 15:36:57   status:200
2019-11-01 15:36:57   data:{'session_key': 'Ty/rrzKXewuNAkZdUt+vgg==', 'openid': 'oJfBH41Q13o00lX3pbhGAKUmThxA'}
2019-11-01 15:36:57   (50.0,)
2019-11-01 15:37:22   GET:https://api.weixin.qq.com/sns/jscode2session?appid=wxb10693ce301b0503&secret=fe966f7c89ba08eccd70060f2b3f9801&js_code=081SKQQ52MaVnS04nnQ52E0PQ52SKQQD&grant_type=authorization_code
2019-11-01 15:37:22   status:200
2019-11-01 15:37:22   data:{'session_key': 'Ty/rrzKXewuNAkZdUt+vgg==', 'openid': 'oJfBH41Q13o00lX3pbhGAKUmThxA'}
2019-11-01 15:37:22   (0.5,)
2019-11-01 15:38:53   GET:https://api.weixin.qq.com/sns/jscode2session?appid=wxb10693ce301b0503&secret=fe966f7c89ba08eccd70060f2b3f9801&js_code=061gUolX1P9nT01MTsiX12s9lX1gUolb&grant_type=authorization_code
2019-11-01 15:38:53   status:200
2019-11-01 15:38:53   data:{'session_key': 'OSp+giUzG8Iryi0Q/hvHew==', 'openid': 'oJfBH41Q13o00lX3pbhGAKUmThxA'}
2019-11-01 15:38:53   ('0.50',)
2019-11-01 15:39:27   GET:https://api.weixin.qq.com/sns/jscode2session?appid=wxb10693ce301b0503&secret=fe966f7c89ba08eccd70060f2b3f9801&js_code=061a2stM1TFJd71L7grM1SoNtM1a2stE&grant_type=authorization_code
2019-11-01 15:39:27   status:200
2019-11-01 15:39:27   data:{'session_key': 'OSp+giUzG8Iryi0Q/hvHew==', 'openid': 'oJfBH41Q13o00lX3pbhGAKUmThxA'}
2019-11-01 15:39:27   ('50.00',)
2019-11-01 15:39:53   GET:https://api.weixin.qq.com/sns/jscode2session?appid=wxb10693ce301b0503&secret=fe966f7c89ba08eccd70060f2b3f9801&js_code=011unIsK0H7re92BVKrK0XEZsK0unIsh&grant_type=authorization_code
2019-11-01 15:39:53   status:200
2019-11-01 15:39:53   data:{'openid': 'oJfBH41Q13o00lX3pbhGAKUmThxA', 'session_key': 'OSp+giUzG8Iryi0Q/hvHew=='}
2019-11-01 15:40:12   GET:https://api.weixin.qq.com/sns/jscode2session?appid=wxb10693ce301b0503&secret=fe966f7c89ba08eccd70060f2b3f9801&js_code=061UBXah02K6Nv1piseh09jdbh0UBXaZ&grant_type=authorization_code
2019-11-01 15:40:12   status:200
2019-11-01 15:40:12   data:{'session_key': 'OSp+giUzG8Iryi0Q/hvHew==', 'openid': 'oJfBH41Q13o00lX3pbhGAKUmThxA'}
2019-11-01 15:40:12   ('50.00', '%')
2019-11-01 15:41:26   GET:https://api.weixin.qq.com/sns/jscode2session?appid=wxb10693ce301b0503&secret=fe966f7c89ba08eccd70060f2b3f9801&js_code=081dnXal1AhHOn0JTyel1mdFal1dnXa1&grant_type=authorization_code
2019-11-01 15:41:26   status:200
2019-11-01 15:41:26   data:{'session_key': 'XKA64wwWc+6HGsSGJHdH2g==', 'openid': 'oJfBH41Q13o00lX3pbhGAKUmThxA'}
2019-11-01 15:41:26   ('50.00%',)
2019-11-01 15:45:57   GET:https://api.weixin.qq.com/sns/jscode2session?appid=wxb10693ce301b0503&secret=fe966f7c89ba08eccd70060f2b3f9801&js_code=061bPRu81qnIaP1YEFw81ZvAu81bPRuD&grant_type=authorization_code
2019-11-01 15:45:57   status:200
2019-11-01 15:45:57   data:{'openid': 'oJfBH41Q13o00lX3pbhGAKUmThxA', 'session_key': 'UYExeTRSA9UsMDv1Y+YMdQ=='}
2019-11-01 15:47:16   GET:https://api.weixin.qq.com/sns/jscode2session?appid=wxb10693ce301b0503&secret=fe966f7c89ba08eccd70060f2b3f9801&js_code=061R5Gsw1bElvg0fscvw10GDsw1R5Gsu&grant_type=authorization_code
2019-11-01 15:47:16   status:200
2019-11-01 15:47:16   data:{'openid': 'oJfBH41Q13o00lX3pbhGAKUmThxA', 'session_key': 'UYExeTRSA9UsMDv1Y+YMdQ=='}
2019-11-01 15:48:21   GET:https://api.weixin.qq.com/sns/jscode2session?appid=wxb10693ce301b0503&secret=fe966f7c89ba08eccd70060f2b3f9801&js_code=071I6cN827bZTK0omCN82z4fN82I6cNK&grant_type=authorization_code
2019-11-01 15:48:21   status:200
2019-11-01 15:48:21   data:{'openid': 'oJfBH41Q13o00lX3pbhGAKUmThxA', 'session_key': 'AwSPx4oAnRcOVzcIGRjbAw=='}
2019-11-01 15:49:40   GET:https://api.weixin.qq.com/sns/jscode2session?appid=wxb10693ce301b0503&secret=fe966f7c89ba08eccd70060f2b3f9801&js_code=061OHyHq1C5Him0rTIGq13HeHq1OHyHC&grant_type=authorization_code
2019-11-01 15:49:40   status:200
2019-11-01 15:49:40   data:{'openid': 'oJfBH41Q13o00lX3pbhGAKUmThxA', 'session_key': 'AwSPx4oAnRcOVzcIGRjbAw=='}
2019-11-01 15:50:58   GET:https://api.weixin.qq.com/sns/jscode2session?appid=wxb10693ce301b0503&secret=fe966f7c89ba08eccd70060f2b3f9801&js_code=071KQWR8142BkP1INIS81wzNR81KQWR4&grant_type=authorization_code
2019-11-01 15:50:58   status:200
2019-11-01 15:50:58   data:{'openid': 'oJfBH41Q13o00lX3pbhGAKUmThxA', 'session_key': 'Nk2J04IleWgBT8p/PDE1CA=='}
2019-11-01 15:51:41   GET:https://api.weixin.qq.com/sns/jscode2session?appid=wxb10693ce301b0503&secret=fe966f7c89ba08eccd70060f2b3f9801&js_code=061ayY8s1lrvql0nC9as13R09s1ayY8s&grant_type=authorization_code
2019-11-01 15:51:42   status:200
2019-11-01 15:51:42   data:{'openid': 'oJfBH41Q13o00lX3pbhGAKUmThxA', 'session_key': 'Nk2J04IleWgBT8p/PDE1CA=='}
2019-11-01 15:52:50   GET:https://api.weixin.qq.com/sns/jscode2session?appid=wxb10693ce301b0503&secret=fe966f7c89ba08eccd70060f2b3f9801&js_code=081v9k3p1BF7nj0C2b4p1yZZ2p1v9k3h&grant_type=authorization_code
2019-11-01 15:52:50   status:200
2019-11-01 15:52:50   data:{'openid': 'oJfBH41Q13o00lX3pbhGAKUmThxA', 'session_key': 'Nk2J04IleWgBT8p/PDE1CA=='}
2019-11-01 16:12:57   GET:https://api.weixin.qq.com/sns/jscode2session?appid=wxb10693ce301b0503&secret=fe966f7c89ba08eccd70060f2b3f9801&js_code=061SkfUX0LqKKV1bRvUX0XzhUX0SkfUD&grant_type=authorization_code
2019-11-01 16:12:57   status:200
2019-11-01 16:12:57   data:{'session_key': 'BHLGfZcnnGxBawDcNdUCRA==', 'openid': 'oJfBH41Q13o00lX3pbhGAKUmThxA'}
2019-11-01 16:14:06   GET:https://api.weixin.qq.com/sns/jscode2session?appid=wxb10693ce301b0503&secret=fe966f7c89ba08eccd70060f2b3f9801&js_code=071VqzaW05zMs12TLybW0E9iaW0VqzaE&grant_type=authorization_code
2019-11-01 16:14:06   status:200
2019-11-01 16:14:06   data:{'session_key': 'BHLGfZcnnGxBawDcNdUCRA==', 'openid': 'oJfBH41Q13o00lX3pbhGAKUmThxA'}
2019-11-01 16:14:29   GET:https://api.weixin.qq.com/sns/jscode2session?appid=wxb10693ce301b0503&secret=fe966f7c89ba08eccd70060f2b3f9801&js_code=081ut2hd0VO1Hz1LRzhd0Ad6hd0ut2hY&grant_type=authorization_code
2019-11-01 16:14:29   status:200
2019-11-01 16:14:29   data:{'openid': 'oJfBH41Q13o00lX3pbhGAKUmThxA', 'session_key': 'BHLGfZcnnGxBawDcNdUCRA=='}
2019-11-01 16:15:07   GET:https://api.weixin.qq.com/sns/jscode2session?appid=wxb10693ce301b0503&secret=fe966f7c89ba08eccd70060f2b3f9801&js_code=0612JEn92ZVihK0jjem92svkn922JEns&grant_type=authorization_code
2019-11-01 16:15:08   status:200
2019-11-01 16:15:08   data:{'openid': 'oJfBH41Q13o00lX3pbhGAKUmThxA', 'session_key': 'RTrsgJbjkU/jN9M1uGdcpA=='}
2019-11-01 16:15:37   GET:https://api.weixin.qq.com/sns/jscode2session?appid=wxb10693ce301b0503&secret=fe966f7c89ba08eccd70060f2b3f9801&js_code=061449851RWcvS1Vo3b51aLe8514498x&grant_type=authorization_code
2019-11-01 16:15:37   status:200
2019-11-01 16:15:37   data:{'session_key': 'RTrsgJbjkU/jN9M1uGdcpA==', 'openid': 'oJfBH41Q13o00lX3pbhGAKUmThxA'}
2019-11-01 16:17:10   GET:https://api.weixin.qq.com/sns/jscode2session?appid=wxb10693ce301b0503&secret=fe966f7c89ba08eccd70060f2b3f9801&js_code=071lOVOJ0Da4Q92H2yPJ00E5PJ0lOVO4&grant_type=authorization_code
2019-11-01 16:17:10   status:200
2019-11-01 16:17:10   data:{'session_key': 'lapsILSSazpmIy2QsE/9RQ==', 'openid': 'oJfBH41Q13o00lX3pbhGAKUmThxA'}
2019-11-01 16:17:28   GET:https://api.weixin.qq.com/sns/jscode2session?appid=wxb10693ce301b0503&secret=fe966f7c89ba08eccd70060f2b3f9801&js_code=081r5Fzk0QDBqs1fXZvk0Ybrzk0r5Fzm&grant_type=authorization_code
2019-11-01 16:17:28   status:200
2019-11-01 16:17:28   data:{'session_key': 'lapsILSSazpmIy2QsE/9RQ==', 'openid': 'oJfBH41Q13o00lX3pbhGAKUmThxA'}
2019-11-01 16:21:10   GET:https://api.weixin.qq.com/sns/jscode2session?appid=wxb10693ce301b0503&secret=fe966f7c89ba08eccd70060f2b3f9801&js_code=071dxhTe2XpgjJ0VzmVe28z9Te2dxhTu&grant_type=authorization_code
2019-11-01 16:21:10   status:200
2019-11-01 16:21:10   data:{'session_key': 'jEID4Syjk5oTjM5Uhuph4Q==', 'openid': 'oJfBH41Q13o00lX3pbhGAKUmThxA'}
2019-11-01 16:22:13   GET:https://api.weixin.qq.com/sns/jscode2session?appid=wxb10693ce301b0503&secret=fe966f7c89ba08eccd70060f2b3f9801&js_code=081NShxT0o6I702L4TwT0ihjxT0NShxp&grant_type=authorization_code
2019-11-01 16:22:13   status:200
2019-11-01 16:22:13   data:{'openid': 'oJfBH41Q13o00lX3pbhGAKUmThxA', 'session_key': 'jEID4Syjk5oTjM5Uhuph4Q=='}
2019-11-01 16:22:52   GET:https://api.weixin.qq.com/sns/jscode2session?appid=wxb10693ce301b0503&secret=fe966f7c89ba08eccd70060f2b3f9801&js_code=061MjoKd0iu4Gu14saJd0Ki5Kd0MjoKg&grant_type=authorization_code
2019-11-01 16:22:52   status:200
2019-11-01 16:22:52   data:{'openid': 'oJfBH41Q13o00lX3pbhGAKUmThxA', 'session_key': 'jEID4Syjk5oTjM5Uhuph4Q=='}
2019-11-01 16:24:03   GET:https://api.weixin.qq.com/sns/jscode2session?appid=wxb10693ce301b0503&secret=fe966f7c89ba08eccd70060f2b3f9801&js_code=021lFVDd0UwJOu1l4tGd0IJkEd0lFVDJ&grant_type=authorization_code
2019-11-01 16:24:03   status:200
2019-11-01 16:24:03   data:{'openid': 'oJfBH41Q13o00lX3pbhGAKUmThxA', 'session_key': 'hvOWQTAKjVhtaNR+WMH2wA=='}
2019-11-01 16:25:20   GET:https://api.weixin.qq.com/sns/jscode2session?appid=wxb10693ce301b0503&secret=fe966f7c89ba08eccd70060f2b3f9801&js_code=071XRUvt0X1Wvf1Kz3vt0aQPvt0XRUvG&grant_type=authorization_code
2019-11-01 16:25:20   status:200
2019-11-01 16:25:20   data:{'openid': 'oJfBH41Q13o00lX3pbhGAKUmThxA', 'session_key': 'hvOWQTAKjVhtaNR+WMH2wA=='}
2019-11-01 16:26:12   GET:https://api.weixin.qq.com/sns/jscode2session?appid=wxb10693ce301b0503&secret=fe966f7c89ba08eccd70060f2b3f9801&js_code=081jnqUL0vxXIb2TI1VL0V7AUL0jnqUy&grant_type=authorization_code
2019-11-01 16:26:12   status:200
2019-11-01 16:26:12   data:{'openid': 'oJfBH41Q13o00lX3pbhGAKUmThxA', 'session_key': 'tqlrIzEDR3JGu8wASXwkVg=='}
2019-11-01 16:26:20   GET:https://api.weixin.qq.com/sns/jscode2session?appid=wxb10693ce301b0503&secret=fe966f7c89ba08eccd70060f2b3f9801&js_code=0118cuaC1UeYf60rVc9C1MCuaC18cua8&grant_type=authorization_code
2019-11-01 16:26:21   status:200
2019-11-01 16:26:21   data:{'openid': 'oJfBH41Q13o00lX3pbhGAKUmThxA', 'session_key': 'tqlrIzEDR3JGu8wASXwkVg=='}
2019-11-01 16:27:07   GET:https://api.weixin.qq.com/sns/jscode2session?appid=wxb10693ce301b0503&secret=fe966f7c89ba08eccd70060f2b3f9801&js_code=061ZWt7g2Gu65I07gS7g29Op7g2ZWt78&grant_type=authorization_code
2019-11-01 16:27:07   status:200
2019-11-01 16:27:07   data:{'openid': 'oJfBH41Q13o00lX3pbhGAKUmThxA', 'session_key': 'tqlrIzEDR3JGu8wASXwkVg=='}
2019-11-01 16:27:55   GET:https://api.weixin.qq.com/sns/jscode2session?appid=wxb10693ce301b0503&secret=fe966f7c89ba08eccd70060f2b3f9801&js_code=011pR2G12ogjXV0kpKH12urbG12pR2G5&grant_type=authorization_code
2019-11-01 16:27:55   status:200
2019-11-01 16:27:55   data:{'openid': 'oJfBH41Q13o00lX3pbhGAKUmThxA', 'session_key': 'tqlrIzEDR3JGu8wASXwkVg=='}
2019-11-01 16:29:33   GET:https://api.weixin.qq.com/sns/jscode2session?appid=wxb10693ce301b0503&secret=fe966f7c89ba08eccd70060f2b3f9801&js_code=061Rdt9U0OiJxZ1rQd8U031C9U0Rdt93&grant_type=authorization_code
2019-11-01 16:29:33   status:200
2019-11-01 16:29:33   data:{'openid': 'oJfBH41Q13o00lX3pbhGAKUmThxA', 'session_key': '3Uq4iIwkQAdIrXziRGQSoA=='}
2019-11-01 16:29:49   GET:https://api.weixin.qq.com/sns/jscode2session?appid=wxb10693ce301b0503&secret=fe966f7c89ba08eccd70060f2b3f9801&js_code=0017biMA0CdSUi2ryJOA0c8aMA07biM-&grant_type=authorization_code
2019-11-01 16:29:49   status:200
2019-11-01 16:29:49   data:{'openid': 'oJfBH41Q13o00lX3pbhGAKUmThxA', 'session_key': '3Uq4iIwkQAdIrXziRGQSoA=='}
2019-11-01 16:30:09   GET:https://api.weixin.qq.com/sns/jscode2session?appid=wxb10693ce301b0503&secret=fe966f7c89ba08eccd70060f2b3f9801&js_code=0811xLQu0A7j7i1RRjQu0JMzQu01xLQ0&grant_type=authorization_code
2019-11-01 16:30:09   status:200
2019-11-01 16:30:09   data:{'openid': 'oJfBH41Q13o00lX3pbhGAKUmThxA', 'session_key': '3Uq4iIwkQAdIrXziRGQSoA=='}
2019-11-01 16:30:37   GET:https://api.weixin.qq.com/sns/jscode2session?appid=wxb10693ce301b0503&secret=fe966f7c89ba08eccd70060f2b3f9801&js_code=071LsBnH0AHWhg20TznH0N2InH0LsBn9&grant_type=authorization_code
2019-11-01 16:30:37   status:200
2019-11-01 16:30:37   data:{'openid': 'oJfBH41Q13o00lX3pbhGAKUmThxA', 'session_key': '3Uq4iIwkQAdIrXziRGQSoA=='}
2019-11-01 16:32:03   GET:https://api.weixin.qq.com/sns/jscode2session?appid=wxb10693ce301b0503&secret=fe966f7c89ba08eccd70060f2b3f9801&js_code=061DKEKy0y5qde1QK4Ky0OKlKy0DKEKn&grant_type=authorization_code
2019-11-01 16:32:03   status:200
2019-11-01 16:32:03   data:{'openid': 'oJfBH41Q13o00lX3pbhGAKUmThxA', 'session_key': 'cUzMoOniRWM6iLW7zFR/9w=='}
2019-11-01 16:32:19   GET:https://api.weixin.qq.com/sns/jscode2session?appid=wxb10693ce301b0503&secret=fe966f7c89ba08eccd70060f2b3f9801&js_code=0112IGhG15qAf70VX6gG1U7ThG12IGhD&grant_type=authorization_code
2019-11-01 16:32:19   status:200
2019-11-01 16:32:19   data:{'openid': 'oJfBH41Q13o00lX3pbhGAKUmThxA', 'session_key': 'cUzMoOniRWM6iLW7zFR/9w=='}
2019-11-01 16:32:37   GET:https://api.weixin.qq.com/sns/jscode2session?appid=wxb10693ce301b0503&secret=fe966f7c89ba08eccd70060f2b3f9801&js_code=011X2Ksk0w5vxs1WE1tk0R3ysk0X2KsY&grant_type=authorization_code
2019-11-01 16:32:37   status:200
2019-11-01 16:32:37   data:{'openid': 'oJfBH41Q13o00lX3pbhGAKUmThxA', 'session_key': 'cUzMoOniRWM6iLW7zFR/9w=='}
2019-11-01 16:32:53   GET:https://api.weixin.qq.com/sns/jscode2session?appid=wxb10693ce301b0503&secret=fe966f7c89ba08eccd70060f2b3f9801&js_code=081hxb8o0iotRk1AZOao02tX7o0hxb8w&grant_type=authorization_code
2019-11-01 16:32:53   status:200
2019-11-01 16:32:53   data:{'openid': 'oJfBH41Q13o00lX3pbhGAKUmThxA', 'session_key': 'cUzMoOniRWM6iLW7zFR/9w=='}
2019-11-01 16:34:37   GET:https://api.weixin.qq.com/sns/jscode2session?appid=wxb10693ce301b0503&secret=fe966f7c89ba08eccd70060f2b3f9801&js_code=081CTA7u0bbGSi15v56u0n9q7u0CTA7M&grant_type=authorization_code
2019-11-01 16:34:37   status:200
2019-11-01 16:34:37   data:{'openid': 'oJfBH41Q13o00lX3pbhGAKUmThxA', 'session_key': 'uBISoJVTzjAI4LJ1EoDJ5Q=='}
2019-11-01 16:35:19   GET:https://api.weixin.qq.com/sns/jscode2session?appid=wxb10693ce301b0503&secret=fe966f7c89ba08eccd70060f2b3f9801&js_code=08134Fts0EKZYf1c0Mus0i5vts034FtR&grant_type=authorization_code
2019-11-01 16:35:19   status:200
2019-11-01 16:35:19   data:{'openid': 'oJfBH41Q13o00lX3pbhGAKUmThxA', 'session_key': 'uBISoJVTzjAI4LJ1EoDJ5Q=='}
2019-11-01 16:36:05   GET:https://api.weixin.qq.com/sns/jscode2session?appid=wxb10693ce301b0503&secret=fe966f7c89ba08eccd70060f2b3f9801&js_code=011FjgwN060i9a2jDivN0D7rwN0FjgwX&grant_type=authorization_code
2019-11-01 16:36:05   status:200
2019-11-01 16:36:05   data:{'openid': 'oJfBH41Q13o00lX3pbhGAKUmThxA', 'session_key': 'uBISoJVTzjAI4LJ1EoDJ5Q=='}
2019-11-01 16:38:01   GET:https://api.weixin.qq.com/sns/jscode2session?appid=wxb10693ce301b0503&secret=fe966f7c89ba08eccd70060f2b3f9801&js_code=061ZRYqW0aKNN12oQzsW0xCFqW0ZRYq6&grant_type=authorization_code
2019-11-01 16:38:01   status:200
2019-11-01 16:38:01   data:{'session_key': '6AATuVuDJxh+WktXac47ww==', 'openid': 'oJfBH41Q13o00lX3pbhGAKUmThxA'}
2019-11-01 16:38:24   GET:https://api.weixin.qq.com/sns/jscode2session?appid=wxb10693ce301b0503&secret=fe966f7c89ba08eccd70060f2b3f9801&js_code=0710Rz2t1cZ4qf0FVu1t184m2t10Rz20&grant_type=authorization_code
2019-11-01 16:38:24   status:200
2019-11-01 16:38:24   data:{'session_key': '6AATuVuDJxh+WktXac47ww==', 'openid': 'oJfBH41Q13o00lX3pbhGAKUmThxA'}
2019-11-01 16:39:42   GET:https://api.weixin.qq.com/sns/jscode2session?appid=wxb10693ce301b0503&secret=fe966f7c89ba08eccd70060f2b3f9801&js_code=061wPuoD1guoD50h0OmD1DbBoD1wPuoJ&grant_type=authorization_code
2019-11-01 16:39:42   status:200
2019-11-01 16:39:42   data:{'session_key': '6AATuVuDJxh+WktXac47ww==', 'openid': 'oJfBH41Q13o00lX3pbhGAKUmThxA'}
2019-11-01 16:40:10   GET:https://api.weixin.qq.com/sns/jscode2session?appid=wxb10693ce301b0503&secret=fe966f7c89ba08eccd70060f2b3f9801&js_code=011EKStc1INzWv0psurc1GVNtc1EKStI&grant_type=authorization_code
2019-11-01 16:40:11   status:200
2019-11-01 16:40:11   data:{'session_key': 'n7oPeYT2XN1YkzK0tWr8Ag==', 'openid': 'oJfBH41Q13o00lX3pbhGAKUmThxA'}
2019-11-01 16:40:16   ('data DoesNotExist',)
2019-11-01 16:40:16   GET:https://api.weixin.qq.com/sns/jscode2session?appid=wxb10693ce301b0503&secret=fe966f7c89ba08eccd70060f2b3f9801&js_code=081YcfY91wYieO1WI60a1OUgY91YcfYa&grant_type=authorization_code
2019-11-01 16:40:16   status:200
2019-11-01 16:40:16   data:{'session_key': 'n7oPeYT2XN1YkzK0tWr8Ag==', 'openid': 'oJfBH41Q13o00lX3pbhGAKUmThxA'}
2019-11-01 16:40:50   ('data DoesNotExist',)
2019-11-01 16:41:04   GET:https://api.weixin.qq.com/sns/jscode2session?appid=wxb10693ce301b0503&secret=fe966f7c89ba08eccd70060f2b3f9801&js_code=061XKH1F1tfxY70T2fYE1HhB1F1XKH1N&grant_type=authorization_code
2019-11-01 16:41:05   status:200
2019-11-01 16:41:05   data:{'session_key': 'n7oPeYT2XN1YkzK0tWr8Ag==', 'openid': 'oJfBH41Q13o00lX3pbhGAKUmThxA'}
2019-11-01 16:42:03   GET:https://api.weixin.qq.com/sns/jscode2session?appid=wxb10693ce301b0503&secret=fe966f7c89ba08eccd70060f2b3f9801&js_code=021LjbJf1aQFit0kVeKf125eJf1LjbJz&grant_type=authorization_code
2019-11-01 16:42:03   status:200
2019-11-01 16:42:03   data:{'session_key': 'n7oPeYT2XN1YkzK0tWr8Ag==', 'openid': 'oJfBH41Q13o00lX3pbhGAKUmThxA'}
2019-11-01 16:42:03   ('no processing activity',)
2019-11-01 16:44:22   GET:https://api.weixin.qq.com/sns/jscode2session?appid=wxb10693ce301b0503&secret=fe966f7c89ba08eccd70060f2b3f9801&js_code=081BWmP32RlDiP0Rp0Q324C3P32BWmPX&grant_type=authorization_code
2019-11-01 16:44:22   status:200
2019-11-01 16:44:22   data:{'session_key': '6nd6aZbMoc+N615faG2SqA==', 'openid': 'oJfBH41Q13o00lX3pbhGAKUmThxA'}
2019-11-01 16:44:22   ('no processing activity',)
2019-11-01 16:45:17   GET:https://api.weixin.qq.com/sns/jscode2session?appid=wxb10693ce301b0503&secret=fe966f7c89ba08eccd70060f2b3f9801&js_code=0713CCyi2ALlzA0TvOyi2CbCyi23CCy1&grant_type=authorization_code
2019-11-01 16:45:17   status:200
2019-11-01 16:45:17   data:{'session_key': '6nd6aZbMoc+N615faG2SqA==', 'openid': 'oJfBH41Q13o00lX3pbhGAKUmThxA'}
2019-11-01 16:45:17   ('no processing activity',)
2019-11-01 16:53:15   GET:https://api.weixin.qq.com/sns/jscode2session?appid=wxb10693ce301b0503&secret=fe966f7c89ba08eccd70060f2b3f9801&js_code=011OdOm31ryZIP1Z7io31iyQm31OdOmH&grant_type=authorization_code
2019-11-01 16:53:15   status:200
2019-11-01 16:53:15   data:{'session_key': '9V1YT3M8kWAvnufr74Edgw==', 'openid': 'oJfBH41Q13o00lX3pbhGAKUmThxA'}
2019-11-01 16:53:51   GET:https://api.weixin.qq.com/sns/jscode2session?appid=wxb10693ce301b0503&secret=fe966f7c89ba08eccd70060f2b3f9801&js_code=061ReETM1Ck8c614p4UM1aYDTM1ReETX&grant_type=authorization_code
2019-11-01 16:53:51   status:200
2019-11-01 16:53:51   data:{'session_key': '9V1YT3M8kWAvnufr74Edgw==', 'openid': 'oJfBH41Q13o00lX3pbhGAKUmThxA'}
2019-11-01 16:54:40   GET:https://api.weixin.qq.com/sns/jscode2session?appid=wxb10693ce301b0503&secret=fe966f7c89ba08eccd70060f2b3f9801&js_code=011EzTq41eEscT1SEEs4181Vq41EzTqU&grant_type=authorization_code
2019-11-01 16:54:40   status:200
2019-11-01 16:54:40   data:{'session_key': '9V1YT3M8kWAvnufr74Edgw==', 'openid': 'oJfBH41Q13o00lX3pbhGAKUmThxA'}
2019-11-01 16:57:14   ('data DoesNotExist',)
2019-11-01 16:58:44   GET:https://api.weixin.qq.com/sns/jscode2session?appid=wxb10693ce301b0503&secret=fe966f7c89ba08eccd70060f2b3f9801&js_code=071A8FN42adjRO0qK6O42HMuN42A8FNr&grant_type=authorization_code
2019-11-01 16:58:44   status:200
2019-11-01 16:58:44   data:{'openid': 'oJfBH41Q13o00lX3pbhGAKUmThxA', 'session_key': '0+kIztWm2E6MjZv/3BTb9A=='}
2019-11-01 16:59:55   GET:https://api.weixin.qq.com/sns/jscode2session?appid=wxb10693ce301b0503&secret=fe966f7c89ba08eccd70060f2b3f9801&js_code=081f7Oll1a0SDn0ePvjl14gRll1f7OlP&grant_type=authorization_code
2019-11-01 16:59:55   status:200
2019-11-01 16:59:55   data:{'openid': 'oJfBH41Q13o00lX3pbhGAKUmThxA', 'session_key': '0+kIztWm2E6MjZv/3BTb9A=='}
2019-11-01 17:00:31   GET:https://api.weixin.qq.com/sns/jscode2session?appid=wxb10693ce301b0503&secret=fe966f7c89ba08eccd70060f2b3f9801&js_code=071Ne9p71k1DGL1sbuq71nAop71Ne9pv&grant_type=authorization_code
2019-11-01 17:00:31   status:200
2019-11-01 17:00:31   data:{'openid': 'oJfBH41Q13o00lX3pbhGAKUmThxA', 'session_key': '0+kIztWm2E6MjZv/3BTb9A=='}
2019-11-01 17:01:18   GET:https://api.weixin.qq.com/sns/jscode2session?appid=wxb10693ce301b0503&secret=fe966f7c89ba08eccd70060f2b3f9801&js_code=061e5JYc08VIAA1mgGXc0c8LYc0e5JYi&grant_type=authorization_code
2019-11-01 17:01:18   status:200
2019-11-01 17:01:18   data:{'openid': 'oJfBH41Q13o00lX3pbhGAKUmThxA', 'session_key': 'kCPa13uS+DORuB7aLvLJSA=='}
2019-11-01 17:01:58   GET:https://api.weixin.qq.com/sns/jscode2session?appid=wxb10693ce301b0503&secret=fe966f7c89ba08eccd70060f2b3f9801&js_code=071kVGli1E4Ldv0VCjni1f0Ili1kVGlM&grant_type=authorization_code
2019-11-01 17:01:59   status:200
2019-11-01 17:01:59   data:{'openid': 'oJfBH41Q13o00lX3pbhGAKUmThxA', 'session_key': 'kCPa13uS+DORuB7aLvLJSA=='}
2019-11-01 17:02:28   GET:https://api.weixin.qq.com/sns/jscode2session?appid=wxb10693ce301b0503&secret=fe966f7c89ba08eccd70060f2b3f9801&js_code=0211p5VR1n0iI51P19WR1He1VR11p5VF&grant_type=authorization_code
2019-11-01 17:02:28   status:200
2019-11-01 17:02:28   data:{'openid': 'oJfBH41Q13o00lX3pbhGAKUmThxA', 'session_key': 'kCPa13uS+DORuB7aLvLJSA=='}
2019-11-01 17:02:40   GET:https://api.weixin.qq.com/sns/jscode2session?appid=wxb10693ce301b0503&secret=fe966f7c89ba08eccd70060f2b3f9801&js_code=061OOpes1mEPil0S4dcs1fkies1OOpeO&grant_type=authorization_code
2019-11-01 17:02:40   status:200
2019-11-01 17:02:40   data:{'openid': 'oJfBH41Q13o00lX3pbhGAKUmThxA', 'session_key': 'kCPa13uS+DORuB7aLvLJSA=='}
2019-11-01 17:02:46   GET:https://api.weixin.qq.com/sns/jscode2session?appid=wxb10693ce301b0503&secret=fe966f7c89ba08eccd70060f2b3f9801&js_code=0016Skeb0Q4yNx1kHnhb0KjCeb06Skev&grant_type=authorization_code
2019-11-01 17:02:46   status:200
2019-11-01 17:02:46   data:{'openid': 'oJfBH41Q13o00lX3pbhGAKUmThxA', 'session_key': 'kCPa13uS+DORuB7aLvLJSA=='}
2019-11-01 17:03:24   GET:https://api.weixin.qq.com/sns/jscode2session?appid=wxb10693ce301b0503&secret=fe966f7c89ba08eccd70060f2b3f9801&js_code=001mMfmO1YdvS91gknoO1b7omO1mMfmQ&grant_type=authorization_code
2019-11-01 17:03:24   status:200
2019-11-01 17:03:24   data:{'openid': 'oJfBH41Q13o00lX3pbhGAKUmThxA', 'session_key': 'BwkWA7sjQr/YVM4kVJBkag=='}
2019-11-01 17:04:01   GET:https://api.weixin.qq.com/sns/jscode2session?appid=wxb10693ce301b0503&secret=fe966f7c89ba08eccd70060f2b3f9801&js_code=071XJiq92eNtFJ0GeLq92qbtq92XJiqW&grant_type=authorization_code
2019-11-01 17:04:01   status:200
2019-11-01 17:04:01   data:{'openid': 'oJfBH41Q13o00lX3pbhGAKUmThxA', 'session_key': 'BwkWA7sjQr/YVM4kVJBkag=='}
2019-11-01 17:04:17   GET:https://api.weixin.qq.com/sns/jscode2session?appid=wxb10693ce301b0503&secret=fe966f7c89ba08eccd70060f2b3f9801&js_code=071Y3Na10T6GfH1lF2a10msPa10Y3Nax&grant_type=authorization_code
2019-11-01 17:04:17   status:200
2019-11-01 17:04:17   data:{'openid': 'oJfBH41Q13o00lX3pbhGAKUmThxA', 'session_key': 'BwkWA7sjQr/YVM4kVJBkag=='}
2019-11-01 17:04:27   GET:https://api.weixin.qq.com/sns/jscode2session?appid=wxb10693ce301b0503&secret=fe966f7c89ba08eccd70060f2b3f9801&js_code=071WwY202vh1CT0FwY402kzW202WwY2N&grant_type=authorization_code
2019-11-01 17:04:27   status:200
2019-11-01 17:04:27   data:{'openid': 'oJfBH41Q13o00lX3pbhGAKUmThxA', 'session_key': 'BwkWA7sjQr/YVM4kVJBkag=='}
2019-11-01 17:06:03   GET:https://api.weixin.qq.com/sns/jscode2session?appid=wxb10693ce301b0503&secret=fe966f7c89ba08eccd70060f2b3f9801&js_code=011CCINR1DBtT11ReiLR1NvwNR1CCINV&grant_type=authorization_code
2019-11-01 17:06:03   status:200
2019-11-01 17:06:03   data:{'openid': 'oJfBH41Q13o00lX3pbhGAKUmThxA', 'session_key': 'cQ+y1E4lan/GeiPNouixPA=='}
2019-11-01 17:06:25   GET:https://api.weixin.qq.com/sns/jscode2session?appid=wxb10693ce301b0503&secret=fe966f7c89ba08eccd70060f2b3f9801&js_code=071gCMe90XlHbz1c25g90hbXe90gCMeB&grant_type=authorization_code
2019-11-01 17:06:25   status:200
2019-11-01 17:06:25   data:{'openid': 'oJfBH41Q13o00lX3pbhGAKUmThxA', 'session_key': 'cQ+y1E4lan/GeiPNouixPA=='}
2019-11-01 17:06:50   GET:https://api.weixin.qq.com/sns/jscode2session?appid=wxb10693ce301b0503&secret=fe966f7c89ba08eccd70060f2b3f9801&js_code=011OJhTX07XHeV1MFuPX0MYZSX0OJhTg&grant_type=authorization_code
2019-11-01 17:06:50   status:200
2019-11-01 17:06:50   data:{'openid': 'oJfBH41Q13o00lX3pbhGAKUmThxA', 'session_key': 'cQ+y1E4lan/GeiPNouixPA=='}
2019-11-01 17:07:50   GET:https://api.weixin.qq.com/sns/jscode2session?appid=wxb10693ce301b0503&secret=fe966f7c89ba08eccd70060f2b3f9801&js_code=021qlcma2URySN0wF0la2rRUla2qlcmq&grant_type=authorization_code
2019-11-01 17:07:50   status:200
2019-11-01 17:07:50   data:{'openid': 'oJfBH41Q13o00lX3pbhGAKUmThxA', 'session_key': 'cQ+y1E4lan/GeiPNouixPA=='}
2019-11-01 17:07:54   GET:https://api.weixin.qq.com/sns/jscode2session?appid=wxb10693ce301b0503&secret=fe966f7c89ba08eccd70060f2b3f9801&js_code=071KBTZF06whHd2iz2YF0U0DZF0KBTZw&grant_type=authorization_code
2019-11-01 17:07:55   status:200
2019-11-01 17:07:55   data:{'openid': 'oJfBH41Q13o00lX3pbhGAKUmThxA', 'session_key': 'cQ+y1E4lan/GeiPNouixPA=='}
