2019-11-13 09:16:23   GET:https://api.weixin.qq.com/sns/jscode2session?appid=wxb10693ce301b0503&secret=fe966f7c89ba08eccd70060f2b3f9801&js_code=081sLjKQ15wes2118EIQ1Bl5KQ1sLjKo&grant_type=authorization_code
2019-11-13 09:16:23   status:200
2019-11-13 09:16:23   data:{'session_key': 'z1AmvVNdhSEnTUYXB8XZ1A==', 'openid': 'oJfBH41Q13o00lX3pbhGAKUmThxA'}
2019-11-13 09:24:34   GET:https://api.weixin.qq.com/sns/jscode2session?appid=wxb10693ce301b0503&secret=fe966f7c89ba08eccd70060f2b3f9801&js_code=081xGdHJ0rIoV92QfpHJ0HSRGJ0xGdHS&grant_type=authorization_code
2019-11-13 09:24:34   status:200
2019-11-13 09:24:34   data:{'session_key': 'nlZw+jXqHhnWHon01sFFtg==', 'openid': 'oJfBH41Q13o00lX3pbhGAKUmThxA'}
2019-11-13 09:24:46   GET:https://api.weixin.qq.com/sns/jscode2session?appid=wxb10693ce301b0503&secret=fe966f7c89ba08eccd70060f2b3f9801&js_code=021gFO810IQ9mH1SUea10GJU810gFO8g&grant_type=authorization_code
2019-11-13 09:24:46   status:200
2019-11-13 09:24:46   data:{'session_key': 'nlZw+jXqHhnWHon01sFFtg==', 'openid': 'oJfBH41Q13o00lX3pbhGAKUmThxA'}
2019-11-13 09:37:03   GET:https://api.weixin.qq.com/sns/jscode2session?appid=wxb10693ce301b0503&secret=fe966f7c89ba08eccd70060f2b3f9801&js_code=061dqYK302UzjJ1PWvJ30uIWK30dqYKf&grant_type=authorization_code
2019-11-13 09:37:04   status:200
2019-11-13 09:37:04   data:{'session_key': 'RviKdkRmWol7/ojP5QDBXg==', 'openid': 'oJfBH41Q13o00lX3pbhGAKUmThxA'}
2019-11-13 09:37:42   GET:https://api.weixin.qq.com/sns/jscode2session?appid=wxb10693ce301b0503&secret=fe966f7c89ba08eccd70060f2b3f9801&js_code=021yXn8L060U182YHc8L08Tb8L0yXn80&grant_type=authorization_code
2019-11-13 09:37:42   status:200
2019-11-13 09:37:42   data:{'session_key': 'RviKdkRmWol7/ojP5QDBXg==', 'openid': 'oJfBH41Q13o00lX3pbhGAKUmThxA'}
2019-11-13 09:38:08   GET:https://api.weixin.qq.com/sns/jscode2session?appid=wxb10693ce301b0503&secret=fe966f7c89ba08eccd70060f2b3f9801&js_code=0114Z2s32E9fIP0Urpu32HrYr324Z2sf&grant_type=authorization_code
2019-11-13 09:38:08   status:200
2019-11-13 09:38:08   data:{'session_key': 'RviKdkRmWol7/ojP5QDBXg==', 'openid': 'oJfBH41Q13o00lX3pbhGAKUmThxA'}
2019-11-13 09:40:41   GET:https://api.weixin.qq.com/sns/jscode2session?appid=wxb10693ce301b0503&secret=fe966f7c89ba08eccd70060f2b3f9801&js_code=0116pJvj2rvJvE0i7myj208Rvj26pJvC&grant_type=authorization_code
2019-11-13 09:40:41   status:200
2019-11-13 09:40:41   data:{'session_key': 'Y+RROp7NurZykdGJCTHnvQ==', 'openid': 'oJfBH41Q13o00lX3pbhGAKUmThxA'}
2019-11-13 09:41:11   GET:https://api.weixin.qq.com/sns/jscode2session?appid=wxb10693ce301b0503&secret=fe966f7c89ba08eccd70060f2b3f9801&js_code=071y21fh1HV1gr0iEzfh11rQeh1y21f1&grant_type=authorization_code
2019-11-13 09:41:11   status:200
2019-11-13 09:41:11   data:{'session_key': 'Y+RROp7NurZykdGJCTHnvQ==', 'openid': 'oJfBH41Q13o00lX3pbhGAKUmThxA'}
2019-11-13 09:41:18   GET:https://api.weixin.qq.com/sns/jscode2session?appid=wxb10693ce301b0503&secret=fe966f7c89ba08eccd70060f2b3f9801&js_code=001IBx8G0WlKcd2Dta8G0SuS8G0IBx8E&grant_type=authorization_code
2019-11-13 09:41:18   status:200
2019-11-13 09:41:18   data:{'session_key': 'Y+RROp7NurZykdGJCTHnvQ==', 'openid': 'oJfBH41Q13o00lX3pbhGAKUmThxA'}
2019-11-13 09:41:44   GET:https://api.weixin.qq.com/sns/jscode2session?appid=wxb10693ce301b0503&secret=fe966f7c89ba08eccd70060f2b3f9801&js_code=061gBA3b1cDUzx0LE35b1H6N3b1gBA3L&grant_type=authorization_code
2019-11-13 09:41:44   status:200
2019-11-13 09:41:44   data:{'session_key': 'Y+RROp7NurZykdGJCTHnvQ==', 'openid': 'oJfBH41Q13o00lX3pbhGAKUmThxA'}
2019-11-13 09:42:10   GET:https://api.weixin.qq.com/sns/jscode2session?appid=wxb10693ce301b0503&secret=fe966f7c89ba08eccd70060f2b3f9801&js_code=011MFQt21ylrGQ1Wwiv21HgZt21MFQtS&grant_type=authorization_code
2019-11-13 09:42:10   status:200
2019-11-13 09:42:10   data:{'session_key': 'Y+RROp7NurZykdGJCTHnvQ==', 'openid': 'oJfBH41Q13o00lX3pbhGAKUmThxA'}
2019-11-13 09:42:26   GET:https://api.weixin.qq.com/sns/jscode2session?appid=wxb10693ce301b0503&secret=fe966f7c89ba08eccd70060f2b3f9801&js_code=0211jGQy09ehCe1rA3Ty0qKKQy01jGQC&grant_type=authorization_code
2019-11-13 09:42:26   status:200
2019-11-13 09:42:26   data:{'session_key': 'Y+RROp7NurZykdGJCTHnvQ==', 'openid': 'oJfBH41Q13o00lX3pbhGAKUmThxA'}
2019-11-13 09:43:01   GET:https://api.weixin.qq.com/sns/jscode2session?appid=wxb10693ce301b0503&secret=fe966f7c89ba08eccd70060f2b3f9801&js_code=011sqaGS0TZML02s7NES0aGbGS0sqaGu&grant_type=authorization_code
2019-11-13 09:43:01   status:200
2019-11-13 09:43:01   data:{'session_key': 'jgNK1DzAOzeJef27uGeUPg==', 'openid': 'oJfBH41Q13o00lX3pbhGAKUmThxA'}
2019-11-13 09:43:47   GET:https://api.weixin.qq.com/sns/jscode2session?appid=wxb10693ce301b0503&secret=fe966f7c89ba08eccd70060f2b3f9801&js_code=021j2UQZ0e3rhY1kJZOZ0DrtQZ0j2UQQ&grant_type=authorization_code
2019-11-13 09:43:47   status:200
2019-11-13 09:43:47   data:{'session_key': 'jgNK1DzAOzeJef27uGeUPg==', 'openid': 'oJfBH41Q13o00lX3pbhGAKUmThxA'}
2019-11-13 09:45:00   GET:https://api.weixin.qq.com/sns/jscode2session?appid=wxb10693ce301b0503&secret=fe966f7c89ba08eccd70060f2b3f9801&js_code=001TWSb80NtkjF1Ysjc80HbIb80TWSbj&grant_type=authorization_code
2019-11-13 09:45:01   status:200
2019-11-13 09:45:01   data:{'session_key': 'jgNK1DzAOzeJef27uGeUPg==', 'openid': 'oJfBH41Q13o00lX3pbhGAKUmThxA'}
2019-11-13 09:45:11   GET:https://api.weixin.qq.com/sns/jscode2session?appid=wxb10693ce301b0503&secret=fe966f7c89ba08eccd70060f2b3f9801&js_code=061yUjFm0DXSPq1HxxHm0QNfFm0yUjFY&grant_type=authorization_code
2019-11-13 09:45:11   status:200
2019-11-13 09:45:11   data:{'session_key': '910r75H3mgt8EOwUo75atg==', 'openid': 'oJfBH41Q13o00lX3pbhGAKUmThxA'}
2019-11-13 09:45:29   GET:https://api.weixin.qq.com/sns/jscode2session?appid=wxb10693ce301b0503&secret=fe966f7c89ba08eccd70060f2b3f9801&js_code=0610NXtv0xZZYh1Mnnuv04zUtv00NXtc&grant_type=authorization_code
2019-11-13 09:45:29   status:200
2019-11-13 09:45:29   data:{'session_key': '910r75H3mgt8EOwUo75atg==', 'openid': 'oJfBH41Q13o00lX3pbhGAKUmThxA'}
2019-11-13 09:46:10   GET:https://api.weixin.qq.com/sns/jscode2session?appid=wxb10693ce301b0503&secret=fe966f7c89ba08eccd70060f2b3f9801&js_code=001upm2x1A1xsg0EHZ2x1H4z2x1upm29&grant_type=authorization_code
2019-11-13 09:46:10   status:200
2019-11-13 09:46:10   data:{'session_key': '910r75H3mgt8EOwUo75atg==', 'openid': 'oJfBH41Q13o00lX3pbhGAKUmThxA'}
2019-11-13 09:46:51   GET:https://api.weixin.qq.com/sns/jscode2session?appid=wxb10693ce301b0503&secret=fe966f7c89ba08eccd70060f2b3f9801&js_code=011nhEs60CcssC1UvUu60SPJs60nhEsg&grant_type=authorization_code
2019-11-13 09:46:51   status:200
2019-11-13 09:46:51   data:{'session_key': '910r75H3mgt8EOwUo75atg==', 'openid': 'oJfBH41Q13o00lX3pbhGAKUmThxA'}
2019-11-13 09:47:15   GET:https://api.weixin.qq.com/sns/jscode2session?appid=wxb10693ce301b0503&secret=fe966f7c89ba08eccd70060f2b3f9801&js_code=021vEbKp0C1dCn18NwKp0KDaKp0vEbKz&grant_type=authorization_code
2019-11-13 09:47:15   status:200
2019-11-13 09:47:15   data:{'session_key': 'JKcYwXONI1UJ2HgqK31IVw==', 'openid': 'oJfBH41Q13o00lX3pbhGAKUmThxA'}
2019-11-13 09:47:58   GET:https://api.weixin.qq.com/sns/jscode2session?appid=wxb10693ce301b0503&secret=fe966f7c89ba08eccd70060f2b3f9801&js_code=071Us0YC0MHpSk2x4y0D0lP2YC0Us0Yo&grant_type=authorization_code
2019-11-13 09:47:58   status:200
2019-11-13 09:47:58   data:{'session_key': 'JKcYwXONI1UJ2HgqK31IVw==', 'openid': 'oJfBH41Q13o00lX3pbhGAKUmThxA'}
2019-11-13 09:48:09   GET:https://api.weixin.qq.com/sns/jscode2session?appid=wxb10693ce301b0503&secret=fe966f7c89ba08eccd70060f2b3f9801&js_code=021XSyap1Edomj0HWedp1ehwap1XSyaq&grant_type=authorization_code
2019-11-13 09:48:09   status:200
2019-11-13 09:48:09   data:{'session_key': 'JKcYwXONI1UJ2HgqK31IVw==', 'openid': 'oJfBH41Q13o00lX3pbhGAKUmThxA'}
2019-11-13 09:48:15   GET:https://api.weixin.qq.com/sns/jscode2session?appid=wxb10693ce301b0503&secret=fe966f7c89ba08eccd70060f2b3f9801&js_code=071n6imC1eVkq606IjoC16ShmC1n6imj&grant_type=authorization_code
2019-11-13 09:48:15   status:200
2019-11-13 09:48:15   data:{'session_key': 'JKcYwXONI1UJ2HgqK31IVw==', 'openid': 'oJfBH41Q13o00lX3pbhGAKUmThxA'}
2019-11-13 09:48:49   GET:https://api.weixin.qq.com/sns/jscode2session?appid=wxb10693ce301b0503&secret=fe966f7c89ba08eccd70060f2b3f9801&js_code=061TuWgs0wVTxg14Wufs0MChhs0TuWgL&grant_type=authorization_code
2019-11-13 09:48:49   status:200
2019-11-13 09:48:49   data:{'session_key': 'JKcYwXONI1UJ2HgqK31IVw==', 'openid': 'oJfBH41Q13o00lX3pbhGAKUmThxA'}
2019-11-13 09:50:05   GET:https://api.weixin.qq.com/sns/jscode2session?appid=wxb10693ce301b0503&secret=fe966f7c89ba08eccd70060f2b3f9801&js_code=001iJoI50FYBMC1z1IG509orI50iJoI9&grant_type=authorization_code
2019-11-13 09:50:05   status:200
2019-11-13 09:50:05   data:{'session_key': '+Cf/fsGORE8lN0LRoq/gnA==', 'openid': 'oJfBH41Q13o00lX3pbhGAKUmThxA'}
2019-11-13 09:50:29   GET:https://api.weixin.qq.com/sns/jscode2session?appid=wxb10693ce301b0503&secret=fe966f7c89ba08eccd70060f2b3f9801&js_code=001WWxhH02MnBg2eLXdH0YvqhH0WWxhZ&grant_type=authorization_code
2019-11-13 09:50:29   status:200
2019-11-13 09:50:29   data:{'session_key': '+Cf/fsGORE8lN0LRoq/gnA==', 'openid': 'oJfBH41Q13o00lX3pbhGAKUmThxA'}
2019-11-13 09:53:07   GET:https://api.weixin.qq.com/sns/jscode2session?appid=wxb10693ce301b0503&secret=fe966f7c89ba08eccd70060f2b3f9801&js_code=081nBsVN0gJQca2CFaUN0RpsVN0nBsVn&grant_type=authorization_code
2019-11-13 09:53:07   status:200
2019-11-13 09:53:07   data:{'session_key': '1UslvFr0dDs9p9cFOL40RA==', 'openid': 'oJfBH41Q13o00lX3pbhGAKUmThxA'}
2019-11-13 09:53:33   GET:https://api.weixin.qq.com/sns/jscode2session?appid=wxb10693ce301b0503&secret=fe966f7c89ba08eccd70060f2b3f9801&js_code=081JFkVh0ox07v1e3NSh0B4tVh0JFkVd&grant_type=authorization_code
2019-11-13 09:53:33   status:200
2019-11-13 09:53:33   data:{'session_key': '1UslvFr0dDs9p9cFOL40RA==', 'openid': 'oJfBH41Q13o00lX3pbhGAKUmThxA'}
2019-11-13 09:53:46   GET:https://api.weixin.qq.com/sns/jscode2session?appid=wxb10693ce301b0503&secret=fe966f7c89ba08eccd70060f2b3f9801&js_code=011Phwtt1Pg0af04pdut1zjItt1PhwtA&grant_type=authorization_code
2019-11-13 09:53:46   status:200
2019-11-13 09:53:46   data:{'session_key': '1UslvFr0dDs9p9cFOL40RA==', 'openid': 'oJfBH41Q13o00lX3pbhGAKUmThxA'}
2019-11-13 09:54:15   GET:https://api.weixin.qq.com/sns/jscode2session?appid=wxb10693ce301b0503&secret=fe966f7c89ba08eccd70060f2b3f9801&js_code=0619YbGi0YPbfq1votFi0L10Gi09YbGS&grant_type=authorization_code
2019-11-13 09:54:15   status:200
2019-11-13 09:54:15   data:{'session_key': '1UslvFr0dDs9p9cFOL40RA==', 'openid': 'oJfBH41Q13o00lX3pbhGAKUmThxA'}
2019-11-13 09:54:19   GET:https://api.weixin.qq.com/sns/jscode2session?appid=wxb10693ce301b0503&secret=fe966f7c89ba08eccd70060f2b3f9801&js_code=0818rpFk1TtwRn0KZKDk1YLbFk18rpFa&grant_type=authorization_code
2019-11-13 09:54:19   status:200
2019-11-13 09:54:19   data:{'session_key': '1UslvFr0dDs9p9cFOL40RA==', 'openid': 'oJfBH41Q13o00lX3pbhGAKUmThxA'}
2019-11-13 09:54:31   GET:https://api.weixin.qq.com/sns/jscode2session?appid=wxb10693ce301b0503&secret=fe966f7c89ba08eccd70060f2b3f9801&js_code=001ItAd61bjs7N19Bpg61rLld61ItAdT&grant_type=authorization_code
2019-11-13 09:54:31   status:200
2019-11-13 09:54:31   data:{'session_key': '1UslvFr0dDs9p9cFOL40RA==', 'openid': 'oJfBH41Q13o00lX3pbhGAKUmThxA'}
2019-11-13 10:09:10   GET:https://api.weixin.qq.com/sns/jscode2session?appid=wxb10693ce301b0503&secret=fe966f7c89ba08eccd70060f2b3f9801&js_code=0715Mtmg1nQsas0E6Yng1vDGmg15Mtmy&grant_type=authorization_code
2019-11-13 10:09:11   status:200
2019-11-13 10:09:11   data:{'session_key': 'YmJ0YgXK6kDRfnSvpUky3A==', 'openid': 'oJfBH41Q13o00lX3pbhGAKUmThxA'}
2019-11-13 10:09:31   GET:https://api.weixin.qq.com/sns/jscode2session?appid=wxb10693ce301b0503&secret=fe966f7c89ba08eccd70060f2b3f9801&js_code=071QMvvQ0p11F72EgwtQ0VRgvQ0QMvve&grant_type=authorization_code
2019-11-13 10:09:31   status:200
2019-11-13 10:09:31   data:{'session_key': 'YmJ0YgXK6kDRfnSvpUky3A==', 'openid': 'oJfBH41Q13o00lX3pbhGAKUmThxA'}
2019-11-13 10:09:48   GET:https://api.weixin.qq.com/sns/jscode2session?appid=wxb10693ce301b0503&secret=fe966f7c89ba08eccd70060f2b3f9801&js_code=071qLKRU1gMYIY0EaEUU1SEFRU1qLKRa&grant_type=authorization_code
2019-11-13 10:09:48   status:200
2019-11-13 10:09:48   data:{'session_key': 'YmJ0YgXK6kDRfnSvpUky3A==', 'openid': 'oJfBH41Q13o00lX3pbhGAKUmThxA'}
2019-11-13 10:10:01   GET:https://api.weixin.qq.com/sns/jscode2session?appid=wxb10693ce301b0503&secret=fe966f7c89ba08eccd70060f2b3f9801&js_code=061cIV5z0f7iee1Oye6z0eO66z0cIV5c&grant_type=authorization_code
2019-11-13 10:10:01   status:200
2019-11-13 10:10:01   data:{'session_key': 'YmJ0YgXK6kDRfnSvpUky3A==', 'openid': 'oJfBH41Q13o00lX3pbhGAKUmThxA'}
2019-11-13 10:10:22   GET:https://api.weixin.qq.com/sns/jscode2session?appid=wxb10693ce301b0503&secret=fe966f7c89ba08eccd70060f2b3f9801&js_code=061JgLjD1VbBD50w04kD1xh0kD1JgLjC&grant_type=authorization_code
2019-11-13 10:10:22   status:200
2019-11-13 10:10:22   data:{'session_key': 'YmJ0YgXK6kDRfnSvpUky3A==', 'openid': 'oJfBH41Q13o00lX3pbhGAKUmThxA'}
2019-11-13 10:10:57   GET:https://api.weixin.qq.com/sns/jscode2session?appid=wxb10693ce301b0503&secret=fe966f7c89ba08eccd70060f2b3f9801&js_code=011J5kgG0Yj7kd23tsfG0V0AgG0J5kgx&grant_type=authorization_code
2019-11-13 10:10:57   status:200
2019-11-13 10:10:57   data:{'session_key': 'YmJ0YgXK6kDRfnSvpUky3A==', 'openid': 'oJfBH41Q13o00lX3pbhGAKUmThxA'}
2019-11-13 10:11:21   GET:https://api.weixin.qq.com/sns/jscode2session?appid=wxb10693ce301b0503&secret=fe966f7c89ba08eccd70060f2b3f9801&js_code=001WB3gh2O3QbC0G7efh2HCWfh2WB3gc&grant_type=authorization_code
2019-11-13 10:11:21   status:200
2019-11-13 10:11:21   data:{'session_key': 'B5nAshPyxCvVEke4SR+eKw==', 'openid': 'oJfBH41Q13o00lX3pbhGAKUmThxA'}
2019-11-13 10:11:30   GET:https://api.weixin.qq.com/sns/jscode2session?appid=wxb10693ce301b0503&secret=fe966f7c89ba08eccd70060f2b3f9801&js_code=011eG18l0Ayh5s1NM07l0Kq18l0eG18E&grant_type=authorization_code
2019-11-13 10:11:30   status:200
2019-11-13 10:11:30   data:{'session_key': 'B5nAshPyxCvVEke4SR+eKw==', 'openid': 'oJfBH41Q13o00lX3pbhGAKUmThxA'}
2019-11-13 10:11:38   GET:https://api.weixin.qq.com/sns/jscode2session?appid=wxb10693ce301b0503&secret=fe966f7c89ba08eccd70060f2b3f9801&js_code=071bPxEj0R5qSo1T3XAj0UfEEj0bPxE1&grant_type=authorization_code
2019-11-13 10:11:38   status:200
2019-11-13 10:11:38   data:{'session_key': 'B5nAshPyxCvVEke4SR+eKw==', 'openid': 'oJfBH41Q13o00lX3pbhGAKUmThxA'}
2019-11-13 10:12:01   GET:https://api.weixin.qq.com/sns/jscode2session?appid=wxb10693ce301b0503&secret=fe966f7c89ba08eccd70060f2b3f9801&js_code=0112m18D1XsMv50CQobD1NZ78D12m18o&grant_type=authorization_code
2019-11-13 10:12:01   status:200
2019-11-13 10:12:01   data:{'session_key': 'B5nAshPyxCvVEke4SR+eKw==', 'openid': 'oJfBH41Q13o00lX3pbhGAKUmThxA'}
2019-11-13 10:12:23   GET:https://api.weixin.qq.com/sns/jscode2session?appid=wxb10693ce301b0503&secret=fe966f7c89ba08eccd70060f2b3f9801&js_code=071LLPNc0qeZgA1zC0Pc0Qp6Oc0LLPND&grant_type=authorization_code
2019-11-13 10:12:24   status:200
2019-11-13 10:12:24   data:{'session_key': 'B5nAshPyxCvVEke4SR+eKw==', 'openid': 'oJfBH41Q13o00lX3pbhGAKUmThxA'}
2019-11-13 10:13:23   GET:https://api.weixin.qq.com/sns/jscode2session?appid=wxb10693ce301b0503&secret=fe966f7c89ba08eccd70060f2b3f9801&js_code=071d6urk1gdfeo0cq2rk14orrk1d6urD&grant_type=authorization_code
2019-11-13 10:13:23   status:200
2019-11-13 10:13:23   data:{'session_key': '2cGhQuONb7J3iMWOOTKxUw==', 'openid': 'oJfBH41Q13o00lX3pbhGAKUmThxA'}
2019-11-13 10:13:34   GET:https://api.weixin.qq.com/sns/jscode2session?appid=wxb10693ce301b0503&secret=fe966f7c89ba08eccd70060f2b3f9801&js_code=061WYN7O1KF5A91TOJaO1VxD7O1WYN7C&grant_type=authorization_code
2019-11-13 10:13:34   status:200
2019-11-13 10:13:34   data:{'session_key': '2cGhQuONb7J3iMWOOTKxUw==', 'openid': 'oJfBH41Q13o00lX3pbhGAKUmThxA'}
2019-11-13 10:13:43   GET:https://api.weixin.qq.com/sns/jscode2session?appid=wxb10693ce301b0503&secret=fe966f7c89ba08eccd70060f2b3f9801&js_code=081H6jIl1WPOcn0vcoFl1EqrIl1H6jIr&grant_type=authorization_code
2019-11-13 10:13:43   status:200
2019-11-13 10:13:43   data:{'session_key': '2cGhQuONb7J3iMWOOTKxUw==', 'openid': 'oJfBH41Q13o00lX3pbhGAKUmThxA'}
2019-11-13 10:15:15   GET:https://api.weixin.qq.com/sns/jscode2session?appid=wxb10693ce301b0503&secret=fe966f7c89ba08eccd70060f2b3f9801&js_code=0816tSVW02OO512xMmWW0rISVW06tSVH&grant_type=authorization_code
2019-11-13 10:15:16   status:200
2019-11-13 10:15:16   data:{'session_key': '2cGhQuONb7J3iMWOOTKxUw==', 'openid': 'oJfBH41Q13o00lX3pbhGAKUmThxA'}
2019-11-13 10:15:56   GET:https://api.weixin.qq.com/sns/jscode2session?appid=wxb10693ce301b0503&secret=fe966f7c89ba08eccd70060f2b3f9801&js_code=021VhCyk1dhKoo0FpYxk1BlTyk1VhCyb&grant_type=authorization_code
2019-11-13 10:15:56   status:200
2019-11-13 10:15:56   data:{'session_key': 'aYRunNRew0+nZeqYmtPezg==', 'openid': 'oJfBH41Q13o00lX3pbhGAKUmThxA'}
2019-11-13 10:16:37   GET:https://api.weixin.qq.com/sns/jscode2session?appid=wxb10693ce301b0503&secret=fe966f7c89ba08eccd70060f2b3f9801&js_code=011vHHtp0GzjZn1ahjxp05FPtp0vHHtP&grant_type=authorization_code
2019-11-13 10:16:37   status:200
2019-11-13 10:16:37   data:{'session_key': 'aYRunNRew0+nZeqYmtPezg==', 'openid': 'oJfBH41Q13o00lX3pbhGAKUmThxA'}
2019-11-13 10:18:14   GET:https://api.weixin.qq.com/sns/jscode2session?appid=wxb10693ce301b0503&secret=fe966f7c89ba08eccd70060f2b3f9801&js_code=011FGLJj19N8Lt0YWkIj1wIQJj1FGLJx&grant_type=authorization_code
2019-11-13 10:18:14   status:200
2019-11-13 10:18:14   data:{'session_key': 'Rcj2CPFDIa/dKdxLuCx0Og==', 'openid': 'oJfBH41Q13o00lX3pbhGAKUmThxA'}
2019-11-13 10:18:21   ('data DoesNotExist',)
2019-11-13 10:18:21   GET:https://api.weixin.qq.com/sns/jscode2session?appid=wxb10693ce301b0503&secret=fe966f7c89ba08eccd70060f2b3f9801&js_code=021Kbpyp1P7B7j0nrPwp1VLCyp1Kbpyw&grant_type=authorization_code
2019-11-13 10:18:21   status:200
2019-11-13 10:18:21   data:{'session_key': 'Rcj2CPFDIa/dKdxLuCx0Og==', 'openid': 'oJfBH41Q13o00lX3pbhGAKUmThxA'}
2019-11-13 10:18:45   GET:https://api.weixin.qq.com/sns/jscode2session?appid=wxb10693ce301b0503&secret=fe966f7c89ba08eccd70060f2b3f9801&js_code=011NIxJ30kCKiJ1nwWG30QiTJ30NIxJW&grant_type=authorization_code
2019-11-13 10:18:45   status:200
2019-11-13 10:18:45   data:{'session_key': 'Rcj2CPFDIa/dKdxLuCx0Og==', 'openid': 'oJfBH41Q13o00lX3pbhGAKUmThxA'}
2019-11-13 10:19:04   GET:https://api.weixin.qq.com/sns/jscode2session?appid=wxb10693ce301b0503&secret=fe966f7c89ba08eccd70060f2b3f9801&js_code=071h4Qlu13zbke0yW8mu1BH7mu1h4QlQ&grant_type=authorization_code
2019-11-13 10:19:04   status:200
2019-11-13 10:19:04   data:{'session_key': 'Rcj2CPFDIa/dKdxLuCx0Og==', 'openid': 'oJfBH41Q13o00lX3pbhGAKUmThxA'}
2019-11-13 10:19:23   ('data DoesNotExist',)
2019-11-13 10:19:23   GET:https://api.weixin.qq.com/sns/jscode2session?appid=wxb10693ce301b0503&secret=fe966f7c89ba08eccd70060f2b3f9801&js_code=011hdZzZ1YekLT0nu0BZ16bJzZ1hdZzh&grant_type=authorization_code
2019-11-13 10:19:23   status:200
2019-11-13 10:19:23   data:{'session_key': 'Rcj2CPFDIa/dKdxLuCx0Og==', 'openid': 'oJfBH41Q13o00lX3pbhGAKUmThxA'}
2019-11-13 10:19:29   GET:https://api.weixin.qq.com/sns/jscode2session?appid=wxb10693ce301b0503&secret=fe966f7c89ba08eccd70060f2b3f9801&js_code=061Q8H4K11cIh300xd3K17Ar4K1Q8H40&grant_type=authorization_code
2019-11-13 10:19:29   status:200
2019-11-13 10:19:29   data:{'session_key': 'Rcj2CPFDIa/dKdxLuCx0Og==', 'openid': 'oJfBH41Q13o00lX3pbhGAKUmThxA'}
2019-11-13 10:21:29   GET:https://api.weixin.qq.com/sns/jscode2session?appid=wxb10693ce301b0503&secret=fe966f7c89ba08eccd70060f2b3f9801&js_code=0111eXMC0u1zcl2NZSNC0QjBMC01eXMy&grant_type=authorization_code
2019-11-13 10:21:29   status:200
2019-11-13 10:21:29   data:{'session_key': 'rVjUywE4gjL7VqTVyHXDkA==', 'openid': 'oJfBH41Q13o00lX3pbhGAKUmThxA'}
2019-11-13 10:22:23   GET:https://api.weixin.qq.com/sns/jscode2session?appid=wxb10693ce301b0503&secret=fe966f7c89ba08eccd70060f2b3f9801&js_code=081jo7xm18GTVq0Gndzm1F9Xwm1jo7xF&grant_type=authorization_code
2019-11-13 10:22:23   status:200
2019-11-13 10:22:23   data:{'session_key': 'rVjUywE4gjL7VqTVyHXDkA==', 'openid': 'oJfBH41Q13o00lX3pbhGAKUmThxA'}
2019-11-13 10:22:41   GET:https://api.weixin.qq.com/sns/jscode2session?appid=wxb10693ce301b0503&secret=fe966f7c89ba08eccd70060f2b3f9801&js_code=021BBVW21YlJFQ14vzW21xlXW21BBVWf&grant_type=authorization_code
2019-11-13 10:22:41   status:200
2019-11-13 10:22:41   data:{'session_key': 'rVjUywE4gjL7VqTVyHXDkA==', 'openid': 'oJfBH41Q13o00lX3pbhGAKUmThxA'}
2019-11-13 10:26:40   GET:https://api.weixin.qq.com/sns/jscode2session?appid=wxb10693ce301b0503&secret=fe966f7c89ba08eccd70060f2b3f9801&js_code=0115nxk71zoiYL1iKlm71miFk715nxkv&grant_type=authorization_code
2019-11-13 10:26:40   status:200
2019-11-13 10:26:40   data:{'session_key': '3UtllKYNLospbF7b/SRtmQ==', 'openid': 'oJfBH41Q13o00lX3pbhGAKUmThxA'}
2019-11-13 10:27:20   GET:https://api.weixin.qq.com/sns/jscode2session?appid=wxb10693ce301b0503&secret=fe966f7c89ba08eccd70060f2b3f9801&js_code=0618G3xz0E0wvd1Gsguz09t2xz08G3xg&grant_type=authorization_code
2019-11-13 10:27:20   status:200
2019-11-13 10:27:20   data:{'session_key': '3UtllKYNLospbF7b/SRtmQ==', 'openid': 'oJfBH41Q13o00lX3pbhGAKUmThxA'}
2019-11-13 10:27:55   GET:https://api.weixin.qq.com/sns/jscode2session?appid=wxb10693ce301b0503&secret=fe966f7c89ba08eccd70060f2b3f9801&js_code=001sog2w0DK5Vc1tpC0w0Vmj2w0sog2K&grant_type=authorization_code
2019-11-13 10:27:55   status:200
2019-11-13 10:27:55   data:{'session_key': '3UtllKYNLospbF7b/SRtmQ==', 'openid': 'oJfBH41Q13o00lX3pbhGAKUmThxA'}
2019-11-13 10:28:06   GET:https://api.weixin.qq.com/sns/jscode2session?appid=wxb10693ce301b0503&secret=fe966f7c89ba08eccd70060f2b3f9801&js_code=081QQRRC1S48O50v4BTC19JHRC1QQRRh&grant_type=authorization_code
2019-11-13 10:28:06   status:200
2019-11-13 10:28:06   data:{'session_key': '3UtllKYNLospbF7b/SRtmQ==', 'openid': 'oJfBH41Q13o00lX3pbhGAKUmThxA'}
2019-11-13 10:28:20   GET:https://api.weixin.qq.com/sns/jscode2session?appid=wxb10693ce301b0503&secret=fe966f7c89ba08eccd70060f2b3f9801&js_code=001PeS7909x9nz1kcs590P2U790PeS7L&grant_type=authorization_code
2019-11-13 10:28:20   status:200
2019-11-13 10:28:20   data:{'session_key': '3UtllKYNLospbF7b/SRtmQ==', 'openid': 'oJfBH41Q13o00lX3pbhGAKUmThxA'}
2019-11-13 10:28:23   GET:https://api.weixin.qq.com/sns/jscode2session?appid=wxb10693ce301b0503&secret=fe966f7c89ba08eccd70060f2b3f9801&js_code=071Muy1e23YghF0Zb44e2vdY1e2Muy1L&grant_type=authorization_code
2019-11-13 10:28:23   status:200
2019-11-13 10:28:23   data:{'session_key': '3UtllKYNLospbF7b/SRtmQ==', 'openid': 'oJfBH41Q13o00lX3pbhGAKUmThxA'}
2019-11-13 10:42:07   GET:https://api.weixin.qq.com/sns/jscode2session?appid=wxb10693ce301b0503&secret=fe966f7c89ba08eccd70060f2b3f9801&js_code=011ihqV90JpT1z1YwZU90SnwV90ihqV8&grant_type=authorization_code
2019-11-13 10:42:07   status:200
2019-11-13 10:42:07   data:{'session_key': 'G8pkLWUVs2QJHrUUwBQX1g==', 'openid': 'oJfBH41Q13o00lX3pbhGAKUmThxA'}
2019-11-13 10:43:01   GET:https://api.weixin.qq.com/sns/jscode2session?appid=wxb10693ce301b0503&secret=fe966f7c89ba08eccd70060f2b3f9801&js_code=011eOIFz1NpOod0K1aEz1IrOFz1eOIF5&grant_type=authorization_code
2019-11-13 10:43:01   status:200
2019-11-13 10:43:01   data:{'session_key': 'G8pkLWUVs2QJHrUUwBQX1g==', 'openid': 'oJfBH41Q13o00lX3pbhGAKUmThxA'}
2019-11-13 10:43:12   GET:https://api.weixin.qq.com/sns/jscode2session?appid=wxb10693ce301b0503&secret=fe966f7c89ba08eccd70060f2b3f9801&js_code=00139PdJ0HPMEe2vN9eJ0ba6eJ039Pdx&grant_type=authorization_code
2019-11-13 10:43:12   status:200
2019-11-13 10:43:12   data:{'session_key': 'G8pkLWUVs2QJHrUUwBQX1g==', 'openid': 'oJfBH41Q13o00lX3pbhGAKUmThxA'}
2019-11-13 10:43:43   GET:https://api.weixin.qq.com/sns/jscode2session?appid=wxb10693ce301b0503&secret=fe966f7c89ba08eccd70060f2b3f9801&js_code=021MD1KC0VIC8l2QoMJC0AMZJC0MD1KU&grant_type=authorization_code
2019-11-13 10:43:43   status:200
2019-11-13 10:43:43   data:{'session_key': 'G8pkLWUVs2QJHrUUwBQX1g==', 'openid': 'oJfBH41Q13o00lX3pbhGAKUmThxA'}
2019-11-13 10:45:25   GET:https://api.weixin.qq.com/sns/jscode2session?appid=wxb10693ce301b0503&secret=fe966f7c89ba08eccd70060f2b3f9801&js_code=011UNteJ0zspEe2jVYcJ08oheJ0UNteb&grant_type=authorization_code
2019-11-13 10:45:25   status:200
2019-11-13 10:45:25   data:{'session_key': 'KREWv1oKpdduxhxlH1ckoA==', 'openid': 'oJfBH41Q13o00lX3pbhGAKUmThxA'}
2019-11-13 10:46:08   GET:https://api.weixin.qq.com/sns/jscode2session?appid=wxb10693ce301b0503&secret=fe966f7c89ba08eccd70060f2b3f9801&js_code=001yA4lH1KI7c10zQUkH1MQZkH1yA4l4&grant_type=authorization_code
2019-11-13 10:46:08   status:200
2019-11-13 10:46:08   data:{'session_key': 'KREWv1oKpdduxhxlH1ckoA==', 'openid': 'oJfBH41Q13o00lX3pbhGAKUmThxA'}
2019-11-13 10:46:15   GET:https://api.weixin.qq.com/sns/jscode2session?appid=wxb10693ce301b0503&secret=fe966f7c89ba08eccd70060f2b3f9801&js_code=0810QqL42FntGO0oKNJ42IvrL420QqLM&grant_type=authorization_code
2019-11-13 10:46:15   status:200
2019-11-13 10:46:15   data:{'session_key': 'KREWv1oKpdduxhxlH1ckoA==', 'openid': 'oJfBH41Q13o00lX3pbhGAKUmThxA'}
2019-11-13 10:46:29   GET:https://api.weixin.qq.com/sns/jscode2session?appid=wxb10693ce301b0503&secret=fe966f7c89ba08eccd70060f2b3f9801&js_code=071RgoQ000Ac7I1bgrN00e5qQ00RgoQ1&grant_type=authorization_code
2019-11-13 10:46:29   status:200
2019-11-13 10:46:29   data:{'session_key': 'KREWv1oKpdduxhxlH1ckoA==', 'openid': 'oJfBH41Q13o00lX3pbhGAKUmThxA'}
2019-11-13 10:46:39   GET:https://api.weixin.qq.com/sns/jscode2session?appid=wxb10693ce301b0503&secret=fe966f7c89ba08eccd70060f2b3f9801&js_code=061cBVU32nP0xP0BSdT32f81V32cBVU3&grant_type=authorization_code
2019-11-13 10:46:39   status:200
2019-11-13 10:46:39   data:{'session_key': 'KREWv1oKpdduxhxlH1ckoA==', 'openid': 'oJfBH41Q13o00lX3pbhGAKUmThxA'}
2019-11-13 10:46:59   GET:https://api.weixin.qq.com/sns/jscode2session?appid=wxb10693ce301b0503&secret=fe966f7c89ba08eccd70060f2b3f9801&js_code=011m6El504QHBD1Mtsm50zQKl50m6ElK&grant_type=authorization_code
2019-11-13 10:46:59   status:200
2019-11-13 10:46:59   data:{'session_key': 'KREWv1oKpdduxhxlH1ckoA==', 'openid': 'oJfBH41Q13o00lX3pbhGAKUmThxA'}
2019-11-13 10:47:29   GET:https://api.weixin.qq.com/sns/jscode2session?appid=wxb10693ce301b0503&secret=fe966f7c89ba08eccd70060f2b3f9801&js_code=021v6PBx0QhH1b17JhBx0TZ9Cx0v6PBS&grant_type=authorization_code
2019-11-13 10:47:29   status:200
2019-11-13 10:47:29   data:{'session_key': '0Pnu4BiGQNITfFJJ667hyQ==', 'openid': 'oJfBH41Q13o00lX3pbhGAKUmThxA'}
2019-11-13 10:47:42   GET:https://api.weixin.qq.com/sns/jscode2session?appid=wxb10693ce301b0503&secret=fe966f7c89ba08eccd70060f2b3f9801&js_code=0214qWxz1mAEe90drrxz1CRUxz14qWxO&grant_type=authorization_code
2019-11-13 10:47:42   status:200
2019-11-13 10:47:42   data:{'session_key': '0Pnu4BiGQNITfFJJ667hyQ==', 'openid': 'oJfBH41Q13o00lX3pbhGAKUmThxA'}
2019-11-13 10:47:52   GET:https://api.weixin.qq.com/sns/jscode2session?appid=wxb10693ce301b0503&secret=fe966f7c89ba08eccd70060f2b3f9801&js_code=001JH0Gl11Tpfn071kHl1ZcjGl1JH0GQ&grant_type=authorization_code
2019-11-13 10:47:52   status:200
2019-11-13 10:47:52   data:{'session_key': '0Pnu4BiGQNITfFJJ667hyQ==', 'openid': 'oJfBH41Q13o00lX3pbhGAKUmThxA'}
2019-11-13 10:48:03   GET:https://api.weixin.qq.com/sns/jscode2session?appid=wxb10693ce301b0503&secret=fe966f7c89ba08eccd70060f2b3f9801&js_code=001FdcOv1eF6ph0wX9Ov17SdOv1FdcO5&grant_type=authorization_code
2019-11-13 10:48:03   status:200
2019-11-13 10:48:03   data:{'session_key': '0Pnu4BiGQNITfFJJ667hyQ==', 'openid': 'oJfBH41Q13o00lX3pbhGAKUmThxA'}
2019-11-13 10:53:52   GET:https://api.weixin.qq.com/sns/jscode2session?appid=wxb10693ce301b0503&secret=fe966f7c89ba08eccd70060f2b3f9801&js_code=0614uRhb2w0zJM0o5dgb2caThb24uRhP&grant_type=authorization_code
2019-11-13 10:53:52   status:200
2019-11-13 10:53:52   data:{'session_key': 'swoOrNJGe3B1+uvEGuZbRA==', 'openid': 'oJfBH41Q13o00lX3pbhGAKUmThxA'}
2019-11-13 10:55:21   GET:https://api.weixin.qq.com/sns/jscode2session?appid=wxb10693ce301b0503&secret=fe966f7c89ba08eccd70060f2b3f9801&js_code=071Ywgaj1DLDku0H4fbj1kAzaj1Ywgay&grant_type=authorization_code
2019-11-13 10:55:21   status:200
2019-11-13 10:55:21   data:{'session_key': 'swoOrNJGe3B1+uvEGuZbRA==', 'openid': 'oJfBH41Q13o00lX3pbhGAKUmThxA'}
2019-11-13 10:56:17   GET:https://api.weixin.qq.com/sns/jscode2session?appid=wxb10693ce301b0503&secret=fe966f7c89ba08eccd70060f2b3f9801&js_code=001VQA3U0OTrhZ1eL70U062f3U0VQA3M&grant_type=authorization_code
2019-11-13 10:56:18   status:200
2019-11-13 10:56:18   data:{'session_key': 'vh4czoH8CKBR623k3dqbdw==', 'openid': 'oJfBH41Q13o00lX3pbhGAKUmThxA'}
2019-11-13 10:56:57   GET:https://api.weixin.qq.com/sns/jscode2session?appid=wxb10693ce301b0503&secret=fe966f7c89ba08eccd70060f2b3f9801&js_code=061TlAVv1sk8xh0NZgVv1iaRVv1TlAVx&grant_type=authorization_code
2019-11-13 10:56:57   status:200
2019-11-13 10:56:57   data:{'session_key': 'vh4czoH8CKBR623k3dqbdw==', 'openid': 'oJfBH41Q13o00lX3pbhGAKUmThxA'}
2019-11-13 10:57:03   GET:https://api.weixin.qq.com/sns/jscode2session?appid=wxb10693ce301b0503&secret=fe966f7c89ba08eccd70060f2b3f9801&js_code=011YBV6701MoVF1XXE870uFN670YBV64&grant_type=authorization_code
2019-11-13 10:57:03   status:200
2019-11-13 10:57:03   data:{'session_key': 'vh4czoH8CKBR623k3dqbdw==', 'openid': 'oJfBH41Q13o00lX3pbhGAKUmThxA'}
2019-11-13 10:57:05   GET:https://api.weixin.qq.com/sns/jscode2session?appid=wxb10693ce301b0503&secret=fe966f7c89ba08eccd70060f2b3f9801&js_code=0719i6OX0wm2GV16NjMX0Td5OX09i6OQ&grant_type=authorization_code
2019-11-13 10:57:05   status:200
2019-11-13 10:57:05   data:{'session_key': 'vh4czoH8CKBR623k3dqbdw==', 'openid': 'oJfBH41Q13o00lX3pbhGAKUmThxA'}
2019-11-13 10:57:11   GET:https://api.weixin.qq.com/sns/jscode2session?appid=wxb10693ce301b0503&secret=fe966f7c89ba08eccd70060f2b3f9801&js_code=061FlN952aLg0O0WQ6b52oEw952FlN9D&grant_type=authorization_code
2019-11-13 10:57:11   status:200
2019-11-13 10:57:11   data:{'session_key': 'vh4czoH8CKBR623k3dqbdw==', 'openid': 'oJfBH41Q13o00lX3pbhGAKUmThxA'}
2019-11-13 10:57:16   GET:https://api.weixin.qq.com/sns/jscode2session?appid=wxb10693ce301b0503&secret=fe966f7c89ba08eccd70060f2b3f9801&js_code=001ZQu3g1lGQTs06DI1g1Wvl3g1ZQu3y&grant_type=authorization_code
2019-11-13 10:57:16   status:200
2019-11-13 10:57:16   data:{'session_key': 'vh4czoH8CKBR623k3dqbdw==', 'openid': 'oJfBH41Q13o00lX3pbhGAKUmThxA'}
2019-11-13 10:57:40   GET:https://api.weixin.qq.com/sns/jscode2session?appid=wxb10693ce301b0503&secret=fe966f7c89ba08eccd70060f2b3f9801&js_code=0014KH292yJ8rK0yK3292n3K2924KH24&grant_type=authorization_code
2019-11-13 10:57:40   status:200
2019-11-13 10:57:40   data:{'session_key': 'vh4czoH8CKBR623k3dqbdw==', 'openid': 'oJfBH41Q13o00lX3pbhGAKUmThxA'}
2019-11-13 10:57:58   GET:https://api.weixin.qq.com/sns/jscode2session?appid=wxb10693ce301b0503&secret=fe966f7c89ba08eccd70060f2b3f9801&js_code=001P7QYY0fINDU1qgAZY0O6MYY0P7QYD&grant_type=authorization_code
2019-11-13 10:57:58   status:200
2019-11-13 10:57:58   data:{'session_key': 'vh4czoH8CKBR623k3dqbdw==', 'openid': 'oJfBH41Q13o00lX3pbhGAKUmThxA'}
2019-11-13 10:58:06   ('data DoesNotExist',)
2019-11-13 10:58:06   GET:https://api.weixin.qq.com/sns/jscode2session?appid=wxb10693ce301b0503&secret=fe966f7c89ba08eccd70060f2b3f9801&js_code=071gakZb0oPc5B1hBHYb0tCvZb0gakZr&grant_type=authorization_code
2019-11-13 10:58:06   status:200
2019-11-13 10:58:06   data:{'session_key': 'vh4czoH8CKBR623k3dqbdw==', 'openid': 'oJfBH41Q13o00lX3pbhGAKUmThxA'}
2019-11-13 10:58:12   GET:https://api.weixin.qq.com/sns/jscode2session?appid=wxb10693ce301b0503&secret=fe966f7c89ba08eccd70060f2b3f9801&js_code=071OntYf1654Qs0k8LVf1exyYf1OntYV&grant_type=authorization_code
2019-11-13 10:58:13   status:200
2019-11-13 10:58:13   data:{'session_key': 'vh4czoH8CKBR623k3dqbdw==', 'openid': 'oJfBH41Q13o00lX3pbhGAKUmThxA'}
2019-11-13 10:58:15   GET:https://api.weixin.qq.com/sns/jscode2session?appid=wxb10693ce301b0503&secret=fe966f7c89ba08eccd70060f2b3f9801&js_code=081BoVbX0ofJfW1Y9EeX0vNXbX0BoVb2&grant_type=authorization_code
2019-11-13 10:58:15   status:200
2019-11-13 10:58:15   data:{'session_key': 'vh4czoH8CKBR623k3dqbdw==', 'openid': 'oJfBH41Q13o00lX3pbhGAKUmThxA'}
2019-11-13 11:04:16   GET:https://api.weixin.qq.com/sns/jscode2session?appid=wxb10693ce301b0503&secret=fe966f7c89ba08eccd70060f2b3f9801&js_code=001bi12p0Dau2o1Z9K0p0jmm2p0bi12-&grant_type=authorization_code
2019-11-13 11:04:16   status:200
2019-11-13 11:04:16   data:{'session_key': 'qR5B/3X5pUVCPh3a0OazDw==', 'openid': 'oJfBH41Q13o00lX3pbhGAKUmThxA'}
2019-11-13 11:04:20   ('data DoesNotExist',)
2019-11-13 11:05:09   GET:https://api.weixin.qq.com/sns/jscode2session?appid=wxb10693ce301b0503&secret=fe966f7c89ba08eccd70060f2b3f9801&js_code=0219sYki1YeDHu0isCki1mnJki19sYkF&grant_type=authorization_code
2019-11-13 11:05:09   status:200
2019-11-13 11:05:09   data:{'session_key': 'qR5B/3X5pUVCPh3a0OazDw==', 'openid': 'oJfBH41Q13o00lX3pbhGAKUmThxA'}
2019-11-13 11:05:32   GET:https://api.weixin.qq.com/sns/jscode2session?appid=wxb10693ce301b0503&secret=fe966f7c89ba08eccd70060f2b3f9801&js_code=011diK200xshsI1ggw300Dkq200diK2M&grant_type=authorization_code
2019-11-13 11:05:32   status:200
2019-11-13 11:05:32   data:{'session_key': 'qR5B/3X5pUVCPh3a0OazDw==', 'openid': 'oJfBH41Q13o00lX3pbhGAKUmThxA'}
2019-11-13 11:05:52   ('data DoesNotExist',)
2019-11-13 11:05:52   GET:https://api.weixin.qq.com/sns/jscode2session?appid=wxb10693ce301b0503&secret=fe966f7c89ba08eccd70060f2b3f9801&js_code=081qTSht0OJ7df1i2ait0A9Pht0qTShu&grant_type=authorization_code
2019-11-13 11:05:52   status:200
2019-11-13 11:05:52   data:{'session_key': 'qR5B/3X5pUVCPh3a0OazDw==', 'openid': 'oJfBH41Q13o00lX3pbhGAKUmThxA'}
2019-11-13 11:06:02   GET:https://api.weixin.qq.com/sns/jscode2session?appid=wxb10693ce301b0503&secret=fe966f7c89ba08eccd70060f2b3f9801&js_code=021ChA6W1W4t3X0QbO4W11EA6W1ChA6W&grant_type=authorization_code
2019-11-13 11:06:02   status:200
2019-11-13 11:06:02   data:{'session_key': 'qR5B/3X5pUVCPh3a0OazDw==', 'openid': 'oJfBH41Q13o00lX3pbhGAKUmThxA'}
2019-11-13 11:06:08   GET:https://api.weixin.qq.com/sns/jscode2session?appid=wxb10693ce301b0503&secret=fe966f7c89ba08eccd70060f2b3f9801&js_code=061fZspf0fblet1W3Krf0MGPpf0fZspH&grant_type=authorization_code
2019-11-13 11:06:08   status:200
2019-11-13 11:06:08   data:{'session_key': 'qR5B/3X5pUVCPh3a0OazDw==', 'openid': 'oJfBH41Q13o00lX3pbhGAKUmThxA'}
2019-11-13 11:06:11   GET:https://api.weixin.qq.com/sns/jscode2session?appid=wxb10693ce301b0503&secret=fe966f7c89ba08eccd70060f2b3f9801&js_code=061d2Rwv0wZExh1lbHxv05TUwv0d2Rw-&grant_type=authorization_code
2019-11-13 11:06:11   status:200
2019-11-13 11:06:11   data:{'session_key': 'qR5B/3X5pUVCPh3a0OazDw==', 'openid': 'oJfBH41Q13o00lX3pbhGAKUmThxA'}
2019-11-13 11:06:15   ('data DoesNotExist',)
2019-11-13 11:06:15   GET:https://api.weixin.qq.com/sns/jscode2session?appid=wxb10693ce301b0503&secret=fe966f7c89ba08eccd70060f2b3f9801&js_code=011YZDD02RcByS0elnF0277KD02YZDDV&grant_type=authorization_code
2019-11-13 11:06:15   status:200
2019-11-13 11:06:15   data:{'session_key': 'qR5B/3X5pUVCPh3a0OazDw==', 'openid': 'oJfBH41Q13o00lX3pbhGAKUmThxA'}
2019-11-13 11:06:20   GET:https://api.weixin.qq.com/sns/jscode2session?appid=wxb10693ce301b0503&secret=fe966f7c89ba08eccd70060f2b3f9801&js_code=071AY7YI12fMw40EgYZI16QmYI1AY7Yr&grant_type=authorization_code
2019-11-13 11:06:20   status:200
2019-11-13 11:06:20   data:{'session_key': 'IZBSjjOROEIpiYZ/1Zs51g==', 'openid': 'oJfBH41Q13o00lX3pbhGAKUmThxA'}
2019-11-13 11:06:29   GET:https://api.weixin.qq.com/sns/jscode2session?appid=wxb10693ce301b0503&secret=fe966f7c89ba08eccd70060f2b3f9801&js_code=061ODG9A1z71jd0kGhaA1GzP9A1ODG9q&grant_type=authorization_code
2019-11-13 11:06:29   status:200
2019-11-13 11:06:29   data:{'session_key': 'IZBSjjOROEIpiYZ/1Zs51g==', 'openid': 'oJfBH41Q13o00lX3pbhGAKUmThxA'}
2019-11-13 11:06:35   GET:https://api.weixin.qq.com/sns/jscode2session?appid=wxb10693ce301b0503&secret=fe966f7c89ba08eccd70060f2b3f9801&js_code=061cCZys0xBkdg1IZNxs08Adzs0cCZyU&grant_type=authorization_code
2019-11-13 11:06:35   status:200
2019-11-13 11:06:35   data:{'session_key': 'IZBSjjOROEIpiYZ/1Zs51g==', 'openid': 'oJfBH41Q13o00lX3pbhGAKUmThxA'}
2019-11-13 11:06:37   ('data DoesNotExist',)
2019-11-13 11:06:37   GET:https://api.weixin.qq.com/sns/jscode2session?appid=wxb10693ce301b0503&secret=fe966f7c89ba08eccd70060f2b3f9801&js_code=02169R3a23tRMN04TF4a29f94a269R3c&grant_type=authorization_code
2019-11-13 11:06:37   status:200
2019-11-13 11:06:37   data:{'session_key': 'IZBSjjOROEIpiYZ/1Zs51g==', 'openid': 'oJfBH41Q13o00lX3pbhGAKUmThxA'}
2019-11-13 11:06:51   GET:https://api.weixin.qq.com/sns/jscode2session?appid=wxb10693ce301b0503&secret=fe966f7c89ba08eccd70060f2b3f9801&js_code=081TquaY1p6XFZ09s48Y1WicaY1Tquap&grant_type=authorization_code
2019-11-13 11:06:51   status:200
2019-11-13 11:06:51   data:{'session_key': 'IZBSjjOROEIpiYZ/1Zs51g==', 'openid': 'oJfBH41Q13o00lX3pbhGAKUmThxA'}
2019-11-13 11:06:53   GET:https://api.weixin.qq.com/sns/jscode2session?appid=wxb10693ce301b0503&secret=fe966f7c89ba08eccd70060f2b3f9801&js_code=061gtiHe1U7eny0IHQFe1R6tHe1gtiHX&grant_type=authorization_code
2019-11-13 11:06:53   status:200
2019-11-13 11:06:53   data:{'session_key': 'IZBSjjOROEIpiYZ/1Zs51g==', 'openid': 'oJfBH41Q13o00lX3pbhGAKUmThxA'}
2019-11-13 11:06:55   GET:https://api.weixin.qq.com/sns/jscode2session?appid=wxb10693ce301b0503&secret=fe966f7c89ba08eccd70060f2b3f9801&js_code=001nZ2rm0vKyBq1Qjtum0QYYqm0nZ2rS&grant_type=authorization_code
2019-11-13 11:06:55   status:200
2019-11-13 11:06:55   data:{'session_key': 'IZBSjjOROEIpiYZ/1Zs51g==', 'openid': 'oJfBH41Q13o00lX3pbhGAKUmThxA'}
2019-11-13 11:06:58   GET:https://api.weixin.qq.com/sns/jscode2session?appid=wxb10693ce301b0503&secret=fe966f7c89ba08eccd70060f2b3f9801&js_code=061hjvbD1bbeu504YtaD19PMbD1hjvbN&grant_type=authorization_code
2019-11-13 11:06:58   status:200
2019-11-13 11:06:58   data:{'session_key': 'IZBSjjOROEIpiYZ/1Zs51g==', 'openid': 'oJfBH41Q13o00lX3pbhGAKUmThxA'}
2019-11-13 11:07:04   GET:https://api.weixin.qq.com/sns/jscode2session?appid=wxb10693ce301b0503&secret=fe966f7c89ba08eccd70060f2b3f9801&js_code=081GwS1e0oDEBu1OeC1e03v02e0GwS1Q&grant_type=authorization_code
2019-11-13 11:07:04   status:200
2019-11-13 11:07:04   data:{'session_key': 'IZBSjjOROEIpiYZ/1Zs51g==', 'openid': 'oJfBH41Q13o00lX3pbhGAKUmThxA'}
2019-11-13 11:07:07   GET:https://api.weixin.qq.com/sns/jscode2session?appid=wxb10693ce301b0503&secret=fe966f7c89ba08eccd70060f2b3f9801&js_code=081AF4552bJ2pO0sjO152CLI452AF45J&grant_type=authorization_code
2019-11-13 11:07:07   status:200
2019-11-13 11:07:07   data:{'session_key': 'IZBSjjOROEIpiYZ/1Zs51g==', 'openid': 'oJfBH41Q13o00lX3pbhGAKUmThxA'}
2019-11-13 11:07:15   GET:https://api.weixin.qq.com/sns/jscode2session?appid=wxb10693ce301b0503&secret=fe966f7c89ba08eccd70060f2b3f9801&js_code=021lsSJ10E9SKG1thCL10RJ9K10lsSJu&grant_type=authorization_code
2019-11-13 11:07:15   status:200
2019-11-13 11:07:15   data:{'session_key': 'IZBSjjOROEIpiYZ/1Zs51g==', 'openid': 'oJfBH41Q13o00lX3pbhGAKUmThxA'}
2019-11-13 11:10:37   GET:https://api.weixin.qq.com/sns/jscode2session?appid=wxb10693ce301b0503&secret=fe966f7c89ba08eccd70060f2b3f9801&js_code=021oKFTH0dYO5g2rr7RH0jIrTH0oKFTl&grant_type=authorization_code
2019-11-13 11:10:37   status:200
2019-11-13 11:10:37   data:{'session_key': 'o9mfXwIiArqQalBRUjV0zw==', 'openid': 'oJfBH41Q13o00lX3pbhGAKUmThxA'}
2019-11-13 11:10:45   GET:https://api.weixin.qq.com/sns/jscode2session?appid=wxb10693ce301b0503&secret=fe966f7c89ba08eccd70060f2b3f9801&js_code=001M9Wnm05vZ6r1459qm0P2Anm0M9WnB&grant_type=authorization_code
2019-11-13 11:10:45   status:200
2019-11-13 11:10:45   data:{'session_key': 'o9mfXwIiArqQalBRUjV0zw==', 'openid': 'oJfBH41Q13o00lX3pbhGAKUmThxA'}
2019-11-13 11:11:01   GET:https://api.weixin.qq.com/sns/jscode2session?appid=wxb10693ce301b0503&secret=fe966f7c89ba08eccd70060f2b3f9801&js_code=061d5AJa2n4WfN0QybIa2tTHJa2d5AJO&grant_type=authorization_code
2019-11-13 11:11:01   status:200
2019-11-13 11:11:01   data:{'session_key': 'o9mfXwIiArqQalBRUjV0zw==', 'openid': 'oJfBH41Q13o00lX3pbhGAKUmThxA'}
2019-11-13 11:11:09   ('data DoesNotExist',)
2019-11-13 11:11:09   GET:https://api.weixin.qq.com/sns/jscode2session?appid=wxb10693ce301b0503&secret=fe966f7c89ba08eccd70060f2b3f9801&js_code=011FfJqP1ucHA81HAasP1jEQqP1FfJqU&grant_type=authorization_code
2019-11-13 11:11:09   status:200
2019-11-13 11:11:09   data:{'session_key': 'o9mfXwIiArqQalBRUjV0zw==', 'openid': 'oJfBH41Q13o00lX3pbhGAKUmThxA'}
2019-11-13 11:11:13   GET:https://api.weixin.qq.com/sns/jscode2session?appid=wxb10693ce301b0503&secret=fe966f7c89ba08eccd70060f2b3f9801&js_code=01127z4f05oDst1GWN2f0FzS4f027z4g&grant_type=authorization_code
2019-11-13 11:11:13   status:200
2019-11-13 11:11:13   data:{'session_key': 'o9mfXwIiArqQalBRUjV0zw==', 'openid': 'oJfBH41Q13o00lX3pbhGAKUmThxA'}
2019-11-13 11:11:55   GET:https://api.weixin.qq.com/sns/jscode2session?appid=wxb10693ce301b0503&secret=fe966f7c89ba08eccd70060f2b3f9801&js_code=021tiUZQ0kVM172aNeZQ0ydDZQ0tiUZI&grant_type=authorization_code
2019-11-13 11:11:55   status:200
2019-11-13 11:11:55   data:{'session_key': 'o9mfXwIiArqQalBRUjV0zw==', 'openid': 'oJfBH41Q13o00lX3pbhGAKUmThxA'}
2019-11-13 11:12:08   GET:https://api.weixin.qq.com/sns/jscode2session?appid=wxb10693ce301b0503&secret=fe966f7c89ba08eccd70060f2b3f9801&js_code=081Fu6n51V6wvS1QdDl51Rzen51Fu6nN&grant_type=authorization_code
2019-11-13 11:12:08   status:200
2019-11-13 11:12:08   data:{'session_key': 'o9mfXwIiArqQalBRUjV0zw==', 'openid': 'oJfBH41Q13o00lX3pbhGAKUmThxA'}
2019-11-13 11:12:11   GET:https://api.weixin.qq.com/sns/jscode2session?appid=wxb10693ce301b0503&secret=fe966f7c89ba08eccd70060f2b3f9801&js_code=061ITCSH1lynC00GZmWH1QexSH1ITCSp&grant_type=authorization_code
2019-11-13 11:12:12   status:200
2019-11-13 11:12:12   data:{'session_key': 'o9mfXwIiArqQalBRUjV0zw==', 'openid': 'oJfBH41Q13o00lX3pbhGAKUmThxA'}
2019-11-13 11:14:13   GET:https://api.weixin.qq.com/sns/jscode2session?appid=wxb10693ce301b0503&secret=fe966f7c89ba08eccd70060f2b3f9801&js_code=081uNC9A0vJX3d1Gjn9A0HWs9A0uNC9Z&grant_type=authorization_code
2019-11-13 11:14:13   status:200
2019-11-13 11:14:13   data:{'session_key': '3MfzHaxpHoQPMZjBn8zRhw==', 'openid': 'oJfBH41Q13o00lX3pbhGAKUmThxA'}
2019-11-13 11:14:31   GET:https://api.weixin.qq.com/sns/jscode2session?appid=wxb10693ce301b0503&secret=fe966f7c89ba08eccd70060f2b3f9801&js_code=071xAfPh1Inhfv0bvTNh1yHjPh1xAfPV&grant_type=authorization_code
2019-11-13 11:14:31   status:200
2019-11-13 11:14:31   data:{'session_key': '3MfzHaxpHoQPMZjBn8zRhw==', 'openid': 'oJfBH41Q13o00lX3pbhGAKUmThxA'}
2019-11-13 11:15:34   GET:https://api.weixin.qq.com/sns/jscode2session?appid=wxb10693ce301b0503&secret=fe966f7c89ba08eccd70060f2b3f9801&js_code=011X1t3y0fE9Ua1w5a3y0Mvz3y0X1t3Q&grant_type=authorization_code
2019-11-13 11:15:34   status:200
2019-11-13 11:15:34   data:{'session_key': '3MfzHaxpHoQPMZjBn8zRhw==', 'openid': 'oJfBH41Q13o00lX3pbhGAKUmThxA'}
2019-11-13 11:15:57   GET:https://api.weixin.qq.com/sns/jscode2session?appid=wxb10693ce301b0503&secret=fe966f7c89ba08eccd70060f2b3f9801&js_code=001JNgRj1YhxMo0ccoSj1Fe5Rj1JNgRU&grant_type=authorization_code
2019-11-13 11:15:57   status:200
2019-11-13 11:15:57   data:{'session_key': '3MfzHaxpHoQPMZjBn8zRhw==', 'openid': 'oJfBH41Q13o00lX3pbhGAKUmThxA'}
2019-11-13 11:16:29   GET:https://api.weixin.qq.com/sns/jscode2session?appid=wxb10693ce301b0503&secret=fe966f7c89ba08eccd70060f2b3f9801&js_code=001XBTHq0S5Tmm1hIBJq0ZmRHq0XBTHU&grant_type=authorization_code
2019-11-13 11:16:29   status:200
2019-11-13 11:16:29   data:{'session_key': 'jzD49H1IsaFWpPTEreCAvg==', 'openid': 'oJfBH41Q13o00lX3pbhGAKUmThxA'}
2019-11-13 11:19:26   GET:https://api.weixin.qq.com/sns/jscode2session?appid=wxb10693ce301b0503&secret=fe966f7c89ba08eccd70060f2b3f9801&js_code=061YPAd82SzQmL04rhe82w7id82YPAdt&grant_type=authorization_code
2019-11-13 11:19:26   status:200
2019-11-13 11:19:26   data:{'session_key': 'YT6EQ86jNvwkSmg7Tko5Sw==', 'openid': 'oJfBH41Q13o00lX3pbhGAKUmThxA'}
2019-11-13 11:20:46   GET:https://api.weixin.qq.com/sns/jscode2session?appid=wxb10693ce301b0503&secret=fe966f7c89ba08eccd70060f2b3f9801&js_code=021sDHq50aB14D1kSkp5029Zq50sDHq9&grant_type=authorization_code
2019-11-13 11:20:46   status:200
2019-11-13 11:20:46   data:{'session_key': 'YT6EQ86jNvwkSmg7Tko5Sw==', 'openid': 'oJfBH41Q13o00lX3pbhGAKUmThxA'}
2019-11-13 11:20:52   GET:https://api.weixin.qq.com/sns/jscode2session?appid=wxb10693ce301b0503&secret=fe966f7c89ba08eccd70060f2b3f9801&js_code=001ab8yh0wiNWv1rjsyh0KNfyh0ab8yC&grant_type=authorization_code
2019-11-13 11:20:52   status:200
2019-11-13 11:20:52   data:{'session_key': 'YT6EQ86jNvwkSmg7Tko5Sw==', 'openid': 'oJfBH41Q13o00lX3pbhGAKUmThxA'}
2019-11-13 11:20:56   GET:https://api.weixin.qq.com/sns/jscode2session?appid=wxb10693ce301b0503&secret=fe966f7c89ba08eccd70060f2b3f9801&js_code=001TrlJF035Hqd2a6uKF0JDuJF0TrlJE&grant_type=authorization_code
2019-11-13 11:20:56   status:200
2019-11-13 11:20:56   data:{'session_key': 'YT6EQ86jNvwkSmg7Tko5Sw==', 'openid': 'oJfBH41Q13o00lX3pbhGAKUmThxA'}
2019-11-13 11:21:32   GET:https://api.weixin.qq.com/sns/jscode2session?appid=wxb10693ce301b0503&secret=fe966f7c89ba08eccd70060f2b3f9801&js_code=071a2vCK0M31A82mPnCK0a1eCK0a2vCk&grant_type=authorization_code
2019-11-13 11:21:32   status:200
2019-11-13 11:21:32   data:{'session_key': 'udOrfrBKO0PWxO8/WWEVbQ==', 'openid': 'oJfBH41Q13o00lX3pbhGAKUmThxA'}
2019-11-13 11:21:41   GET:https://api.weixin.qq.com/sns/jscode2session?appid=wxb10693ce301b0503&secret=fe966f7c89ba08eccd70060f2b3f9801&js_code=081Qtn3X0hfW6W1hjw3X0cvh3X0Qtn3U&grant_type=authorization_code
2019-11-13 11:21:41   status:200
2019-11-13 11:21:41   data:{'session_key': 'udOrfrBKO0PWxO8/WWEVbQ==', 'openid': 'oJfBH41Q13o00lX3pbhGAKUmThxA'}
2019-11-13 11:21:59   GET:https://api.weixin.qq.com/sns/jscode2session?appid=wxb10693ce301b0503&secret=fe966f7c89ba08eccd70060f2b3f9801&js_code=081sq04E0BbCDj2rMP2E0Qxa4E0sq047&grant_type=authorization_code
2019-11-13 11:21:59   status:200
2019-11-13 11:21:59   data:{'session_key': 'udOrfrBKO0PWxO8/WWEVbQ==', 'openid': 'oJfBH41Q13o00lX3pbhGAKUmThxA'}
2019-11-13 11:22:17   ('data DoesNotExist',)
2019-11-13 11:22:17   GET:https://api.weixin.qq.com/sns/jscode2session?appid=wxb10693ce301b0503&secret=fe966f7c89ba08eccd70060f2b3f9801&js_code=021w4tQk1vfR6o0AbDSk19brQk1w4tQu&grant_type=authorization_code
2019-11-13 11:22:17   status:200
2019-11-13 11:22:17   data:{'session_key': 'udOrfrBKO0PWxO8/WWEVbQ==', 'openid': 'oJfBH41Q13o00lX3pbhGAKUmThxA'}
2019-11-13 11:22:21   GET:https://api.weixin.qq.com/sns/jscode2session?appid=wxb10693ce301b0503&secret=fe966f7c89ba08eccd70060f2b3f9801&js_code=061nBq341GB0YT1rNG341oxj341nBq3I&grant_type=authorization_code
2019-11-13 11:22:21   status:200
2019-11-13 11:22:21   data:{'session_key': 'udOrfrBKO0PWxO8/WWEVbQ==', 'openid': 'oJfBH41Q13o00lX3pbhGAKUmThxA'}
2019-11-13 11:22:46   GET:https://api.weixin.qq.com/sns/jscode2session?appid=wxb10693ce301b0503&secret=fe966f7c89ba08eccd70060f2b3f9801&js_code=081r5YNN0VDV4a2DIEMN0wr1ON0r5YNv&grant_type=authorization_code
2019-11-13 11:22:46   status:200
2019-11-13 11:22:46   data:{'session_key': 'udOrfrBKO0PWxO8/WWEVbQ==', 'openid': 'oJfBH41Q13o00lX3pbhGAKUmThxA'}
2019-11-13 11:23:07   GET:https://api.weixin.qq.com/sns/jscode2session?appid=wxb10693ce301b0503&secret=fe966f7c89ba08eccd70060f2b3f9801&js_code=07128ptj0ZOplp1Tu5tj0ztdtj028ptP&grant_type=authorization_code
2019-11-13 11:23:07   status:200
2019-11-13 11:23:07   data:{'session_key': 'udOrfrBKO0PWxO8/WWEVbQ==', 'openid': 'oJfBH41Q13o00lX3pbhGAKUmThxA'}
2019-11-13 11:23:11   GET:https://api.weixin.qq.com/sns/jscode2session?appid=wxb10693ce301b0503&secret=fe966f7c89ba08eccd70060f2b3f9801&js_code=071cSX2H1BPXt10SPo2H1dON2H1cSX2z&grant_type=authorization_code
2019-11-13 11:23:11   status:200
2019-11-13 11:23:11   data:{'session_key': 'udOrfrBKO0PWxO8/WWEVbQ==', 'openid': 'oJfBH41Q13o00lX3pbhGAKUmThxA'}
2019-11-13 11:23:13   GET:https://api.weixin.qq.com/sns/jscode2session?appid=wxb10693ce301b0503&secret=fe966f7c89ba08eccd70060f2b3f9801&js_code=021hQfr11cYErW1ATep11mekr11hQfrz&grant_type=authorization_code
2019-11-13 11:23:13   status:200
2019-11-13 11:23:13   data:{'session_key': 'udOrfrBKO0PWxO8/WWEVbQ==', 'openid': 'oJfBH41Q13o00lX3pbhGAKUmThxA'}
2019-11-13 11:23:15   GET:https://api.weixin.qq.com/sns/jscode2session?appid=wxb10693ce301b0503&secret=fe966f7c89ba08eccd70060f2b3f9801&js_code=001aAsEy19YS7a09UYEy19ouEy1aAsE8&grant_type=authorization_code
2019-11-13 11:23:15   status:200
2019-11-13 11:23:15   data:{'session_key': 'udOrfrBKO0PWxO8/WWEVbQ==', 'openid': 'oJfBH41Q13o00lX3pbhGAKUmThxA'}
2019-11-13 11:23:16   GET:https://api.weixin.qq.com/sns/jscode2session?appid=wxb10693ce301b0503&secret=fe966f7c89ba08eccd70060f2b3f9801&js_code=0214GMMN1s8sna1EsPPN1gsTMN14GMMo&grant_type=authorization_code
2019-11-13 11:23:16   status:200
2019-11-13 11:23:16   data:{'session_key': 'udOrfrBKO0PWxO8/WWEVbQ==', 'openid': 'oJfBH41Q13o00lX3pbhGAKUmThxA'}
2019-11-13 11:24:07   GET:https://api.weixin.qq.com/sns/jscode2session?appid=wxb10693ce301b0503&secret=fe966f7c89ba08eccd70060f2b3f9801&js_code=0818PV6T0PN6302Akx7T0Rlf7T08PV6D&grant_type=authorization_code
2019-11-13 11:24:07   status:200
2019-11-13 11:24:07   data:{'session_key': '8mietqRqaZw4GoDcFMga6w==', 'openid': 'oJfBH41Q13o00lX3pbhGAKUmThxA'}
2019-11-13 11:24:15   GET:https://api.weixin.qq.com/sns/jscode2session?appid=wxb10693ce301b0503&secret=fe966f7c89ba08eccd70060f2b3f9801&js_code=071YF2XW1vx4N015GvVW1jtYWW1YF2X3&grant_type=authorization_code
2019-11-13 11:24:15   status:200
2019-11-13 11:24:15   data:{'session_key': '8mietqRqaZw4GoDcFMga6w==', 'openid': 'oJfBH41Q13o00lX3pbhGAKUmThxA'}
2019-11-13 11:24:22   GET:https://api.weixin.qq.com/sns/jscode2session?appid=wxb10693ce301b0503&secret=fe966f7c89ba08eccd70060f2b3f9801&js_code=0214ueME0iq0dj2txKLE0DpwME04ueMg&grant_type=authorization_code
2019-11-13 11:24:22   status:200
2019-11-13 11:24:22   data:{'session_key': '8mietqRqaZw4GoDcFMga6w==', 'openid': 'oJfBH41Q13o00lX3pbhGAKUmThxA'}
2019-11-13 11:24:24   GET:https://api.weixin.qq.com/sns/jscode2session?appid=wxb10693ce301b0503&secret=fe966f7c89ba08eccd70060f2b3f9801&js_code=061dcD6X0NST5W1DaL4X0NAP6X0dcD6U&grant_type=authorization_code
2019-11-13 11:24:24   status:200
2019-11-13 11:24:24   data:{'session_key': '8mietqRqaZw4GoDcFMga6w==', 'openid': 'oJfBH41Q13o00lX3pbhGAKUmThxA'}
2019-11-13 11:24:31   GET:https://api.weixin.qq.com/sns/jscode2session?appid=wxb10693ce301b0503&secret=fe966f7c89ba08eccd70060f2b3f9801&js_code=021ly36k20hrTD09UQ6k2vuT5k2ly362&grant_type=authorization_code
2019-11-13 11:24:31   status:200
2019-11-13 11:24:31   data:{'session_key': '8mietqRqaZw4GoDcFMga6w==', 'openid': 'oJfBH41Q13o00lX3pbhGAKUmThxA'}
2019-11-13 11:25:02   GET:https://api.weixin.qq.com/sns/jscode2session?appid=wxb10693ce301b0503&secret=fe966f7c89ba08eccd70060f2b3f9801&js_code=071ircao1E9J9p0MK3bo1fZiao1ircaV&grant_type=authorization_code
2019-11-13 11:25:02   status:200
2019-11-13 11:25:02   data:{'session_key': '8mietqRqaZw4GoDcFMga6w==', 'openid': 'oJfBH41Q13o00lX3pbhGAKUmThxA'}
2019-11-13 11:25:04   GET:https://api.weixin.qq.com/sns/jscode2session?appid=wxb10693ce301b0503&secret=fe966f7c89ba08eccd70060f2b3f9801&js_code=061eXmFk1yLPRn0kGbDk1PhAFk1eXmFr&grant_type=authorization_code
2019-11-13 11:25:04   status:200
2019-11-13 11:25:04   data:{'session_key': '8mietqRqaZw4GoDcFMga6w==', 'openid': 'oJfBH41Q13o00lX3pbhGAKUmThxA'}
2019-11-13 11:25:16   GET:https://api.weixin.qq.com/sns/jscode2session?appid=wxb10693ce301b0503&secret=fe966f7c89ba08eccd70060f2b3f9801&js_code=021Ja5T22pAyOU0RtxT22cc7T22Ja5TB&grant_type=authorization_code
2019-11-13 11:25:16   status:200
2019-11-13 11:25:16   data:{'session_key': '8mietqRqaZw4GoDcFMga6w==', 'openid': 'oJfBH41Q13o00lX3pbhGAKUmThxA'}
2019-11-13 11:25:20   ('data DoesNotExist',)
2019-11-13 11:25:20   GET:https://api.weixin.qq.com/sns/jscode2session?appid=wxb10693ce301b0503&secret=fe966f7c89ba08eccd70060f2b3f9801&js_code=071h5mha2BFxqN0spuka2m9cha2h5mhi&grant_type=authorization_code
2019-11-13 11:25:21   status:200
2019-11-13 11:25:21   data:{'session_key': '8mietqRqaZw4GoDcFMga6w==', 'openid': 'oJfBH41Q13o00lX3pbhGAKUmThxA'}
2019-11-13 11:25:32   GET:https://api.weixin.qq.com/sns/jscode2session?appid=wxb10693ce301b0503&secret=fe966f7c89ba08eccd70060f2b3f9801&js_code=0715IrmQ1jD0e31cnqkQ1oztmQ15IrmM&grant_type=authorization_code
2019-11-13 11:25:32   status:200
2019-11-13 11:25:32   data:{'session_key': '8mietqRqaZw4GoDcFMga6w==', 'openid': 'oJfBH41Q13o00lX3pbhGAKUmThxA'}
2019-11-13 11:25:39   ('data DoesNotExist',)
2019-11-13 11:25:39   GET:https://api.weixin.qq.com/sns/jscode2session?appid=wxb10693ce301b0503&secret=fe966f7c89ba08eccd70060f2b3f9801&js_code=081RZdkf0MsnDt1zTpif0tcbkf0RZdkz&grant_type=authorization_code
2019-11-13 11:25:39   status:200
2019-11-13 11:25:39   data:{'session_key': '8mietqRqaZw4GoDcFMga6w==', 'openid': 'oJfBH41Q13o00lX3pbhGAKUmThxA'}
2019-11-13 11:26:08   GET:https://api.weixin.qq.com/sns/jscode2session?appid=wxb10693ce301b0503&secret=fe966f7c89ba08eccd70060f2b3f9801&js_code=001Gd2B12utBhW0qWuB12Qx4B12Gd2BA&grant_type=authorization_code
2019-11-13 11:26:08   status:200
2019-11-13 11:26:08   data:{'session_key': '5zdpJmVo9QNXcEBaKPuksA==', 'openid': 'oJfBH41Q13o00lX3pbhGAKUmThxA'}
2019-11-13 12:35:19   GET:https://api.weixin.qq.com/sns/jscode2session?appid=wxb10693ce301b0503&secret=fe966f7c89ba08eccd70060f2b3f9801&js_code=061bEgdZ0oozeU1fPxbZ0IHTcZ0bEgd7&grant_type=authorization_code
2019-11-13 12:35:19   status:200
2019-11-13 12:35:19   data:{'session_key': 'Cn2SOrhFeKZoLLULicVlSA==', 'openid': 'oJfBH41Q13o00lX3pbhGAKUmThxA'}
2019-11-13 12:35:22   GET:https://api.weixin.qq.com/sns/jscode2session?appid=wxb10693ce301b0503&secret=fe966f7c89ba08eccd70060f2b3f9801&js_code=011TU9wW096zb12ERAuW0xjkwW0TU9wF&grant_type=authorization_code
2019-11-13 12:35:23   status:200
2019-11-13 12:35:23   data:{'session_key': 'Cn2SOrhFeKZoLLULicVlSA==', 'openid': 'oJfBH41Q13o00lX3pbhGAKUmThxA'}
2019-11-13 12:35:39   GET:https://api.weixin.qq.com/sns/jscode2session?appid=wxb10693ce301b0503&secret=fe966f7c89ba08eccd70060f2b3f9801&js_code=071Rwljf2svHOI01hTif2iKdjf2Rwlj6&grant_type=authorization_code
2019-11-13 12:35:39   status:200
2019-11-13 12:35:39   data:{'session_key': 'Cn2SOrhFeKZoLLULicVlSA==', 'openid': 'oJfBH41Q13o00lX3pbhGAKUmThxA'}
