2019-12-30 10:46:29   GET:https://api.weixin.qq.com/sns/jscode2session?appid=wxb10693ce301b0503&secret=fe966f7c89ba08eccd70060f2b3f9801&js_code=081ykmBd1TAUuw0xi5Bd1MgzBd1ykmB0&grant_type=authorization_code
2019-12-30 10:46:29   status:200
2019-12-30 10:46:29   data:{'session_key': 'fdm0yGu02bopH+ZR/2KIvA==', 'openid': 'oJfBH41Q13o00lX3pbhGAKUmThxA'}
2019-12-30 10:46:34   GET:https://api.weixin.qq.com/sns/jscode2session?appid=wxb10693ce301b0503&secret=fe966f7c89ba08eccd70060f2b3f9801&js_code=001u6dtP1k6Hm816gNtP1RwatP1u6dtL&grant_type=authorization_code
2019-12-30 10:46:34   status:200
2019-12-30 10:46:34   data:{'session_key': 'fdm0yGu02bopH+ZR/2KIvA==', 'openid': 'oJfBH41Q13o00lX3pbhGAKUmThxA'}
2019-12-30 10:46:40   GET:https://api.weixin.qq.com/sns/jscode2session?appid=wxb10693ce301b0503&secret=fe966f7c89ba08eccd70060f2b3f9801&js_code=021IenRQ1Cxo851p2PPQ1SRrRQ1IenRG&grant_type=authorization_code
2019-12-30 10:46:40   status:200
2019-12-30 10:46:40   data:{'session_key': 'fdm0yGu02bopH+ZR/2KIvA==', 'openid': 'oJfBH41Q13o00lX3pbhGAKUmThxA'}
2019-12-30 10:46:44   GET:https://api.weixin.qq.com/sns/jscode2session?appid=wxb10693ce301b0503&secret=fe966f7c89ba08eccd70060f2b3f9801&js_code=081Nbi6621bvEO0Ln3762dPa662Nbi6p&grant_type=authorization_code
2019-12-30 10:46:44   status:200
2019-12-30 10:46:44   data:{'session_key': 'fdm0yGu02bopH+ZR/2KIvA==', 'openid': 'oJfBH41Q13o00lX3pbhGAKUmThxA'}
2019-12-30 10:47:08   GET:https://api.weixin.qq.com/sns/jscode2session?appid=wxb10693ce301b0503&secret=fe966f7c89ba08eccd70060f2b3f9801&js_code=071D7GYb0tmZXx1r06Xb0jhIYb0D7GYr&grant_type=authorization_code
2019-12-30 10:47:08   status:200
2019-12-30 10:47:08   data:{'session_key': 'fdm0yGu02bopH+ZR/2KIvA==', 'openid': 'oJfBH41Q13o00lX3pbhGAKUmThxA'}
2019-12-30 10:47:16   GET:https://api.weixin.qq.com/sns/jscode2session?appid=wxb10693ce301b0503&secret=fe966f7c89ba08eccd70060f2b3f9801&js_code=0118HQRB1AFTkb0dFZSB18vYRB18HQRh&grant_type=authorization_code
2019-12-30 10:47:16   status:200
2019-12-30 10:47:16   data:{'session_key': 'fdm0yGu02bopH+ZR/2KIvA==', 'openid': 'oJfBH41Q13o00lX3pbhGAKUmThxA'}
2019-12-30 10:47:22   GET:https://api.weixin.qq.com/sns/jscode2session?appid=wxb10693ce301b0503&secret=fe966f7c89ba08eccd70060f2b3f9801&js_code=0218Khvm0iqNoq147Qxm07anvm08Khvt&grant_type=authorization_code
2019-12-30 10:47:22   status:200
2019-12-30 10:47:22   data:{'session_key': 'fdm0yGu02bopH+ZR/2KIvA==', 'openid': 'oJfBH41Q13o00lX3pbhGAKUmThxA'}
2019-12-30 10:48:09   GET:https://api.weixin.qq.com/sns/jscode2session?appid=wxb10693ce301b0503&secret=fe966f7c89ba08eccd70060f2b3f9801&js_code=081IUTmb2rtGLK041zlb2PCFmb2IUTmK&grant_type=authorization_code
2019-12-30 10:48:09   status:200
2019-12-30 10:48:09   data:{'session_key': 'fdm0yGu02bopH+ZR/2KIvA==', 'openid': 'oJfBH41Q13o00lX3pbhGAKUmThxA'}
2019-12-30 10:48:17   GET:https://api.weixin.qq.com/sns/jscode2session?appid=wxb10693ce301b0503&secret=fe966f7c89ba08eccd70060f2b3f9801&js_code=001rxs241unuGP18SF041BIg241rxs27&grant_type=authorization_code
2019-12-30 10:48:17   status:200
2019-12-30 10:48:17   data:{'session_key': 'hqtKUwHwC5R+9E/YQP5h3Q==', 'openid': 'oJfBH41Q13o00lX3pbhGAKUmThxA'}
2019-12-30 10:49:24   GET:https://api.weixin.qq.com/sns/jscode2session?appid=wxb10693ce301b0503&secret=fe966f7c89ba08eccd70060f2b3f9801&js_code=021T41cE01NYpi24SlbE0IPbcE0T41c2&grant_type=authorization_code
2019-12-30 10:49:24   status:200
2019-12-30 10:49:24   data:{'session_key': 'hqtKUwHwC5R+9E/YQP5h3Q==', 'openid': 'oJfBH41Q13o00lX3pbhGAKUmThxA'}
2019-12-30 10:49:27   GET:https://api.weixin.qq.com/sns/jscode2session?appid=wxb10693ce301b0503&secret=fe966f7c89ba08eccd70060f2b3f9801&js_code=081tI0zk2ohhSB0Zdczk2lxQyk2tI0zI&grant_type=authorization_code
2019-12-30 10:49:27   status:200
2019-12-30 10:49:27   data:{'session_key': 'hqtKUwHwC5R+9E/YQP5h3Q==', 'openid': 'oJfBH41Q13o00lX3pbhGAKUmThxA'}
2019-12-30 10:49:29   GET:https://api.weixin.qq.com/sns/jscode2session?appid=wxb10693ce301b0503&secret=fe966f7c89ba08eccd70060f2b3f9801&js_code=011nsRfz1esHcd0deOdz1zZXfz1nsRfG&grant_type=authorization_code
2019-12-30 10:49:29   status:200
2019-12-30 10:49:29   data:{'session_key': 'hqtKUwHwC5R+9E/YQP5h3Q==', 'openid': 'oJfBH41Q13o00lX3pbhGAKUmThxA'}
2019-12-30 10:50:01   GET:https://api.weixin.qq.com/sns/jscode2session?appid=wxb10693ce301b0503&secret=fe966f7c89ba08eccd70060f2b3f9801&js_code=0115ZIEe2G2LYE0RhUAe2g7zEe25ZIEl&grant_type=authorization_code
2019-12-30 10:50:02   status:200
2019-12-30 10:50:02   data:{'session_key': 'hqtKUwHwC5R+9E/YQP5h3Q==', 'openid': 'oJfBH41Q13o00lX3pbhGAKUmThxA'}
2019-12-30 11:22:01   GET:https://api.weixin.qq.com/sns/jscode2session?appid=wxb10693ce301b0503&secret=fe966f7c89ba08eccd70060f2b3f9801&js_code=071EM6sS1fhrg210NHsS1kPYrS1EM6sw&grant_type=authorization_code
2019-12-30 11:22:01   status:200
2019-12-30 11:22:01   data:{'session_key': '6aIirnY6ZgGRaRtnezKYDw==', 'openid': 'oJfBH41Q13o00lX3pbhGAKUmThxA'}
2019-12-30 11:22:09   GET:https://api.weixin.qq.com/sns/jscode2session?appid=wxb10693ce301b0503&secret=fe966f7c89ba08eccd70060f2b3f9801&js_code=061Vhmn70IhlrC1Arkn70lx8n70Vhmn5&grant_type=authorization_code
2019-12-30 11:22:09   status:200
2019-12-30 11:22:09   data:{'session_key': '6aIirnY6ZgGRaRtnezKYDw==', 'openid': 'oJfBH41Q13o00lX3pbhGAKUmThxA'}
2019-12-30 11:23:12   GET:https://api.weixin.qq.com/sns/jscode2session?appid=wxb10693ce301b0503&secret=fe966f7c89ba08eccd70060f2b3f9801&js_code=021sb7l22yMqYT0ABGk22ftQk22sb7le&grant_type=authorization_code
2019-12-30 11:23:12   status:200
2019-12-30 11:23:12   data:{'session_key': '6aIirnY6ZgGRaRtnezKYDw==', 'openid': 'oJfBH41Q13o00lX3pbhGAKUmThxA'}
2019-12-30 11:23:22   GET:https://api.weixin.qq.com/sns/jscode2session?appid=wxb10693ce301b0503&secret=fe966f7c89ba08eccd70060f2b3f9801&js_code=001qUlFB0AMCmk2jC7FB00VeFB0qUlFv&grant_type=authorization_code
2019-12-30 11:23:22   status:200
2019-12-30 11:23:22   data:{'session_key': '6aIirnY6ZgGRaRtnezKYDw==', 'openid': 'oJfBH41Q13o00lX3pbhGAKUmThxA'}
2019-12-30 11:25:09   GET:https://api.weixin.qq.com/sns/jscode2session?appid=wxb10693ce301b0503&secret=fe966f7c89ba08eccd70060f2b3f9801&js_code=011ITQfX1z6VTX022pdX1QZRfX1ITQfD&grant_type=authorization_code
2019-12-30 11:25:09   status:200
2019-12-30 11:25:09   data:{'session_key': 'lrPoblNlkCxdMt5YR7UwhA==', 'openid': 'oJfBH41Q13o00lX3pbhGAKUmThxA'}
2019-12-30 11:25:19   GET:https://api.weixin.qq.com/sns/jscode2session?appid=wxb10693ce301b0503&secret=fe966f7c89ba08eccd70060f2b3f9801&js_code=0618STfR0HKWd42AqXeR0S9CfR08STfE&grant_type=authorization_code
2019-12-30 11:25:19   status:200
2019-12-30 11:25:19   data:{'session_key': 'lrPoblNlkCxdMt5YR7UwhA==', 'openid': 'oJfBH41Q13o00lX3pbhGAKUmThxA'}
2019-12-30 11:25:45   GET:https://api.weixin.qq.com/sns/jscode2session?appid=wxb10693ce301b0503&secret=fe966f7c89ba08eccd70060f2b3f9801&js_code=021baMx50ANheF1n7vA50LOTx50baMxT&grant_type=authorization_code
2019-12-30 11:25:46   status:200
2019-12-30 11:25:46   data:{'session_key': 'lrPoblNlkCxdMt5YR7UwhA==', 'openid': 'oJfBH41Q13o00lX3pbhGAKUmThxA'}
2019-12-30 11:25:58   GET:https://api.weixin.qq.com/sns/jscode2session?appid=wxb10693ce301b0503&secret=fe966f7c89ba08eccd70060f2b3f9801&js_code=001CkBnj2YKfGA0NLuoj2Spunj2CkBnf&grant_type=authorization_code
2019-12-30 11:25:59   status:200
2019-12-30 11:25:59   data:{'session_key': 'lrPoblNlkCxdMt5YR7UwhA==', 'openid': 'oJfBH41Q13o00lX3pbhGAKUmThxA'}
2019-12-30 11:26:09   GET:https://api.weixin.qq.com/sns/jscode2session?appid=wxb10693ce301b0503&secret=fe966f7c89ba08eccd70060f2b3f9801&js_code=021MVEGg1PEBXu09oVFg1z5BGg1MVEGE&grant_type=authorization_code
2019-12-30 11:26:09   status:200
2019-12-30 11:26:09   data:{'session_key': 'lrPoblNlkCxdMt5YR7UwhA==', 'openid': 'oJfBH41Q13o00lX3pbhGAKUmThxA'}
2019-12-30 11:26:28   GET:https://api.weixin.qq.com/sns/jscode2session?appid=wxb10693ce301b0503&secret=fe966f7c89ba08eccd70060f2b3f9801&js_code=0616aX3a2wV3xJ0wEh4a2Kh84a26aX3j&grant_type=authorization_code
2019-12-30 11:26:28   status:200
2019-12-30 11:26:28   data:{'session_key': 'lrPoblNlkCxdMt5YR7UwhA==', 'openid': 'oJfBH41Q13o00lX3pbhGAKUmThxA'}
2019-12-30 12:37:34   GET:https://api.weixin.qq.com/sns/jscode2session?appid=wxb10693ce301b0503&secret=fe966f7c89ba08eccd70060f2b3f9801&js_code=081PIvfY077sBX1gC2hY0FRqfY0PIvfk&grant_type=authorization_code
2019-12-30 12:37:34   status:200
2019-12-30 12:37:34   data:{'session_key': 'LoN76KerhXqS9Voo8B9SrQ==', 'openid': 'oJfBH41Q13o00lX3pbhGAKUmThxA'}
2019-12-30 12:37:48   GET:https://api.weixin.qq.com/sns/jscode2session?appid=wxb10693ce301b0503&secret=fe966f7c89ba08eccd70060f2b3f9801&js_code=071bXnVM0VsBY82axBUM0BV8VM0bXnVc&grant_type=authorization_code
2019-12-30 12:37:48   status:200
2019-12-30 12:37:48   data:{'session_key': 'LoN76KerhXqS9Voo8B9SrQ==', 'openid': 'oJfBH41Q13o00lX3pbhGAKUmThxA'}
2019-12-30 12:37:56   GET:https://api.weixin.qq.com/sns/jscode2session?appid=wxb10693ce301b0503&secret=fe966f7c89ba08eccd70060f2b3f9801&js_code=071QnlbT0c13y128M1bT0DJHbT0Qnlbo&grant_type=authorization_code
2019-12-30 12:37:56   status:200
2019-12-30 12:37:56   data:{'session_key': 'LoN76KerhXqS9Voo8B9SrQ==', 'openid': 'oJfBH41Q13o00lX3pbhGAKUmThxA'}
2019-12-30 12:38:07   GET:https://api.weixin.qq.com/sns/jscode2session?appid=wxb10693ce301b0503&secret=fe966f7c89ba08eccd70060f2b3f9801&js_code=011P9yrg0MRclt1S0Hrg0lOwrg0P9yre&grant_type=authorization_code
2019-12-30 12:38:07   status:200
2019-12-30 12:38:07   data:{'session_key': 'LoN76KerhXqS9Voo8B9SrQ==', 'openid': 'oJfBH41Q13o00lX3pbhGAKUmThxA'}
2019-12-30 12:38:27   GET:https://api.weixin.qq.com/sns/jscode2session?appid=wxb10693ce301b0503&secret=fe966f7c89ba08eccd70060f2b3f9801&js_code=0713h5hP1I9Ba8143fhP1tbvhP13h5hF&grant_type=authorization_code
2019-12-30 12:38:27   status:200
2019-12-30 12:38:27   data:{'session_key': 'LoN76KerhXqS9Voo8B9SrQ==', 'openid': 'oJfBH41Q13o00lX3pbhGAKUmThxA'}
2019-12-30 12:38:32   GET:https://api.weixin.qq.com/sns/jscode2session?appid=wxb10693ce301b0503&secret=fe966f7c89ba08eccd70060f2b3f9801&js_code=061O1TUi2i5HGE0QjHRi2SavUi2O1TUh&grant_type=authorization_code
2019-12-30 12:38:32   status:200
2019-12-30 12:38:32   data:{'session_key': 'LoN76KerhXqS9Voo8B9SrQ==', 'openid': 'oJfBH41Q13o00lX3pbhGAKUmThxA'}
2019-12-30 12:38:35   GET:https://api.weixin.qq.com/sns/jscode2session?appid=wxb10693ce301b0503&secret=fe966f7c89ba08eccd70060f2b3f9801&js_code=001pe9c80U1pkD1Sgnd80H55c80pe9cy&grant_type=authorization_code
2019-12-30 12:38:35   status:200
2019-12-30 12:38:35   data:{'session_key': 'LoN76KerhXqS9Voo8B9SrQ==', 'openid': 'oJfBH41Q13o00lX3pbhGAKUmThxA'}
2019-12-30 12:38:38   GET:https://api.weixin.qq.com/sns/jscode2session?appid=wxb10693ce301b0503&secret=fe966f7c89ba08eccd70060f2b3f9801&js_code=071dG77E1XKdY80Q2b6E16ua7E1dG77x&grant_type=authorization_code
2019-12-30 12:38:38   status:200
2019-12-30 12:38:38   data:{'session_key': 'LoN76KerhXqS9Voo8B9SrQ==', 'openid': 'oJfBH41Q13o00lX3pbhGAKUmThxA'}
2019-12-30 12:38:43   GET:https://api.weixin.qq.com/sns/jscode2session?appid=wxb10693ce301b0503&secret=fe966f7c89ba08eccd70060f2b3f9801&js_code=081nDmLs1aIcpk0MdjNs1XLhLs1nDmLi&grant_type=authorization_code
2019-12-30 12:38:43   status:200
2019-12-30 12:38:43   data:{'session_key': 'LoN76KerhXqS9Voo8B9SrQ==', 'openid': 'oJfBH41Q13o00lX3pbhGAKUmThxA'}
2019-12-30 12:38:46   GET:https://api.weixin.qq.com/sns/jscode2session?appid=wxb10693ce301b0503&secret=fe966f7c89ba08eccd70060f2b3f9801&js_code=01146YJj2eckYA0JzJKj2bj4Kj246YJH&grant_type=authorization_code
2019-12-30 12:38:46   status:200
2019-12-30 12:38:46   data:{'session_key': 'LoN76KerhXqS9Voo8B9SrQ==', 'openid': 'oJfBH41Q13o00lX3pbhGAKUmThxA'}
2019-12-30 12:40:19   GET:https://api.weixin.qq.com/sns/jscode2session?appid=wxb10693ce301b0503&secret=fe966f7c89ba08eccd70060f2b3f9801&js_code=061fVfrg20xHPG0WqMrg23Zcrg2fVfru&grant_type=authorization_code
2019-12-30 12:40:19   status:200
2019-12-30 12:40:19   data:{'session_key': 'XV2eIxB3xwPMniJKKECINQ==', 'openid': 'oJfBH41Q13o00lX3pbhGAKUmThxA'}
