2019-11-22 10:22:28   ('data DoesNotExist',)
2019-11-22 10:22:32   ('data DoesNotExist',)
2019-11-22 10:22:33   ('data DoesNotExist',)
2019-11-22 10:22:35   ('data DoesNotExist',)
2019-11-22 10:22:36   ('data DoesNotExist',)
2019-11-22 10:22:38   ('data DoesNotExist',)
2019-11-22 10:22:40   ('data DoesNotExist',)
2019-11-22 10:22:41   ('data DoesNotExist',)
2019-11-22 10:22:43   ('data DoesNotExist',)
2019-11-22 10:22:45   ('data DoesNotExist',)
2019-11-22 10:22:46   ('data DoesNotExist',)
2019-11-22 10:22:47   ('data DoesNotExist',)
2019-11-22 10:22:49   ('data DoesNotExist',)
2019-11-22 10:22:50   ('data DoesNotExist',)
2019-11-22 10:22:51   ('data DoesNotExist',)
2019-11-22 10:22:52   ('data DoesNotExist',)
2019-11-22 10:22:53   ('data DoesNotExist',)
2019-11-22 10:22:55   ('data DoesNotExist',)
2019-11-22 10:22:56   ('data DoesNotExist',)
2019-11-22 10:22:58   ('data DoesNotExist',)
2019-11-22 10:23:00   ('data DoesNotExist',)
2019-11-22 10:23:03   ('data DoesNotExist',)
2019-11-22 10:23:04   ('data DoesNotExist',)
2019-11-22 10:23:06   ('data DoesNotExist',)
2019-11-22 10:23:07   ('data DoesNotExist',)
2019-11-22 10:23:09   ('data DoesNotExist',)
2019-11-22 10:23:10   ('data DoesNotExist',)
2019-11-22 10:23:11   ('data DoesNotExist',)
2019-11-22 11:29:06   ('data DoesNotExist',)
2019-11-22 11:29:52   ('data DoesNotExist',)
2019-11-22 12:49:36   ('data DoesNotExist',)
2019-11-22 12:50:01   ('data DoesNotExist',)
2019-11-22 12:50:47   GET:https://api.weixin.qq.com/sns/jscode2session?appid=wxb10693ce301b0503&secret=fe966f7c89ba08eccd70060f2b3f9801&js_code=001nvcrT02IrMZ1jsdrT0nicrT0nvcrP&grant_type=authorization_code
2019-11-22 12:50:47   status:200
2019-11-22 12:50:47   data:{'session_key': 'NtnrDPc+VTTgLD2xCmvR3g==', 'openid': 'oJfBH41Q13o00lX3pbhGAKUmThxA'}
2019-11-22 12:56:29   GET:https://api.weixin.qq.com/sns/jscode2session?appid=wxb10693ce301b0503&secret=fe966f7c89ba08eccd70060f2b3f9801&js_code=061X0nSP0E7QC320dQTP0R5eSP0X0nSL&grant_type=authorization_code
2019-11-22 12:56:29   status:200
2019-11-22 12:56:29   data:{'session_key': 'iwpD+NVXFfjK6FaJaYVzQw==', 'openid': 'oJfBH41Q13o00lX3pbhGAKUmThxA'}
2019-11-22 12:57:02   GET:https://api.weixin.qq.com/sns/jscode2session?appid=wxb10693ce301b0503&secret=fe966f7c89ba08eccd70060f2b3f9801&js_code=061uNDDi2mIyRA0NRmHi28eTDi2uNDDN&grant_type=authorization_code
2019-11-22 12:57:03   status:200
2019-11-22 12:57:03   data:{'session_key': 'iwpD+NVXFfjK6FaJaYVzQw==', 'openid': 'oJfBH41Q13o00lX3pbhGAKUmThxA'}
2019-11-22 12:58:23   GET:https://api.weixin.qq.com/sns/jscode2session?appid=wxb10693ce301b0503&secret=fe966f7c89ba08eccd70060f2b3f9801&js_code=011GCGNp0FwUDn1ZWeMp0gkPNp0GCGNd&grant_type=authorization_code
2019-11-22 12:58:23   status:200
2019-11-22 12:58:23   data:{'session_key': 'iwpD+NVXFfjK6FaJaYVzQw==', 'openid': 'oJfBH41Q13o00lX3pbhGAKUmThxA'}
2019-11-22 13:03:30   GET:https://api.weixin.qq.com/sns/jscode2session?appid=wxb10693ce301b0503&secret=fe966f7c89ba08eccd70060f2b3f9801&js_code=061XEuJh1dW8Iv0AWUHh1VFdJh1XEuJe&grant_type=authorization_code
2019-11-22 13:03:30   status:200
2019-11-22 13:03:30   data:{'session_key': '4vW1AnilAs3Frs3X3roXGA==', 'openid': 'oJfBH41Q13o00lX3pbhGAKUmThxA'}
2019-11-22 13:03:58   GET:https://api.weixin.qq.com/sns/jscode2session?appid=wxb10693ce301b0503&secret=fe966f7c89ba08eccd70060f2b3f9801&js_code=001uqZ0O1Q8V5a1HiO1O1El71O1uqZ0M&grant_type=authorization_code
2019-11-22 13:03:58   status:200
2019-11-22 13:03:58   data:{'session_key': '4vW1AnilAs3Frs3X3roXGA==', 'openid': 'oJfBH41Q13o00lX3pbhGAKUmThxA'}
2019-11-22 13:04:12   GET:https://api.weixin.qq.com/sns/jscode2session?appid=wxb10693ce301b0503&secret=fe966f7c89ba08eccd70060f2b3f9801&js_code=061ibTdd04kC9A1gxFgd02NNdd0ibTdo&grant_type=authorization_code
2019-11-22 13:04:12   status:200
2019-11-22 13:04:12   data:{'session_key': '4vW1AnilAs3Frs3X3roXGA==', 'openid': 'oJfBH41Q13o00lX3pbhGAKUmThxA'}
2019-11-22 13:04:33   GET:https://api.weixin.qq.com/sns/jscode2session?appid=wxb10693ce301b0503&secret=fe966f7c89ba08eccd70060f2b3f9801&js_code=071k4Axz0daHCd1FL0uz02RAxz0k4Ax4&grant_type=authorization_code
2019-11-22 13:04:33   status:200
2019-11-22 13:04:33   data:{'session_key': '4vW1AnilAs3Frs3X3roXGA==', 'openid': 'oJfBH41Q13o00lX3pbhGAKUmThxA'}
2019-11-22 13:04:40   GET:https://api.weixin.qq.com/sns/jscode2session?appid=wxb10693ce301b0503&secret=fe966f7c89ba08eccd70060f2b3f9801&js_code=071UzIT42oXSjO0KmAS42ml3U42UzITu&grant_type=authorization_code
2019-11-22 13:04:40   status:200
2019-11-22 13:04:40   data:{'session_key': '4vW1AnilAs3Frs3X3roXGA==', 'openid': 'oJfBH41Q13o00lX3pbhGAKUmThxA'}
2019-11-22 13:26:18   GET:https://api.weixin.qq.com/sns/jscode2session?appid=wxb10693ce301b0503&secret=fe966f7c89ba08eccd70060f2b3f9801&js_code=081LWkNj2BGcfE0wSkPj2WmcNj2LWkNL&grant_type=authorization_code
2019-11-22 13:26:18   GET:https://api.weixin.qq.com/sns/jscode2session?appid=wxb10693ce301b0503&secret=fe966f7c89ba08eccd70060f2b3f9801&js_code=081o2cne2ozxUE0rSqke2GCqne2o2cnF&grant_type=authorization_code
2019-11-22 13:26:18   status:200
2019-11-22 13:26:18   data:{'session_key': '+aKy6GiNj/yQ87j61CCW/A==', 'openid': 'oJfBH41Q13o00lX3pbhGAKUmThxA'}
2019-11-22 13:26:18   status:200
2019-11-22 13:26:18   data:{'session_key': '+aKy6GiNj/yQ87j61CCW/A==', 'openid': 'oJfBH41Q13o00lX3pbhGAKUmThxA'}
2019-11-22 13:26:40   GET:https://api.weixin.qq.com/sns/jscode2session?appid=wxb10693ce301b0503&secret=fe966f7c89ba08eccd70060f2b3f9801&js_code=001WMFvT0oxyZZ1fOPxT07vuvT0WMFvz&grant_type=authorization_code
2019-11-22 13:26:40   status:200
2019-11-22 13:26:40   data:{'session_key': '+aKy6GiNj/yQ87j61CCW/A==', 'openid': 'oJfBH41Q13o00lX3pbhGAKUmThxA'}
2019-11-22 13:28:04   GET:https://api.weixin.qq.com/sns/jscode2session?appid=wxb10693ce301b0503&secret=fe966f7c89ba08eccd70060f2b3f9801&js_code=001MHCAE0Gozwj2LHZzE0TupAE0MHCAc&grant_type=authorization_code
2019-11-22 13:28:04   status:200
2019-11-22 13:28:04   data:{'session_key': '+aKy6GiNj/yQ87j61CCW/A==', 'openid': 'oJfBH41Q13o00lX3pbhGAKUmThxA'}
2019-11-22 13:29:00   GET:https://api.weixin.qq.com/sns/jscode2session?appid=wxb10693ce301b0503&secret=fe966f7c89ba08eccd70060f2b3f9801&js_code=081pYcj21JK1cR1Ibaj21Lp5j21pYcjX&grant_type=authorization_code
2019-11-22 13:29:00   status:200
2019-11-22 13:29:00   data:{'session_key': 'FPPdjnF99fCrYFJwJ5rcrQ==', 'openid': 'oJfBH41Q13o00lX3pbhGAKUmThxA'}
2019-11-22 13:29:39   GET:https://api.weixin.qq.com/sns/jscode2session?appid=wxb10693ce301b0503&secret=fe966f7c89ba08eccd70060f2b3f9801&js_code=011jrIz1147exW11yEx11SbWz11jrIzG&grant_type=authorization_code
2019-11-22 13:29:39   status:200
2019-11-22 13:29:39   data:{'session_key': 'FPPdjnF99fCrYFJwJ5rcrQ==', 'openid': 'oJfBH41Q13o00lX3pbhGAKUmThxA'}
2019-11-22 13:29:45   GET:https://api.weixin.qq.com/sns/jscode2session?appid=wxb10693ce301b0503&secret=fe966f7c89ba08eccd70060f2b3f9801&js_code=08122VL60X8I3C1F8tL60zRCL6022VLS&grant_type=authorization_code
2019-11-22 13:29:45   status:200
2019-11-22 13:29:45   data:{'session_key': 'FPPdjnF99fCrYFJwJ5rcrQ==', 'openid': 'oJfBH41Q13o00lX3pbhGAKUmThxA'}
2019-11-22 13:30:26   GET:https://api.weixin.qq.com/sns/jscode2session?appid=wxb10693ce301b0503&secret=fe966f7c89ba08eccd70060f2b3f9801&js_code=081YSctb0kvNGB1Zh3ub0Jkktb0YSctm&grant_type=authorization_code
2019-11-22 13:30:26   GET:https://api.weixin.qq.com/sns/jscode2session?appid=wxb10693ce301b0503&secret=fe966f7c89ba08eccd70060f2b3f9801&js_code=0119NXn71HR2UL14ELn71ifZn719NXnu&grant_type=authorization_code
2019-11-22 13:30:26   status:200
2019-11-22 13:30:26   data:{'session_key': 'FPPdjnF99fCrYFJwJ5rcrQ==', 'openid': 'oJfBH41Q13o00lX3pbhGAKUmThxA'}
2019-11-22 13:30:26   status:200
2019-11-22 13:30:26   data:{'session_key': 'FPPdjnF99fCrYFJwJ5rcrQ==', 'openid': 'oJfBH41Q13o00lX3pbhGAKUmThxA'}
2019-11-22 13:30:33   GET:https://api.weixin.qq.com/sns/jscode2session?appid=wxb10693ce301b0503&secret=fe966f7c89ba08eccd70060f2b3f9801&js_code=081cBprf13Qvot06gHqf1Y7krf1cBpr3&grant_type=authorization_code
2019-11-22 13:30:33   status:200
2019-11-22 13:30:33   data:{'session_key': 'FPPdjnF99fCrYFJwJ5rcrQ==', 'openid': 'oJfBH41Q13o00lX3pbhGAKUmThxA'}
2019-11-22 13:31:10   GET:https://api.weixin.qq.com/sns/jscode2session?appid=wxb10693ce301b0503&secret=fe966f7c89ba08eccd70060f2b3f9801&js_code=071Q02B620vaaR0IXwz626OJA62Q02BZ&grant_type=authorization_code
2019-11-22 13:31:10   status:200
2019-11-22 13:31:10   data:{'session_key': 'l1fQqXQhUUK8zViTH2vrOg==', 'openid': 'oJfBH41Q13o00lX3pbhGAKUmThxA'}
2019-11-22 13:32:26   GET:https://api.weixin.qq.com/sns/jscode2session?appid=wxb10693ce301b0503&secret=fe966f7c89ba08eccd70060f2b3f9801&js_code=071YYnqd14zd1A0hTxod1bsnqd1YYnq5&grant_type=authorization_code
2019-11-22 13:32:26   status:200
2019-11-22 13:32:26   data:{'session_key': 'l1fQqXQhUUK8zViTH2vrOg==', 'openid': 'oJfBH41Q13o00lX3pbhGAKUmThxA'}
2019-11-22 13:36:22   GET:https://api.weixin.qq.com/sns/jscode2session?appid=wxb10693ce301b0503&secret=fe966f7c89ba08eccd70060f2b3f9801&js_code=001lsTQG0pZsIc2Uq2OG02MVQG0lsTQC&grant_type=authorization_code
2019-11-22 13:36:22   GET:https://api.weixin.qq.com/sns/jscode2session?appid=wxb10693ce301b0503&secret=fe966f7c89ba08eccd70060f2b3f9801&js_code=081KUg1k169LSo0Z0TXj14Dk1k1KUg1v&grant_type=authorization_code
2019-11-22 13:36:23   status:200
2019-11-22 13:36:23   data:{'session_key': '42P+6LYgA3EFtY0/UeOrBg==', 'openid': 'oJfBH41Q13o00lX3pbhGAKUmThxA'}
2019-11-22 13:36:23   status:200
2019-11-22 13:36:23   data:{'session_key': '42P+6LYgA3EFtY0/UeOrBg==', 'openid': 'oJfBH41Q13o00lX3pbhGAKUmThxA'}
2019-11-22 13:37:18   GET:https://api.weixin.qq.com/sns/jscode2session?appid=wxb10693ce301b0503&secret=fe966f7c89ba08eccd70060f2b3f9801&js_code=021jT8l10veUyH1SLfj10Fvll10jT8lb&grant_type=authorization_code
2019-11-22 13:37:18   status:200
2019-11-22 13:37:18   data:{'session_key': '42P+6LYgA3EFtY0/UeOrBg==', 'openid': 'oJfBH41Q13o00lX3pbhGAKUmThxA'}
2019-11-22 13:38:15   GET:https://api.weixin.qq.com/sns/jscode2session?appid=wxb10693ce301b0503&secret=fe966f7c89ba08eccd70060f2b3f9801&js_code=071TTtsh1iQOrr067Lrh1fGbsh1TTtsG&grant_type=authorization_code
2019-11-22 13:38:15   status:200
2019-11-22 13:38:15   data:{'session_key': '42P+6LYgA3EFtY0/UeOrBg==', 'openid': 'oJfBH41Q13o00lX3pbhGAKUmThxA'}
2019-11-22 13:38:51   GET:https://api.weixin.qq.com/sns/jscode2session?appid=wxb10693ce301b0503&secret=fe966f7c89ba08eccd70060f2b3f9801&js_code=071isIK00taA9I1KjiM00qmGK00isIKe&grant_type=authorization_code
2019-11-22 13:38:51   status:200
2019-11-22 13:38:51   data:{'session_key': 'XcmXhzxmRffRxRg1AW8BAg==', 'openid': 'oJfBH41Q13o00lX3pbhGAKUmThxA'}
2019-11-22 13:39:38   GET:https://api.weixin.qq.com/sns/jscode2session?appid=wxb10693ce301b0503&secret=fe966f7c89ba08eccd70060f2b3f9801&js_code=081P9yAy091XMe1RocAy0HIkAy0P9yAE&grant_type=authorization_code
2019-11-22 13:39:38   status:200
2019-11-22 13:39:38   data:{'session_key': 'XcmXhzxmRffRxRg1AW8BAg==', 'openid': 'oJfBH41Q13o00lX3pbhGAKUmThxA'}
2019-11-22 13:40:01   GET:https://api.weixin.qq.com/sns/jscode2session?appid=wxb10693ce301b0503&secret=fe966f7c89ba08eccd70060f2b3f9801&js_code=081L4KnM1Exu771INIpM1sLKnM1L4KnL&grant_type=authorization_code
2019-11-22 13:40:01   status:200
2019-11-22 13:40:01   data:{'session_key': 'XcmXhzxmRffRxRg1AW8BAg==', 'openid': 'oJfBH41Q13o00lX3pbhGAKUmThxA'}
2019-11-22 13:40:20   GET:https://api.weixin.qq.com/sns/jscode2session?appid=wxb10693ce301b0503&secret=fe966f7c89ba08eccd70060f2b3f9801&js_code=061bzCQj2pYUbE01vnTj22HBQj2bzCQc&grant_type=authorization_code
2019-11-22 13:40:20   status:200
2019-11-22 13:40:20   data:{'session_key': 'XcmXhzxmRffRxRg1AW8BAg==', 'openid': 'oJfBH41Q13o00lX3pbhGAKUmThxA'}
2019-11-22 13:40:31   GET:https://api.weixin.qq.com/sns/jscode2session?appid=wxb10693ce301b0503&secret=fe966f7c89ba08eccd70060f2b3f9801&js_code=071rRTiV0Jv1O223VYhV0ipMiV0rRTim&grant_type=authorization_code
2019-11-22 13:40:31   status:200
2019-11-22 13:40:31   data:{'session_key': 'XcmXhzxmRffRxRg1AW8BAg==', 'openid': 'oJfBH41Q13o00lX3pbhGAKUmThxA'}
2019-11-22 13:40:42   GET:https://api.weixin.qq.com/sns/jscode2session?appid=wxb10693ce301b0503&secret=fe966f7c89ba08eccd70060f2b3f9801&js_code=001b6Cuw1R21Xg0wk7vw10bCuw1b6CuN&grant_type=authorization_code
2019-11-22 13:40:42   status:200
2019-11-22 13:40:42   data:{'session_key': 'XcmXhzxmRffRxRg1AW8BAg==', 'openid': 'oJfBH41Q13o00lX3pbhGAKUmThxA'}
2019-11-22 13:40:57   GET:https://api.weixin.qq.com/sns/jscode2session?appid=wxb10693ce301b0503&secret=fe966f7c89ba08eccd70060f2b3f9801&js_code=011a9liK1zXS430miljK1RD5iK1a9lim&grant_type=authorization_code
2019-11-22 13:40:57   GET:https://api.weixin.qq.com/sns/jscode2session?appid=wxb10693ce301b0503&secret=fe966f7c89ba08eccd70060f2b3f9801&js_code=001K4v8O0p1Rq52Z8X9O0TsF8O0K4v8S&grant_type=authorization_code
2019-11-22 13:40:57   status:200
2019-11-22 13:40:57   data:{'session_key': 'RDa5dATlTEM/OpoO85TiBQ==', 'openid': 'oJfBH41Q13o00lX3pbhGAKUmThxA'}
2019-11-22 13:40:57   status:200
2019-11-22 13:40:57   data:{'session_key': 'RDa5dATlTEM/OpoO85TiBQ==', 'openid': 'oJfBH41Q13o00lX3pbhGAKUmThxA'}
2019-11-22 13:41:07   GET:https://api.weixin.qq.com/sns/jscode2session?appid=wxb10693ce301b0503&secret=fe966f7c89ba08eccd70060f2b3f9801&js_code=071tVKUa0EWFHx1wQzUa08msUa0tVKUA&grant_type=authorization_code
2019-11-22 13:41:07   GET:https://api.weixin.qq.com/sns/jscode2session?appid=wxb10693ce301b0503&secret=fe966f7c89ba08eccd70060f2b3f9801&js_code=021EoW4x1lBWmg0Qnz4x1BU15x1EoW4E&grant_type=authorization_code
2019-11-22 13:41:07   status:200
2019-11-22 13:41:07   data:{'session_key': 'RDa5dATlTEM/OpoO85TiBQ==', 'openid': 'oJfBH41Q13o00lX3pbhGAKUmThxA'}
2019-11-22 13:41:07   status:200
2019-11-22 13:41:07   data:{'session_key': 'RDa5dATlTEM/OpoO85TiBQ==', 'openid': 'oJfBH41Q13o00lX3pbhGAKUmThxA'}
2019-11-22 13:41:46   GET:https://api.weixin.qq.com/sns/jscode2session?appid=wxb10693ce301b0503&secret=fe966f7c89ba08eccd70060f2b3f9801&js_code=011cufrZ1aOY3U0LAPpZ11MfrZ1cufrj&grant_type=authorization_code
2019-11-22 13:41:46   status:200
2019-11-22 13:41:46   data:{'session_key': 'RDa5dATlTEM/OpoO85TiBQ==', 'openid': 'oJfBH41Q13o00lX3pbhGAKUmThxA'}
2019-11-22 13:42:00   GET:https://api.weixin.qq.com/sns/jscode2session?appid=wxb10693ce301b0503&secret=fe966f7c89ba08eccd70060f2b3f9801&js_code=071Spdr32EGp8Q0H39p32jwhr32Spdri&grant_type=authorization_code
2019-11-22 13:42:00   status:200
2019-11-22 13:42:00   data:{'session_key': 'RDa5dATlTEM/OpoO85TiBQ==', 'openid': 'oJfBH41Q13o00lX3pbhGAKUmThxA'}
2019-11-22 13:42:07   GET:https://api.weixin.qq.com/sns/jscode2session?appid=wxb10693ce301b0503&secret=fe966f7c89ba08eccd70060f2b3f9801&js_code=071dY8hv0cV8Th1W7Ffv0k5Kgv0dY8h3&grant_type=authorization_code
2019-11-22 13:42:08   status:200
2019-11-22 13:42:08   data:{'session_key': 'RDa5dATlTEM/OpoO85TiBQ==', 'openid': 'oJfBH41Q13o00lX3pbhGAKUmThxA'}
2019-11-22 13:42:12   GET:https://api.weixin.qq.com/sns/jscode2session?appid=wxb10693ce301b0503&secret=fe966f7c89ba08eccd70060f2b3f9801&js_code=071O7JrE0iTSnj28ifpE0QhjrE0O7JrD&grant_type=authorization_code
2019-11-22 13:42:12   status:200
2019-11-22 13:42:12   data:{'session_key': 'RDa5dATlTEM/OpoO85TiBQ==', 'openid': 'oJfBH41Q13o00lX3pbhGAKUmThxA'}
2019-11-22 13:42:26   GET:https://api.weixin.qq.com/sns/jscode2session?appid=wxb10693ce301b0503&secret=fe966f7c89ba08eccd70060f2b3f9801&js_code=021j1a330D4JoK1DnB230cb1330j1a3a&grant_type=authorization_code
2019-11-22 13:42:26   status:200
2019-11-22 13:42:26   data:{'session_key': 'RDa5dATlTEM/OpoO85TiBQ==', 'openid': 'oJfBH41Q13o00lX3pbhGAKUmThxA'}
2019-11-22 13:42:30   GET:https://api.weixin.qq.com/sns/jscode2session?appid=wxb10693ce301b0503&secret=fe966f7c89ba08eccd70060f2b3f9801&js_code=061sP26t06lRJf1qTi6t0Xi76t0sP26K&grant_type=authorization_code
2019-11-22 13:42:30   status:200
2019-11-22 13:42:30   data:{'session_key': 'RDa5dATlTEM/OpoO85TiBQ==', 'openid': 'oJfBH41Q13o00lX3pbhGAKUmThxA'}
2019-11-22 13:42:32   GET:https://api.weixin.qq.com/sns/jscode2session?appid=wxb10693ce301b0503&secret=fe966f7c89ba08eccd70060f2b3f9801&js_code=001ezGdM1IAFZ61k7RgM1nrCdM1ezGdl&grant_type=authorization_code
2019-11-22 13:42:33   status:200
2019-11-22 13:42:33   data:{'session_key': 'RDa5dATlTEM/OpoO85TiBQ==', 'openid': 'oJfBH41Q13o00lX3pbhGAKUmThxA'}
2019-11-22 13:43:03   GET:https://api.weixin.qq.com/sns/jscode2session?appid=wxb10693ce301b0503&secret=fe966f7c89ba08eccd70060f2b3f9801&js_code=081SEtN71vBSLL1lpxL71KKpN71SEtNN&grant_type=authorization_code
2019-11-22 13:43:03   status:200
2019-11-22 13:43:03   data:{'session_key': 'RNjzV/AY5vyb+4KzDUfNZQ==', 'openid': 'oJfBH41Q13o00lX3pbhGAKUmThxA'}
2019-11-22 13:43:14   GET:https://api.weixin.qq.com/sns/jscode2session?appid=wxb10693ce301b0503&secret=fe966f7c89ba08eccd70060f2b3f9801&js_code=00140gW62EdWOQ0cWFZ62096W6240gWl&grant_type=authorization_code
2019-11-22 13:43:15   status:200
2019-11-22 13:43:15   data:{'session_key': 'RNjzV/AY5vyb+4KzDUfNZQ==', 'openid': 'oJfBH41Q13o00lX3pbhGAKUmThxA'}
2019-11-22 13:43:18   GET:https://api.weixin.qq.com/sns/jscode2session?appid=wxb10693ce301b0503&secret=fe966f7c89ba08eccd70060f2b3f9801&js_code=081pzEP215qnsQ1TrlN21B5fP21pzEPc&grant_type=authorization_code
2019-11-22 13:43:18   status:200
2019-11-22 13:43:18   data:{'session_key': 'RNjzV/AY5vyb+4KzDUfNZQ==', 'openid': 'oJfBH41Q13o00lX3pbhGAKUmThxA'}
2019-11-22 13:45:46   GET:https://api.weixin.qq.com/sns/jscode2session?appid=wxb10693ce301b0503&secret=fe966f7c89ba08eccd70060f2b3f9801&js_code=021gJQtG1M4b420KQytG1GVutG1gJQte&grant_type=authorization_code
2019-11-22 13:45:46   status:200
2019-11-22 13:45:46   data:{'session_key': 'ZuXmVOM/rlC58qW8GanNtQ==', 'openid': 'oJfBH41Q13o00lX3pbhGAKUmThxA'}
2019-11-22 13:45:55   GET:https://api.weixin.qq.com/sns/jscode2session?appid=wxb10693ce301b0503&secret=fe966f7c89ba08eccd70060f2b3f9801&js_code=011WbsgX1RP8z01fyWdX1UCagX1WbsgM&grant_type=authorization_code
2019-11-22 13:45:55   status:200
2019-11-22 13:45:55   data:{'session_key': 'ZuXmVOM/rlC58qW8GanNtQ==', 'openid': 'oJfBH41Q13o00lX3pbhGAKUmThxA'}
2019-11-22 13:52:33   GET:https://api.weixin.qq.com/sns/jscode2session?appid=wxb10693ce301b0503&secret=fe966f7c89ba08eccd70060f2b3f9801&js_code=0715Jeb12gBHzW0JXId12rBeb125Jeb9&grant_type=authorization_code
2019-11-22 13:52:35   status:200
2019-11-22 13:52:35   data:{'session_key': 'Ghulpyc8g7Y+T5zphd5g4A==', 'openid': 'oJfBH41Q13o00lX3pbhGAKUmThxA'}
2019-11-22 13:52:43   GET:https://api.weixin.qq.com/sns/jscode2session?appid=wxb10693ce301b0503&secret=fe966f7c89ba08eccd70060f2b3f9801&js_code=011yXET60e4YbG1oE8X603fMT60yXETK&grant_type=authorization_code
2019-11-22 13:52:43   status:200
2019-11-22 13:52:43   data:{'session_key': 'Ghulpyc8g7Y+T5zphd5g4A==', 'openid': 'oJfBH41Q13o00lX3pbhGAKUmThxA'}
2019-11-22 13:53:00   GET:https://api.weixin.qq.com/sns/jscode2session?appid=wxb10693ce301b0503&secret=fe966f7c89ba08eccd70060f2b3f9801&js_code=071yBaSm1Snrdq0qj3Tm1gS7Sm1yBaSp&grant_type=authorization_code
2019-11-22 13:53:01   status:200
2019-11-22 13:53:01   data:{'session_key': 'Ghulpyc8g7Y+T5zphd5g4A==', 'openid': 'oJfBH41Q13o00lX3pbhGAKUmThxA'}
2019-11-22 13:53:14   GET:https://api.weixin.qq.com/sns/jscode2session?appid=wxb10693ce301b0503&secret=fe966f7c89ba08eccd70060f2b3f9801&js_code=0816k0qb2I0clM0d8spb21oiqb26k0qP&grant_type=authorization_code
2019-11-22 13:53:15   status:200
2019-11-22 13:53:15   data:{'session_key': 'Ghulpyc8g7Y+T5zphd5g4A==', 'openid': 'oJfBH41Q13o00lX3pbhGAKUmThxA'}
2019-11-22 13:53:29   GET:https://api.weixin.qq.com/sns/jscode2session?appid=wxb10693ce301b0503&secret=fe966f7c89ba08eccd70060f2b3f9801&js_code=0016DfFZ1XvmUT0RgwFZ1u1vFZ16DfFt&grant_type=authorization_code
2019-11-22 13:53:30   status:200
2019-11-22 13:53:30   data:{'session_key': 'Ghulpyc8g7Y+T5zphd5g4A==', 'openid': 'oJfBH41Q13o00lX3pbhGAKUmThxA'}
2019-11-22 13:53:35   GET:https://api.weixin.qq.com/sns/jscode2session?appid=wxb10693ce301b0503&secret=fe966f7c89ba08eccd70060f2b3f9801&js_code=071bhbhV0l7lL22OH7kV0kOvhV0bhbh0&grant_type=authorization_code
2019-11-22 13:53:36   status:200
2019-11-22 13:53:36   data:{'session_key': 'Ghulpyc8g7Y+T5zphd5g4A==', 'openid': 'oJfBH41Q13o00lX3pbhGAKUmThxA'}
2019-11-22 14:19:39   GET:https://api.weixin.qq.com/sns/jscode2session?appid=wxb10693ce301b0503&secret=fe966f7c89ba08eccd70060f2b3f9801&js_code=021PA4Od0oSX5v1NCvOd0C9RNd0PA4OQ&grant_type=authorization_code
2019-11-22 14:19:40   status:200
2019-11-22 14:19:40   data:{'session_key': 'ZsjY7xS6xXpkIq93ZFn9bw==', 'openid': 'oJfBH41Q13o00lX3pbhGAKUmThxA'}
