2019-11-20 16:18:58   status:200
2019-11-20 16:18:58   data:{'session_key': 'aLdJ7zAs+X67t6OPlYDJFA==', 'openid': 'oJfBH41Q13o00lX3pbhGAKUmThxA'}
2019-11-20 16:19:50   GET:https://api.weixin.qq.com/sns/jscode2session?appid=wxb10693ce301b0503&secret=fe966f7c89ba08eccd70060f2b3f9801&js_code=011KMzRA1wSsec0mn8TA1QtsRA1KMzRb&grant_type=authorization_code
2019-11-20 16:19:51   status:200
2019-11-20 16:19:51   data:{'session_key': 'aLdJ7zAs+X67t6OPlYDJFA==', 'openid': 'oJfBH41Q13o00lX3pbhGAKUmThxA'}
2019-11-20 16:24:04   GET:https://api.weixin.qq.com/sns/jscode2session?appid=wxb10693ce301b0503&secret=fe966f7c89ba08eccd70060f2b3f9801&js_code=001yIqp62huRqR09m9o627qtp62yIqpY&grant_type=authorization_code
2019-11-20 16:24:04   status:200
2019-11-20 16:24:04   data:{'session_key': '4XZUYnBmobdWeIn67sP8GQ==', 'openid': 'oJfBH41Q13o00lX3pbhGAKUmThxA'}
2019-11-20 16:24:25   GET:https://api.weixin.qq.com/sns/jscode2session?appid=wxb10693ce301b0503&secret=fe966f7c89ba08eccd70060f2b3f9801&js_code=011Om0B41PGusT1KnoC411EJA41Om0Bf&grant_type=authorization_code
2019-11-20 16:24:25   status:200
2019-11-20 16:24:25   data:{'session_key': '4XZUYnBmobdWeIn67sP8GQ==', 'openid': 'oJfBH41Q13o00lX3pbhGAKUmThxA'}
2019-11-20 16:25:19   GET:https://api.weixin.qq.com/sns/jscode2session?appid=wxb10693ce301b0503&secret=fe966f7c89ba08eccd70060f2b3f9801&js_code=061zv27c1wVprw0UTk6c10c17c1zv27o&grant_type=authorization_code
2019-11-20 16:25:19   status:200
2019-11-20 16:25:19   data:{'session_key': '4XZUYnBmobdWeIn67sP8GQ==', 'openid': 'oJfBH41Q13o00lX3pbhGAKUmThxA'}
2019-11-20 16:25:35   GET:https://api.weixin.qq.com/sns/jscode2session?appid=wxb10693ce301b0503&secret=fe966f7c89ba08eccd70060f2b3f9801&js_code=081X4D8w1DjQih0pi78w1diz8w1X4D8o&grant_type=authorization_code
2019-11-20 16:25:35   status:200
2019-11-20 16:25:35   data:{'session_key': '4XZUYnBmobdWeIn67sP8GQ==', 'openid': 'oJfBH41Q13o00lX3pbhGAKUmThxA'}
2019-11-20 16:25:56   GET:https://api.weixin.qq.com/sns/jscode2session?appid=wxb10693ce301b0503&secret=fe966f7c89ba08eccd70060f2b3f9801&js_code=001XSj431n4oeQ1bnT331V70431XSj4p&grant_type=authorization_code
2019-11-20 16:25:56   status:200
2019-11-20 16:25:56   data:{'session_key': '4XZUYnBmobdWeIn67sP8GQ==', 'openid': 'oJfBH41Q13o00lX3pbhGAKUmThxA'}
2019-11-20 16:26:08   GET:https://api.weixin.qq.com/sns/jscode2session?appid=wxb10693ce301b0503&secret=fe966f7c89ba08eccd70060f2b3f9801&js_code=021H6QoK0OnLS82XrXlK0PzGoK0H6QoB&grant_type=authorization_code
2019-11-20 16:26:08   status:200
2019-11-20 16:26:08   data:{'session_key': 'FsutEfB8nfHc1eUwVW0leA==', 'openid': 'oJfBH41Q13o00lX3pbhGAKUmThxA'}
2019-11-20 16:26:24   GET:https://api.weixin.qq.com/sns/jscode2session?appid=wxb10693ce301b0503&secret=fe966f7c89ba08eccd70060f2b3f9801&js_code=061PqCE41xPdnT1xdED41wCCE41PqCEb&grant_type=authorization_code
2019-11-20 16:26:24   status:200
2019-11-20 16:26:24   data:{'session_key': 'FsutEfB8nfHc1eUwVW0leA==', 'openid': 'oJfBH41Q13o00lX3pbhGAKUmThxA'}
2019-11-20 16:26:36   GET:https://api.weixin.qq.com/sns/jscode2session?appid=wxb10693ce301b0503&secret=fe966f7c89ba08eccd70060f2b3f9801&js_code=071Cl2QX1KZHZZ0MTDOX1jZiQX1Cl2Qx&grant_type=authorization_code
2019-11-20 16:26:36   status:200
2019-11-20 16:26:36   data:{'session_key': 'FsutEfB8nfHc1eUwVW0leA==', 'openid': 'oJfBH41Q13o00lX3pbhGAKUmThxA'}
2019-11-20 16:26:55   GET:https://api.weixin.qq.com/sns/jscode2session?appid=wxb10693ce301b0503&secret=fe966f7c89ba08eccd70060f2b3f9801&js_code=001HD7E61YTGQM1LAQG61b6ZD61HD7Ej&grant_type=authorization_code
2019-11-20 16:26:55   status:200
2019-11-20 16:26:55   data:{'session_key': 'FsutEfB8nfHc1eUwVW0leA==', 'openid': 'oJfBH41Q13o00lX3pbhGAKUmThxA'}
2019-11-20 16:27:59   GET:https://api.weixin.qq.com/sns/jscode2session?appid=wxb10693ce301b0503&secret=fe966f7c89ba08eccd70060f2b3f9801&js_code=0616lJKc2ZD4KG0NRyKc2bxoKc26lJKE&grant_type=authorization_code
2019-11-20 16:27:59   status:200
2019-11-20 16:27:59   data:{'session_key': 'FsutEfB8nfHc1eUwVW0leA==', 'openid': 'oJfBH41Q13o00lX3pbhGAKUmThxA'}
2019-11-20 16:28:17   GET:https://api.weixin.qq.com/sns/jscode2session?appid=wxb10693ce301b0503&secret=fe966f7c89ba08eccd70060f2b3f9801&js_code=001Ok6j31HEyTP1ubIj31jyTi31Ok6jf&grant_type=authorization_code
2019-11-20 16:28:17   status:200
2019-11-20 16:28:17   data:{'session_key': 'SpQhNlIdvB8zfIqTa+XrxQ==', 'openid': 'oJfBH41Q13o00lX3pbhGAKUmThxA'}
2019-11-20 16:29:08   GET:https://api.weixin.qq.com/sns/jscode2session?appid=wxb10693ce301b0503&secret=fe966f7c89ba08eccd70060f2b3f9801&js_code=071izmKL1EgiO716Z1LL1sThKL1izmKI&grant_type=authorization_code
2019-11-20 16:29:08   status:200
2019-11-20 16:29:08   data:{'session_key': 'SpQhNlIdvB8zfIqTa+XrxQ==', 'openid': 'oJfBH41Q13o00lX3pbhGAKUmThxA'}
2019-11-20 16:29:19   GET:https://api.weixin.qq.com/sns/jscode2session?appid=wxb10693ce301b0503&secret=fe966f7c89ba08eccd70060f2b3f9801&js_code=0010tqEt0jtsvj1gVwCt0dMcEt00tqET&grant_type=authorization_code
2019-11-20 16:29:19   status:200
2019-11-20 16:29:19   data:{'session_key': 'SpQhNlIdvB8zfIqTa+XrxQ==', 'openid': 'oJfBH41Q13o00lX3pbhGAKUmThxA'}
2019-11-20 16:29:43   GET:https://api.weixin.qq.com/sns/jscode2session?appid=wxb10693ce301b0503&secret=fe966f7c89ba08eccd70060f2b3f9801&js_code=001i1FRF1eSmA70DHiPF15fTRF1i1FRU&grant_type=authorization_code
2019-11-20 16:29:43   status:200
2019-11-20 16:29:43   data:{'session_key': 'SpQhNlIdvB8zfIqTa+XrxQ==', 'openid': 'oJfBH41Q13o00lX3pbhGAKUmThxA'}
2019-11-20 16:30:11   GET:https://api.weixin.qq.com/sns/jscode2session?appid=wxb10693ce301b0503&secret=fe966f7c89ba08eccd70060f2b3f9801&js_code=0710BvW01aDnbX1GPHS017GxW010BvWI&grant_type=authorization_code
2019-11-20 16:30:11   status:200
2019-11-20 16:30:11   data:{'session_key': 'SpQhNlIdvB8zfIqTa+XrxQ==', 'openid': 'oJfBH41Q13o00lX3pbhGAKUmThxA'}
2019-11-20 16:30:48   GET:https://api.weixin.qq.com/sns/jscode2session?appid=wxb10693ce301b0503&secret=fe966f7c89ba08eccd70060f2b3f9801&js_code=0818axZ90SNdCy1bVtZ909jvZ908axZR&grant_type=authorization_code
2019-11-20 16:30:48   status:200
2019-11-20 16:30:48   data:{'session_key': 'ditWczGUDZwBJtwdcuZxVA==', 'openid': 'oJfBH41Q13o00lX3pbhGAKUmThxA'}
2019-11-20 16:30:59   GET:https://api.weixin.qq.com/sns/jscode2session?appid=wxb10693ce301b0503&secret=fe966f7c89ba08eccd70060f2b3f9801&js_code=021F4H8S09PDY52NGK6S0iCz8S0F4H8i&grant_type=authorization_code
2019-11-20 16:30:59   status:200
2019-11-20 16:30:59   data:{'session_key': 'ditWczGUDZwBJtwdcuZxVA==', 'openid': 'oJfBH41Q13o00lX3pbhGAKUmThxA'}
2019-11-20 16:31:06   GET:https://api.weixin.qq.com/sns/jscode2session?appid=wxb10693ce301b0503&secret=fe966f7c89ba08eccd70060f2b3f9801&js_code=071XO1M011oa3X17mSK0132UL01XO1Mp&grant_type=authorization_code
2019-11-20 16:31:07   status:200
2019-11-20 16:31:07   data:{'session_key': 'ditWczGUDZwBJtwdcuZxVA==', 'openid': 'oJfBH41Q13o00lX3pbhGAKUmThxA'}
2019-11-20 16:32:55   GET:https://api.weixin.qq.com/sns/jscode2session?appid=wxb10693ce301b0503&secret=fe966f7c89ba08eccd70060f2b3f9801&js_code=001EZyMj0d0N6p1QwOLj0MuVMj0EZyMQ&grant_type=authorization_code
2019-11-20 16:32:55   status:200
2019-11-20 16:32:55   data:{'session_key': '2N32wi371445+fHJnH5+kg==', 'openid': 'oJfBH41Q13o00lX3pbhGAKUmThxA'}
2019-11-20 16:33:15   GET:https://api.weixin.qq.com/sns/jscode2session?appid=wxb10693ce301b0503&secret=fe966f7c89ba08eccd70060f2b3f9801&js_code=061OPdE51J316S1QZwG51ad9E51OPdEa&grant_type=authorization_code
2019-11-20 16:33:15   status:200
2019-11-20 16:33:15   data:{'session_key': '2N32wi371445+fHJnH5+kg==', 'openid': 'oJfBH41Q13o00lX3pbhGAKUmThxA'}
2019-11-20 16:33:42   GET:https://api.weixin.qq.com/sns/jscode2session?appid=wxb10693ce301b0503&secret=fe966f7c89ba08eccd70060f2b3f9801&js_code=0019h1Q11PBbJR1LR3R11ZyJP119h1QP&grant_type=authorization_code
2019-11-20 16:33:42   status:200
2019-11-20 16:33:42   data:{'session_key': '2N32wi371445+fHJnH5+kg==', 'openid': 'oJfBH41Q13o00lX3pbhGAKUmThxA'}
2019-11-20 16:35:40   GET:https://api.weixin.qq.com/sns/jscode2session?appid=wxb10693ce301b0503&secret=fe966f7c89ba08eccd70060f2b3f9801&js_code=011KiKZe2mi98J0S7FXe2bYLZe2KiKZM&grant_type=authorization_code
2019-11-20 16:35:40   GET:https://api.weixin.qq.com/sns/jscode2session?appid=wxb10693ce301b0503&secret=fe966f7c89ba08eccd70060f2b3f9801&js_code=011HQj8z0v4Lee1Kyjaz0r788z0HQj81&grant_type=authorization_code
2019-11-20 16:35:40   status:200
2019-11-20 16:35:40   data:{'session_key': 'uSDu38T4qBsU9Xc5CKLqlw==', 'openid': 'oJfBH41Q13o00lX3pbhGAKUmThxA'}
2019-11-20 16:35:40   status:200
2019-11-20 16:35:40   data:{'session_key': 'uSDu38T4qBsU9Xc5CKLqlw==', 'openid': 'oJfBH41Q13o00lX3pbhGAKUmThxA'}
2019-11-20 16:47:14   GET:https://api.weixin.qq.com/sns/jscode2session?appid=wxb10693ce301b0503&secret=fe966f7c89ba08eccd70060f2b3f9801&js_code=071Ry2eJ0qRKwe24QQeJ0UcgeJ0Ry2eH&grant_type=authorization_code
2019-11-20 16:47:14   status:200
2019-11-20 16:47:14   data:{'session_key': '2Y1t0lt/yhDURmizhbpQVw==', 'openid': 'oJfBH41Q13o00lX3pbhGAKUmThxA'}
2019-11-20 16:47:22   GET:https://api.weixin.qq.com/sns/jscode2session?appid=wxb10693ce301b0503&secret=fe966f7c89ba08eccd70060f2b3f9801&js_code=071Poejq0nxH7n1SwTjq03dvjq0Poej2&grant_type=authorization_code
2019-11-20 16:47:22   status:200
2019-11-20 16:47:22   data:{'session_key': '2Y1t0lt/yhDURmizhbpQVw==', 'openid': 'oJfBH41Q13o00lX3pbhGAKUmThxA'}
2019-11-20 16:47:39   GET:https://api.weixin.qq.com/sns/jscode2session?appid=wxb10693ce301b0503&secret=fe966f7c89ba08eccd70060f2b3f9801&js_code=001FBxtT1U6Xz41qNKsT15qxtT1FBxtQ&grant_type=authorization_code
2019-11-20 16:47:39   status:200
2019-11-20 16:47:39   data:{'session_key': '2Y1t0lt/yhDURmizhbpQVw==', 'openid': 'oJfBH41Q13o00lX3pbhGAKUmThxA'}
2019-11-20 16:47:48   GET:https://api.weixin.qq.com/sns/jscode2session?appid=wxb10693ce301b0503&secret=fe966f7c89ba08eccd70060f2b3f9801&js_code=081COcL71OoBJL1lBJM71eYmL71COcLz&grant_type=authorization_code
2019-11-20 16:47:48   GET:https://api.weixin.qq.com/sns/jscode2session?appid=wxb10693ce301b0503&secret=fe966f7c89ba08eccd70060f2b3f9801&js_code=001HdLWu15wZEd0bzhWu13gyWu1HdLW7&grant_type=authorization_code
2019-11-20 16:47:48   status:200
2019-11-20 16:47:48   data:{'session_key': '2Y1t0lt/yhDURmizhbpQVw==', 'openid': 'oJfBH41Q13o00lX3pbhGAKUmThxA'}
2019-11-20 16:47:48   status:200
2019-11-20 16:47:48   data:{'session_key': '2Y1t0lt/yhDURmizhbpQVw==', 'openid': 'oJfBH41Q13o00lX3pbhGAKUmThxA'}
2019-11-20 16:48:31   GET:https://api.weixin.qq.com/sns/jscode2session?appid=wxb10693ce301b0503&secret=fe966f7c89ba08eccd70060f2b3f9801&js_code=061QCyqY0ng68V14mLrY0rpOqY0QCyqq&grant_type=authorization_code
2019-11-20 16:48:31   status:200
2019-11-20 16:48:31   data:{'session_key': '2Y1t0lt/yhDURmizhbpQVw==', 'openid': 'oJfBH41Q13o00lX3pbhGAKUmThxA'}
2019-11-20 16:49:23   GET:https://api.weixin.qq.com/sns/jscode2session?appid=wxb10693ce301b0503&secret=fe966f7c89ba08eccd70060f2b3f9801&js_code=0613fET90wRWWy1LpSS90rMHT903fETC&grant_type=authorization_code
2019-11-20 16:49:23   status:200
2019-11-20 16:49:23   data:{'session_key': 'Vvenmfcv15gITV6JwmpLOA==', 'openid': 'oJfBH41Q13o00lX3pbhGAKUmThxA'}
2019-11-20 16:49:47   GET:https://api.weixin.qq.com/sns/jscode2session?appid=wxb10693ce301b0503&secret=fe966f7c89ba08eccd70060f2b3f9801&js_code=061eTV6m0tVxkr1b8B8m0d7Q6m0eTV6k&grant_type=authorization_code
2019-11-20 16:49:47   status:200
2019-11-20 16:49:47   data:{'session_key': 'Vvenmfcv15gITV6JwmpLOA==', 'openid': 'oJfBH41Q13o00lX3pbhGAKUmThxA'}
2019-11-20 16:50:06   GET:https://api.weixin.qq.com/sns/jscode2session?appid=wxb10693ce301b0503&secret=fe966f7c89ba08eccd70060f2b3f9801&js_code=071Kxt7L1mEeb81Rxg7L1WCo7L1Kxt7r&grant_type=authorization_code
2019-11-20 16:50:06   status:200
2019-11-20 16:50:06   data:{'session_key': 'Vvenmfcv15gITV6JwmpLOA==', 'openid': 'oJfBH41Q13o00lX3pbhGAKUmThxA'}
2019-11-20 16:50:34   GET:https://api.weixin.qq.com/sns/jscode2session?appid=wxb10693ce301b0503&secret=fe966f7c89ba08eccd70060f2b3f9801&js_code=071SLCz30lesNJ1nwBA30Q1oz30SLCzU&grant_type=authorization_code
2019-11-20 16:50:34   status:200
2019-11-20 16:50:34   data:{'session_key': 'Vvenmfcv15gITV6JwmpLOA==', 'openid': 'oJfBH41Q13o00lX3pbhGAKUmThxA'}
2019-11-20 16:50:47   GET:https://api.weixin.qq.com/sns/jscode2session?appid=wxb10693ce301b0503&secret=fe966f7c89ba08eccd70060f2b3f9801&js_code=011DFwHq1yostm0c1RFq18kDHq1DFwHc&grant_type=authorization_code
2019-11-20 16:50:47   status:200
2019-11-20 16:50:47   data:{'session_key': 'Vvenmfcv15gITV6JwmpLOA==', 'openid': 'oJfBH41Q13o00lX3pbhGAKUmThxA'}
2019-11-20 16:51:24   GET:https://api.weixin.qq.com/sns/jscode2session?appid=wxb10693ce301b0503&secret=fe966f7c89ba08eccd70060f2b3f9801&js_code=061xSd1a1Zu76O1hEFZ91Syr1a1xSd1r&grant_type=authorization_code
2019-11-20 16:51:24   GET:https://api.weixin.qq.com/sns/jscode2session?appid=wxb10693ce301b0503&secret=fe966f7c89ba08eccd70060f2b3f9801&js_code=061NKyac1lgrow0kbibc1HfCac1NKya4&grant_type=authorization_code
2019-11-20 16:51:24   status:200
2019-11-20 16:51:24   data:{'session_key': 'vRzkuIDVqM5gYfhkGEslIQ==', 'openid': 'oJfBH41Q13o00lX3pbhGAKUmThxA'}
2019-11-20 16:51:24   status:200
2019-11-20 16:51:24   data:{'session_key': 'vRzkuIDVqM5gYfhkGEslIQ==', 'openid': 'oJfBH41Q13o00lX3pbhGAKUmThxA'}
2019-11-20 16:51:48   GET:https://api.weixin.qq.com/sns/jscode2session?appid=wxb10693ce301b0503&secret=fe966f7c89ba08eccd70060f2b3f9801&js_code=0117h5Kr03PUah1m9ZJr01tNJr07h5KI&grant_type=authorization_code
2019-11-20 16:51:48   status:200
2019-11-20 16:51:48   data:{'session_key': 'vRzkuIDVqM5gYfhkGEslIQ==', 'openid': 'oJfBH41Q13o00lX3pbhGAKUmThxA'}
2019-11-20 16:55:45   GET:https://api.weixin.qq.com/sns/jscode2session?appid=wxb10693ce301b0503&secret=fe966f7c89ba08eccd70060f2b3f9801&js_code=061wzzDb2OWmpM0fBjEb2omwDb2wzzDL&grant_type=authorization_code
2019-11-20 16:55:45   status:200
2019-11-20 16:55:45   data:{'session_key': '7+GEqMxji429ZQmJHC0GYA==', 'openid': 'oJfBH41Q13o00lX3pbhGAKUmThxA'}
2019-11-20 16:55:52   GET:https://api.weixin.qq.com/sns/jscode2session?appid=wxb10693ce301b0503&secret=fe966f7c89ba08eccd70060f2b3f9801&js_code=001UBDu62IHHCR0DKtt62XcJu62UBDuF&grant_type=authorization_code
2019-11-20 16:55:52   status:200
2019-11-20 16:55:52   data:{'session_key': '7+GEqMxji429ZQmJHC0GYA==', 'openid': 'oJfBH41Q13o00lX3pbhGAKUmThxA'}
2019-11-20 16:56:15   GET:https://api.weixin.qq.com/sns/jscode2session?appid=wxb10693ce301b0503&secret=fe966f7c89ba08eccd70060f2b3f9801&js_code=081NIL622sz1EV0VED7220gm622NIL6t&grant_type=authorization_code
2019-11-20 16:56:15   status:200
2019-11-20 16:56:15   data:{'session_key': '7+GEqMxji429ZQmJHC0GYA==', 'openid': 'oJfBH41Q13o00lX3pbhGAKUmThxA'}
2019-11-20 16:57:09   GET:https://api.weixin.qq.com/sns/jscode2session?appid=wxb10693ce301b0503&secret=fe966f7c89ba08eccd70060f2b3f9801&js_code=071ciPUm0tCCZl1UnSRm0Qy1Vm0ciPUG&grant_type=authorization_code
2019-11-20 16:57:10   status:200
2019-11-20 16:57:10   data:{'session_key': '7+GEqMxji429ZQmJHC0GYA==', 'openid': 'oJfBH41Q13o00lX3pbhGAKUmThxA'}
2019-11-20 16:57:22   GET:https://api.weixin.qq.com/sns/jscode2session?appid=wxb10693ce301b0503&secret=fe966f7c89ba08eccd70060f2b3f9801&js_code=061Qlx0v0WBrai12Z8Yu0Dat0v0Qlx0a&grant_type=authorization_code
2019-11-20 16:57:23   status:200
2019-11-20 16:57:23   data:{'session_key': '7+GEqMxji429ZQmJHC0GYA==', 'openid': 'oJfBH41Q13o00lX3pbhGAKUmThxA'}
2019-11-20 16:57:56   GET:https://api.weixin.qq.com/sns/jscode2session?appid=wxb10693ce301b0503&secret=fe966f7c89ba08eccd70060f2b3f9801&js_code=0713mBnh28wAPB0SGEoh22rNnh23mBnJ&grant_type=authorization_code
2019-11-20 16:57:56   status:200
2019-11-20 16:57:56   data:{'session_key': 'NeaZgiR+uk5LwON1NMzl9A==', 'openid': 'oJfBH41Q13o00lX3pbhGAKUmThxA'}
2019-11-20 16:58:05   GET:https://api.weixin.qq.com/sns/jscode2session?appid=wxb10693ce301b0503&secret=fe966f7c89ba08eccd70060f2b3f9801&js_code=021uSnnt03QOff1tYflt0eQant0uSnni&grant_type=authorization_code
2019-11-20 16:58:05   status:200
2019-11-20 16:58:05   data:{'session_key': 'NeaZgiR+uk5LwON1NMzl9A==', 'openid': 'oJfBH41Q13o00lX3pbhGAKUmThxA'}
2019-11-20 16:58:14   GET:https://api.weixin.qq.com/sns/jscode2session?appid=wxb10693ce301b0503&secret=fe966f7c89ba08eccd70060f2b3f9801&js_code=021azbu90med9z1mg7s90OcYt90azbuG&grant_type=authorization_code
2019-11-20 16:58:14   status:200
2019-11-20 16:58:14   data:{'session_key': 'NeaZgiR+uk5LwON1NMzl9A==', 'openid': 'oJfBH41Q13o00lX3pbhGAKUmThxA'}
2019-11-20 16:58:43   GET:https://api.weixin.qq.com/sns/jscode2session?appid=wxb10693ce301b0503&secret=fe966f7c89ba08eccd70060f2b3f9801&js_code=011XYCHW1geD811ZboGW1fruHW1XYCHt&grant_type=authorization_code
2019-11-20 16:58:43   status:200
2019-11-20 16:58:43   data:{'session_key': 'NeaZgiR+uk5LwON1NMzl9A==', 'openid': 'oJfBH41Q13o00lX3pbhGAKUmThxA'}
2019-11-20 16:59:00   GET:https://api.weixin.qq.com/sns/jscode2session?appid=wxb10693ce301b0503&secret=fe966f7c89ba08eccd70060f2b3f9801&js_code=061xjujH1PwVd10AmnjH1BObjH1xjujG&grant_type=authorization_code
2019-11-20 16:59:00   GET:https://api.weixin.qq.com/sns/jscode2session?appid=wxb10693ce301b0503&secret=fe966f7c89ba08eccd70060f2b3f9801&js_code=001NThIp0pRFEn1gqPHp0c6fIp0NThIm&grant_type=authorization_code
2019-11-20 16:59:00   status:200
2019-11-20 16:59:00   data:{'session_key': 'NeaZgiR+uk5LwON1NMzl9A==', 'openid': 'oJfBH41Q13o00lX3pbhGAKUmThxA'}
2019-11-20 16:59:00   status:200
2019-11-20 16:59:00   data:{'session_key': 'NeaZgiR+uk5LwON1NMzl9A==', 'openid': 'oJfBH41Q13o00lX3pbhGAKUmThxA'}
2019-11-20 16:59:11   GET:https://api.weixin.qq.com/sns/jscode2session?appid=wxb10693ce301b0503&secret=fe966f7c89ba08eccd70060f2b3f9801&js_code=011lTxtg1HVj9s0ujKqg1SiXtg1lTxta&grant_type=authorization_code
2019-11-20 16:59:11   status:200
2019-11-20 16:59:11   data:{'session_key': 'NeaZgiR+uk5LwON1NMzl9A==', 'openid': 'oJfBH41Q13o00lX3pbhGAKUmThxA'}
2019-11-20 16:59:34   GET:https://api.weixin.qq.com/sns/jscode2session?appid=wxb10693ce301b0503&secret=fe966f7c89ba08eccd70060f2b3f9801&js_code=081FuOCn0Jhy0l1tJyBn0Rv2Dn0FuOCo&grant_type=authorization_code
2019-11-20 16:59:34   status:200
2019-11-20 16:59:34   status:200
2019-11-20 16:59:34   data:{'session_key': 'NeaZgiR+uk5LwON1NMzl9A==', 'openid': 'oJfBH41Q13o00lX3pbhGAKUmThxA'}
2019-11-20 16:59:51   GET:https://api.weixin.qq.com/sns/jscode2session?appid=wxb10693ce301b0503&secret=fe966f7c89ba08eccd70060f2b3f9801&js_code=021kq6KM0ALknb28R2HM0vc4KM0kq6K4&grant_type=authorization_code
2019-11-20 16:59:51   status:200
2019-11-20 16:59:51   data:{'session_key': 'NeaZgiR+uk5LwON1NMzl9A==', 'openid': 'oJfBH41Q13o00lX3pbhGAKUmThxA'}
2019-11-20 17:00:04   GET:https://api.weixin.qq.com/sns/jscode2session?appid=wxb10693ce301b0503&secret=fe966f7c89ba08eccd70060f2b3f9801&js_code=0213bYyY15IbuZ0dgUzY1pi0zY13bYyg&grant_type=authorization_code
2019-11-20 17:00:04   status:200
2019-11-20 17:00:04   data:{'session_key': 'r9NWYFhB/qmQOYxQs5FAyw==', 'openid': 'oJfBH41Q13o00lX3pbhGAKUmThxA'}
2019-11-20 17:00:29   GET:https://api.weixin.qq.com/sns/jscode2session?appid=wxb10693ce301b0503&secret=fe966f7c89ba08eccd70060f2b3f9801&js_code=001jSwqk1cDJbo0xuyok1AMrqk1jSwqn&grant_type=authorization_code
2019-11-20 17:00:29   GET:https://api.weixin.qq.com/sns/jscode2session?appid=wxb10693ce301b0503&secret=fe966f7c89ba08eccd70060f2b3f9801&js_code=071OFIzW0PfGb12EmOBW0MDOzW0OFIzN&grant_type=authorization_code
2019-11-20 17:00:29   status:200
2019-11-20 17:00:29   data:{'session_key': 'r9NWYFhB/qmQOYxQs5FAyw==', 'openid': 'oJfBH41Q13o00lX3pbhGAKUmThxA'}
2019-11-20 17:00:29   status:200
2019-11-20 17:00:29   data:{'session_key': 'r9NWYFhB/qmQOYxQs5FAyw==', 'openid': 'oJfBH41Q13o00lX3pbhGAKUmThxA'}
2019-11-20 17:00:36   GET:https://api.weixin.qq.com/sns/jscode2session?appid=wxb10693ce301b0503&secret=fe966f7c89ba08eccd70060f2b3f9801&js_code=061ejF7c0wKxjB1W6b6c0hnr7c0ejF7i&grant_type=authorization_code
2019-11-20 17:00:36   status:200
2019-11-20 17:00:36   data:{'session_key': 'r9NWYFhB/qmQOYxQs5FAyw==', 'openid': 'oJfBH41Q13o00lX3pbhGAKUmThxA'}
2019-11-20 17:00:50   GET:https://api.weixin.qq.com/sns/jscode2session?appid=wxb10693ce301b0503&secret=fe966f7c89ba08eccd70060f2b3f9801&js_code=081RZRKX1DPtl01qFZJX1SJXKX1RZRK-&grant_type=authorization_code
2019-11-20 17:00:50   status:200
2019-11-20 17:00:50   data:{'session_key': 'r9NWYFhB/qmQOYxQs5FAyw==', 'openid': 'oJfBH41Q13o00lX3pbhGAKUmThxA'}
2019-11-20 17:01:08   GET:https://api.weixin.qq.com/sns/jscode2session?appid=wxb10693ce301b0503&secret=fe966f7c89ba08eccd70060f2b3f9801&js_code=061avnOU18sbGY0HpoOU1eWLOU1avnOG&grant_type=authorization_code
2019-11-20 17:01:08   status:200
2019-11-20 17:01:08   data:{'session_key': 'r9NWYFhB/qmQOYxQs5FAyw==', 'openid': 'oJfBH41Q13o00lX3pbhGAKUmThxA'}
2019-11-20 17:01:21   GET:https://api.weixin.qq.com/sns/jscode2session?appid=wxb10693ce301b0503&secret=fe966f7c89ba08eccd70060f2b3f9801&js_code=061kv8rF0fW79e2KeKoF0lmVqF0kv8rC&grant_type=authorization_code
2019-11-20 17:01:21   status:200
2019-11-20 17:01:21   data:{'session_key': 'r9NWYFhB/qmQOYxQs5FAyw==', 'openid': 'oJfBH41Q13o00lX3pbhGAKUmThxA'}
2019-11-20 17:02:05   GET:https://api.weixin.qq.com/sns/jscode2session?appid=wxb10693ce301b0503&secret=fe966f7c89ba08eccd70060f2b3f9801&js_code=0019otwY1yhWzZ0ecXwY13P7wY19otw8&grant_type=authorization_code
2019-11-20 17:02:05   status:200
2019-11-20 17:02:05   data:{'session_key': '/nsANU1ScUhXtqt4+xJqWw==', 'openid': 'oJfBH41Q13o00lX3pbhGAKUmThxA'}
2019-11-20 17:02:45   GET:https://api.weixin.qq.com/sns/jscode2session?appid=wxb10693ce301b0503&secret=fe966f7c89ba08eccd70060f2b3f9801&js_code=021AzfbR0N5wA62CbNaR0DF8bR0AzfbU&grant_type=authorization_code
2019-11-20 17:02:45   status:200
2019-11-20 17:02:45   data:{'session_key': '/nsANU1ScUhXtqt4+xJqWw==', 'openid': 'oJfBH41Q13o00lX3pbhGAKUmThxA'}
2019-11-20 17:03:33   GET:https://api.weixin.qq.com/sns/jscode2session?appid=wxb10693ce301b0503&secret=fe966f7c89ba08eccd70060f2b3f9801&js_code=061RPN7z0Y9Fke1XQ25z0wgo7z0RPN72&grant_type=authorization_code
2019-11-20 17:03:33   status:200
2019-11-20 17:03:33   data:{'session_key': '/nsANU1ScUhXtqt4+xJqWw==', 'openid': 'oJfBH41Q13o00lX3pbhGAKUmThxA'}
2019-11-20 17:03:54   GET:https://api.weixin.qq.com/sns/jscode2session?appid=wxb10693ce301b0503&secret=fe966f7c89ba08eccd70060f2b3f9801&js_code=061wgoTp0r18hn1hXyPp067OTp0wgoTR&grant_type=authorization_code
2019-11-20 17:03:54   status:200
2019-11-20 17:03:54   data:{'session_key': '/nsANU1ScUhXtqt4+xJqWw==', 'openid': 'oJfBH41Q13o00lX3pbhGAKUmThxA'}
2019-11-20 17:04:53   GET:https://api.weixin.qq.com/sns/jscode2session?appid=wxb10693ce301b0503&secret=fe966f7c89ba08eccd70060f2b3f9801&js_code=0116l0KJ01yhx92xVXIJ06QWJJ06l0KI&grant_type=authorization_code
2019-11-20 17:04:54   status:200
2019-11-20 17:04:54   data:{'session_key': 'wsZhAWyXLbq+RGrkHZKTsw==', 'openid': 'oJfBH41Q13o00lX3pbhGAKUmThxA'}
2019-11-20 17:05:44   GET:https://api.weixin.qq.com/sns/jscode2session?appid=wxb10693ce301b0503&secret=fe966f7c89ba08eccd70060f2b3f9801&js_code=001lqH0l00Vr4s1O0F3l0ltM0l0lqH0X&grant_type=authorization_code
2019-11-20 17:05:44   status:200
2019-11-20 17:05:44   data:{'session_key': 'wsZhAWyXLbq+RGrkHZKTsw==', 'openid': 'oJfBH41Q13o00lX3pbhGAKUmThxA'}
2019-11-20 17:06:43   GET:https://api.weixin.qq.com/sns/jscode2session?appid=wxb10693ce301b0503&secret=fe966f7c89ba08eccd70060f2b3f9801&js_code=0611tIZj16rzQo0YFN1k1o7zZj11tIZk&grant_type=authorization_code
2019-11-20 17:06:43   status:200
2019-11-20 17:06:43   data:{'session_key': 'wsZhAWyXLbq+RGrkHZKTsw==', 'openid': 'oJfBH41Q13o00lX3pbhGAKUmThxA'}
2019-11-20 17:07:07   GET:https://api.weixin.qq.com/sns/jscode2session?appid=wxb10693ce301b0503&secret=fe966f7c89ba08eccd70060f2b3f9801&js_code=011o24xL0PM9K72Um0vL05K4xL0o24xe&grant_type=authorization_code
2019-11-20 17:07:07   status:200
2019-11-20 17:07:07   data:{'session_key': 'GDdPtiqneZpwKcVr4p5Ovw==', 'openid': 'oJfBH41Q13o00lX3pbhGAKUmThxA'}
2019-11-20 17:07:17   GET:https://api.weixin.qq.com/sns/jscode2session?appid=wxb10693ce301b0503&secret=fe966f7c89ba08eccd70060f2b3f9801&js_code=011HOjI72qeGuL0omqK72eZ1I72HOjIK&grant_type=authorization_code
2019-11-20 17:07:17   status:200
2019-11-20 17:07:17   data:{'session_key': 'GDdPtiqneZpwKcVr4p5Ovw==', 'openid': 'oJfBH41Q13o00lX3pbhGAKUmThxA'}
2019-11-20 17:08:15   GET:https://api.weixin.qq.com/sns/jscode2session?appid=wxb10693ce301b0503&secret=fe966f7c89ba08eccd70060f2b3f9801&js_code=081dWvID1LO4Q40ZvXJD1gPOID1dWvIB&grant_type=authorization_code
2019-11-20 17:08:15   status:200
2019-11-20 17:08:15   data:{'session_key': 'GDdPtiqneZpwKcVr4p5Ovw==', 'openid': 'oJfBH41Q13o00lX3pbhGAKUmThxA'}
2019-11-20 17:08:47   GET:https://api.weixin.qq.com/sns/jscode2session?appid=wxb10693ce301b0503&secret=fe966f7c89ba08eccd70060f2b3f9801&js_code=071tAvkj1yOk2u00Shnj180tkj1tAvk-&grant_type=authorization_code
2019-11-20 17:08:47   GET:https://api.weixin.qq.com/sns/jscode2session?appid=wxb10693ce301b0503&secret=fe966f7c89ba08eccd70060f2b3f9801&js_code=011UMzkI1rOLv00UWjmI1lGQkI1UMzkE&grant_type=authorization_code
2019-11-20 17:08:48   status:200
2019-11-20 17:08:48   data:{'session_key': 'GDdPtiqneZpwKcVr4p5Ovw==', 'openid': 'oJfBH41Q13o00lX3pbhGAKUmThxA'}
2019-11-20 17:08:48   status:200
2019-11-20 17:08:48   data:{'session_key': 'GDdPtiqneZpwKcVr4p5Ovw==', 'openid': 'oJfBH41Q13o00lX3pbhGAKUmThxA'}
2019-11-20 17:08:59   GET:https://api.weixin.qq.com/sns/jscode2session?appid=wxb10693ce301b0503&secret=fe966f7c89ba08eccd70060f2b3f9801&js_code=081EkFyT1rOug41zVawT1qszyT1EkFyy&grant_type=authorization_code
2019-11-20 17:08:59   status:200
2019-11-20 17:08:59   data:{'session_key': 'GDdPtiqneZpwKcVr4p5Ovw==', 'openid': 'oJfBH41Q13o00lX3pbhGAKUmThxA'}
2019-11-20 17:09:25   GET:https://api.weixin.qq.com/sns/jscode2session?appid=wxb10693ce301b0503&secret=fe966f7c89ba08eccd70060f2b3f9801&js_code=081DWXc11Y7LUW1Dobc11NwTc11DWXcD&grant_type=authorization_code
2019-11-20 17:09:25   status:200
2019-11-20 17:09:25   data:{'session_key': 'idRcQJQv2sS+5y0uf1SLYw==', 'openid': 'oJfBH41Q13o00lX3pbhGAKUmThxA'}
2019-11-20 17:09:48   GET:https://api.weixin.qq.com/sns/jscode2session?appid=wxb10693ce301b0503&secret=fe966f7c89ba08eccd70060f2b3f9801&js_code=011pFvpI1XK6u00uB7oI1CtxpI1pFvp9&grant_type=authorization_code
2019-11-20 17:09:49   status:200
2019-11-20 17:09:49   data:{'session_key': 'idRcQJQv2sS+5y0uf1SLYw==', 'openid': 'oJfBH41Q13o00lX3pbhGAKUmThxA'}
2019-11-20 17:10:02   GET:https://api.weixin.qq.com/sns/jscode2session?appid=wxb10693ce301b0503&secret=fe966f7c89ba08eccd70060f2b3f9801&js_code=081qkW8f20O5GI0OqH7f20VT8f2qkW8d&grant_type=authorization_code
2019-11-20 17:10:02   status:200
2019-11-20 17:10:02   data:{'session_key': 'idRcQJQv2sS+5y0uf1SLYw==', 'openid': 'oJfBH41Q13o00lX3pbhGAKUmThxA'}
2019-11-20 17:10:50   GET:https://api.weixin.qq.com/sns/jscode2session?appid=wxb10693ce301b0503&secret=fe966f7c89ba08eccd70060f2b3f9801&js_code=0618pul122jMGW0YhXn12bKql128pulC&grant_type=authorization_code
2019-11-20 17:10:51   status:200
2019-11-20 17:10:51   data:{'session_key': 'idRcQJQv2sS+5y0uf1SLYw==', 'openid': 'oJfBH41Q13o00lX3pbhGAKUmThxA'}
2019-11-20 17:11:10   GET:https://api.weixin.qq.com/sns/jscode2session?appid=wxb10693ce301b0503&secret=fe966f7c89ba08eccd70060f2b3f9801&js_code=061FQDLj2Vhh4E0mVYJj2i9MLj2FQDL3&grant_type=authorization_code
2019-11-20 17:11:10   status:200
2019-11-20 17:11:10   data:{'session_key': 'idRcQJQv2sS+5y0uf1SLYw==', 'openid': 'oJfBH41Q13o00lX3pbhGAKUmThxA'}
2019-11-20 17:11:29   GET:https://api.weixin.qq.com/sns/jscode2session?appid=wxb10693ce301b0503&secret=fe966f7c89ba08eccd70060f2b3f9801&js_code=0616gKDO0BtRD42EtqEO0QlFDO06gKD0&grant_type=authorization_code
2019-11-20 17:11:29   status:200
2019-11-20 17:11:29   data:{'session_key': 'cnkmG9hJ128BM/Z6+jgWig==', 'openid': 'oJfBH41Q13o00lX3pbhGAKUmThxA'}
2019-11-20 17:11:55   GET:https://api.weixin.qq.com/sns/jscode2session?appid=wxb10693ce301b0503&secret=fe966f7c89ba08eccd70060f2b3f9801&js_code=001BdU8G0AOi9d2qZm8G0g0c9G0BdU8g&grant_type=authorization_code
2019-11-20 17:11:55   status:200
2019-11-20 17:11:55   data:{'session_key': 'cnkmG9hJ128BM/Z6+jgWig==', 'openid': 'oJfBH41Q13o00lX3pbhGAKUmThxA'}
2019-11-20 17:12:04   GET:https://api.weixin.qq.com/sns/jscode2session?appid=wxb10693ce301b0503&secret=fe966f7c89ba08eccd70060f2b3f9801&js_code=011uuJhF0K8JZd205miF0sRHhF0uuJhz&grant_type=authorization_code
2019-11-20 17:12:04   status:200
2019-11-20 17:12:04   data:{'session_key': 'cnkmG9hJ128BM/Z6+jgWig==', 'openid': 'oJfBH41Q13o00lX3pbhGAKUmThxA'}
2019-11-20 17:12:20   GET:https://api.weixin.qq.com/sns/jscode2session?appid=wxb10693ce301b0503&secret=fe966f7c89ba08eccd70060f2b3f9801&js_code=0218ZMnT0kF8QZ1iPXpT0swQnT08ZMnP&grant_type=authorization_code
2019-11-20 17:12:20   status:200
2019-11-20 17:12:20   data:{'session_key': 'cnkmG9hJ128BM/Z6+jgWig==', 'openid': 'oJfBH41Q13o00lX3pbhGAKUmThxA'}
2019-11-20 17:12:28   GET:https://api.weixin.qq.com/sns/jscode2session?appid=wxb10693ce301b0503&secret=fe966f7c89ba08eccd70060f2b3f9801&js_code=081DhuzZ0hCdyY1UNYwZ01emzZ0DhuzO&grant_type=authorization_code
2019-11-20 17:12:28   status:200
2019-11-20 17:12:29   data:{'session_key': 'cnkmG9hJ128BM/Z6+jgWig==', 'openid': 'oJfBH41Q13o00lX3pbhGAKUmThxA'}
2019-11-20 17:12:48   GET:https://api.weixin.qq.com/sns/jscode2session?appid=wxb10693ce301b0503&secret=fe966f7c89ba08eccd70060f2b3f9801&js_code=071TiZ2D1bSAR506vb0D1LK93D1TiZ2x&grant_type=authorization_code
2019-11-20 17:12:49   status:200
2019-11-20 17:12:49   data:{'session_key': 'cnkmG9hJ128BM/Z6+jgWig==', 'openid': 'oJfBH41Q13o00lX3pbhGAKUmThxA'}
2019-11-20 17:13:07   GET:https://api.weixin.qq.com/sns/jscode2session?appid=wxb10693ce301b0503&secret=fe966f7c89ba08eccd70060f2b3f9801&js_code=071EacdW08H9x12nj0eW0rGbdW0Eacd9&grant_type=authorization_code
2019-11-20 17:13:07   status:200
2019-11-20 17:13:07   data:{'session_key': 'cnkmG9hJ128BM/Z6+jgWig==', 'openid': 'oJfBH41Q13o00lX3pbhGAKUmThxA'}
2019-11-20 17:13:45   GET:https://api.weixin.qq.com/sns/jscode2session?appid=wxb10693ce301b0503&secret=fe966f7c89ba08eccd70060f2b3f9801&js_code=081knVv62Ex3xR0xXLy62hm8w62knVvf&grant_type=authorization_code
2019-11-20 17:13:45   status:200
2019-11-20 17:13:45   data:{'session_key': 'ausVom+SbSMb+mis4HspvQ==', 'openid': 'oJfBH41Q13o00lX3pbhGAKUmThxA'}
2019-11-20 17:14:01   GET:https://api.weixin.qq.com/sns/jscode2session?appid=wxb10693ce301b0503&secret=fe966f7c89ba08eccd70060f2b3f9801&js_code=071nZ5M62lcDkR0E2gJ62jyKL62nZ5MB&grant_type=authorization_code
2019-11-20 17:14:01   status:200
2019-11-20 17:14:01   data:{'session_key': 'ausVom+SbSMb+mis4HspvQ==', 'openid': 'oJfBH41Q13o00lX3pbhGAKUmThxA'}
2019-11-20 17:14:13   GET:https://api.weixin.qq.com/sns/jscode2session?appid=wxb10693ce301b0503&secret=fe966f7c89ba08eccd70060f2b3f9801&js_code=071Psh8J1LMj240cpf7J1dSp8J1Psh8H&grant_type=authorization_code
2019-11-20 17:14:13   GET:https://api.weixin.qq.com/sns/jscode2session?appid=wxb10693ce301b0503&secret=fe966f7c89ba08eccd70060f2b3f9801&js_code=0212OxZI0gHx2f2zgV2J03DEZI02OxZr&grant_type=authorization_code
2019-11-20 17:14:13   status:200
2019-11-20 17:14:13   data:{'session_key': 'ausVom+SbSMb+mis4HspvQ==', 'openid': 'oJfBH41Q13o00lX3pbhGAKUmThxA'}
2019-11-20 17:14:13   status:200
2019-11-20 17:14:13   data:{'session_key': 'ausVom+SbSMb+mis4HspvQ==', 'openid': 'oJfBH41Q13o00lX3pbhGAKUmThxA'}
2019-11-20 17:14:25   GET:https://api.weixin.qq.com/sns/jscode2session?appid=wxb10693ce301b0503&secret=fe966f7c89ba08eccd70060f2b3f9801&js_code=071qQjZo0B1R6o19Rb0p0APEZo0qQjZ4&grant_type=authorization_code
2019-11-20 17:14:25   status:200
2019-11-20 17:14:25   data:{'session_key': 'ausVom+SbSMb+mis4HspvQ==', 'openid': 'oJfBH41Q13o00lX3pbhGAKUmThxA'}
2019-11-20 17:15:03   GET:https://api.weixin.qq.com/sns/jscode2session?appid=wxb10693ce301b0503&secret=fe966f7c89ba08eccd70060f2b3f9801&js_code=021PwT192WB0yK0fWtZ82pi1292PwT1m&grant_type=authorization_code
2019-11-20 17:15:03   status:200
2019-11-20 17:15:03   data:{'session_key': 'ausVom+SbSMb+mis4HspvQ==', 'openid': 'oJfBH41Q13o00lX3pbhGAKUmThxA'}
2019-11-20 17:16:09   GET:https://api.weixin.qq.com/sns/jscode2session?appid=wxb10693ce301b0503&secret=fe966f7c89ba08eccd70060f2b3f9801&js_code=011GAZrh15pPrr0xEfqh1EqErh1GAZrC&grant_type=authorization_code
2019-11-20 17:16:09   status:200
2019-11-20 17:16:09   data:{'session_key': '4PfJ/wgOgqJCW4k+PFWXTg==', 'openid': 'oJfBH41Q13o00lX3pbhGAKUmThxA'}
2019-11-20 17:16:49   GET:https://api.weixin.qq.com/sns/jscode2session?appid=wxb10693ce301b0503&secret=fe966f7c89ba08eccd70060f2b3f9801&js_code=011dflwW10lZv113pPuW1KDkwW1dflwn&grant_type=authorization_code
2019-11-20 17:16:49   status:200
2019-11-20 17:16:49   data:{'session_key': '4PfJ/wgOgqJCW4k+PFWXTg==', 'openid': 'oJfBH41Q13o00lX3pbhGAKUmThxA'}
2019-11-20 17:18:34   GET:https://api.weixin.qq.com/sns/jscode2session?appid=wxb10693ce301b0503&secret=fe966f7c89ba08eccd70060f2b3f9801&js_code=071nhd4m1ZpC6r0Dko3m1Qo54m1nhd4C&grant_type=authorization_code
2019-11-20 17:18:35   status:200
2019-11-20 17:18:35   data:{'session_key': 'BAhpXTKCK4R2V85xYAYtmw==', 'openid': 'oJfBH41Q13o00lX3pbhGAKUmThxA'}
2019-11-20 17:19:10   GET:https://api.weixin.qq.com/sns/jscode2session?appid=wxb10693ce301b0503&secret=fe966f7c89ba08eccd70060f2b3f9801&js_code=061dRdul1tuG4n0iaVsl1Y6Ztl1dRdux&grant_type=authorization_code
2019-11-20 17:19:10   status:200
2019-11-20 17:19:10   data:{'session_key': 'BAhpXTKCK4R2V85xYAYtmw==', 'openid': 'oJfBH41Q13o00lX3pbhGAKUmThxA'}
2019-11-20 17:19:38   GET:https://api.weixin.qq.com/sns/jscode2session?appid=wxb10693ce301b0503&secret=fe966f7c89ba08eccd70060f2b3f9801&js_code=061nh4m81xJk9L1QMnk816AMl81nh4mo&grant_type=authorization_code
2019-11-20 17:19:38   status:200
2019-11-20 17:19:38   data:{'session_key': 'BAhpXTKCK4R2V85xYAYtmw==', 'openid': 'oJfBH41Q13o00lX3pbhGAKUmThxA'}
2019-11-20 17:20:19   GET:https://api.weixin.qq.com/sns/jscode2session?appid=wxb10693ce301b0503&secret=fe966f7c89ba08eccd70060f2b3f9801&js_code=001Tn14C0qsZ9h2smf5C0JJX3C0Tn14l&grant_type=authorization_code
2019-11-20 17:20:20   status:200
2019-11-20 17:20:20   data:{'session_key': 'BAhpXTKCK4R2V85xYAYtmw==', 'openid': 'oJfBH41Q13o00lX3pbhGAKUmThxA'}
2019-11-20 17:20:42   GET:https://api.weixin.qq.com/sns/jscode2session?appid=wxb10693ce301b0503&secret=fe966f7c89ba08eccd70060f2b3f9801&js_code=021q7Yps0nLN8g1VHnrs0JNyps0q7YpK&grant_type=authorization_code
2019-11-20 17:20:42   status:200
2019-11-20 17:20:42   data:{'session_key': 'WabEgf/tO/LK7dKD3DQbbg==', 'openid': 'oJfBH41Q13o00lX3pbhGAKUmThxA'}
2019-11-20 17:20:42   GET:https://api.weixin.qq.com/sns/jscode2session?appid=wxb10693ce301b0503&secret=fe966f7c89ba08eccd70060f2b3f9801&js_code=071mt4HE1H5PG8011UIE1G39HE1mt4Hb&grant_type=authorization_code
2019-11-20 17:20:42   status:200
2019-11-20 17:20:42   data:{'session_key': 'WabEgf/tO/LK7dKD3DQbbg==', 'openid': 'oJfBH41Q13o00lX3pbhGAKUmThxA'}
2019-11-20 17:21:16   GET:https://api.weixin.qq.com/sns/jscode2session?appid=wxb10693ce301b0503&secret=fe966f7c89ba08eccd70060f2b3f9801&js_code=081bs2Oo1TI41k0TpzNo12H9Oo1bs2OE&grant_type=authorization_code
2019-11-20 17:21:16   status:200
2019-11-20 17:21:16   data:{'session_key': 'WabEgf/tO/LK7dKD3DQbbg==', 'openid': 'oJfBH41Q13o00lX3pbhGAKUmThxA'}
2019-11-20 17:21:25   GET:https://api.weixin.qq.com/sns/jscode2session?appid=wxb10693ce301b0503&secret=fe966f7c89ba08eccd70060f2b3f9801&js_code=061ZmN7j1C91gu0Vf28j1TPt7j1ZmN72&grant_type=authorization_code
2019-11-20 17:21:25   status:200
2019-11-20 17:21:25   data:{'session_key': 'WabEgf/tO/LK7dKD3DQbbg==', 'openid': 'oJfBH41Q13o00lX3pbhGAKUmThxA'}
2019-11-20 17:22:26   GET:https://api.weixin.qq.com/sns/jscode2session?appid=wxb10693ce301b0503&secret=fe966f7c89ba08eccd70060f2b3f9801&js_code=0110GK010w3jOH1RVe110Z161100GK0-&grant_type=authorization_code
2019-11-20 17:22:26   status:200
2019-11-20 17:22:26   data:{'session_key': 'WabEgf/tO/LK7dKD3DQbbg==', 'openid': 'oJfBH41Q13o00lX3pbhGAKUmThxA'}
