2019-11-04 17:23:30   GET:https://api.weixin.qq.com/sns/jscode2session?appid=wxb10693ce301b0503&secret=fe966f7c89ba08eccd70060f2b3f9801&js_code=011pbsWq1jZUBm01rVWq1Ct7Wq1pbsW3&grant_type=authorization_code
2019-11-04 10:39:58   status:200
2019-11-04 10:39:58   data:{'openid': 'oJfBH41Q13o00lX3pbhGAKUmThxA', 'session_key': 's23OhNSGdHUh68cDF3isuw=='}
2019-11-04 10:41:00   GET:https://api.weixin.qq.com/sns/jscode2session?appid=wxb10693ce301b0503&secret=fe966f7c89ba08eccd70060f2b3f9801&js_code=011PShec1jWqMw0VXlfc1rsDec1PShes&grant_type=authorization_code
2019-11-04 10:41:00   status:200
2019-11-04 10:41:00   data:{'session_key': 's23OhNSGdHUh68cDF3isuw==', 'openid': 'oJfBH41Q13o00lX3pbhGAKUmThxA'}
2019-11-04 10:43:05   GET:https://api.weixin.qq.com/sns/jscode2session?appid=wxb10693ce301b0503&secret=fe966f7c89ba08eccd70060f2b3f9801&js_code=071TDPNq0qXqbm18YsMq01UKNq0TDPNm&grant_type=authorization_code
2019-11-04 10:43:05   status:200
2019-11-04 10:43:05   data:{'openid': 'oJfBH41Q13o00lX3pbhGAKUmThxA', 'session_key': 'Cbc7y+PuawhIsjN2Nj6d3g=='}
2019-11-04 10:43:13   GET:https://api.weixin.qq.com/sns/jscode2session?appid=wxb10693ce301b0503&secret=fe966f7c89ba08eccd70060f2b3f9801&js_code=0715dfjF1eu9f80z2ViF1FWojF15dfjk&grant_type=authorization_code
2019-11-04 10:43:13   status:200
2019-11-04 10:43:13   data:{'openid': 'oJfBH41Q13o00lX3pbhGAKUmThxA', 'session_key': 'Cbc7y+PuawhIsjN2Nj6d3g=='}
2019-11-04 10:43:25   GET:https://api.weixin.qq.com/sns/jscode2session?appid=wxb10693ce301b0503&secret=fe966f7c89ba08eccd70060f2b3f9801&js_code=061vTCSi2sGtNA0tIwSi2GXKSi2vTCSH&grant_type=authorization_code
2019-11-04 10:43:25   status:200
2019-11-04 10:43:25   data:{'openid': 'oJfBH41Q13o00lX3pbhGAKUmThxA', 'session_key': 'Cbc7y+PuawhIsjN2Nj6d3g=='}
2019-11-04 10:44:48   GET:https://api.weixin.qq.com/sns/jscode2session?appid=wxb10693ce301b0503&secret=fe966f7c89ba08eccd70060f2b3f9801&js_code=071KM8UL0EThKb2IavUL08F6UL0KM8Ud&grant_type=authorization_code
2019-11-04 10:44:48   status:200
2019-11-04 10:44:48   data:{'openid': 'oJfBH41Q13o00lX3pbhGAKUmThxA', 'session_key': 'Cbc7y+PuawhIsjN2Nj6d3g=='}
2019-11-04 10:54:24   GET:https://api.weixin.qq.com/sns/jscode2session?appid=wxb10693ce301b0503&secret=fe966f7c89ba08eccd70060f2b3f9801&js_code=001lIzK42zdCVO0FymN42HZsK42lIzKj&grant_type=authorization_code
2019-11-04 10:54:24   status:200
2019-11-04 10:54:24   data:{'openid': 'oJfBH41Q13o00lX3pbhGAKUmThxA', 'session_key': 'XxWc5IUprpvZw4DPtW9aZQ=='}
2019-11-04 11:16:08   ('data DoesNotExist',)
2019-11-04 11:16:47   GET:https://api.weixin.qq.com/sns/jscode2session?appid=wxb10693ce301b0503&secret=fe966f7c89ba08eccd70060f2b3f9801&js_code=081bCrmM0EgZhb22JclM0SNOmM0bCrma&grant_type=authorization_code
2019-11-04 11:16:47   status:200
2019-11-04 11:16:47   data:{'session_key': 'GTwX36dG4fVnHodBTbiV0g==', 'openid': 'oJfBH41Q13o00lX3pbhGAKUmThxA'}
2019-11-04 11:17:43   GET:https://api.weixin.qq.com/sns/jscode2session?appid=wxb10693ce301b0503&secret=fe966f7c89ba08eccd70060f2b3f9801&js_code=081y5BSl1l7h8n0s17Tl19QMSl1y5BSr&grant_type=authorization_code
2019-11-04 11:17:43   status:200
2019-11-04 11:17:43   data:{'session_key': 'GTwX36dG4fVnHodBTbiV0g==', 'openid': 'oJfBH41Q13o00lX3pbhGAKUmThxA'}
2019-11-04 11:17:53   GET:https://api.weixin.qq.com/sns/jscode2session?appid=wxb10693ce301b0503&secret=fe966f7c89ba08eccd70060f2b3f9801&js_code=071Hi8bl2COD2D0bGU8l2sPPal2Hi8bZ&grant_type=authorization_code
2019-11-04 11:17:53   status:200
2019-11-04 11:17:53   data:{'session_key': 'GTwX36dG4fVnHodBTbiV0g==', 'openid': 'oJfBH41Q13o00lX3pbhGAKUmThxA'}
2019-11-04 11:19:34   GET:https://api.weixin.qq.com/sns/jscode2session?appid=wxb10693ce301b0503&secret=fe966f7c89ba08eccd70060f2b3f9801&js_code=081UugCP0ioI342cIVEP0Z4wCP0UugCl&grant_type=authorization_code
2019-11-04 11:19:34   status:200
2019-11-04 11:19:34   data:{'session_key': 'CNnKLF879pvhSqfO1E2rHA==', 'openid': 'oJfBH41Q13o00lX3pbhGAKUmThxA'}
2019-11-04 11:19:44   GET:https://api.weixin.qq.com/sns/jscode2session?appid=wxb10693ce301b0503&secret=fe966f7c89ba08eccd70060f2b3f9801&js_code=011XqtFW1Lw5y11epcEW1RJrFW1XqtF8&grant_type=authorization_code
2019-11-04 11:19:44   status:200
2019-11-04 11:19:44   data:{'session_key': 'CNnKLF879pvhSqfO1E2rHA==', 'openid': 'oJfBH41Q13o00lX3pbhGAKUmThxA'}
2019-11-04 11:21:41   GET:https://api.weixin.qq.com/sns/jscode2session?appid=wxb10693ce301b0503&secret=fe966f7c89ba08eccd70060f2b3f9801&js_code=011kipZB0UKDGh29RN0C0lbZYB0kipZj&grant_type=authorization_code
2019-11-04 11:21:41   status:200
2019-11-04 11:21:41   data:{'session_key': 'H7nQLXTj5wq3m/pWtLM4og==', 'openid': 'oJfBH41Q13o00lX3pbhGAKUmThxA'}
2019-11-04 11:22:36   GET:https://api.weixin.qq.com/sns/jscode2session?appid=wxb10693ce301b0503&secret=fe966f7c89ba08eccd70060f2b3f9801&js_code=081EOG5D0K558l2nft5D0aZC5D0EOG56&grant_type=authorization_code
2019-11-04 11:22:36   status:200
2019-11-04 11:22:36   data:{'session_key': 'H7nQLXTj5wq3m/pWtLM4og==', 'openid': 'oJfBH41Q13o00lX3pbhGAKUmThxA'}
2019-11-04 11:23:22   GET:https://api.weixin.qq.com/sns/jscode2session?appid=wxb10693ce301b0503&secret=fe966f7c89ba08eccd70060f2b3f9801&js_code=021XhBst0Bv4yf1Z4Qtt0aQTst0XhBs-&grant_type=authorization_code
2019-11-04 11:23:22   status:200
2019-11-04 11:23:22   data:{'session_key': 'H7nQLXTj5wq3m/pWtLM4og==', 'openid': 'oJfBH41Q13o00lX3pbhGAKUmThxA'}
2019-11-04 11:23:33   GET:https://api.weixin.qq.com/sns/jscode2session?appid=wxb10693ce301b0503&secret=fe966f7c89ba08eccd70060f2b3f9801&js_code=011QINB021O2vS0yMlz02NnSB02QINBh&grant_type=authorization_code
2019-11-04 11:23:33   status:200
2019-11-04 11:23:33   data:{'session_key': 'H7nQLXTj5wq3m/pWtLM4og==', 'openid': 'oJfBH41Q13o00lX3pbhGAKUmThxA'}
2019-11-04 11:25:00   GET:https://api.weixin.qq.com/sns/jscode2session?appid=wxb10693ce301b0503&secret=fe966f7c89ba08eccd70060f2b3f9801&js_code=011oyb9V1c0SwY07hOaV1U9p9V1oyb9B&grant_type=authorization_code
2019-11-04 11:25:00   status:200
2019-11-04 11:25:00   data:{'session_key': 'PXTM/zwBkX2KGkyBAcGDHw==', 'openid': 'oJfBH41Q13o00lX3pbhGAKUmThxA'}
2019-11-04 11:28:28   GET:https://api.weixin.qq.com/sns/jscode2session?appid=wxb10693ce301b0503&secret=fe966f7c89ba08eccd70060f2b3f9801&js_code=081NPKGq0tdnim1BEkIq0gcGGq0NPKGt&grant_type=authorization_code
2019-11-04 11:28:28   status:200
2019-11-04 11:28:28   data:{'session_key': 'gptZS1m51MTy42KCw2Sl7A==', 'openid': 'oJfBH41Q13o00lX3pbhGAKUmThxA'}
2019-11-04 11:28:36   GET:https://api.weixin.qq.com/sns/jscode2session?appid=wxb10693ce301b0503&secret=fe966f7c89ba08eccd70060f2b3f9801&js_code=001ctkOs0Kepcg1qiaPs0rtjOs0ctkOc&grant_type=authorization_code
2019-11-04 11:28:36   status:200
2019-11-04 11:28:36   data:{'session_key': 'gptZS1m51MTy42KCw2Sl7A==', 'openid': 'oJfBH41Q13o00lX3pbhGAKUmThxA'}
2019-11-04 11:30:35   GET:https://api.weixin.qq.com/sns/jscode2session?appid=wxb10693ce301b0503&secret=fe966f7c89ba08eccd70060f2b3f9801&js_code=001rA0vT1cWCI41XlEsT1VdnvT1rA0vz&grant_type=authorization_code
2019-11-04 11:30:35   status:200
2019-11-04 11:30:35   data:{'session_key': 's7UJ3JFPPnCwqUz89MqbyA==', 'openid': 'oJfBH41Q13o00lX3pbhGAKUmThxA'}
2019-11-04 11:30:45   GET:https://api.weixin.qq.com/sns/jscode2session?appid=wxb10693ce301b0503&secret=fe966f7c89ba08eccd70060f2b3f9801&js_code=021K9SVu1tIN4e0JXGWu1iaIVu1K9SVw&grant_type=authorization_code
2019-11-04 11:30:45   status:200
2019-11-04 11:30:45   data:{'session_key': 's7UJ3JFPPnCwqUz89MqbyA==', 'openid': 'oJfBH41Q13o00lX3pbhGAKUmThxA'}
2019-11-04 11:30:55   GET:https://api.weixin.qq.com/sns/jscode2session?appid=wxb10693ce301b0503&secret=fe966f7c89ba08eccd70060f2b3f9801&js_code=001MNy9K18WTo30fF9dK1cQB9K1MNy9y&grant_type=authorization_code
2019-11-04 11:30:55   status:200
2019-11-04 11:30:55   data:{'session_key': 's7UJ3JFPPnCwqUz89MqbyA==', 'openid': 'oJfBH41Q13o00lX3pbhGAKUmThxA'}
2019-11-04 11:30:55   GET:https://api.weixin.qq.com/sns/jscode2session?appid=wxb10693ce301b0503&secret=fe966f7c89ba08eccd70060f2b3f9801&js_code=001TTxiw0wLkIc1J6Thw0h2Hiw0TTxiP&grant_type=authorization_code
2019-11-04 11:30:55   status:200
2019-11-04 11:30:55   data:{'session_key': 's7UJ3JFPPnCwqUz89MqbyA==', 'openid': 'oJfBH41Q13o00lX3pbhGAKUmThxA'}
2019-11-04 12:45:53   GET:https://api.weixin.qq.com/sns/jscode2session?appid=wxb10693ce301b0503&secret=fe966f7c89ba08eccd70060f2b3f9801&js_code=001zKqBd1e8Mnz0eMWAd1K7HBd1zKqB2&grant_type=authorization_code
2019-11-04 12:45:53   status:200
2019-11-04 12:45:53   data:{'session_key': 'xeEy/CxDfZAmO1qogjlVlw==', 'openid': 'oJfBH41Q13o00lX3pbhGAKUmThxA'}
2019-11-04 12:45:53   GET:https://api.weixin.qq.com/sns/jscode2session?appid=wxb10693ce301b0503&secret=fe966f7c89ba08eccd70060f2b3f9801&js_code=0713sM2m0G2Dvr1Hg14m03uQ2m03sM22&grant_type=authorization_code
2019-11-04 12:45:53   status:200
2019-11-04 12:45:53   data:{'session_key': 'xeEy/CxDfZAmO1qogjlVlw==', 'openid': 'oJfBH41Q13o00lX3pbhGAKUmThxA'}
2019-11-04 12:45:57   GET:https://api.weixin.qq.com/sns/jscode2session?appid=wxb10693ce301b0503&secret=fe966f7c89ba08eccd70060f2b3f9801&js_code=021IUeJL1dGyn714cCIL1EGcJL1IUeJn&grant_type=authorization_code
2019-11-04 12:45:57   status:200
2019-11-04 12:45:57   data:{'session_key': 'xeEy/CxDfZAmO1qogjlVlw==', 'openid': 'oJfBH41Q13o00lX3pbhGAKUmThxA'}
2019-11-04 12:45:57   GET:https://api.weixin.qq.com/sns/jscode2session?appid=wxb10693ce301b0503&secret=fe966f7c89ba08eccd70060f2b3f9801&js_code=071nPXzE0WTp4j2KYGwE0uCUzE0nPXzX&grant_type=authorization_code
2019-11-04 12:45:58   status:200
2019-11-04 12:45:58   data:{'session_key': 'xeEy/CxDfZAmO1qogjlVlw==', 'openid': 'oJfBH41Q13o00lX3pbhGAKUmThxA'}
2019-11-04 12:46:38   GET:https://api.weixin.qq.com/sns/jscode2session?appid=wxb10693ce301b0503&secret=fe966f7c89ba08eccd70060f2b3f9801&js_code=081DFbUg1RFD6s0mYjQg1FCnUg1DFbUt&grant_type=authorization_code
2019-11-04 12:46:39   status:200
2019-11-04 12:46:39   data:{'session_key': 'xeEy/CxDfZAmO1qogjlVlw==', 'openid': 'oJfBH41Q13o00lX3pbhGAKUmThxA'}
2019-11-04 12:46:39   GET:https://api.weixin.qq.com/sns/jscode2session?appid=wxb10693ce301b0503&secret=fe966f7c89ba08eccd70060f2b3f9801&js_code=081zjDSy14p58a0argSy1lvzSy1zjDSy&grant_type=authorization_code
2019-11-04 12:46:39   status:200
2019-11-04 12:46:39   data:{'session_key': 'xeEy/CxDfZAmO1qogjlVlw==', 'openid': 'oJfBH41Q13o00lX3pbhGAKUmThxA'}
2019-11-04 13:05:21   GET:https://api.weixin.qq.com/sns/jscode2session?appid=wxb10693ce301b0503&secret=fe966f7c89ba08eccd70060f2b3f9801&js_code=061cf4qi2RX4gB0mPaoi2vwJpi2cf4qo&grant_type=authorization_code
2019-11-04 13:05:21   status:200
2019-11-04 13:05:21   data:{'session_key': 'LcUC+QfYJrGUD/gtTfa+zA==', 'openid': 'oJfBH41Q13o00lX3pbhGAKUmThxA'}
2019-11-04 15:37:30   GET:https://api.weixin.qq.com/sns/jscode2session?appid=wxb10693ce301b0503&secret=fe966f7c89ba08eccd70060f2b3f9801&js_code=071Zccg91hVuXO1IoQg91WOcg91Zccgj&grant_type=authorization_code
2019-11-04 15:37:30   status:200
2019-11-04 15:37:30   data:{'session_key': 'j+SacXh0sUIOLIiUDFFBQw==', 'openid': 'oJfBH41Q13o00lX3pbhGAKUmThxA'}
2019-11-04 15:37:36   GET:https://api.weixin.qq.com/sns/jscode2session?appid=wxb10693ce301b0503&secret=fe966f7c89ba08eccd70060f2b3f9801&js_code=011H7ajg23hhlH01BMjg2MX1jg2H7ajV&grant_type=authorization_code
2019-11-04 15:37:36   status:200
2019-11-04 15:37:36   data:{'session_key': 'j+SacXh0sUIOLIiUDFFBQw==', 'openid': 'oJfBH41Q13o00lX3pbhGAKUmThxA'}
2019-11-04 16:14:25   GET:https://api.weixin.qq.com/sns/jscode2session?appid=wxb10693ce301b0503&secret=fe966f7c89ba08eccd70060f2b3f9801&js_code=061kjYne0XID3u1dq9le0qoRne0kjYnY&grant_type=authorization_code
2019-11-04 16:14:25   GET:https://api.weixin.qq.com/sns/jscode2session?appid=wxb10693ce301b0503&secret=fe966f7c89ba08eccd70060f2b3f9801&js_code=001gIdTo0lkw7k1Gk9Qo04ilTo0gIdT7&grant_type=authorization_code
2019-11-04 16:14:25   status:200
2019-11-04 16:14:25   data:{'session_key': 'vInCZVKJeZOCv4/l1TL+lg==', 'openid': 'oJfBH41Q13o00lX3pbhGAKUmThxA'}
2019-11-04 16:14:25   status:200
2019-11-04 16:14:25   data:{'session_key': 'vInCZVKJeZOCv4/l1TL+lg==', 'openid': 'oJfBH41Q13o00lX3pbhGAKUmThxA'}
2019-11-04 16:16:12   GET:https://api.weixin.qq.com/sns/jscode2session?appid=wxb10693ce301b0503&secret=fe966f7c89ba08eccd70060f2b3f9801&js_code=0614tgAH16Gxq10RC8AH1BgDAH14tgA-&grant_type=authorization_code
2019-11-04 16:16:12   GET:https://api.weixin.qq.com/sns/jscode2session?appid=wxb10693ce301b0503&secret=fe966f7c89ba08eccd70060f2b3f9801&js_code=001XeTya270C5N01wqza2w4Aya2XeTye&grant_type=authorization_code
2019-11-04 16:16:12   status:200
2019-11-04 16:16:12   data:{'session_key': 'vInCZVKJeZOCv4/l1TL+lg==', 'openid': 'oJfBH41Q13o00lX3pbhGAKUmThxA'}
2019-11-04 16:16:12   status:200
2019-11-04 16:16:12   data:{'session_key': 'vInCZVKJeZOCv4/l1TL+lg==', 'openid': 'oJfBH41Q13o00lX3pbhGAKUmThxA'}
2019-11-04 16:16:25   GET:https://api.weixin.qq.com/sns/jscode2session?appid=wxb10693ce301b0503&secret=fe966f7c89ba08eccd70060f2b3f9801&js_code=071UA9mq0L9YCm1FLYkq0VTimq0UA9m8&grant_type=authorization_code
2019-11-04 16:16:25   status:200
/api.weixin.qq.com/sns/jscode2session?appid=wxb10693ce301b0503&secret=fe966f7c89ba08eccd70060f2b3f9801&js_code=001JEVw81mpv7P1Uccv8133ix81JEVwN&grant_type=authorization_code
2019-11-04 16:16:25   data:{'session_key': 'BPxBIL2vUwnHINroHkZ02A==', 'openid': 'oJfBH41Q13o00lX3pbhGAKUmThxA'}
2019-11-04 16:16:25   status:200
2019-11-04 16:16:25   data:{'session_key': 'BPxBIL2vUwnHINroHkZ02A==', 'openid': 'oJfBH41Q13o00lX3pbhGAKUmThxA'}
2019-11-04 16:17:57   GET:https://api.weixin.qq.com/sns/jscode2session?appid=wxb10693ce301b0503&secret=fe966f7c89ba08eccd70060f2b3f9801&js_code=011zTNFP0Wd7r32neUHP0ekHFP0zTNFd&grant_type=authorization_code
2019-11-04 16:17:57   status:200
2019-11-04 16:17:57   data:{'session_key': 'BPxBIL2vUwnHINroHkZ02A==', 'openid': 'oJfBH41Q13o00lX3pbhGAKUmThxA'}
2019-11-04 16:17:57   GET:https://api.weixin.qq.com/sns/jscode2session?appid=wxb10693ce301b0503&secret=fe966f7c89ba08eccd70060f2b3f9801&js_code=0718qw5i2DHo1B07JB8i2pSK5i28qw5x&grant_type=authorization_code
2019-11-04 16:17:57   status:200
2019-11-04 16:17:57   data:{'session_key': 'BPxBIL2vUwnHINroHkZ02A==', 'openid': 'oJfBH41Q13o00lX3pbhGAKUmThxA'}
2019-11-04 16:18:57   GET:https://api.weixin.qq.com/sns/jscode2session?appid=wxb10693ce301b0503&secret=fe966f7c89ba08eccd70060f2b3f9801&js_code=0116UWdm0PKaLq1YWKgm0lWNdm06UWdm&grant_type=authorization_code
2019-11-04 16:18:58   status:200
2019-11-04 16:18:58   data:{'session_key': 'egp7SyErEzhi+lxon1v5Dg==', 'openid': 'oJfBH41Q13o00lX3pbhGAKUmThxA'}
2019-11-04 16:20:04   GET:https://api.weixin.qq.com/sns/jscode2session?appid=wxb10693ce301b0503&secret=fe966f7c89ba08eccd70060f2b3f9801&js_code=011ws85R0WLu872lOm8R0H315R0ws85w&grant_type=authorization_code
2019-11-04 16:20:05   GET:https://api.weixin.qq.com/sns/jscode2session?appid=wxb10693ce301b0503&secret=fe966f7c89ba08eccd70060f2b3f9801&js_code=011kAVmH09svhg2OPUmH0wXQmH0kAVmk&grant_type=authorization_code
2019-11-04 16:20:05   status:200
2019-11-04 16:20:05   data:{'session_key': 'egp7SyErEzhi+lxon1v5Dg==', 'openid': 'oJfBH41Q13o00lX3pbhGAKUmThxA'}
2019-11-04 16:20:05   status:200
2019-11-04 16:20:05   data:{'session_key': 'egp7SyErEzhi+lxon1v5Dg==', 'openid': 'oJfBH41Q13o00lX3pbhGAKUmThxA'}
2019-11-04 16:20:57   GET:https://api.weixin.qq.com/sns/jscode2session?appid=wxb10693ce301b0503&secret=fe966f7c89ba08eccd70060f2b3f9801&js_code=001RLjgM1CoBQ61MGAgM1BM7gM1RLjgI&grant_type=authorization_code
2019-11-04 16:20:57   GET:https://api.weixin.qq.com/sns/jscode2session?appid=wxb10693ce301b0503&secret=fe966f7c89ba08eccd70060f2b3f9801&js_code=001snJhj2VFHmE0PsRij225Bhj2snJhU&grant_type=authorization_code
2019-11-04 16:20:57   status:200
2019-11-04 16:20:57   data:{'session_key': '7nzKIqO49zww2VU+KV1s6g==', 'openid': 'oJfBH41Q13o00lX3pbhGAKUmThxA'}
2019-11-04 16:20:57   status:200
2019-11-04 16:20:57   data:{'session_key': '7nzKIqO49zww2VU+KV1s6g==', 'openid': 'oJfBH41Q13o00lX3pbhGAKUmThxA'}
2019-11-04 16:21:24   GET:https://api.weixin.qq.com/sns/jscode2session?appid=wxb10693ce301b0503&secret=fe966f7c89ba08eccd70060f2b3f9801&js_code=001DeDrM0pNNcb21ResM034JrM0DeDrQ&grant_type=authorization_code
2019-11-04 16:21:24   status:200
2019-11-04 16:21:24   data:{'session_key': '7nzKIqO49zww2VU+KV1s6g==', 'openid': 'oJfBH41Q13o00lX3pbhGAKUmThxA'}
2019-11-04 16:21:24   status:200
2019-11-04 16:21:24   data:{'session_key': '7nzKIqO49zww2VU+KV1s6g==', 'openid': 'oJfBH41Q13o00lX3pbhGAKUmThxA'}
2019-11-04 16:21:46   GET:https://api.weixin.qq.com/sns/jscode2session?appid=wxb10693ce301b0503&secret=fe966f7c89ba08eccd70060f2b3f9801&js_code=011atuSc1usf8w02PURc1CwhSc1atuSe&grant_type=authorization_code
2019-11-04 16:21:46   GET:https://api.weixin.qq.com/sns/jscode2session?appid=wxb10693ce301b0503&secret=fe966f7c89ba08eccd70060f2b3f9801&js_code=021z7CQO1La1n91l1wRO1muDQO1z7CQ9&grant_type=authorization_code
2019-11-04 16:21:46   status:200
2019-11-04 16:21:46   data:{'session_key': '7nzKIqO49zww2VU+KV1s6g==', 'openid': 'oJfBH41Q13o00lX3pbhGAKUmThxA'}
2019-11-04 16:21:46   status:200
2019-11-04 16:21:46   data:{'session_key': '7nzKIqO49zww2VU+KV1s6g==', 'openid': 'oJfBH41Q13o00lX3pbhGAKUmThxA'}
2019-11-04 16:22:43   GET:https://api.weixin.qq.com/sns/jscode2session?appid=wxb10693ce301b0503&secret=fe966f7c89ba08eccd70060f2b3f9801&js_code=061SmAca2gEQrN0S9Cfa2MzWca2SmAc-&grant_type=authorization_code
2019-11-04 16:22:43   GET:https://api.weixin.qq.com/sns/jscode2session?appid=wxb10693ce301b0503&secret=fe966f7c89ba08eccd70060f2b3f9801&js_code=0717gpvB1wIMtb0OBEuB1m9evB17gpvU&grant_type=authorization_code
2019-11-04 16:22:43   data:{'session_key': '7nzKIqO49zww2VU+KV1s6g==', 'openid': 'oJfBH41Q13o00lX3pbhGAKUmThxA'}
2019-11-04 16:22:43   status:200
2019-11-04 16:22:43   data:{'session_key': '7nzKIqO49zww2VU+KV1s6g==', 'openid': 'oJfBH41Q13o00lX3pbhGAKUmThxA'}
2019-11-04 16:23:43   GET:https://api.weixin.qq.com/sns/jscode2session?appid=wxb10693ce301b0503&secret=fe966f7c89ba08eccd70060f2b3f9801&js_code=001BIzhr1U7zHl0HFUir1cfUhr1BIzh-&grant_type=authorization_code
2019-11-04 16:23:43   status:200
2019-11-04 16:23:43   data:{'session_key': '8uaUiKo6c2H5bx+GM2rIgQ==', 'openid': 'oJfBH41Q13o00lX3pbhGAKUmThxA'}
2019-11-04 16:23:43   GET:https://api.weixin.qq.com/sns/jscode2session?appid=wxb10693ce301b0503&secret=fe966f7c89ba08eccd70060f2b3f9801&js_code=071a09Xy0Z6cBe16bAYy0DqgXy0a09Xp&grant_type=authorization_code
2019-11-04 16:23:43   status:200
2019-11-04 16:23:43   data:{'session_key': '8uaUiKo6c2H5bx+GM2rIgQ==', 'openid': 'oJfBH41Q13o00lX3pbhGAKUmThxA'}
2019-11-04 16:24:23   GET:https://api.weixin.qq.com/sns/jscode2session?appid=wxb10693ce301b0503&secret=fe966f7c89ba08eccd70060f2b3f9801&js_code=001Jv4ZK1wGjz20c6iYK1HUoZK1Jv4Zr&grant_type=authorization_code
2019-11-04 16:24:23   status:200
2019-11-04 16:24:23   data:{'session_key': '8uaUiKo6c2H5bx+GM2rIgQ==', 'openid': 'oJfBH41Q13o00lX3pbhGAKUmThxA'}
2019-11-04 16:24:23   GET:https://api.weixin.qq.com/sns/jscode2session?appid=wxb10693ce301b0503&secret=fe966f7c89ba08eccd70060f2b3f9801&js_code=011ejFlP1RfZR81tTPnP1mrElP1ejFl7&grant_type=authorization_code
2019-11-04 16:24:23   status:200
2019-11-04 16:24:23   data:{'session_key': '8uaUiKo6c2H5bx+GM2rIgQ==', 'openid': 'oJfBH41Q13o00lX3pbhGAKUmThxA'}
2019-11-04 16:24:40   GET:https://api.weixin.qq.com/sns/jscode2session?appid=wxb10693ce301b0503&secret=fe966f7c89ba08eccd70060f2b3f9801&js_code=001ykEEz1sPvkd0IY7Ez1UdMEz1ykEEB&grant_type=authorization_code
2019-11-04 16:24:40   status:200
2019-11-04 16:24:40   data:{'session_key': '8uaUiKo6c2H5bx+GM2rIgQ==', 'openid': 'oJfBH41Q13o00lX3pbhGAKUmThxA'}
2019-11-04 16:24:40   GET:https://api.weixin.qq.com/sns/jscode2session?appid=wxb10693ce301b0503&secret=fe966f7c89ba08eccd70060f2b3f9801&js_code=00140ApC0qzwgh2ULgpC0ALPpC040App&grant_type=authorization_code
2019-11-04 16:24:40   status:200
2019-11-04 16:24:40   data:{'session_key': '8uaUiKo6c2H5bx+GM2rIgQ==', 'openid': 'oJfBH41Q13o00lX3pbhGAKUmThxA'}
2019-11-04 16:25:05   ('data DoesNotExist',)
2019-11-04 16:25:05   GET:https://api.weixin.qq.com/sns/jscode2session?appid=wxb10693ce301b0503&secret=fe966f7c89ba08eccd70060f2b3f9801&js_code=071JK5PW1omAo11qjGPW1pSdPW1JK5PM&grant_type=authorization_code
2019-11-04 16:25:05   status:200
2019-11-04 16:25:05   data:{'session_key': '8uaUiKo6c2H5bx+GM2rIgQ==', 'openid': 'oJfBH41Q13o00lX3pbhGAKUmThxA'}
2019-11-04 16:27:10   GET:https://api.weixin.qq.com/sns/jscode2session?appid=wxb10693ce301b0503&secret=fe966f7c89ba08eccd70060f2b3f9801&js_code=071X935m0NTitr17Vm5m0IZW4m0X935P&grant_type=authorization_code
2019-11-04 16:27:10   status:200
2019-11-04 16:27:10   data:{'session_key': 'tGPfeyv9y59poqZBrRhoeA==', 'openid': 'oJfBH41Q13o00lX3pbhGAKUmThxA'}
2019-11-04 16:27:19   GET:https://api.weixin.qq.com/sns/jscode2session?appid=wxb10693ce301b0503&secret=fe966f7c89ba08eccd70060f2b3f9801&js_code=081msnAC0lGJ5h2LxazC0iEGAC0msnA3&grant_type=authorization_code
2019-11-04 16:27:19   status:200
2019-11-04 16:27:19   data:{'session_key': 'tGPfeyv9y59poqZBrRhoeA==', 'openid': 'oJfBH41Q13o00lX3pbhGAKUmThxA'}
2019-11-04 17:02:11   GET:https://api.weixin.qq.com/sns/jscode2session?appid=wxb10693ce301b0503&secret=fe966f7c89ba08eccd70060f2b3f9801&js_code=081RotwQ1ghB931qhkwQ1ChrwQ1RotwU&grant_type=authorization_code
2019-11-04 17:02:11   status:200
2019-11-04 17:02:11   data:{'session_key': '2yqoYA7J9KWgBNrTu7RE0Q==', 'openid': 'oJfBH41Q13o00lX3pbhGAKUmThxA'}
2019-11-04 17:02:11   GET:https://api.weixin.qq.com/sns/jscode2session?appid=wxb10693ce301b0503&secret=fe966f7c89ba08eccd70060f2b3f9801&js_code=081ySAw52RQQ7S0jvuv52lzRw52ySAwd&grant_type=authorization_code
2019-11-04 17:02:11   status:200
2019-11-04 17:02:11   data:{'session_key': '2yqoYA7J9KWgBNrTu7RE0Q==', 'openid': 'oJfBH41Q13o00lX3pbhGAKUmThxA'}
2019-11-04 17:02:14   GET:https://api.weixin.qq.com/sns/jscode2session?appid=wxb10693ce301b0503&secret=fe966f7c89ba08eccd70060f2b3f9801&js_code=0610whS02M5NNS0Xh6Q023pfS020whSd&grant_type=authorization_code
2019-11-04 17:02:14   status:200
2019-11-04 17:02:14   data:{'session_key': '2yqoYA7J9KWgBNrTu7RE0Q==', 'openid': 'oJfBH41Q13o00lX3pbhGAKUmThxA'}
2019-11-04 17:04:30   ('data DoesNotExist',)
2019-11-04 17:04:38   GET:https://api.weixin.qq.com/sns/jscode2session?appid=wxb10693ce301b0503&secret=fe966f7c89ba08eccd70060f2b3f9801&js_code=071FDGlT1rZZR41xSCmT12wwlT1FDGlj&grant_type=authorization_code
2019-11-04 17:04:38   status:200
2019-11-04 17:04:38   data:{'openid': 'oJfBH41Q13o00lX3pbhGAKUmThxA', 'session_key': 'rA9F40lp8MjDbCHABUJplQ=='}
2019-11-04 17:05:08   GET:https://api.weixin.qq.com/sns/jscode2session?appid=wxb10693ce301b0503&secret=fe966f7c89ba08eccd70060f2b3f9801&js_code=001zsKtf1dnOXs0NDxtf1N1Ctf1zsKtl&grant_type=authorization_code
2019-11-04 17:05:08   status:200
2019-11-04 17:05:08   data:{'openid': 'oJfBH41Q13o00lX3pbhGAKUmThxA', 'session_key': 'rA9F40lp8MjDbCHABUJplQ=='}
2019-11-04 17:05:25   GET:https://api.weixin.qq.com/sns/jscode2session?appid=wxb10693ce301b0503&secret=fe966f7c89ba08eccd70060f2b3f9801&js_code=0213wEDU0iis2Z1kWRFU0aaEDU03wEDo&grant_type=authorization_code
2019-11-04 17:05:25   status:200
2019-11-04 17:05:25   data:{'openid': 'oJfBH41Q13o00lX3pbhGAKUmThxA', 'session_key': 'rA9F40lp8MjDbCHABUJplQ=='}
2019-11-04 17:07:36   GET:https://api.weixin.qq.com/sns/jscode2session?appid=wxb10693ce301b0503&secret=fe966f7c89ba08eccd70060f2b3f9801&js_code=081Zuub11FWZsW1udfa11jvLb11Zuubl&grant_type=authorization_code
2019-11-04 17:07:36   GET:https://api.weixin.qq.com/sns/jscode2session?appid=wxb10693ce301b0503&secret=fe966f7c89ba08eccd70060f2b3f9801&js_code=061NsU131R2aEQ14jp431lR5231NsU1W&grant_type=authorization_code
2019-11-04 17:07:36   status:200
2019-11-04 17:07:36   data:{'openid': 'oJfBH41Q13o00lX3pbhGAKUmThxA', 'session_key': 'cB/QkW9VKMazX96p7LfxbA=='}
2019-11-04 17:07:36   status:200
2019-11-04 17:07:36   data:{'openid': 'oJfBH41Q13o00lX3pbhGAKUmThxA', 'session_key': 'cB/QkW9VKMazX96p7LfxbA=='}
2019-11-04 17:07:58   GET:https://api.weixin.qq.com/sns/jscode2session?appid=wxb10693ce301b0503&secret=fe966f7c89ba08eccd70060f2b3f9801&js_code=081uh8Hg12wEjs0Y1BEg12JRGg1uh8HQ&grant_type=authorization_code
2019-11-04 17:07:58   status:200
2019-11-04 17:07:58   data:{'openid': 'oJfBH41Q13o00lX3pbhGAKUmThxA', 'session_key': 'cB/QkW9VKMazX96p7LfxbA=='}
2019-11-04 17:07:58   GET:https://api.weixin.qq.com/sns/jscode2session?appid=wxb10693ce301b0503&secret=fe966f7c89ba08eccd70060f2b3f9801&js_code=001K2VJF0O3bWd2tvlNF0zRTJF0K2VJu&grant_type=authorization_code
2019-11-04 17:07:58   status:200
2019-11-04 17:07:58   data:{'openid': 'oJfBH41Q13o00lX3pbhGAKUmThxA', 'session_key': 'cB/QkW9VKMazX96p7LfxbA=='}
2019-11-04 17:08:06   GET:https://api.weixin.qq.com/sns/jscode2session?appid=wxb10693ce301b0503&secret=fe966f7c89ba08eccd70060f2b3f9801&js_code=061TAy7c0ZyCRA1N0m5c0bnD7c0TAy7Q&grant_type=authorization_code
2019-11-04 17:08:06   status:200
2019-11-04 17:08:06   data:{'openid': 'oJfBH41Q13o00lX3pbhGAKUmThxA', 'session_key': 'cB/QkW9VKMazX96p7LfxbA=='}
2019-11-04 17:09:25   GET:https://api.weixin.qq.com/sns/jscode2session?appid=wxb10693ce301b0503&secret=fe966f7c89ba08eccd70060f2b3f9801&js_code=011iYKAS0Ku9w02om7CS0uCSAS0iYKAg&grant_type=authorization_code
2019-11-04 17:09:25   status:200
2019-11-04 17:09:25   data:{'openid': 'oJfBH41Q13o00lX3pbhGAKUmThxA', 'session_key': 'cB/QkW9VKMazX96p7LfxbA=='}
2019-11-04 17:09:25   GET:https://api.weixin.qq.com/sns/jscode2session?appid=wxb10693ce301b0503&secret=fe966f7c89ba08eccd70060f2b3f9801&js_code=021Gg3me2PM0kF0pBmle2JZjme2Gg3ms&grant_type=authorization_code
2019-11-04 17:09:25   status:200
2019-11-04 17:09:25   data:{'openid': 'oJfBH41Q13o00lX3pbhGAKUmThxA', 'session_key': 'cB/QkW9VKMazX96p7LfxbA=='}
2019-11-04 17:09:34   GET:https://api.weixin.qq.com/sns/jscode2session?appid=wxb10693ce301b0503&secret=fe966f7c89ba08eccd70060f2b3f9801&js_code=021EDLoO0zYih52TjirO0pdCoO0EDLoh&grant_type=authorization_code
2019-11-04 17:09:34   status:200
2019-11-04 17:09:34   data:{'openid': 'oJfBH41Q13o00lX3pbhGAKUmThxA', 'session_key': 'cB/QkW9VKMazX96p7LfxbA=='}
2019-11-04 17:09:34   GET:https://api.weixin.qq.com/sns/jscode2session?appid=wxb10693ce301b0503&secret=fe966f7c89ba08eccd70060f2b3f9801&js_code=071U2RuM10rdb71tGqvM1idHuM1U2Rui&grant_type=authorization_code
2019-11-04 17:09:34   status:200
2019-11-04 17:09:34   data:{'openid': 'oJfBH41Q13o00lX3pbhGAKUmThxA', 'session_key': 'cB/QkW9VKMazX96p7LfxbA=='}
2019-11-04 17:09:44   GET:https://api.weixin.qq.com/sns/jscode2session?appid=wxb10693ce301b0503&secret=fe966f7c89ba08eccd70060f2b3f9801&js_code=001r16fa1uSlpN1sYMia1TVWea1r16fP&grant_type=authorization_code
2019-11-04 17:09:44   GET:https://api.weixin.qq.com/sns/jscode2session?appid=wxb10693ce301b0503&secret=fe966f7c89ba08eccd70060f2b3f9801&js_code=01193OF30fGmjJ1w6sG309cXF3093OFy&grant_type=authorization_code
2019-11-04 17:09:44   data:{'openid': 'oJfBH41Q13o00lX3pbhGAKUmThxA', 'session_key': 'LApfFr1L53eApAb2VI55Ow=='}
2019-11-04 17:09:44   status:200
2019-11-04 17:09:44   data:{'openid': 'oJfBH41Q13o00lX3pbhGAKUmThxA', 'session_key': 'LApfFr1L53eApAb2VI55Ow=='}
2019-11-04 17:10:01   GET:https://api.weixin.qq.com/sns/jscode2session?appid=wxb10693ce301b0503&secret=fe966f7c89ba08eccd70060f2b3f9801&js_code=0210DgLk2pVnsD0XQ8Kk2u5gLk20DgLC&grant_type=authorization_code
2019-11-04 17:10:01   status:200
2019-11-04 17:10:01   data:{'openid': 'oJfBH41Q13o00lX3pbhGAKUmThxA', 'session_key': 'LApfFr1L53eApAb2VI55Ow=='}
2019-11-04 17:10:06   GET:https://api.weixin.qq.com/sns/jscode2session?appid=wxb10693ce301b0503&secret=fe966f7c89ba08eccd70060f2b3f9801&js_code=071ywTH00UYEJH1yGIG00n7RH00ywTHn&grant_type=authorization_code
2019-11-04 17:10:06   status:200
2019-11-04 17:10:06   data:{'openid': 'oJfBH41Q13o00lX3pbhGAKUmThxA', 'session_key': 'LApfFr1L53eApAb2VI55Ow=='}
2019-11-04 17:10:10   GET:https://api.weixin.qq.com/sns/jscode2session?appid=wxb10693ce301b0503&secret=fe966f7c89ba08eccd70060f2b3f9801&js_code=081X4QBI0rBQBf2xDpBI0d5bCI0X4QBv&grant_type=authorization_code
2019-11-04 17:10:10   status:200
2019-11-04 17:10:10   data:{'openid': 'oJfBH41Q13o00lX3pbhGAKUmThxA', 'session_key': 'LApfFr1L53eApAb2VI55Ow=='}
2019-11-04 17:10:10   GET:https://api.weixin.qq.com/sns/jscode2session?appid=wxb10693ce301b0503&secret=fe966f7c89ba08eccd70060f2b3f9801&js_code=061GqNa702PxnG1Oovb70Nfxa70GqNaK&grant_type=authorization_code
2019-11-04 17:10:10   status:200
2019-11-04 17:10:10   data:{'openid': 'oJfBH41Q13o00lX3pbhGAKUmThxA', 'session_key': 'LApfFr1L53eApAb2VI55Ow=='}
2019-11-04 17:10:26   GET:https://api.weixin.qq.com/sns/jscode2session?appid=wxb10693ce301b0503&secret=fe966f7c89ba08eccd70060f2b3f9801&js_code=071FY45v1xnIVd0XVh2v1LS35v1FY45l&grant_type=authorization_code
2019-11-04 17:10:26   status:200
2019-11-04 17:10:26   data:{'openid': 'oJfBH41Q13o00lX3pbhGAKUmThxA', 'session_key': 'LApfFr1L53eApAb2VI55Ow=='}
2019-11-04 17:10:36   GET:https://api.weixin.qq.com/sns/jscode2session?appid=wxb10693ce301b0503&secret=fe966f7c89ba08eccd70060f2b3f9801&js_code=081Hidoh2P0FIB0ntMph2zEdoh2Hidoo&grant_type=authorization_code
2019-11-04 17:10:36   status:200
2019-11-04 17:10:36   data:{'openid': 'oJfBH41Q13o00lX3pbhGAKUmThxA', 'session_key': 'LApfFr1L53eApAb2VI55Ow=='}
2019-11-04 17:11:00   GET:https://api.weixin.qq.com/sns/jscode2session?appid=wxb10693ce301b0503&secret=fe966f7c89ba08eccd70060f2b3f9801&js_code=0614jmbO1Osk2a1MKK8O1Ai8bO14jmbq&grant_type=authorization_code
2019-11-04 17:11:00   status:200
2019-11-04 17:11:00   data:{'openid': 'oJfBH41Q13o00lX3pbhGAKUmThxA', 'session_key': 'LApfFr1L53eApAb2VI55Ow=='}
2019-11-04 17:11:30   GET:https://api.weixin.qq.com/sns/jscode2session?appid=wxb10693ce301b0503&secret=fe966f7c89ba08eccd70060f2b3f9801&js_code=061jmufz15c6c905oVdz19Ukfz1jmufp&grant_type=authorization_code
2019-11-04 17:11:30   status:200
2019-11-04 17:11:30   data:{'openid': 'oJfBH41Q13o00lX3pbhGAKUmThxA', 'session_key': 'LApfFr1L53eApAb2VI55Ow=='}
2019-11-04 17:11:31   GET:https://api.weixin.qq.com/sns/jscode2session?appid=wxb10693ce301b0503&secret=fe966f7c89ba08eccd70060f2b3f9801&js_code=061KGJNn0L31dl1l7eNn0vFMNn0KGJNy&grant_type=authorization_code
2019-11-04 17:11:31   status:200
2019-11-04 17:11:31   data:{'openid': 'oJfBH41Q13o00lX3pbhGAKUmThxA', 'session_key': 'LApfFr1L53eApAb2VI55Ow=='}
2019-11-04 17:11:59   GET:https://api.weixin.qq.com/sns/jscode2session?appid=wxb10693ce301b0503&secret=fe966f7c89ba08eccd70060f2b3f9801&js_code=061bfilo0eCuFk1SQJno0Rqdlo0bfilK&grant_type=authorization_code
2019-11-04 17:11:59   status:200
2019-11-04 17:11:59   data:{'openid': 'oJfBH41Q13o00lX3pbhGAKUmThxA', 'session_key': 'KiODxog+ZTkjnGpYPb7aOg=='}
2019-11-04 17:11:59   GET:https://api.weixin.qq.com/sns/jscode2session?appid=wxb10693ce301b0503&secret=fe966f7c89ba08eccd70060f2b3f9801&js_code=011cD4EJ0vJPs92ldIGJ09qXDJ0cD4E9&grant_type=authorization_code
2019-11-04 17:12:00   status:200
2019-11-04 17:12:00   data:{'openid': 'oJfBH41Q13o00lX3pbhGAKUmThxA', 'session_key': 'KiODxog+ZTkjnGpYPb7aOg=='}
2019-11-04 17:12:39   GET:https://api.weixin.qq.com/sns/jscode2session?appid=wxb10693ce301b0503&secret=fe966f7c89ba08eccd70060f2b3f9801&js_code=061uy0gj1JEaJt0clOij1rk1gj1uy0gu&grant_type=authorization_code
2019-11-04 17:12:39   status:200
2019-11-04 17:12:39   data:{'openid': 'oJfBH41Q13o00lX3pbhGAKUmThxA', 'session_key': 'KiODxog+ZTkjnGpYPb7aOg=='}
2019-11-04 17:12:39   GET:https://api.weixin.qq.com/sns/jscode2session?appid=wxb10693ce301b0503&secret=fe966f7c89ba08eccd70060f2b3f9801&js_code=02136etn1kc75q0Lt7un1ksltn136ett&grant_type=authorization_code
2019-11-04 17:12:40   status:200
2019-11-04 17:12:40   data:{'openid': 'oJfBH41Q13o00lX3pbhGAKUmThxA', 'session_key': 'KiODxog+ZTkjnGpYPb7aOg=='}
2019-11-04 17:12:56   GET:https://api.weixin.qq.com/sns/jscode2session?appid=wxb10693ce301b0503&secret=fe966f7c89ba08eccd70060f2b3f9801&js_code=071Jk27821E1zL0DiO6824h0782Jk27S&grant_type=authorization_code
2019-11-04 17:12:56   status:200
2019-11-04 17:12:56   data:{'openid': 'oJfBH41Q13o00lX3pbhGAKUmThxA', 'session_key': 'KiODxog+ZTkjnGpYPb7aOg=='}
2019-11-04 17:12:56   GET:https://api.weixin.qq.com/sns/jscode2session?appid=wxb10693ce301b0503&secret=fe966f7c89ba08eccd70060f2b3f9801&js_code=081VgTep1z7ULj0vwXep1lhyep1VgTe-&grant_type=authorization_code
2019-11-04 17:12:56   status:200
2019-11-04 17:12:56   data:{'openid': 'oJfBH41Q13o00lX3pbhGAKUmThxA', 'session_key': 'KiODxog+ZTkjnGpYPb7aOg=='}
2019-11-04 17:13:09   GET:https://api.weixin.qq.com/sns/jscode2session?appid=wxb10693ce301b0503&secret=fe966f7c89ba08eccd70060f2b3f9801&js_code=061Jajah1qffhr0s4Aah10dfah1Jajas&grant_type=authorization_code
2019-11-04 17:13:09   status:200
2019-11-04 17:13:09   data:{'openid': 'oJfBH41Q13o00lX3pbhGAKUmThxA', 'session_key': 'KiODxog+ZTkjnGpYPb7aOg=='}
2019-11-04 17:13:13   GET:https://api.weixin.qq.com/sns/jscode2session?appid=wxb10693ce301b0503&secret=fe966f7c89ba08eccd70060f2b3f9801&js_code=021J00PS12LGo51jveQS1U8POS1J00PZ&grant_type=authorization_code
2019-11-04 17:13:13   status:200
2019-11-04 17:13:13   data:{'openid': 'oJfBH41Q13o00lX3pbhGAKUmThxA', 'session_key': 'KiODxog+ZTkjnGpYPb7aOg=='}
2019-11-04 17:13:36   GET:https://api.weixin.qq.com/sns/jscode2session?appid=wxb10693ce301b0503&secret=fe966f7c89ba08eccd70060f2b3f9801&js_code=001b6sTw0jCi7c1c9JUw0VXtTw0b6sTI&grant_type=authorization_code
2019-11-04 17:13:36   status:200
2019-11-04 17:13:36   data:{'openid': 'oJfBH41Q13o00lX3pbhGAKUmThxA', 'session_key': 'KiODxog+ZTkjnGpYPb7aOg=='}
2019-11-04 17:13:41   GET:https://api.weixin.qq.com/sns/jscode2session?appid=wxb10693ce301b0503&secret=fe966f7c89ba08eccd70060f2b3f9801&js_code=071xKGXq0IMr1m16wsVq0INLXq0xKGXJ&grant_type=authorization_code
2019-11-04 17:13:41   status:200
2019-11-04 17:13:41   data:{'openid': 'oJfBH41Q13o00lX3pbhGAKUmThxA', 'session_key': 'KiODxog+ZTkjnGpYPb7aOg=='}
2019-11-04 17:13:59   GET:https://api.weixin.qq.com/sns/jscode2session?appid=wxb10693ce301b0503&secret=fe966f7c89ba08eccd70060f2b3f9801&js_code=061ZVQBd08QtWz1WbjBd07tHBd0ZVQBV&grant_type=authorization_code
2019-11-04 17:13:59   GET:https://api.weixin.qq.com/sns/jscode2session?appid=wxb10693ce301b0503&secret=fe966f7c89ba08eccd70060f2b3f9801&js_code=081K4MaU0Z2kvZ1Bru8U08ZLaU0K4Maw&grant_type=authorization_code
2019-11-04 17:13:59   status:200
2019-11-04 17:13:59   data:{'openid': 'oJfBH41Q13o00lX3pbhGAKUmThxA', 'session_key': 'aR7Ve65gNCJZkNVuBnI+uw=='}
2019-11-04 17:13:59   status:200
2019-11-04 17:13:59   data:{'openid': 'oJfBH41Q13o00lX3pbhGAKUmThxA', 'session_key': 'aR7Ve65gNCJZkNVuBnI+uw=='}
2019-11-04 17:14:30   GET:https://api.weixin.qq.com/sns/jscode2session?appid=wxb10693ce301b0503&secret=fe966f7c89ba08eccd70060f2b3f9801&js_code=021UU4WE0sXOae2VcSTE0Lg3WE0UU4W4&grant_type=authorization_code
2019-11-04 17:14:30   status:200
2019-11-04 17:14:30   data:{'openid': 'oJfBH41Q13o00lX3pbhGAKUmThxA', 'session_key': 'aR7Ve65gNCJZkNVuBnI+uw=='}
2019-11-04 17:14:30   GET:https://api.weixin.qq.com/sns/jscode2session?appid=wxb10693ce301b0503&secret=fe966f7c89ba08eccd70060f2b3f9801&js_code=011c6t9T0aMqXZ1hCgbT0jyF9T0c6t9r&grant_type=authorization_code
2019-11-04 17:14:30   status:200
2019-11-04 17:14:30   data:{'openid': 'oJfBH41Q13o00lX3pbhGAKUmThxA', 'session_key': 'aR7Ve65gNCJZkNVuBnI+uw=='}
2019-11-04 17:14:37   GET:https://api.weixin.qq.com/sns/jscode2session?appid=wxb10693ce301b0503&secret=fe966f7c89ba08eccd70060f2b3f9801&js_code=0017RXhc0MApgB1zanic0FEcic07RXhp&grant_type=authorization_code
2019-11-04 17:14:37   status:200
2019-11-04 17:14:37   data:{'openid': 'oJfBH41Q13o00lX3pbhGAKUmThxA', 'session_key': 'aR7Ve65gNCJZkNVuBnI+uw=='}
2019-11-04 17:14:40   GET:https://api.weixin.qq.com/sns/jscode2session?appid=wxb10693ce301b0503&secret=fe966f7c89ba08eccd70060f2b3f9801&js_code=061wYhJL02jcVb2QyFGL0pJ9JL0wYhJH&grant_type=authorization_code
2019-11-04 17:14:40   status:200
2019-11-04 17:14:40   data:{'openid': 'oJfBH41Q13o00lX3pbhGAKUmThxA', 'session_key': 'aR7Ve65gNCJZkNVuBnI+uw=='}
2019-11-04 17:16:26   GET:https://api.weixin.qq.com/sns/jscode2session?appid=wxb10693ce301b0503&secret=fe966f7c89ba08eccd70060f2b3f9801&js_code=061g3SWf1kCIus03z2Yf17fDWf1g3SW-&grant_type=authorization_code
2019-11-04 17:16:26   status:200
2019-11-04 17:16:26   data:{'openid': 'oJfBH41Q13o00lX3pbhGAKUmThxA', 'session_key': 'LXPz+Sv0nABUwcabOmD4rQ=='}
2019-11-04 17:16:26   GET:https://api.weixin.qq.com/sns/jscode2session?appid=wxb10693ce301b0503&secret=fe966f7c89ba08eccd70060f2b3f9801&js_code=0114Hb4X0ytG2W1bvM5X0l424X04Hb4N&grant_type=authorization_code
2019-11-04 17:16:27   status:200
2019-11-04 17:16:27   data:{'openid': 'oJfBH41Q13o00lX3pbhGAKUmThxA', 'session_key': 'LXPz+Sv0nABUwcabOmD4rQ=='}
2019-11-04 17:16:51   GET:https://api.weixin.qq.com/sns/jscode2session?appid=wxb10693ce301b0503&secret=fe966f7c89ba08eccd70060f2b3f9801&js_code=011LaQ380IykVE13vS180Z9z380LaQ3j&grant_type=authorization_code
2019-11-04 17:16:51   status:200
2019-11-04 17:16:51   data:{'openid': 'oJfBH41Q13o00lX3pbhGAKUmThxA', 'session_key': 'LXPz+Sv0nABUwcabOmD4rQ=='}
2019-11-04 17:16:52   GET:https://api.weixin.qq.com/sns/jscode2session?appid=wxb10693ce301b0503&secret=fe966f7c89ba08eccd70060f2b3f9801&js_code=021Rg6yE0vJl6j2DEpxE0Ur1yE0Rg6yp&grant_type=authorization_code
2019-11-04 17:16:52   status:200
2019-11-04 17:16:52   data:{'openid': 'oJfBH41Q13o00lX3pbhGAKUmThxA', 'session_key': 'LXPz+Sv0nABUwcabOmD4rQ=='}
2019-11-04 17:21:14   GET:https://api.weixin.qq.com/sns/jscode2session?appid=wxb10693ce301b0503&secret=fe966f7c89ba08eccd70060f2b3f9801&js_code=011v7yNx0f0ddb13vKPx0yYCNx0v7yN6&grant_type=authorization_code
2019-11-04 17:21:14   status:200
2019-11-04 17:21:14   data:{'openid': 'oJfBH41Q13o00lX3pbhGAKUmThxA', 'session_key': 'c7/v8WiJIaxMm+7RsUCiQw=='}
2019-11-04 17:21:14   GET:https://api.weixin.qq.com/sns/jscode2session?appid=wxb10693ce301b0503&secret=fe966f7c89ba08eccd70060f2b3f9801&js_code=0619HW5T13Dxy41hrk9T1GBX5T19HW5n&grant_type=authorization_code
2019-11-04 17:21:14   status:200
2019-11-04 17:21:14   data:{'openid': 'oJfBH41Q13o00lX3pbhGAKUmThxA', 'session_key': 'c7/v8WiJIaxMm+7RsUCiQw=='}
2019-11-04 17:21:23   GET:https://api.weixin.qq.com/sns/jscode2session?appid=wxb10693ce301b0503&secret=fe966f7c89ba08eccd70060f2b3f9801&js_code=071rw6V41k6AiT1XPsX41M1cV41rw6VB&grant_type=authorization_code
2019-11-04 17:21:23   status:200
2019-11-04 17:21:23   data:{'openid': 'oJfBH41Q13o00lX3pbhGAKUmThxA', 'session_key': 'c7/v8WiJIaxMm+7RsUCiQw=='}
2019-11-04 17:21:23   GET:https://api.weixin.qq.com/sns/jscode2session?appid=wxb10693ce301b0503&secret=fe966f7c89ba08eccd70060f2b3f9801&js_code=071HfL4s1mUztl0H3Z5s1q7Q4s1HfL4g&grant_type=authorization_code
2019-11-04 17:21:23   status:200
2019-11-04 17:21:23   data:{'openid': 'oJfBH41Q13o00lX3pbhGAKUmThxA', 'session_key': 'c7/v8WiJIaxMm+7RsUCiQw=='}
2019-11-04 17:23:06   GET:https://api.weixin.qq.com/sns/jscode2session?appid=wxb10693ce301b0503&secret=fe966f7c89ba08eccd70060f2b3f9801&js_code=001yWduj0S1nXo1lrsvj0yJStj0yWdu-&grant_type=authorization_code
2019-11-04 17:23:06   status:200
2019-11-04 17:23:06   data:{'openid': 'oJfBH41Q13o00lX3pbhGAKUmThxA', 'session_key': 'c7/v8WiJIaxMm+7RsUCiQw=='}
2019-11-04 17:23:06   data:{'openid': 'oJfBH41Q13o00lX3pbhGAKUmThxA', 'session_key': 'c7/v8WiJIaxMm+7RsUCiQw=='}
2019-11-04 17:23:30   GET:https://api.weixin.qq.com/sns/jscode2session?appid=wxb10693ce301b0503&secret=fe966f7c89ba08eccd70060f2b3f9801&js_code=081OhsyX1eQZ501o3VxX10mAyX1Ohsyd&grant_type=authorization_code
2019-11-04 17:23:30   status:200
2019-11-04 17:23:30   data:{'openid': 'oJfBH41Q13o00lX3pbhGAKUmThxA', 'session_key': 'm9gxNb3EktL3tLYiWwI7dQ=='}
2019-11-04 17:23:30   data:{'openid': 'oJfBH41Q13o00lX3pbhGAKUmThxA', 'session_key': 'm9gxNb3EktL3tLYiWwI7dQ=='}
2019-11-04 17:42:59   GET:https://api.weixin.qq.com/sns/jscode2session?appid=wxb10693ce301b0503&secret=fe966f7c89ba08eccd70060f2b3f9801&js_code=011TOsZ20iRGZJ1X0oZ20XiHZ20TOsZM&grant_type=authorization_code
2019-11-04 17:42:59   GET:https://api.weixin.qq.com/sns/jscode2session?appid=wxb10693ce301b0503&secret=fe966f7c89ba08eccd70060f2b3f9801&js_code=011jp5MW0mizr12RMWMW06shMW0jp5MF&grant_type=authorization_code
2019-11-04 17:42:59   status:200
2019-11-04 17:42:59   data:{'openid': 'oJfBH41Q13o00lX3pbhGAKUmThxA', 'session_key': '9RC2/uZqjRMX9M/aV/glWA=='}
2019-11-04 17:42:59   status:200
2019-11-04 17:42:59   data:{'openid': 'oJfBH41Q13o00lX3pbhGAKUmThxA', 'session_key': '9RC2/uZqjRMX9M/aV/glWA=='}
2019-11-04 17:43:30   GET:https://api.weixin.qq.com/sns/jscode2session?appid=wxb10693ce301b0503&secret=fe966f7c89ba08eccd70060f2b3f9801&js_code=021q91tc1klzYv0GlIuc1YHXsc1q91tl&grant_type=authorization_code
2019-11-04 17:43:30   status:200
2019-11-04 17:43:30   data:{'openid': 'oJfBH41Q13o00lX3pbhGAKUmThxA', 'session_key': '9RC2/uZqjRMX9M/aV/glWA=='}
2019-11-04 17:43:30   GET:https://api.weixin.qq.com/sns/jscode2session?appid=wxb10693ce301b0503&secret=fe966f7c89ba08eccd70060f2b3f9801&js_code=011Po2UH1HPJ610j3oVH1NBjUH1Po2U7&grant_type=authorization_code
2019-11-04 17:43:30   status:200
2019-11-04 17:43:30   data:{'openid': 'oJfBH41Q13o00lX3pbhGAKUmThxA', 'session_key': '9RC2/uZqjRMX9M/aV/glWA=='}
2019-11-04 17:43:53   GET:https://api.weixin.qq.com/sns/jscode2session?appid=wxb10693ce301b0503&secret=fe966f7c89ba08eccd70060f2b3f9801&js_code=071ZV1bG1kRjn70T7RbG1qB3bG1ZV1b0&grant_type=authorization_code
2019-11-04 17:43:53   status:200
2019-11-04 17:43:53   data:{'openid': 'oJfBH41Q13o00lX3pbhGAKUmThxA', 'session_key': '9RC2/uZqjRMX9M/aV/glWA=='}
2019-11-04 17:43:53   GET:https://api.weixin.qq.com/sns/jscode2session?appid=wxb10693ce301b0503&secret=fe966f7c89ba08eccd70060f2b3f9801&js_code=011FvOUK0iGhL82AZnVK0j0XUK0FvOU3&grant_type=authorization_code
2019-11-04 17:43:53   status:200
2019-11-04 17:43:53   data:{'openid': 'oJfBH41Q13o00lX3pbhGAKUmThxA', 'session_key': '9RC2/uZqjRMX9M/aV/glWA=='}
2019-11-04 17:44:45   GET:https://api.weixin.qq.com/sns/jscode2session?appid=wxb10693ce301b0503&secret=fe966f7c89ba08eccd70060f2b3f9801&js_code=021UAC482EusBL0ZuC782V3x482UAC4q&grant_type=authorization_code
2019-11-04 17:44:45   status:200
2019-11-04 17:44:45   data:{'openid': 'oJfBH41Q13o00lX3pbhGAKUmThxA', 'session_key': '9RC2/uZqjRMX9M/aV/glWA=='}
2019-11-04 17:44:45   GET:https://api.weixin.qq.com/sns/jscode2session?appid=wxb10693ce301b0503&secret=fe966f7c89ba08eccd70060f2b3f9801&js_code=071PnAxE1i1M090neOwE1QzyxE1PnAxr&grant_type=authorization_code
2019-11-04 17:44:45   status:200
2019-11-04 17:44:45   data:{'openid': 'oJfBH41Q13o00lX3pbhGAKUmThxA', 'session_key': '9RC2/uZqjRMX9M/aV/glWA=='}
2019-11-04 17:45:09   GET:https://api.weixin.qq.com/sns/jscode2session?appid=wxb10693ce301b0503&secret=fe966f7c89ba08eccd70060f2b3f9801&js_code=071VvYmm1cLmbr0gY1lm11QQmm1VvYmg&grant_type=authorization_code
2019-11-04 17:45:09   status:200
2019-11-04 17:45:09   data:{'openid': 'oJfBH41Q13o00lX3pbhGAKUmThxA', 'session_key': 'C7lZt4BXq8OkTsLAJo6Ukw=='}
2019-11-04 17:45:10   GET:https://api.weixin.qq.com/sns/jscode2session?appid=wxb10693ce301b0503&secret=fe966f7c89ba08eccd70060f2b3f9801&js_code=02145DAe2lRQ3J0yUwwe2gKDAe245DAi&grant_type=authorization_code
2019-11-04 17:45:10   status:200
2019-11-04 17:45:10   data:{'openid': 'oJfBH41Q13o00lX3pbhGAKUmThxA', 'session_key': 'C7lZt4BXq8OkTsLAJo6Ukw=='}
2019-11-04 17:45:29   GET:https://api.weixin.qq.com/sns/jscode2session?appid=wxb10693ce301b0503&secret=fe966f7c89ba08eccd70060f2b3f9801&js_code=011nUWkY1YZvjZ03zUkY1AfGkY1nUWk0&grant_type=authorization_code
2019-11-04 17:45:29   status:200
2019-11-04 17:45:29   data:{'openid': 'oJfBH41Q13o00lX3pbhGAKUmThxA', 'session_key': 'C7lZt4BXq8OkTsLAJo6Ukw=='}
2019-11-04 17:45:29   GET:https://api.weixin.qq.com/sns/jscode2session?appid=wxb10693ce301b0503&secret=fe966f7c89ba08eccd70060f2b3f9801&js_code=001z97EM0IWxzb2ioZEM0J4cEM0z97E5&grant_type=authorization_code
2019-11-04 17:45:29   status:200
2019-11-04 17:45:29   data:{'openid': 'oJfBH41Q13o00lX3pbhGAKUmThxA', 'session_key': 'C7lZt4BXq8OkTsLAJo6Ukw=='}
2019-11-04 17:45:50   GET:https://api.weixin.qq.com/sns/jscode2session?appid=wxb10693ce301b0503&secret=fe966f7c89ba08eccd70060f2b3f9801&js_code=061SzPZ50cHV0D1mgJY50N9a060SzPZr&grant_type=authorization_code
2019-11-04 17:45:50   status:200
2019-11-04 17:45:50   data:{'openid': 'oJfBH41Q13o00lX3pbhGAKUmThxA', 'session_key': 'C7lZt4BXq8OkTsLAJo6Ukw=='}
2019-11-04 17:45:51   GET:https://api.weixin.qq.com/sns/jscode2session?appid=wxb10693ce301b0503&secret=fe966f7c89ba08eccd70060f2b3f9801&js_code=001TKLrQ01AGc72IpwvQ0KkrrQ0TKLre&grant_type=authorization_code
2019-11-04 17:45:51   status:200
2019-11-04 17:45:51   data:{'openid': 'oJfBH41Q13o00lX3pbhGAKUmThxA', 'session_key': 'C7lZt4BXq8OkTsLAJo6Ukw=='}
2019-11-04 17:46:05   GET:https://api.weixin.qq.com/sns/jscode2session?appid=wxb10693ce301b0503&secret=fe966f7c89ba08eccd70060f2b3f9801&js_code=001bELHr0c90jh1WcEGr0E74Ir0bELHj&grant_type=authorization_code
2019-11-04 17:46:05   status:200
2019-11-04 17:46:05   data:{'openid': 'oJfBH41Q13o00lX3pbhGAKUmThxA', 'session_key': 'C7lZt4BXq8OkTsLAJo6Ukw=='}
2019-11-04 17:46:05   GET:https://api.weixin.qq.com/sns/jscode2session?appid=wxb10693ce301b0503&secret=fe966f7c89ba08eccd70060f2b3f9801&js_code=021ox37r0ZNhrm1q1b9r0gpc7r0ox37x&grant_type=authorization_code
2019-11-04 17:46:05   status:200
2019-11-04 17:46:05   data:{'openid': 'oJfBH41Q13o00lX3pbhGAKUmThxA', 'session_key': 'C7lZt4BXq8OkTsLAJo6Ukw=='}
2019-11-04 17:46:37   GET:https://api.weixin.qq.com/sns/jscode2session?appid=wxb10693ce301b0503&secret=fe966f7c89ba08eccd70060f2b3f9801&js_code=021RudtM1vBRc71JHxrM1M9SsM1Rudtg&grant_type=authorization_code
2019-11-04 17:46:37   status:200
2019-11-04 17:46:37   data:{'openid': 'oJfBH41Q13o00lX3pbhGAKUmThxA', 'session_key': 'C7lZt4BXq8OkTsLAJo6Ukw=='}
2019-11-04 17:46:37   GET:https://api.weixin.qq.com/sns/jscode2session?appid=wxb10693ce301b0503&secret=fe966f7c89ba08eccd70060f2b3f9801&js_code=0013HSfX1aTLX01DXvfX1eHGfX13HSfo&grant_type=authorization_code
2019-11-04 17:46:37   status:200
2019-11-04 17:46:37   data:{'openid': 'oJfBH41Q13o00lX3pbhGAKUmThxA', 'session_key': 'C7lZt4BXq8OkTsLAJo6Ukw=='}
2019-11-04 17:47:17   GET:https://api.weixin.qq.com/sns/jscode2session?appid=wxb10693ce301b0503&secret=fe966f7c89ba08eccd70060f2b3f9801&js_code=001pYUul1WBFWm0Rr4sl1M2Wul1pYUuU&grant_type=authorization_code
2019-11-04 17:47:17   status:200
2019-11-04 17:47:17   data:{'openid': 'oJfBH41Q13o00lX3pbhGAKUmThxA', 'session_key': 'JsBl5ETJkEf5qrZrC7qC3w=='}
2019-11-04 17:47:17   GET:https://api.weixin.qq.com/sns/jscode2session?appid=wxb10693ce301b0503&secret=fe966f7c89ba08eccd70060f2b3f9801&js_code=07137i8u14uije0orR9u1Emh8u137i8f&grant_type=authorization_code
2019-11-04 17:47:18   status:200
2019-11-04 17:47:18   data:{'openid': 'oJfBH41Q13o00lX3pbhGAKUmThxA', 'session_key': 'JsBl5ETJkEf5qrZrC7qC3w=='}
2019-11-04 17:47:36   GET:https://api.weixin.qq.com/sns/jscode2session?appid=wxb10693ce301b0503&secret=fe966f7c89ba08eccd70060f2b3f9801&js_code=071zwS8G0Dk1Yc2Hno8G0SMQ8G0zwS8E&grant_type=authorization_code
2019-11-04 17:47:36   GET:https://api.weixin.qq.com/sns/jscode2session?appid=wxb10693ce301b0503&secret=fe966f7c89ba08eccd70060f2b3f9801&js_code=001PjOJy1VeMH90hu9Jy1N1JJy1PjOJy&grant_type=authorization_code
2019-11-04 17:47:36   status:200
2019-11-04 17:47:36   data:{'openid': 'oJfBH41Q13o00lX3pbhGAKUmThxA', 'session_key': 'JsBl5ETJkEf5qrZrC7qC3w=='}
2019-11-04 17:47:36   status:200
2019-11-04 17:47:36   data:{'openid': 'oJfBH41Q13o00lX3pbhGAKUmThxA', 'session_key': 'JsBl5ETJkEf5qrZrC7qC3w=='}
2019-11-04 17:48:02   GET:https://api.weixin.qq.com/sns/jscode2session?appid=wxb10693ce301b0503&secret=fe966f7c89ba08eccd70060f2b3f9801&js_code=021yUnj20CJMFK1Ygii20n6fj20yUnjI&grant_type=authorization_code
2019-11-04 17:48:02   status:200
2019-11-04 17:48:02   data:{'openid': 'oJfBH41Q13o00lX3pbhGAKUmThxA', 'session_key': 'JsBl5ETJkEf5qrZrC7qC3w=='}
2019-11-04 17:48:02   GET:https://api.weixin.qq.com/sns/jscode2session?appid=wxb10693ce301b0503&secret=fe966f7c89ba08eccd70060f2b3f9801&js_code=071Reus609N5ZB1bIuw60roMs60ReusX&grant_type=authorization_code
2019-11-04 17:48:03   status:200
2019-11-04 17:48:03   data:{'openid': 'oJfBH41Q13o00lX3pbhGAKUmThxA', 'session_key': 'JsBl5ETJkEf5qrZrC7qC3w=='}
2019-11-04 17:48:22   GET:https://api.weixin.qq.com/sns/jscode2session?appid=wxb10693ce301b0503&secret=fe966f7c89ba08eccd70060f2b3f9801&js_code=0614anj02nrImT0QBvg02avmj024anjt&grant_type=authorization_code
2019-11-04 17:48:22   status:200
2019-11-04 17:48:22   data:{'openid': 'oJfBH41Q13o00lX3pbhGAKUmThxA', 'session_key': 'JsBl5ETJkEf5qrZrC7qC3w=='}
2019-11-04 17:48:22   GET:https://api.weixin.qq.com/sns/jscode2session?appid=wxb10693ce301b0503&secret=fe966f7c89ba08eccd70060f2b3f9801&js_code=021ijTsd2eYYDF0bDksd2EZYsd2ijTsm&grant_type=authorization_code
2019-11-04 17:48:22   status:200
2019-11-04 17:48:22   data:{'openid': 'oJfBH41Q13o00lX3pbhGAKUmThxA', 'session_key': 'JsBl5ETJkEf5qrZrC7qC3w=='}
2019-11-04 17:48:32   GET:https://api.weixin.qq.com/sns/jscode2session?appid=wxb10693ce301b0503&secret=fe966f7c89ba08eccd70060f2b3f9801&js_code=0618leQJ0cNRP92OBhSJ0iYqQJ08leQJ&grant_type=authorization_code
2019-11-04 17:48:32   status:200
2019-11-04 17:48:32   data:{'openid': 'oJfBH41Q13o00lX3pbhGAKUmThxA', 'session_key': 'JsBl5ETJkEf5qrZrC7qC3w=='}
2019-11-04 17:48:59   ('data DoesNotExist',)
2019-11-04 17:48:59   GET:https://api.weixin.qq.com/sns/jscode2session?appid=wxb10693ce301b0503&secret=fe966f7c89ba08eccd70060f2b3f9801&js_code=001c1p0c1T3brw0ugFXb1jmx0c1c1p0g&grant_type=authorization_code
2019-11-04 17:48:59   status:200
2019-11-04 17:48:59   data:{'openid': 'oJfBH41Q13o00lX3pbhGAKUmThxA', 'session_key': 'JsBl5ETJkEf5qrZrC7qC3w=='}
2019-11-04 17:50:27   GET:https://api.weixin.qq.com/sns/jscode2session?appid=wxb10693ce301b0503&secret=fe966f7c89ba08eccd70060f2b3f9801&js_code=061R9n7l1u7dkn066f7l1bsg7l1R9n7j&grant_type=authorization_code
2019-11-04 17:50:27   status:200
2019-11-04 17:50:27   data:{'openid': 'oJfBH41Q13o00lX3pbhGAKUmThxA', 'session_key': 'RDDAyKXtDPZzPE86DC0tPw=='}
2019-11-04 17:50:27   ('more than 1 processing activity',)
2019-11-04 17:50:40   GET:https://api.weixin.qq.com/sns/jscode2session?appid=wxb10693ce301b0503&secret=fe966f7c89ba08eccd70060f2b3f9801&js_code=021L2Hz80VrtpE10QKy80vqMz80L2Hz2&grant_type=authorization_code
2019-11-04 17:50:40   status:200
2019-11-04 17:50:40   data:{'openid': 'oJfBH41Q13o00lX3pbhGAKUmThxA', 'session_key': 'RDDAyKXtDPZzPE86DC0tPw=='}
2019-11-04 17:50:40   ('more than 1 processing activity',)
2019-11-04 17:50:44   GET:https://api.weixin.qq.com/sns/jscode2session?appid=wxb10693ce301b0503&secret=fe966f7c89ba08eccd70060f2b3f9801&js_code=001nvA6h0j3ASv1YOq7h0Pjz6h0nvA6F&grant_type=authorization_code
2019-11-04 17:50:44   status:200
2019-11-04 17:50:44   data:{'openid': 'oJfBH41Q13o00lX3pbhGAKUmThxA', 'session_key': 'RDDAyKXtDPZzPE86DC0tPw=='}
2019-11-04 17:50:44   ('more than 1 processing activity',)
2019-11-04 17:51:18   GET:https://api.weixin.qq.com/sns/jscode2session?appid=wxb10693ce301b0503&secret=fe966f7c89ba08eccd70060f2b3f9801&js_code=061Xi6jg1duGHs0eJaig1IWujg1Xi6jO&grant_type=authorization_code
2019-11-04 17:51:18   status:200
2019-11-04 17:51:18   data:{'openid': 'oJfBH41Q13o00lX3pbhGAKUmThxA', 'session_key': 'RDDAyKXtDPZzPE86DC0tPw=='}
2019-11-04 17:51:51   GET:https://api.weixin.qq.com/sns/jscode2session?appid=wxb10693ce301b0503&secret=fe966f7c89ba08eccd70060f2b3f9801&js_code=081q1hfe2TANqF00F1ge2cnkfe2q1hfl&grant_type=authorization_code
2019-11-04 17:51:51   status:200
2019-11-04 17:51:51   data:{'openid': 'oJfBH41Q13o00lX3pbhGAKUmThxA', 'session_key': 'RDDAyKXtDPZzPE86DC0tPw=='}
2019-11-04 17:51:51   ('no processing activity',)
2019-11-04 17:51:53   GET:https://api.weixin.qq.com/sns/jscode2session?appid=wxb10693ce301b0503&secret=fe966f7c89ba08eccd70060f2b3f9801&js_code=021GHXnx0JWOCb1kPSpx0BHOnx0GHXn7&grant_type=authorization_code
2019-11-04 17:51:53   status:200
2019-11-04 17:51:53   data:{'openid': 'oJfBH41Q13o00lX3pbhGAKUmThxA', 'session_key': 'RDDAyKXtDPZzPE86DC0tPw=='}
2019-11-04 17:51:53   ('no processing activity',)
2019-11-04 17:52:13   GET:https://api.weixin.qq.com/sns/jscode2session?appid=wxb10693ce301b0503&secret=fe966f7c89ba08eccd70060f2b3f9801&js_code=071crO8r1t1mQl0J0tbr1ZXC8r1crO8k&grant_type=authorization_code
2019-11-04 17:52:14   status:200
2019-11-04 17:52:14   data:{'openid': 'oJfBH41Q13o00lX3pbhGAKUmThxA', 'session_key': 'RDDAyKXtDPZzPE86DC0tPw=='}
2019-11-04 17:52:52   GET:https://api.weixin.qq.com/sns/jscode2session?appid=wxb10693ce301b0503&secret=fe966f7c89ba08eccd70060f2b3f9801&js_code=071hwKTF039lMd2F21WF0K91UF0hwKTO&grant_type=authorization_code
2019-11-04 17:52:52   status:200
2019-11-04 17:52:52   data:{'openid': 'oJfBH41Q13o00lX3pbhGAKUmThxA', 'session_key': 'WdVzjvNZ6RUoBowrVyQtsQ=='}
2019-11-04 17:53:16   ('data DoesNotExist',)
2019-11-04 17:53:25   GET:https://api.weixin.qq.com/sns/jscode2session?appid=wxb10693ce301b0503&secret=fe966f7c89ba08eccd70060f2b3f9801&js_code=011jng6k2Eoo7E0Gsp4k2ane6k2jng6U&grant_type=authorization_code
2019-11-04 17:53:25   status:200
2019-11-04 17:53:25   data:{'openid': 'oJfBH41Q13o00lX3pbhGAKUmThxA', 'session_key': 'WdVzjvNZ6RUoBowrVyQtsQ=='}
2019-11-04 17:53:36   GET:https://api.weixin.qq.com/sns/jscode2session?appid=wxb10693ce301b0503&secret=fe966f7c89ba08eccd70060f2b3f9801&js_code=081xwArH1H3bz10bLZpH1vlErH1xwAra&grant_type=authorization_code
2019-11-04 17:53:36   status:200
2019-11-04 17:53:36   data:{'openid': 'oJfBH41Q13o00lX3pbhGAKUmThxA', 'session_key': 'WdVzjvNZ6RUoBowrVyQtsQ=='}
2019-11-04 17:53:38   GET:https://api.weixin.qq.com/sns/jscode2session?appid=wxb10693ce301b0503&secret=fe966f7c89ba08eccd70060f2b3f9801&js_code=081DbjXF0hBMId2EvmYF0NV9XF0DbjXL&grant_type=authorization_code
2019-11-04 17:53:38   status:200
2019-11-04 17:53:38   data:{'openid': 'oJfBH41Q13o00lX3pbhGAKUmThxA', 'session_key': 'WdVzjvNZ6RUoBowrVyQtsQ=='}
2019-11-04 17:54:34   GET:https://api.weixin.qq.com/sns/jscode2session?appid=wxb10693ce301b0503&secret=fe966f7c89ba08eccd70060f2b3f9801&js_code=061yBGOg2qUciC0eYtNg2unrOg2yBGOt&grant_type=authorization_code
2019-11-04 17:54:34   status:200
2019-11-04 17:54:34   data:{'openid': 'oJfBH41Q13o00lX3pbhGAKUmThxA', 'session_key': 'WdVzjvNZ6RUoBowrVyQtsQ=='}
2019-11-04 17:54:34   GET:https://api.weixin.qq.com/sns/jscode2session?appid=wxb10693ce301b0503&secret=fe966f7c89ba08eccd70060f2b3f9801&js_code=021AoPbH1k1Kf10nH3eH1pnHbH1AoPbG&grant_type=authorization_code
2019-11-04 17:54:34   status:200
2019-11-04 17:54:34   data:{'openid': 'oJfBH41Q13o00lX3pbhGAKUmThxA', 'session_key': 'WdVzjvNZ6RUoBowrVyQtsQ=='}
2019-11-04 17:54:53   GET:https://api.weixin.qq.com/sns/jscode2session?appid=wxb10693ce301b0503&secret=fe966f7c89ba08eccd70060f2b3f9801&js_code=001SQulZ0lFYiY1Ed8lZ0ngnlZ0SQulj&grant_type=authorization_code
2019-11-04 17:54:53   status:200
2019-11-04 17:54:53   data:{'openid': 'oJfBH41Q13o00lX3pbhGAKUmThxA', 'session_key': 'ORkP0OJAvdZndjIoDAiSCg=='}
2019-11-04 17:54:53   GET:https://api.weixin.qq.com/sns/jscode2session?appid=wxb10693ce301b0503&secret=fe966f7c89ba08eccd70060f2b3f9801&js_code=061qM2lz1Hyw690zDbmz1sU7lz1qM2lH&grant_type=authorization_code
2019-11-04 17:54:53   status:200
2019-11-04 17:54:53   data:{'openid': 'oJfBH41Q13o00lX3pbhGAKUmThxA', 'session_key': 'ORkP0OJAvdZndjIoDAiSCg=='}
2019-11-04 17:55:19   GET:https://api.weixin.qq.com/sns/jscode2session?appid=wxb10693ce301b0503&secret=fe966f7c89ba08eccd70060f2b3f9801&js_code=071P5iTM0yqaLa2gH0SM08YiTM0P5iTk&grant_type=authorization_code
2019-11-04 17:55:19   status:200
2019-11-04 17:55:19   data:{'openid': 'oJfBH41Q13o00lX3pbhGAKUmThxA', 'session_key': 'ORkP0OJAvdZndjIoDAiSCg=='}
2019-11-04 17:55:19   GET:https://api.weixin.qq.com/sns/jscode2session?appid=wxb10693ce301b0503&secret=fe966f7c89ba08eccd70060f2b3f9801&js_code=011wUuIf1VLhit0TaDKf1hfmIf1wUuIT&grant_type=authorization_code
2019-11-04 17:55:19   status:200
2019-11-04 17:55:19   data:{'openid': 'oJfBH41Q13o00lX3pbhGAKUmThxA', 'session_key': 'ORkP0OJAvdZndjIoDAiSCg=='}
2019-11-04 17:56:03   GET:https://api.weixin.qq.com/sns/jscode2session?appid=wxb10693ce301b0503&secret=fe966f7c89ba08eccd70060f2b3f9801&js_code=061hBX9i1gUcPu0joO8i1qXC9i1hBX9j&grant_type=authorization_code
2019-11-04 17:56:04   GET:https://api.weixin.qq.com/sns/jscode2session?appid=wxb10693ce301b0503&secret=fe966f7c89ba08eccd70060f2b3f9801&js_code=021qzDOZ1l7fiT0D2HLZ1LGvOZ1qzDOH&grant_type=authorization_code
2019-11-04 17:56:04   status:200
2019-11-04 17:56:04   data:{'openid': 'oJfBH41Q13o00lX3pbhGAKUmThxA', 'session_key': 'ORkP0OJAvdZndjIoDAiSCg=='}
2019-11-04 17:56:04   status:200
2019-11-04 17:56:04   data:{'openid': 'oJfBH41Q13o00lX3pbhGAKUmThxA', 'session_key': 'ORkP0OJAvdZndjIoDAiSCg=='}
2019-11-04 17:56:10   GET:https://api.weixin.qq.com/sns/jscode2session?appid=wxb10693ce301b0503&secret=fe966f7c89ba08eccd70060f2b3f9801&js_code=011GpUdh1KcRMr0gSech13TNdh1GpUdJ&grant_type=authorization_code
2019-11-04 17:56:10   status:200
2019-11-04 17:56:10   data:{'openid': 'oJfBH41Q13o00lX3pbhGAKUmThxA', 'session_key': 'ORkP0OJAvdZndjIoDAiSCg=='}
2019-11-04 17:56:10   GET:https://api.weixin.qq.com/sns/jscode2session?appid=wxb10693ce301b0503&secret=fe966f7c89ba08eccd70060f2b3f9801&js_code=011zFFB01v6N2X1Q1cE01uHQB01zFFBJ&grant_type=authorization_code
2019-11-04 17:56:10   status:200
2019-11-04 17:56:10   data:{'openid': 'oJfBH41Q13o00lX3pbhGAKUmThxA', 'session_key': 'ORkP0OJAvdZndjIoDAiSCg=='}
2019-11-04 17:56:55   GET:https://api.weixin.qq.com/sns/jscode2session?appid=wxb10693ce301b0503&secret=fe966f7c89ba08eccd70060f2b3f9801&js_code=0612ERyf0ZIHSs1L3MBf0cjEyf02ERyK&grant_type=authorization_code
2019-11-04 17:56:55   status:200
2019-11-04 17:56:55   data:{'openid': 'oJfBH41Q13o00lX3pbhGAKUmThxA', 'session_key': 'Lj9dN3M7Hg4/mDwsDSFu+g=='}
2019-11-04 17:56:56   GET:https://api.weixin.qq.com/sns/jscode2session?appid=wxb10693ce301b0503&secret=fe966f7c89ba08eccd70060f2b3f9801&js_code=021SuVVR1HfxI51cz0UR1mBYVR1SuVV4&grant_type=authorization_code
2019-11-04 17:56:56   status:200
2019-11-04 17:56:56   data:{'openid': 'oJfBH41Q13o00lX3pbhGAKUmThxA', 'session_key': 'Lj9dN3M7Hg4/mDwsDSFu+g=='}
2019-11-04 17:57:18   GET:https://api.weixin.qq.com/sns/jscode2session?appid=wxb10693ce301b0503&secret=fe966f7c89ba08eccd70060f2b3f9801&js_code=071Adwh72mxWmQ0zZHi72UMyh72Adwhs&grant_type=authorization_code
2019-11-04 17:57:18   status:200
2019-11-04 17:57:18   data:{'openid': 'oJfBH41Q13o00lX3pbhGAKUmThxA', 'session_key': 'Lj9dN3M7Hg4/mDwsDSFu+g=='}
2019-11-04 17:57:55   GET:https://api.weixin.qq.com/sns/jscode2session?appid=wxb10693ce301b0503&secret=fe966f7c89ba08eccd70060f2b3f9801&js_code=001AYX5E0x1H7k2rX59E0wk36E0AYX56&grant_type=authorization_code
2019-11-04 17:57:55   status:200
2019-11-04 17:57:55   data:{'openid': 'oJfBH41Q13o00lX3pbhGAKUmThxA', 'session_key': 'Lj9dN3M7Hg4/mDwsDSFu+g=='}
2019-11-04 17:57:56   GET:https://api.weixin.qq.com/sns/jscode2session?appid=wxb10693ce301b0503&secret=fe966f7c89ba08eccd70060f2b3f9801&js_code=001rhXtZ02iwaY1qYtuZ04x0uZ0rhXtI&grant_type=authorization_code
2019-11-04 17:57:56   status:200
2019-11-04 17:57:56   data:{'openid': 'oJfBH41Q13o00lX3pbhGAKUmThxA', 'session_key': 'Lj9dN3M7Hg4/mDwsDSFu+g=='}
2019-11-04 17:58:08   GET:https://api.weixin.qq.com/sns/jscode2session?appid=wxb10693ce301b0503&secret=fe966f7c89ba08eccd70060f2b3f9801&js_code=021jCHOh0DGsav1BNERh0JQyOh0jCHOE&grant_type=authorization_code
2019-11-04 17:58:09   status:200
2019-11-04 17:58:09   data:{'openid': 'oJfBH41Q13o00lX3pbhGAKUmThxA', 'session_key': 'Lj9dN3M7Hg4/mDwsDSFu+g=='}
2019-11-04 17:58:46   GET:https://api.weixin.qq.com/sns/jscode2session?appid=wxb10693ce301b0503&secret=fe966f7c89ba08eccd70060f2b3f9801&js_code=061GHoPs04Lnbg1Zw5Qs0WyHPs0GHoP1&grant_type=authorization_code
2019-11-04 17:58:46   status:200
2019-11-04 17:58:46   data:{'openid': 'oJfBH41Q13o00lX3pbhGAKUmThxA', 'session_key': 'Lj9dN3M7Hg4/mDwsDSFu+g=='}
2019-11-04 17:59:00   GET:https://api.weixin.qq.com/sns/jscode2session?appid=wxb10693ce301b0503&secret=fe966f7c89ba08eccd70060f2b3f9801&js_code=011m3qeh0qrKKv1fA8dh09Lkeh0m3qeX&grant_type=authorization_code
2019-11-04 17:59:00   status:200
2019-11-04 17:59:00   data:{'openid': 'oJfBH41Q13o00lX3pbhGAKUmThxA', 'session_key': 'cwIUocUyk+F5x+TGfjPc/w=='}
2019-11-04 18:01:45   GET:https://api.weixin.qq.com/sns/jscode2session?appid=wxb10693ce301b0503&secret=fe966f7c89ba08eccd70060f2b3f9801&js_code=061sbSDL1Zj0t71KwlFL1CPTDL1sbSDy&grant_type=authorization_code
2019-11-04 18:01:45   status:200
2019-11-04 18:01:45   data:{'openid': 'oJfBH41Q13o00lX3pbhGAKUmThxA', 'session_key': 'Zz6N52ERFSpF+AYV/fq94Q=='}
2019-11-04 18:01:45   GET:https://api.weixin.qq.com/sns/jscode2session?appid=wxb10693ce301b0503&secret=fe966f7c89ba08eccd70060f2b3f9801&js_code=081TpHX404853E19DMU402JCX40TpHXM&grant_type=authorization_code
2019-11-04 18:01:45   status:200
2019-11-04 18:01:45   data:{'openid': 'oJfBH41Q13o00lX3pbhGAKUmThxA', 'session_key': 'Zz6N52ERFSpF+AYV/fq94Q=='}
2019-11-04 18:01:50   GET:https://api.weixin.qq.com/sns/jscode2session?appid=wxb10693ce301b0503&secret=fe966f7c89ba08eccd70060f2b3f9801&js_code=021TRBGP03Ggq326HhJP08UCGP0TRBGf&grant_type=authorization_code
2019-11-04 18:01:50   status:200
2019-11-04 18:01:50   data:{'openid': 'oJfBH41Q13o00lX3pbhGAKUmThxA', 'session_key': 'Zz6N52ERFSpF+AYV/fq94Q=='}
2019-11-04 18:01:50   GET:https://api.weixin.qq.com/sns/jscode2session?appid=wxb10693ce301b0503&secret=fe966f7c89ba08eccd70060f2b3f9801&js_code=0212sDh10wUW9H1vsvk1012zh102sDh5&grant_type=authorization_code
2019-11-04 18:01:51   status:200
2019-11-04 18:01:51   data:{'openid': 'oJfBH41Q13o00lX3pbhGAKUmThxA', 'session_key': 'Zz6N52ERFSpF+AYV/fq94Q=='}
