2019-11-11 09:56:24   ('data DoesNotExist',)
2019-11-11 09:57:25   ('data DoesNotExist',)
2019-11-11 09:57:57   ('data DoesNotExist',)
2019-11-11 10:05:27   ('data DoesNotExist',)
2019-11-11 10:12:12   ('data DoesNotExist',)
2019-11-11 10:12:37   ('data DoesNotExist',)
2019-11-11 10:14:53   ('data DoesNotExist',)
2019-11-11 10:15:41   ('data DoesNotExist',)
2019-11-11 10:16:44   ('data DoesNotExist',)
2019-11-11 10:21:17   ('data DoesNotExist',)
2019-11-11 10:21:17   ('ValidationError',)
2019-11-11 10:21:17   ('ValidationError',)
2019-11-11 10:37:30   ('data DoesNotExist',)
2019-11-11 10:37:39   ('data DoesNotExist',)
2019-11-11 10:38:25   ('data DoesNotExist',)
2019-11-11 10:44:05   ('data DoesNotExist',)
2019-11-11 10:44:29   ('data DoesNotExist',)
2019-11-11 11:09:38   ('data DoesNotExist',)
2019-11-11 11:18:11   ('data DoesNotExist',)
2019-11-11 11:18:28   ('data DoesNotExist',)
2019-11-11 11:18:32   ('data DoesNotExist',)
2019-11-11 11:18:44   ('data DoesNotExist',)
2019-11-11 11:18:47   ('data DoesNotExist',)
2019-11-11 11:24:32   ('data DoesNotExist',)
2019-11-11 11:24:37   ('data DoesNotExist',)
2019-11-11 11:28:34   ('data DoesNotExist',)
2019-11-11 11:29:06   ('data DoesNotExist',)
2019-11-11 12:37:09   ('data DoesNotExist',)
2019-11-11 14:35:10   ({},)
2019-11-11 14:47:16   (<InMemoryUploadedFile: staff.txt (text/plain)>,)
2019-11-11 14:49:21   (<InMemoryUploadedFile: staff.txt (text/plain)>,)
2019-11-11 14:52:46   (<InMemoryUploadedFile: staff.txt (text/plain)>,)
2019-11-11 14:56:25   (<InMemoryUploadedFile: staff.txt (text/plain)>,)
2019-11-11 14:59:57   (<InMemoryUploadedFile: staff.txt (text/plain)>,)
2019-11-11 15:01:02   (<InMemoryUploadedFile: staff.txt (text/plain)>,)
2019-11-11 15:08:55   (<InMemoryUploadedFile: staff.txt (text/plain)>,)
2019-11-11 15:35:21   GET:https://api.weixin.qq.com/sns/jscode2session?appid=wxb10693ce301b0503&secret=fe966f7c89ba08eccd70060f2b3f9801&js_code=071ut8XK01aum82gimUK0qxqXK0ut8XL&grant_type=authorization_code
2019-11-11 15:35:21   status:200
2019-11-11 15:35:21   data:{'session_key': '3TIbfNpByaZefZT5G5Luvw==', 'openid': 'oJfBH41Q13o00lX3pbhGAKUmThxA'}
2019-11-11 15:35:28   GET:https://api.weixin.qq.com/sns/jscode2session?appid=wxb10693ce301b0503&secret=fe966f7c89ba08eccd70060f2b3f9801&js_code=071HjSul0B4KRr1kPgul05p6vl0HjSuE&grant_type=authorization_code
2019-11-11 15:35:28   status:200
2019-11-11 15:35:28   data:{'session_key': '3TIbfNpByaZefZT5G5Luvw==', 'openid': 'oJfBH41Q13o00lX3pbhGAKUmThxA'}
2019-11-11 15:36:05   GET:https://api.weixin.qq.com/sns/jscode2session?appid=wxb10693ce301b0503&secret=fe966f7c89ba08eccd70060f2b3f9801&js_code=071zWDTq1EXr9m0Ub3Sq1eTrTq1zWDTI&grant_type=authorization_code
2019-11-11 15:36:06   status:200
2019-11-11 15:36:06   data:{'session_key': '3TIbfNpByaZefZT5G5Luvw==', 'openid': 'oJfBH41Q13o00lX3pbhGAKUmThxA'}
2019-11-11 15:36:12   ('data DoesNotExist',)
2019-11-11 15:36:12   GET:https://api.weixin.qq.com/sns/jscode2session?appid=wxb10693ce301b0503&secret=fe966f7c89ba08eccd70060f2b3f9801&js_code=061Dnod50BqtpD1wgxc50j2Ed50DnodT&grant_type=authorization_code
2019-11-11 15:36:12   status:200
2019-11-11 15:36:12   data:{'session_key': '3TIbfNpByaZefZT5G5Luvw==', 'openid': 'oJfBH41Q13o00lX3pbhGAKUmThxA'}
2019-11-11 15:36:42   GET:https://api.weixin.qq.com/sns/jscode2session?appid=wxb10693ce301b0503&secret=fe966f7c89ba08eccd70060f2b3f9801&js_code=061gQxfL1qIzk81giWeL1LVTfL1gQxfW&grant_type=authorization_code
2019-11-11 15:36:43   status:200
2019-11-11 15:36:43   data:{'session_key': '3TIbfNpByaZefZT5G5Luvw==', 'openid': 'oJfBH41Q13o00lX3pbhGAKUmThxA'}
2019-11-11 15:37:05   ('data DoesNotExist',)
2019-11-11 15:37:05   GET:https://api.weixin.qq.com/sns/jscode2session?appid=wxb10693ce301b0503&secret=fe966f7c89ba08eccd70060f2b3f9801&js_code=071YWUbr0jhehm1vp8dr08C0cr0YWUbT&grant_type=authorization_code
2019-11-11 15:37:05   status:200
2019-11-11 15:37:05   data:{'session_key': '3TIbfNpByaZefZT5G5Luvw==', 'openid': 'oJfBH41Q13o00lX3pbhGAKUmThxA'}
2019-11-11 15:37:18   GET:https://api.weixin.qq.com/sns/jscode2session?appid=wxb10693ce301b0503&secret=fe966f7c89ba08eccd70060f2b3f9801&js_code=011cIKw51eGSAS1KPqv51Vqzw51cIKw2&grant_type=authorization_code
2019-11-11 15:37:18   status:200
2019-11-11 15:37:18   data:{'session_key': '3TIbfNpByaZefZT5G5Luvw==', 'openid': 'oJfBH41Q13o00lX3pbhGAKUmThxA'}
2019-11-11 15:37:55   GET:https://api.weixin.qq.com/sns/jscode2session?appid=wxb10693ce301b0503&secret=fe966f7c89ba08eccd70060f2b3f9801&js_code=011TJ1AR1y0YA11Pf5AR1YjEzR1TJ1AO&grant_type=authorization_code
2019-11-11 15:37:55   status:200
2019-11-11 15:37:55   data:{'session_key': 'iULUDdfMFT1M/X0i+6SiTw==', 'openid': 'oJfBH41Q13o00lX3pbhGAKUmThxA'}
2019-11-11 15:38:47   ('data DoesNotExist',)
2019-11-11 15:38:47   ('ValidationError',)
2019-11-11 15:38:47   GET:https://api.weixin.qq.com/sns/jscode2session?appid=wxb10693ce301b0503&secret=fe966f7c89ba08eccd70060f2b3f9801&js_code=061ml2Uy1n8hJ90svDSy11POTy1ml2UU&grant_type=authorization_code
2019-11-11 15:38:47   status:200
2019-11-11 15:38:47   data:{'session_key': 'iULUDdfMFT1M/X0i+6SiTw==', 'openid': 'oJfBH41Q13o00lX3pbhGAKUmThxA'}
2019-11-11 15:39:21   GET:https://api.weixin.qq.com/sns/jscode2session?appid=wxb10693ce301b0503&secret=fe966f7c89ba08eccd70060f2b3f9801&js_code=001VzIl32WIy5Q0Nabj32S3Cl32VzIls&grant_type=authorization_code
2019-11-11 15:39:21   status:200
2019-11-11 15:39:21   data:{'session_key': 'iULUDdfMFT1M/X0i+6SiTw==', 'openid': 'oJfBH41Q13o00lX3pbhGAKUmThxA'}
2019-11-11 15:40:20   GET:https://api.weixin.qq.com/sns/jscode2session?appid=wxb10693ce301b0503&secret=fe966f7c89ba08eccd70060f2b3f9801&js_code=001xv48i2VZAlB0GFu8i2KYR7i2xv48V&grant_type=authorization_code
2019-11-11 15:40:20   status:200
2019-11-11 15:40:20   data:{'session_key': '0YllGspulLFUw6B0QVV2Gg==', 'openid': 'oJfBH41Q13o00lX3pbhGAKUmThxA'}
2019-11-11 15:40:28   ('data DoesNotExist',)
2019-11-11 15:40:28   GET:https://api.weixin.qq.com/sns/jscode2session?appid=wxb10693ce301b0503&secret=fe966f7c89ba08eccd70060f2b3f9801&js_code=061PE9rV03E8s22HQetV0LthrV0PE9r7&grant_type=authorization_code
2019-11-11 15:40:28   status:200
2019-11-11 15:40:28   data:{'session_key': '0YllGspulLFUw6B0QVV2Gg==', 'openid': 'oJfBH41Q13o00lX3pbhGAKUmThxA'}
2019-11-11 16:05:47   GET:https://api.weixin.qq.com/sns/jscode2session?appid=wxb10693ce301b0503&secret=fe966f7c89ba08eccd70060f2b3f9801&js_code=001T6lEa26f1fN01olGa2a5hEa2T6lEm&grant_type=authorization_code
2019-11-11 16:05:47   status:200
2019-11-11 16:05:47   data:{'session_key': '3v6aqCrH2WXqSX8sY7hROA==', 'openid': 'oJfBH41Q13o00lX3pbhGAKUmThxA'}
2019-11-11 16:05:51   GET:https://api.weixin.qq.com/sns/jscode2session?appid=wxb10693ce301b0503&secret=fe966f7c89ba08eccd70060f2b3f9801&js_code=021wNXJO1vVsY814K5HO1CVEJO1wNXJo&grant_type=authorization_code
2019-11-11 16:05:51   status:200
2019-11-11 16:05:51   data:{'session_key': '3v6aqCrH2WXqSX8sY7hROA==', 'openid': 'oJfBH41Q13o00lX3pbhGAKUmThxA'}
2019-11-11 16:06:14   GET:https://api.weixin.qq.com/sns/jscode2session?appid=wxb10693ce301b0503&secret=fe966f7c89ba08eccd70060f2b3f9801&js_code=071ORddH1oPGz10I0LcH11wgdH1ORddu&grant_type=authorization_code
2019-11-11 16:06:14   status:200
2019-11-11 16:06:14   data:{'session_key': '3v6aqCrH2WXqSX8sY7hROA==', 'openid': 'oJfBH41Q13o00lX3pbhGAKUmThxA'}
2019-11-11 16:06:51   ('data DoesNotExist',)
2019-11-11 16:06:51   ('ValidationError',)
2019-11-11 16:06:51   ('ValidationError',)
2019-11-11 16:06:51   GET:https://api.weixin.qq.com/sns/jscode2session?appid=wxb10693ce301b0503&secret=fe966f7c89ba08eccd70060f2b3f9801&js_code=061kWEyx0fAZYa1sl8wx0Z1Iyx0kWEyU&grant_type=authorization_code
2019-11-11 16:06:51   status:200
2019-11-11 16:06:51   data:{'session_key': '3v6aqCrH2WXqSX8sY7hROA==', 'openid': 'oJfBH41Q13o00lX3pbhGAKUmThxA'}
2019-11-11 16:08:34   ('ValidationError',)
2019-11-11 16:08:34   ('ValidationError',)
2019-11-11 16:08:34   ('ValidationError',)
2019-11-11 16:08:34   ('ValidationError',)
2019-11-11 16:08:34   ('ValidationError',)
2019-11-11 16:08:34   ('ValidationError',)
2019-11-11 16:31:24   ('data DoesNotExist',)
2019-11-11 16:31:37   GET:https://api.weixin.qq.com/sns/jscode2session?appid=wxb10693ce301b0503&secret=fe966f7c89ba08eccd70060f2b3f9801&js_code=081YPwli0vMuqq15Inmi0UCxli0YPwlg&grant_type=authorization_code
2019-11-11 16:31:37   status:200
2019-11-11 16:31:37   data:{'session_key': '4XvRvwrM+LjG+psF5zmJkw==', 'openid': 'oJfBH41Q13o00lX3pbhGAKUmThxA'}
2019-11-11 16:31:55   GET:https://api.weixin.qq.com/sns/jscode2session?appid=wxb10693ce301b0503&secret=fe966f7c89ba08eccd70060f2b3f9801&js_code=001jXzZl1WGjVm0Qbe1m1FMwZl1jXzZd&grant_type=authorization_code
2019-11-11 16:31:55   status:200
2019-11-11 16:31:55   data:{'session_key': '4XvRvwrM+LjG+psF5zmJkw==', 'openid': 'oJfBH41Q13o00lX3pbhGAKUmThxA'}
2019-11-11 16:32:00   GET:https://api.weixin.qq.com/sns/jscode2session?appid=wxb10693ce301b0503&secret=fe966f7c89ba08eccd70060f2b3f9801&js_code=001fK2D42VZrxO0YW4B42fIlD42fK2Dx&grant_type=authorization_code
2019-11-11 16:32:00   status:200
2019-11-11 16:32:00   data:{'session_key': '4XvRvwrM+LjG+psF5zmJkw==', 'openid': 'oJfBH41Q13o00lX3pbhGAKUmThxA'}
2019-11-11 16:32:21   GET:https://api.weixin.qq.com/sns/jscode2session?appid=wxb10693ce301b0503&secret=fe966f7c89ba08eccd70060f2b3f9801&js_code=021ceUVo11CsHj03aDYo142aWo1ceUVX&grant_type=authorization_code
2019-11-11 16:32:21   status:200
2019-11-11 16:32:21   data:{'session_key': '4XvRvwrM+LjG+psF5zmJkw==', 'openid': 'oJfBH41Q13o00lX3pbhGAKUmThxA'}
2019-11-11 16:32:55   ('data DoesNotExist',)
2019-11-11 16:32:55   GET:https://api.weixin.qq.com/sns/jscode2session?appid=wxb10693ce301b0503&secret=fe966f7c89ba08eccd70060f2b3f9801&js_code=081k06zU0lXzJY1rgdBU0apQyU0k06zp&grant_type=authorization_code
2019-11-11 16:32:55   status:200
2019-11-11 16:32:55   data:{'session_key': '4XvRvwrM+LjG+psF5zmJkw==', 'openid': 'oJfBH41Q13o00lX3pbhGAKUmThxA'}
2019-11-11 16:33:06   GET:https://api.weixin.qq.com/sns/jscode2session?appid=wxb10693ce301b0503&secret=fe966f7c89ba08eccd70060f2b3f9801&js_code=0210j6k52MataO0G6Aj527wYj520j6k3&grant_type=authorization_code
2019-11-11 16:33:06   status:200
2019-11-11 16:33:06   data:{'session_key': '4XvRvwrM+LjG+psF5zmJkw==', 'openid': 'oJfBH41Q13o00lX3pbhGAKUmThxA'}
2019-11-11 16:33:11   GET:https://api.weixin.qq.com/sns/jscode2session?appid=wxb10693ce301b0503&secret=fe966f7c89ba08eccd70060f2b3f9801&js_code=071dHQA500MadD1tSPA50J0SA50dHQA2&grant_type=authorization_code
2019-11-11 16:33:11   status:200
2019-11-11 16:33:11   data:{'session_key': '4XvRvwrM+LjG+psF5zmJkw==', 'openid': 'oJfBH41Q13o00lX3pbhGAKUmThxA'}
2019-11-11 16:33:39   GET:https://api.weixin.qq.com/sns/jscode2session?appid=wxb10693ce301b0503&secret=fe966f7c89ba08eccd70060f2b3f9801&js_code=061SMmBX0lo02W1DsDzX0OgGBX0SMmBx&grant_type=authorization_code
2019-11-11 16:33:39   status:200
2019-11-11 16:33:39   data:{'session_key': 'PyG1ggHr+p64WsQKIwT4zQ==', 'openid': 'oJfBH41Q13o00lX3pbhGAKUmThxA'}
2019-11-11 16:33:52   GET:https://api.weixin.qq.com/sns/jscode2session?appid=wxb10693ce301b0503&secret=fe966f7c89ba08eccd70060f2b3f9801&js_code=021Tvxw22NMxvV0IbCw220utw22Tvxww&grant_type=authorization_code
2019-11-11 16:33:52   status:200
2019-11-11 16:33:52   data:{'session_key': 'PyG1ggHr+p64WsQKIwT4zQ==', 'openid': 'oJfBH41Q13o00lX3pbhGAKUmThxA'}
2019-11-11 16:34:59   GET:https://api.weixin.qq.com/sns/jscode2session?appid=wxb10693ce301b0503&secret=fe966f7c89ba08eccd70060f2b3f9801&js_code=081Vy5z52zgTiS0eEMv527siz52Vy5z8&grant_type=authorization_code
2019-11-11 16:34:59   status:200
2019-11-11 16:34:59   data:{'session_key': 'PyG1ggHr+p64WsQKIwT4zQ==', 'openid': 'oJfBH41Q13o00lX3pbhGAKUmThxA'}
2019-11-11 16:36:10   GET:https://api.weixin.qq.com/sns/jscode2session?appid=wxb10693ce301b0503&secret=fe966f7c89ba08eccd70060f2b3f9801&js_code=021Zad411JdhEW13ET211VS5411Zad44&grant_type=authorization_code
2019-11-11 16:36:10   status:200
2019-11-11 16:36:10   data:{'session_key': 'yL7CsOczkhflqlXWLWv8Pw==', 'openid': 'oJfBH41Q13o00lX3pbhGAKUmThxA'}
2019-11-11 16:39:16   GET:https://api.weixin.qq.com/sns/jscode2session?appid=wxb10693ce301b0503&secret=fe966f7c89ba08eccd70060f2b3f9801&js_code=021uP546086rCC1EWL260e1P360uP540&grant_type=authorization_code
2019-11-11 16:39:16   status:200
2019-11-11 16:39:16   data:{'session_key': 'XAEUOwzqLd2jOLwVh9nTrw==', 'openid': 'oJfBH41Q13o00lX3pbhGAKUmThxA'}
2019-11-11 16:39:23   GET:https://api.weixin.qq.com/sns/jscode2session?appid=wxb10693ce301b0503&secret=fe966f7c89ba08eccd70060f2b3f9801&js_code=081AtZ050b5hMD1w66150TcZ050AtZ0P&grant_type=authorization_code
2019-11-11 16:39:23   status:200
2019-11-11 16:39:23   data:{'session_key': 'XAEUOwzqLd2jOLwVh9nTrw==', 'openid': 'oJfBH41Q13o00lX3pbhGAKUmThxA'}
2019-11-11 16:39:44   GET:https://api.weixin.qq.com/sns/jscode2session?appid=wxb10693ce301b0503&secret=fe966f7c89ba08eccd70060f2b3f9801&js_code=071wSnmi1wW3Ju0nscli1Unnmi1wSnmW&grant_type=authorization_code
2019-11-11 16:39:44   status:200
2019-11-11 16:39:44   data:{'session_key': 'XAEUOwzqLd2jOLwVh9nTrw==', 'openid': 'oJfBH41Q13o00lX3pbhGAKUmThxA'}
2019-11-11 16:40:25   GET:https://api.weixin.qq.com/sns/jscode2session?appid=wxb10693ce301b0503&secret=fe966f7c89ba08eccd70060f2b3f9801&js_code=021zuwS30stbsJ1KxIS30xXuS30zuwSS&grant_type=authorization_code
2019-11-11 16:40:25   status:200
2019-11-11 16:40:25   data:{'session_key': 'XAEUOwzqLd2jOLwVh9nTrw==', 'openid': 'oJfBH41Q13o00lX3pbhGAKUmThxA'}
2019-11-11 16:41:43   GET:https://api.weixin.qq.com/sns/jscode2session?appid=wxb10693ce301b0503&secret=fe966f7c89ba08eccd70060f2b3f9801&js_code=071wcA5u1xDBye0mpW3u1j8G5u1wcA5Z&grant_type=authorization_code
2019-11-11 16:41:44   status:200
2019-11-11 16:41:44   data:{'session_key': 'ImMPePhKaPfaDIrUSv9WPA==', 'openid': 'oJfBH41Q13o00lX3pbhGAKUmThxA'}
2019-11-11 16:43:41   GET:https://api.weixin.qq.com/sns/jscode2session?appid=wxb10693ce301b0503&secret=fe966f7c89ba08eccd70060f2b3f9801&js_code=081mXcF72JyBvQ08hEH72n2eF72mXcF6&grant_type=authorization_code
2019-11-11 16:43:41   status:200
2019-11-11 16:43:41   data:{'session_key': 'ImMPePhKaPfaDIrUSv9WPA==', 'openid': 'oJfBH41Q13o00lX3pbhGAKUmThxA'}
2019-11-11 17:17:58   ('data DoesNotExist',)
2019-11-11 17:21:47   GET:https://api.weixin.qq.com/sns/jscode2session?appid=wxb10693ce301b0503&secret=fe966f7c89ba08eccd70060f2b3f9801&js_code=001m3E0j1n01au0kmcYi1U5H0j1m3E0U&grant_type=authorization_code
2019-11-11 17:21:47   status:200
2019-11-11 17:21:47   data:{'session_key': 'xQOa0k5kjniTZ/T4pavRxg==', 'openid': 'oJfBH41Q13o00lX3pbhGAKUmThxA'}
2019-11-11 17:22:06   GET:https://api.weixin.qq.com/sns/jscode2session?appid=wxb10693ce301b0503&secret=fe966f7c89ba08eccd70060f2b3f9801&js_code=081MA3QA0oXSKi2jkXPA0YtiQA0MA3Q4&grant_type=authorization_code
2019-11-11 17:22:06   status:200
2019-11-11 17:22:06   data:{'session_key': 'xQOa0k5kjniTZ/T4pavRxg==', 'openid': 'oJfBH41Q13o00lX3pbhGAKUmThxA'}
2019-11-11 17:24:21   GET:https://api.weixin.qq.com/sns/jscode2session?appid=wxb10693ce301b0503&secret=fe966f7c89ba08eccd70060f2b3f9801&js_code=071NXEbO18j3z91qsA9O10JQbO1NXEbc&grant_type=authorization_code
2019-11-11 17:24:21   status:200
2019-11-11 17:24:21   data:{'session_key': '8nW9QLshaGcVhZDet3Mmcw==', 'openid': 'oJfBH41Q13o00lX3pbhGAKUmThxA'}
2019-11-11 17:24:29   GET:https://api.weixin.qq.com/sns/jscode2session?appid=wxb10693ce301b0503&secret=fe966f7c89ba08eccd70060f2b3f9801&js_code=011eWPzz07U9Dd1tdECz0GSyzz0eWPzj&grant_type=authorization_code
2019-11-11 17:24:29   status:200
2019-11-11 17:24:29   data:{'session_key': '8nW9QLshaGcVhZDet3Mmcw==', 'openid': 'oJfBH41Q13o00lX3pbhGAKUmThxA'}
2019-11-11 17:24:31   GET:https://api.weixin.qq.com/sns/jscode2session?appid=wxb10693ce301b0503&secret=fe966f7c89ba08eccd70060f2b3f9801&js_code=071NWU3g0miYhx1erz4g0xmC3g0NWU3n&grant_type=authorization_code
2019-11-11 17:24:32   status:200
2019-11-11 17:24:32   data:{'session_key': '8nW9QLshaGcVhZDet3Mmcw==', 'openid': 'oJfBH41Q13o00lX3pbhGAKUmThxA'}
2019-11-11 17:24:44   GET:https://api.weixin.qq.com/sns/jscode2session?appid=wxb10693ce301b0503&secret=fe966f7c89ba08eccd70060f2b3f9801&js_code=001vCJVA0pVphi2wB1XA0u00WA0vCJV1&grant_type=authorization_code
2019-11-11 17:24:44   status:200
2019-11-11 17:24:44   data:{'session_key': '8nW9QLshaGcVhZDet3Mmcw==', 'openid': 'oJfBH41Q13o00lX3pbhGAKUmThxA'}
2019-11-11 17:24:50   GET:https://api.weixin.qq.com/sns/jscode2session?appid=wxb10693ce301b0503&secret=fe966f7c89ba08eccd70060f2b3f9801&js_code=071zWkEm0rfQOq17VqGm034tEm0zWkE8&grant_type=authorization_code
2019-11-11 17:24:50   status:200
2019-11-11 17:24:50   data:{'session_key': '8nW9QLshaGcVhZDet3Mmcw==', 'openid': 'oJfBH41Q13o00lX3pbhGAKUmThxA'}
2019-11-11 17:24:58   GET:https://api.weixin.qq.com/sns/jscode2session?appid=wxb10693ce301b0503&secret=fe966f7c89ba08eccd70060f2b3f9801&js_code=061QfYGm1ef5xq0e23Jm1qyyGm1QfYGq&grant_type=authorization_code
2019-11-11 17:24:58   status:200
2019-11-11 17:24:58   data:{'session_key': '8nW9QLshaGcVhZDet3Mmcw==', 'openid': 'oJfBH41Q13o00lX3pbhGAKUmThxA'}
2019-11-11 17:26:03   GET:https://api.weixin.qq.com/sns/jscode2session?appid=wxb10693ce301b0503&secret=fe966f7c89ba08eccd70060f2b3f9801&js_code=0711IbF41WGOvT1hpDE419bbF411IbFm&grant_type=authorization_code
2019-11-11 17:26:03   status:200
2019-11-11 17:26:03   data:{'session_key': '8nW9QLshaGcVhZDet3Mmcw==', 'openid': 'oJfBH41Q13o00lX3pbhGAKUmThxA'}
2019-11-11 17:26:15   ('data DoesNotExist',)
2019-11-11 17:26:15   GET:https://api.weixin.qq.com/sns/jscode2session?appid=wxb10693ce301b0503&secret=fe966f7c89ba08eccd70060f2b3f9801&js_code=081jq5ED0SHDlk2L90CD0DSfED0jq5Es&grant_type=authorization_code
2019-11-11 17:26:15   status:200
2019-11-11 17:26:15   data:{'session_key': '8nW9QLshaGcVhZDet3Mmcw==', 'openid': 'oJfBH41Q13o00lX3pbhGAKUmThxA'}
2019-11-11 17:27:30   ('data DoesNotExist',)
2019-11-11 17:27:30   ('ValidationError',)
2019-11-11 17:27:30   GET:https://api.weixin.qq.com/sns/jscode2session?appid=wxb10693ce301b0503&secret=fe966f7c89ba08eccd70060f2b3f9801&js_code=01111G2O0RSDg529jO4O0TsP2O011G2L&grant_type=authorization_code
2019-11-11 17:27:30   status:200
2019-11-11 17:27:30   data:{'session_key': '0A91URUeSYK/4xJ46QCAYQ==', 'openid': 'oJfBH41Q13o00lX3pbhGAKUmThxA'}
2019-11-11 17:27:45   GET:https://api.weixin.qq.com/sns/jscode2session?appid=wxb10693ce301b0503&secret=fe966f7c89ba08eccd70060f2b3f9801&js_code=001UYID81xs6xP154hF81JwHD81UYIDV&grant_type=authorization_code
2019-11-11 17:27:45   status:200
2019-11-11 17:27:45   data:{'session_key': '0A91URUeSYK/4xJ46QCAYQ==', 'openid': 'oJfBH41Q13o00lX3pbhGAKUmThxA'}
2019-11-11 17:27:53   GET:https://api.weixin.qq.com/sns/jscode2session?appid=wxb10693ce301b0503&secret=fe966f7c89ba08eccd70060f2b3f9801&js_code=061JjKaA0e4i1d1v8fbA0UmKaA0JjKaW&grant_type=authorization_code
2019-11-11 17:27:53   status:200
2019-11-11 17:27:53   data:{'session_key': '0A91URUeSYK/4xJ46QCAYQ==', 'openid': 'oJfBH41Q13o00lX3pbhGAKUmThxA'}
2019-11-11 17:28:00   GET:https://api.weixin.qq.com/sns/jscode2session?appid=wxb10693ce301b0503&secret=fe966f7c89ba08eccd70060f2b3f9801&js_code=011yV4S92UKVyJ0kmfU92GMnS92yV4SX&grant_type=authorization_code
2019-11-11 17:28:00   status:200
2019-11-11 17:28:00   data:{'session_key': '0A91URUeSYK/4xJ46QCAYQ==', 'openid': 'oJfBH41Q13o00lX3pbhGAKUmThxA'}
2019-11-11 17:29:22   GET:https://api.weixin.qq.com/sns/jscode2session?appid=wxb10693ce301b0503&secret=fe966f7c89ba08eccd70060f2b3f9801&js_code=011ihuoc1YXd8w0R2cpc1N0qoc1ihuoF&grant_type=authorization_code
2019-11-11 17:29:22   status:200
2019-11-11 17:29:22   data:{'session_key': '0A91URUeSYK/4xJ46QCAYQ==', 'openid': 'oJfBH41Q13o00lX3pbhGAKUmThxA'}
2019-11-11 17:29:35   ('data DoesNotExist',)
2019-11-11 17:29:35   GET:https://api.weixin.qq.com/sns/jscode2session?appid=wxb10693ce301b0503&secret=fe966f7c89ba08eccd70060f2b3f9801&js_code=071OqleW15k2fX0cKWgW1AQgeW1OqleT&grant_type=authorization_code
2019-11-11 17:29:35   status:200
2019-11-11 17:29:35   data:{'session_key': '6lcFbG/ORcL21HHSSlrmFQ==', 'openid': 'oJfBH41Q13o00lX3pbhGAKUmThxA'}
2019-11-11 17:29:53   GET:https://api.weixin.qq.com/sns/jscode2session?appid=wxb10693ce301b0503&secret=fe966f7c89ba08eccd70060f2b3f9801&js_code=081e53782fdxcL0423782MEO682e5376&grant_type=authorization_code
2019-11-11 17:29:53   status:200
2019-11-11 17:29:53   data:{'session_key': '6lcFbG/ORcL21HHSSlrmFQ==', 'openid': 'oJfBH41Q13o00lX3pbhGAKUmThxA'}
2019-11-11 17:30:13   GET:https://api.weixin.qq.com/sns/jscode2session?appid=wxb10693ce301b0503&secret=fe966f7c89ba08eccd70060f2b3f9801&js_code=061TWvgb0Suqxx194Ffb0Z0Mgb0TWvgi&grant_type=authorization_code
2019-11-11 17:30:13   status:200
2019-11-11 17:30:13   data:{'session_key': '6lcFbG/ORcL21HHSSlrmFQ==', 'openid': 'oJfBH41Q13o00lX3pbhGAKUmThxA'}
2019-11-11 17:30:23   ('data DoesNotExist',)
2019-11-11 17:30:23   GET:https://api.weixin.qq.com/sns/jscode2session?appid=wxb10693ce301b0503&secret=fe966f7c89ba08eccd70060f2b3f9801&js_code=021Hf6tG0Eru1d25ZpuG0ZWWsG0Hf6tf&grant_type=authorization_code
2019-11-11 17:30:23   status:200
2019-11-11 17:30:23   data:{'session_key': '6lcFbG/ORcL21HHSSlrmFQ==', 'openid': 'oJfBH41Q13o00lX3pbhGAKUmThxA'}
2019-11-11 17:30:56   GET:https://api.weixin.qq.com/sns/jscode2session?appid=wxb10693ce301b0503&secret=fe966f7c89ba08eccd70060f2b3f9801&js_code=061yP00124kmTW0O57212wE0012yP00k&grant_type=authorization_code
2019-11-11 17:30:56   status:200
2019-11-11 17:30:56   data:{'session_key': '6lcFbG/ORcL21HHSSlrmFQ==', 'openid': 'oJfBH41Q13o00lX3pbhGAKUmThxA'}
2019-11-11 17:31:50   GET:https://api.weixin.qq.com/sns/jscode2session?appid=wxb10693ce301b0503&secret=fe966f7c89ba08eccd70060f2b3f9801&js_code=071yFJ3B1UjErc0Hv22B1OZV3B1yFJ3U&grant_type=authorization_code
2019-11-11 17:31:50   status:200
2019-11-11 17:31:50   data:{'session_key': '/OuOGalVYzDn5j8+Acw4lg==', 'openid': 'oJfBH41Q13o00lX3pbhGAKUmThxA'}
2019-11-11 17:32:00   ('data DoesNotExist',)
2019-11-11 17:32:00   GET:https://api.weixin.qq.com/sns/jscode2session?appid=wxb10693ce301b0503&secret=fe966f7c89ba08eccd70060f2b3f9801&js_code=081PNzyu1JM8Yd0y6sxu1UdKyu1PNzyE&grant_type=authorization_code
2019-11-11 17:32:00   status:200
2019-11-11 17:32:00   data:{'session_key': '/OuOGalVYzDn5j8+Acw4lg==', 'openid': 'oJfBH41Q13o00lX3pbhGAKUmThxA'}
2019-11-11 17:32:27   ('data DoesNotExist',)
2019-11-11 17:32:28   GET:https://api.weixin.qq.com/sns/jscode2session?appid=wxb10693ce301b0503&secret=fe966f7c89ba08eccd70060f2b3f9801&js_code=001CMK432CInVU0Nas432Boo432CMK4A&grant_type=authorization_code
2019-11-11 17:32:28   status:200
2019-11-11 17:32:28   data:{'session_key': '/OuOGalVYzDn5j8+Acw4lg==', 'openid': 'oJfBH41Q13o00lX3pbhGAKUmThxA'}
2019-11-11 17:33:03   ('data DoesNotExist',)
2019-11-11 17:33:03   ('ValidationError',)
2019-11-11 17:33:03   ('ValidationError',)
2019-11-11 17:33:03   ('ValidationError',)
2019-11-11 17:33:03   ('ValidationError',)
2019-11-11 17:33:03   ('ValidationError',)
2019-11-11 17:33:03   ('ValidationError',)
2019-11-11 17:33:03   GET:https://api.weixin.qq.com/sns/jscode2session?appid=wxb10693ce301b0503&secret=fe966f7c89ba08eccd70060f2b3f9801&js_code=001RllJ92s4dqJ0vHfH92jNBJ92RllJ6&grant_type=authorization_code
2019-11-11 17:33:03   status:200
2019-11-11 17:33:03   data:{'session_key': '/OuOGalVYzDn5j8+Acw4lg==', 'openid': 'oJfBH41Q13o00lX3pbhGAKUmThxA'}
2019-11-11 17:33:13   GET:https://api.weixin.qq.com/sns/jscode2session?appid=wxb10693ce301b0503&secret=fe966f7c89ba08eccd70060f2b3f9801&js_code=0612mMXQ1Nf5c21YEH0R1RFIXQ12mMXx&grant_type=authorization_code
2019-11-11 17:33:13   status:200
2019-11-11 17:33:13   data:{'session_key': '/OuOGalVYzDn5j8+Acw4lg==', 'openid': 'oJfBH41Q13o00lX3pbhGAKUmThxA'}
2019-11-11 17:33:24   GET:https://api.weixin.qq.com/sns/jscode2session?appid=wxb10693ce301b0503&secret=fe966f7c89ba08eccd70060f2b3f9801&js_code=011RcfZ721ARDL0c9lX72xDiZ72RcfZl&grant_type=authorization_code
2019-11-11 17:33:24   status:200
2019-11-11 17:33:24   data:{'session_key': '/OuOGalVYzDn5j8+Acw4lg==', 'openid': 'oJfBH41Q13o00lX3pbhGAKUmThxA'}
2019-11-11 17:33:28   GET:https://api.weixin.qq.com/sns/jscode2session?appid=wxb10693ce301b0503&secret=fe966f7c89ba08eccd70060f2b3f9801&js_code=081OHYfu0gQB6j1X0jiu0FW8gu0OHYfa&grant_type=authorization_code
2019-11-11 17:33:28   status:200
2019-11-11 17:33:28   data:{'session_key': '/OuOGalVYzDn5j8+Acw4lg==', 'openid': 'oJfBH41Q13o00lX3pbhGAKUmThxA'}
2019-11-11 17:33:32   GET:https://api.weixin.qq.com/sns/jscode2session?appid=wxb10693ce301b0503&secret=fe966f7c89ba08eccd70060f2b3f9801&js_code=011hgbXp1LLC0j0wAsWp1ccWWp1hgbXN&grant_type=authorization_code
2019-11-11 17:33:32   status:200
2019-11-11 17:33:32   data:{'session_key': '/OuOGalVYzDn5j8+Acw4lg==', 'openid': 'oJfBH41Q13o00lX3pbhGAKUmThxA'}
2019-11-11 17:34:06   GET:https://api.weixin.qq.com/sns/jscode2session?appid=wxb10693ce301b0503&secret=fe966f7c89ba08eccd70060f2b3f9801&js_code=0611IMa10tzCjH1GhB910dAOa101IMa6&grant_type=authorization_code
2019-11-11 17:34:06   status:200
2019-11-11 17:34:06   data:{'session_key': 'AasuJKHEM7jR/4tLY4fjiw==', 'openid': 'oJfBH41Q13o00lX3pbhGAKUmThxA'}
2019-11-11 17:34:13   GET:https://api.weixin.qq.com/sns/jscode2session?appid=wxb10693ce301b0503&secret=fe966f7c89ba08eccd70060f2b3f9801&js_code=0112QpbQ05R0r32DdobQ0Q42bQ02QpbQ&grant_type=authorization_code
2019-11-11 17:34:13   status:200
2019-11-11 17:34:13   data:{'session_key': 'AasuJKHEM7jR/4tLY4fjiw==', 'openid': 'oJfBH41Q13o00lX3pbhGAKUmThxA'}
2019-11-11 17:48:31   ('data DoesNotExist',)
2019-11-11 18:00:56   ('data MultiValueDictKeyError',)
