2019-11-12 09:36:14   ('data DoesNotExist',)
2019-11-12 09:36:52   GET:https://api.weixin.qq.com/sns/jscode2session?appid=wxb10693ce301b0503&secret=fe966f7c89ba08eccd70060f2b3f9801&js_code=021KWDVA1E3Koc0tZ9WA1JPnVA1KWDVe&grant_type=authorization_code
2019-11-12 09:36:52   status:200
2019-11-12 09:36:52   data:{'session_key': 'FB6KjDVws5E0dkkIxmvmig==', 'openid': 'oJfBH41Q13o00lX3pbhGAKUmThxA'}
2019-11-12 09:37:18   GET:https://api.weixin.qq.com/sns/jscode2session?appid=wxb10693ce301b0503&secret=fe966f7c89ba08eccd70060f2b3f9801&js_code=001TYvQj21IFhE0QQJTj274GQj2TYvQS&grant_type=authorization_code
2019-11-12 09:37:19   status:200
2019-11-12 09:37:19   data:{'session_key': 'FB6KjDVws5E0dkkIxmvmig==', 'openid': 'oJfBH41Q13o00lX3pbhGAKUmThxA'}
2019-11-12 09:51:21   ('data DoesNotExist',)
2019-11-12 09:51:32   GET:https://api.weixin.qq.com/sns/jscode2session?appid=wxb10693ce301b0503&secret=fe966f7c89ba08eccd70060f2b3f9801&js_code=001phQ8n0Po8El1CAzan0VoK8n0phQ8e&grant_type=authorization_code
2019-11-12 09:51:32   status:200
2019-11-12 09:51:32   data:{'session_key': 'mY+LQf9RCg5GMMPp0us8xw==', 'openid': 'oJfBH41Q13o00lX3pbhGAKUmThxA'}
2019-11-12 09:51:39   GET:https://api.weixin.qq.com/sns/jscode2session?appid=wxb10693ce301b0503&secret=fe966f7c89ba08eccd70060f2b3f9801&js_code=001CY2Ln0jVz3l1xsMKn0aEbLn0CY2L0&grant_type=authorization_code
2019-11-12 09:51:39   status:200
2019-11-12 09:51:39   data:{'session_key': 'mY+LQf9RCg5GMMPp0us8xw==', 'openid': 'oJfBH41Q13o00lX3pbhGAKUmThxA'}
2019-11-12 09:51:46   ('data DoesNotExist',)
2019-11-12 09:51:46   GET:https://api.weixin.qq.com/sns/jscode2session?appid=wxb10693ce301b0503&secret=fe966f7c89ba08eccd70060f2b3f9801&js_code=081QtbpQ1043L21eyzrQ1a6cpQ1Qtbpw&grant_type=authorization_code
2019-11-12 09:51:46   status:200
2019-11-12 09:51:46   data:{'session_key': 'mY+LQf9RCg5GMMPp0us8xw==', 'openid': 'oJfBH41Q13o00lX3pbhGAKUmThxA'}
2019-11-12 09:52:28   GET:https://api.weixin.qq.com/sns/jscode2session?appid=wxb10693ce301b0503&secret=fe966f7c89ba08eccd70060f2b3f9801&js_code=001judTa2BR7RM0enRTa2ro8Ta2judTx&grant_type=authorization_code
2019-11-12 09:52:28   status:200
2019-11-12 09:52:28   data:{'session_key': 'mY+LQf9RCg5GMMPp0us8xw==', 'openid': 'oJfBH41Q13o00lX3pbhGAKUmThxA'}
2019-11-12 09:52:33   GET:https://api.weixin.qq.com/sns/jscode2session?appid=wxb10693ce301b0503&secret=fe966f7c89ba08eccd70060f2b3f9801&js_code=071hnhdZ0Ah1fU1jghbZ0N5VcZ0hnhd6&grant_type=authorization_code
2019-11-12 09:52:33   status:200
2019-11-12 09:52:33   data:{'session_key': 'mY+LQf9RCg5GMMPp0us8xw==', 'openid': 'oJfBH41Q13o00lX3pbhGAKUmThxA'}
2019-11-12 09:52:40   ('data DoesNotExist',)
2019-11-12 09:52:40   GET:https://api.weixin.qq.com/sns/jscode2session?appid=wxb10693ce301b0503&secret=fe966f7c89ba08eccd70060f2b3f9801&js_code=071nUvEl1b0kan0R85El1A9GEl1nUvE1&grant_type=authorization_code
2019-11-12 09:52:40   status:200
2019-11-12 09:52:40   data:{'session_key': 'mY+LQf9RCg5GMMPp0us8xw==', 'openid': 'oJfBH41Q13o00lX3pbhGAKUmThxA'}
2019-11-12 10:10:16   GET:https://api.weixin.qq.com/sns/jscode2session?appid=wxb10693ce301b0503&secret=fe966f7c89ba08eccd70060f2b3f9801&js_code=081zh8fy1H7rha0wfZhy1D3afy1zh8fi&grant_type=authorization_code
2019-11-12 10:10:16   status:200
2019-11-12 10:10:16   data:{'session_key': 'ZJ4ys0bQgmYYERF5xnhqhg==', 'openid': 'oJfBH41Q13o00lX3pbhGAKUmThxA'}
2019-11-12 10:10:36   GET:https://api.weixin.qq.com/sns/jscode2session?appid=wxb10693ce301b0503&secret=fe966f7c89ba08eccd70060f2b3f9801&js_code=021cuSkL006Gf82siznL0TmEkL0cuSkj&grant_type=authorization_code
2019-11-12 10:10:36   status:200
2019-11-12 10:10:36   data:{'session_key': 'ZJ4ys0bQgmYYERF5xnhqhg==', 'openid': 'oJfBH41Q13o00lX3pbhGAKUmThxA'}
2019-11-12 10:10:43   GET:https://api.weixin.qq.com/sns/jscode2session?appid=wxb10693ce301b0503&secret=fe966f7c89ba08eccd70060f2b3f9801&js_code=081Uzjgi09YZpq1XoJii0y56gi0Uzjg5&grant_type=authorization_code
2019-11-12 10:10:43   status:200
2019-11-12 10:10:43   data:{'session_key': 'ZJ4ys0bQgmYYERF5xnhqhg==', 'openid': 'oJfBH41Q13o00lX3pbhGAKUmThxA'}
2019-11-12 10:10:59   GET:https://api.weixin.qq.com/sns/jscode2session?appid=wxb10693ce301b0503&secret=fe966f7c89ba08eccd70060f2b3f9801&js_code=001qm6BB07zfKh2nUtzB0pMKAB0qm6Bf&grant_type=authorization_code
2019-11-12 10:10:59   status:200
2019-11-12 10:10:59   data:{'session_key': 'ZJ4ys0bQgmYYERF5xnhqhg==', 'openid': 'oJfBH41Q13o00lX3pbhGAKUmThxA'}
2019-11-12 10:11:15   GET:https://api.weixin.qq.com/sns/jscode2session?appid=wxb10693ce301b0503&secret=fe966f7c89ba08eccd70060f2b3f9801&js_code=0817wVVP0CF9H32ymOVP0H6VVP07wVV-&grant_type=authorization_code
2019-11-12 10:11:15   status:200
2019-11-12 10:11:15   data:{'session_key': 'ZJ4ys0bQgmYYERF5xnhqhg==', 'openid': 'oJfBH41Q13o00lX3pbhGAKUmThxA'}
2019-11-12 10:11:27   GET:https://api.weixin.qq.com/sns/jscode2session?appid=wxb10693ce301b0503&secret=fe966f7c89ba08eccd70060f2b3f9801&js_code=021sCwnq17Yeii0D5moq18fPnq1sCwnA&grant_type=authorization_code
2019-11-12 10:11:28   status:200
2019-11-12 10:11:28   data:{'session_key': 'ZJ4ys0bQgmYYERF5xnhqhg==', 'openid': 'oJfBH41Q13o00lX3pbhGAKUmThxA'}
2019-11-12 10:17:19   GET:https://api.weixin.qq.com/sns/jscode2session?appid=wxb10693ce301b0503&secret=fe966f7c89ba08eccd70060f2b3f9801&js_code=071WGAZr0LbsPg1A3d0s02iqZr0WGAZ3&grant_type=authorization_code
2019-11-12 10:17:20   status:200
2019-11-12 10:17:20   data:{'session_key': '3iWa1y0nAJ/8EJ0H9l3Yow==', 'openid': 'oJfBH41Q13o00lX3pbhGAKUmThxA'}
2019-11-12 10:17:26   GET:https://api.weixin.qq.com/sns/jscode2session?appid=wxb10693ce301b0503&secret=fe966f7c89ba08eccd70060f2b3f9801&js_code=001pHGqC1dK5v60DCnqC1N8rqC1pHGqg&grant_type=authorization_code
2019-11-12 10:17:26   status:200
2019-11-12 10:17:26   data:{'session_key': '3iWa1y0nAJ/8EJ0H9l3Yow==', 'openid': 'oJfBH41Q13o00lX3pbhGAKUmThxA'}
2019-11-12 10:17:53   GET:https://api.weixin.qq.com/sns/jscode2session?appid=wxb10693ce301b0503&secret=fe966f7c89ba08eccd70060f2b3f9801&js_code=001DhAX02c2hMW0Kq3U02hbQX02DhAXK&grant_type=authorization_code
2019-11-12 10:17:54   status:200
2019-11-12 10:17:54   data:{'session_key': '3iWa1y0nAJ/8EJ0H9l3Yow==', 'openid': 'oJfBH41Q13o00lX3pbhGAKUmThxA'}
2019-11-12 10:18:04   GET:https://api.weixin.qq.com/sns/jscode2session?appid=wxb10693ce301b0503&secret=fe966f7c89ba08eccd70060f2b3f9801&js_code=011AJFza16CWpN1mG0xa1cYNza1AJFzW&grant_type=authorization_code
2019-11-12 10:18:04   status:200
2019-11-12 10:18:04   data:{'session_key': '3iWa1y0nAJ/8EJ0H9l3Yow==', 'openid': 'oJfBH41Q13o00lX3pbhGAKUmThxA'}
2019-11-12 10:19:19   GET:https://api.weixin.qq.com/sns/jscode2session?appid=wxb10693ce301b0503&secret=fe966f7c89ba08eccd70060f2b3f9801&js_code=0618JEAy1NaD2a0mXPAy16XBAy18JEA-&grant_type=authorization_code
2019-11-12 10:19:19   status:200
2019-11-12 10:19:19   data:{'session_key': 'crcJ5eEZHcEF+c7tq2xeoQ==', 'openid': 'oJfBH41Q13o00lX3pbhGAKUmThxA'}
2019-11-12 10:20:33   GET:https://api.weixin.qq.com/sns/jscode2session?appid=wxb10693ce301b0503&secret=fe966f7c89ba08eccd70060f2b3f9801&js_code=0712I1Li1BpNyu0XpfLi1Vi6Li12I1Lt&grant_type=authorization_code
2019-11-12 10:20:33   status:200
2019-11-12 10:20:33   data:{'session_key': 'crcJ5eEZHcEF+c7tq2xeoQ==', 'openid': 'oJfBH41Q13o00lX3pbhGAKUmThxA'}
2019-11-12 10:30:25   GET:https://api.weixin.qq.com/sns/jscode2session?appid=wxb10693ce301b0503&secret=fe966f7c89ba08eccd70060f2b3f9801&js_code=011MKu4h2bLwyC0vkp4h2Jmo4h2MKu4n&grant_type=authorization_code
2019-11-12 10:30:25   status:200
2019-11-12 10:30:25   data:{'session_key': 'hxSRxBcXe3xwKtXZOGNJ/w==', 'openid': 'oJfBH41Q13o00lX3pbhGAKUmThxA'}
2019-11-12 10:31:12   GET:https://api.weixin.qq.com/sns/jscode2session?appid=wxb10693ce301b0503&secret=fe966f7c89ba08eccd70060f2b3f9801&js_code=021DPHx91zp1aO1QHVx91o4Zx91DPHxy&grant_type=authorization_code
2019-11-12 10:31:12   status:200
2019-11-12 10:31:12   data:{'session_key': 'hxSRxBcXe3xwKtXZOGNJ/w==', 'openid': 'oJfBH41Q13o00lX3pbhGAKUmThxA'}
2019-11-12 10:31:27   GET:https://api.weixin.qq.com/sns/jscode2session?appid=wxb10693ce301b0503&secret=fe966f7c89ba08eccd70060f2b3f9801&js_code=081QrqZm17xJbq09ngZm1OVhZm1QrqZH&grant_type=authorization_code
2019-11-12 10:31:27   status:200
2019-11-12 10:31:27   data:{'session_key': 'hxSRxBcXe3xwKtXZOGNJ/w==', 'openid': 'oJfBH41Q13o00lX3pbhGAKUmThxA'}
2019-11-12 10:32:18   GET:https://api.weixin.qq.com/sns/jscode2session?appid=wxb10693ce301b0503&secret=fe966f7c89ba08eccd70060f2b3f9801&js_code=001a4G652cYxwO0f6H7527zm652a4G6J&grant_type=authorization_code
2019-11-12 10:32:18   status:200
2019-11-12 10:32:18   data:{'session_key': 'hxSRxBcXe3xwKtXZOGNJ/w==', 'openid': 'oJfBH41Q13o00lX3pbhGAKUmThxA'}
2019-11-12 10:35:16   GET:https://api.weixin.qq.com/sns/jscode2session?appid=wxb10693ce301b0503&secret=fe966f7c89ba08eccd70060f2b3f9801&js_code=081cAMyM0Wrdbb2SELAM05xyyM0cAMyr&grant_type=authorization_code
2019-11-12 10:35:16   status:200
2019-11-12 10:35:16   data:{'session_key': '6oe1GFwfx08ElTc4GAClUg==', 'openid': 'oJfBH41Q13o00lX3pbhGAKUmThxA'}
2019-11-12 10:35:27   GET:https://api.weixin.qq.com/sns/jscode2session?appid=wxb10693ce301b0503&secret=fe966f7c89ba08eccd70060f2b3f9801&js_code=061aaiXt1njm0f0StzXt11DeXt1aaiXO&grant_type=authorization_code
2019-11-12 10:35:27   status:200
2019-11-12 10:35:27   data:{'session_key': '6oe1GFwfx08ElTc4GAClUg==', 'openid': 'oJfBH41Q13o00lX3pbhGAKUmThxA'}
2019-11-12 10:36:09   GET:https://api.weixin.qq.com/sns/jscode2session?appid=wxb10693ce301b0503&secret=fe966f7c89ba08eccd70060f2b3f9801&js_code=081S3nIr1ZuLll0v3hHr1HbuIr1S3nIp&grant_type=authorization_code
2019-11-12 10:36:09   status:200
2019-11-12 10:36:09   data:{'session_key': '6oe1GFwfx08ElTc4GAClUg==', 'openid': 'oJfBH41Q13o00lX3pbhGAKUmThxA'}
2019-11-12 10:38:03   GET:https://api.weixin.qq.com/sns/jscode2session?appid=wxb10693ce301b0503&secret=fe966f7c89ba08eccd70060f2b3f9801&js_code=061xoxuF0pBOFd27wFsF0qPBuF0xoxuV&grant_type=authorization_code
2019-11-12 10:38:03   status:200
2019-11-12 10:38:03   data:{'session_key': 'r34S4WnZgtEaIHZo8kSarg==', 'openid': 'oJfBH41Q13o00lX3pbhGAKUmThxA'}
2019-11-12 10:38:14   GET:https://api.weixin.qq.com/sns/jscode2session?appid=wxb10693ce301b0503&secret=fe966f7c89ba08eccd70060f2b3f9801&js_code=021glwBE1ooyB80lFGAE1EeGBE1glwBg&grant_type=authorization_code
2019-11-12 10:38:14   status:200
2019-11-12 10:38:14   data:{'session_key': 'r34S4WnZgtEaIHZo8kSarg==', 'openid': 'oJfBH41Q13o00lX3pbhGAKUmThxA'}
2019-11-12 10:39:56   GET:https://api.weixin.qq.com/sns/jscode2session?appid=wxb10693ce301b0503&secret=fe966f7c89ba08eccd70060f2b3f9801&js_code=071tVYQx1dXeXa09TEPx1qTeRx1tVYQI&grant_type=authorization_code
2019-11-12 10:39:57   status:200
2019-11-12 10:39:57   data:{'session_key': 'r34S4WnZgtEaIHZo8kSarg==', 'openid': 'oJfBH41Q13o00lX3pbhGAKUmThxA'}
2019-11-12 10:40:43   GET:https://api.weixin.qq.com/sns/jscode2session?appid=wxb10693ce301b0503&secret=fe966f7c89ba08eccd70060f2b3f9801&js_code=021zusk528W2aO0VUAi52JHok52zuskP&grant_type=authorization_code
2019-11-12 10:40:43   status:200
2019-11-12 10:40:43   data:{'session_key': 'Mr0s1RRs7FyX0G/gpoSDCg==', 'openid': 'oJfBH41Q13o00lX3pbhGAKUmThxA'}
2019-11-12 10:41:25   GET:https://api.weixin.qq.com/sns/jscode2session?appid=wxb10693ce301b0503&secret=fe966f7c89ba08eccd70060f2b3f9801&js_code=021VDVQX04LXLV14o4TX0lt3RX0VDVQN&grant_type=authorization_code
2019-11-12 10:41:25   status:200
2019-11-12 10:41:25   data:{'session_key': 'Mr0s1RRs7FyX0G/gpoSDCg==', 'openid': 'oJfBH41Q13o00lX3pbhGAKUmThxA'}
2019-11-12 10:43:30   GET:https://api.weixin.qq.com/sns/jscode2session?appid=wxb10693ce301b0503&secret=fe966f7c89ba08eccd70060f2b3f9801&js_code=071q9nAf0zDwkt1i13zf0icEAf0q9nAc&grant_type=authorization_code
2019-11-12 10:43:30   status:200
2019-11-12 10:43:30   data:{'session_key': 'U98reJpwGOPf1GnqtvNGpg==', 'openid': 'oJfBH41Q13o00lX3pbhGAKUmThxA'}
2019-11-12 10:43:40   GET:https://api.weixin.qq.com/sns/jscode2session?appid=wxb10693ce301b0503&secret=fe966f7c89ba08eccd70060f2b3f9801&js_code=071T5kl32luW5Q0hoGm32WIyl32T5klh&grant_type=authorization_code
2019-11-12 10:43:40   status:200
2019-11-12 10:43:40   data:{'session_key': 'U98reJpwGOPf1GnqtvNGpg==', 'openid': 'oJfBH41Q13o00lX3pbhGAKUmThxA'}
2019-11-12 10:43:50   GET:https://api.weixin.qq.com/sns/jscode2session?appid=wxb10693ce301b0503&secret=fe966f7c89ba08eccd70060f2b3f9801&js_code=071oqSJu0Uhlri1zTkMu0vQaKu0oqSJO&grant_type=authorization_code
2019-11-12 10:43:50   status:200
2019-11-12 10:43:50   data:{'session_key': 'U98reJpwGOPf1GnqtvNGpg==', 'openid': 'oJfBH41Q13o00lX3pbhGAKUmThxA'}
2019-11-12 10:44:00   GET:https://api.weixin.qq.com/sns/jscode2session?appid=wxb10693ce301b0503&secret=fe966f7c89ba08eccd70060f2b3f9801&js_code=001LRXXv1H9k4h06nB1w1q03Yv1LRXXZ&grant_type=authorization_code
2019-11-12 10:44:00   status:200
2019-11-12 10:44:00   data:{'session_key': 'U98reJpwGOPf1GnqtvNGpg==', 'openid': 'oJfBH41Q13o00lX3pbhGAKUmThxA'}
2019-11-12 10:44:12   GET:https://api.weixin.qq.com/sns/jscode2session?appid=wxb10693ce301b0503&secret=fe966f7c89ba08eccd70060f2b3f9801&js_code=0718JAy11e2czW1g5Gw11xvzy118JAy7&grant_type=authorization_code
2019-11-12 10:44:12   status:200
2019-11-12 10:44:12   data:{'session_key': 'U98reJpwGOPf1GnqtvNGpg==', 'openid': 'oJfBH41Q13o00lX3pbhGAKUmThxA'}
2019-11-12 10:44:22   GET:https://api.weixin.qq.com/sns/jscode2session?appid=wxb10693ce301b0503&secret=fe966f7c89ba08eccd70060f2b3f9801&js_code=021hRmRC0HDjhl2KZwQC0pd7RC0hRmRU&grant_type=authorization_code
2019-11-12 10:44:23   status:200
2019-11-12 10:44:23   data:{'session_key': 'U98reJpwGOPf1GnqtvNGpg==', 'openid': 'oJfBH41Q13o00lX3pbhGAKUmThxA'}
2019-11-12 10:44:33   GET:https://api.weixin.qq.com/sns/jscode2session?appid=wxb10693ce301b0503&secret=fe966f7c89ba08eccd70060f2b3f9801&js_code=0817cyMp1sfKQi0ZkFNp1XgBMp17cyMM&grant_type=authorization_code
2019-11-12 10:44:33   status:200
2019-11-12 10:44:33   data:{'session_key': 'U98reJpwGOPf1GnqtvNGpg==', 'openid': 'oJfBH41Q13o00lX3pbhGAKUmThxA'}
2019-11-12 10:44:43   GET:https://api.weixin.qq.com/sns/jscode2session?appid=wxb10693ce301b0503&secret=fe966f7c89ba08eccd70060f2b3f9801&js_code=071ITBPb2DPe9M0KiVRb2MBYPb2ITBPD&grant_type=authorization_code
2019-11-12 10:44:43   status:200
2019-11-12 10:44:43   data:{'session_key': 'U98reJpwGOPf1GnqtvNGpg==', 'openid': 'oJfBH41Q13o00lX3pbhGAKUmThxA'}
2019-11-12 10:44:53   GET:https://api.weixin.qq.com/sns/jscode2session?appid=wxb10693ce301b0503&secret=fe966f7c89ba08eccd70060f2b3f9801&js_code=001Gron005ewiI1qyFo00Idbn00GronT&grant_type=authorization_code
2019-11-12 10:44:53   status:200
2019-11-12 10:44:53   data:{'session_key': 'U98reJpwGOPf1GnqtvNGpg==', 'openid': 'oJfBH41Q13o00lX3pbhGAKUmThxA'}
2019-11-12 10:45:01   GET:https://api.weixin.qq.com/sns/jscode2session?appid=wxb10693ce301b0503&secret=fe966f7c89ba08eccd70060f2b3f9801&js_code=011YI1cn17TbQp0LELdn1ec3cn1YI1cp&grant_type=authorization_code
2019-11-12 10:45:01   status:200
2019-11-12 10:45:01   data:{'session_key': 'U98reJpwGOPf1GnqtvNGpg==', 'openid': 'oJfBH41Q13o00lX3pbhGAKUmThxA'}
2019-11-12 10:45:11   GET:https://api.weixin.qq.com/sns/jscode2session?appid=wxb10693ce301b0503&secret=fe966f7c89ba08eccd70060f2b3f9801&js_code=001ry9Et0wY7zj1JFVAt0KucEt0ry9EX&grant_type=authorization_code
2019-11-12 10:45:11   status:200
2019-11-12 10:45:11   data:{'session_key': 'U98reJpwGOPf1GnqtvNGpg==', 'openid': 'oJfBH41Q13o00lX3pbhGAKUmThxA'}
2019-11-12 10:45:22   GET:https://api.weixin.qq.com/sns/jscode2session?appid=wxb10693ce301b0503&secret=fe966f7c89ba08eccd70060f2b3f9801&js_code=011AKUCk0UL6Hs1G6HCk0ILRCk0AKUCb&grant_type=authorization_code
2019-11-12 10:45:22   status:200
2019-11-12 10:45:22   data:{'session_key': 'U98reJpwGOPf1GnqtvNGpg==', 'openid': 'oJfBH41Q13o00lX3pbhGAKUmThxA'}
2019-11-12 10:46:07   GET:https://api.weixin.qq.com/sns/jscode2session?appid=wxb10693ce301b0503&secret=fe966f7c89ba08eccd70060f2b3f9801&js_code=011ZKUA62UX99R0smgB62Lv1B62ZKUAd&grant_type=authorization_code
2019-11-12 10:46:07   status:200
2019-11-12 10:46:07   data:{'session_key': 'dSYxfQR7WbyOJtNTE3Y2sQ==', 'openid': 'oJfBH41Q13o00lX3pbhGAKUmThxA'}
2019-11-12 10:46:17   GET:https://api.weixin.qq.com/sns/jscode2session?appid=wxb10693ce301b0503&secret=fe966f7c89ba08eccd70060f2b3f9801&js_code=0116YckM1TKB7714lthM1VHXjM16YckH&grant_type=authorization_code
2019-11-12 10:46:17   status:200
2019-11-12 10:46:17   data:{'session_key': 'dSYxfQR7WbyOJtNTE3Y2sQ==', 'openid': 'oJfBH41Q13o00lX3pbhGAKUmThxA'}
2019-11-12 10:46:27   GET:https://api.weixin.qq.com/sns/jscode2session?appid=wxb10693ce301b0503&secret=fe966f7c89ba08eccd70060f2b3f9801&js_code=061tn5uu1oi9te04bQvu10aYtu1tn5uk&grant_type=authorization_code
2019-11-12 10:46:28   status:200
2019-11-12 10:46:28   data:{'session_key': 'dSYxfQR7WbyOJtNTE3Y2sQ==', 'openid': 'oJfBH41Q13o00lX3pbhGAKUmThxA'}
2019-11-12 10:46:38   GET:https://api.weixin.qq.com/sns/jscode2session?appid=wxb10693ce301b0503&secret=fe966f7c89ba08eccd70060f2b3f9801&js_code=021e6AAi0qdx5q1S9Ezi0kMdAi0e6AAZ&grant_type=authorization_code
2019-11-12 10:46:38   status:200
2019-11-12 10:46:38   data:{'session_key': 'dSYxfQR7WbyOJtNTE3Y2sQ==', 'openid': 'oJfBH41Q13o00lX3pbhGAKUmThxA'}
2019-11-12 10:47:37   GET:https://api.weixin.qq.com/sns/jscode2session?appid=wxb10693ce301b0503&secret=fe966f7c89ba08eccd70060f2b3f9801&js_code=0819WIpd2SByMF0mWWrd250Mpd29WIp9&grant_type=authorization_code
2019-11-12 10:47:37   status:200
2019-11-12 10:47:37   data:{'session_key': 'dSYxfQR7WbyOJtNTE3Y2sQ==', 'openid': 'oJfBH41Q13o00lX3pbhGAKUmThxA'}
2019-11-12 10:47:48   GET:https://api.weixin.qq.com/sns/jscode2session?appid=wxb10693ce301b0503&secret=fe966f7c89ba08eccd70060f2b3f9801&js_code=0619sbQt1FMwWe0CsOPt1GOMPt19sbQo&grant_type=authorization_code
2019-11-12 10:47:48   status:200
2019-11-12 10:47:48   data:{'session_key': 'dSYxfQR7WbyOJtNTE3Y2sQ==', 'openid': 'oJfBH41Q13o00lX3pbhGAKUmThxA'}
2019-11-12 10:47:58   GET:https://api.weixin.qq.com/sns/jscode2session?appid=wxb10693ce301b0503&secret=fe966f7c89ba08eccd70060f2b3f9801&js_code=0711EcjL1rcHT715fFiL1v96jL11EcjL&grant_type=authorization_code
2019-11-12 10:47:58   status:200
2019-11-12 10:47:58   data:{'session_key': 'dSYxfQR7WbyOJtNTE3Y2sQ==', 'openid': 'oJfBH41Q13o00lX3pbhGAKUmThxA'}
2019-11-12 10:48:08   GET:https://api.weixin.qq.com/sns/jscode2session?appid=wxb10693ce301b0503&secret=fe966f7c89ba08eccd70060f2b3f9801&js_code=001m58Qu1oULGd04EUSu1V5aQu1m58QS&grant_type=authorization_code
2019-11-12 10:48:08   status:200
2019-11-12 10:48:08   data:{'session_key': 'mN8iR+ph5vQCilXw0mdR8w==', 'openid': 'oJfBH41Q13o00lX3pbhGAKUmThxA'}
2019-11-12 10:48:18   GET:https://api.weixin.qq.com/sns/jscode2session?appid=wxb10693ce301b0503&secret=fe966f7c89ba08eccd70060f2b3f9801&js_code=021pHD5b03zgrx1CCd7b039x5b0pHD5H&grant_type=authorization_code
2019-11-12 10:48:19   status:200
2019-11-12 10:48:19   data:{'session_key': 'mN8iR+ph5vQCilXw0mdR8w==', 'openid': 'oJfBH41Q13o00lX3pbhGAKUmThxA'}
2019-11-12 10:48:29   GET:https://api.weixin.qq.com/sns/jscode2session?appid=wxb10693ce301b0503&secret=fe966f7c89ba08eccd70060f2b3f9801&js_code=071PH1DA1iPWAc0wrTBA1SfUCA1PH1Dm&grant_type=authorization_code
2019-11-12 10:48:29   status:200
2019-11-12 10:48:29   data:{'session_key': 'mN8iR+ph5vQCilXw0mdR8w==', 'openid': 'oJfBH41Q13o00lX3pbhGAKUmThxA'}
2019-11-12 10:48:39   GET:https://api.weixin.qq.com/sns/jscode2session?appid=wxb10693ce301b0503&secret=fe966f7c89ba08eccd70060f2b3f9801&js_code=0110A7r81beTgP1SDpp81p3fr810A7rR&grant_type=authorization_code
2019-11-12 10:48:39   status:200
2019-11-12 10:48:39   data:{'session_key': 'mN8iR+ph5vQCilXw0mdR8w==', 'openid': 'oJfBH41Q13o00lX3pbhGAKUmThxA'}
2019-11-12 10:48:49   GET:https://api.weixin.qq.com/sns/jscode2session?appid=wxb10693ce301b0503&secret=fe966f7c89ba08eccd70060f2b3f9801&js_code=001mTv0k0hWwFo16joWj0ago0k0mTv0v&grant_type=authorization_code
2019-11-12 10:48:50   status:200
2019-11-12 10:48:50   data:{'session_key': 'mN8iR+ph5vQCilXw0mdR8w==', 'openid': 'oJfBH41Q13o00lX3pbhGAKUmThxA'}
2019-11-12 10:49:00   GET:https://api.weixin.qq.com/sns/jscode2session?appid=wxb10693ce301b0503&secret=fe966f7c89ba08eccd70060f2b3f9801&js_code=0118tI7j1UDalu0QjR8j1YUR7j18tI71&grant_type=authorization_code
2019-11-12 10:49:00   status:200
2019-11-12 10:49:00   data:{'session_key': 'mN8iR+ph5vQCilXw0mdR8w==', 'openid': 'oJfBH41Q13o00lX3pbhGAKUmThxA'}
2019-11-12 10:49:10   GET:https://api.weixin.qq.com/sns/jscode2session?appid=wxb10693ce301b0503&secret=fe966f7c89ba08eccd70060f2b3f9801&js_code=0119UCVx1BPS1b0GjvTx1RUBVx19UCVC&grant_type=authorization_code
2019-11-12 10:49:10   status:200
2019-11-12 10:49:10   data:{'session_key': 'mN8iR+ph5vQCilXw0mdR8w==', 'openid': 'oJfBH41Q13o00lX3pbhGAKUmThxA'}
2019-11-12 10:49:20   GET:https://api.weixin.qq.com/sns/jscode2session?appid=wxb10693ce301b0503&secret=fe966f7c89ba08eccd70060f2b3f9801&js_code=081gsIwC12LFY50nQpvC1bajwC1gsIwy&grant_type=authorization_code
2019-11-12 10:49:20   status:200
2019-11-12 10:49:20   data:{'session_key': 'mN8iR+ph5vQCilXw0mdR8w==', 'openid': 'oJfBH41Q13o00lX3pbhGAKUmThxA'}
2019-11-12 10:49:31   GET:https://api.weixin.qq.com/sns/jscode2session?appid=wxb10693ce301b0503&secret=fe966f7c89ba08eccd70060f2b3f9801&js_code=001rLVQk0isYms1SxrQk0qISQk0rLVQT&grant_type=authorization_code
2019-11-12 10:49:31   status:200
2019-11-12 10:49:31   data:{'session_key': 'mN8iR+ph5vQCilXw0mdR8w==', 'openid': 'oJfBH41Q13o00lX3pbhGAKUmThxA'}
2019-11-12 10:49:41   GET:https://api.weixin.qq.com/sns/jscode2session?appid=wxb10693ce301b0503&secret=fe966f7c89ba08eccd70060f2b3f9801&js_code=021akPBH1ZRuT00fxmCH13nJBH1akPB6&grant_type=authorization_code
2019-11-12 10:49:41   status:200
2019-11-12 10:49:41   data:{'session_key': 'mN8iR+ph5vQCilXw0mdR8w==', 'openid': 'oJfBH41Q13o00lX3pbhGAKUmThxA'}
2019-11-12 10:49:51   GET:https://api.weixin.qq.com/sns/jscode2session?appid=wxb10693ce301b0503&secret=fe966f7c89ba08eccd70060f2b3f9801&js_code=061w1gMB1ZgLxb0mZ0PB11A0MB1w1gMl&grant_type=authorization_code
2019-11-12 10:49:51   status:200
2019-11-12 10:49:51   data:{'session_key': 'mN8iR+ph5vQCilXw0mdR8w==', 'openid': 'oJfBH41Q13o00lX3pbhGAKUmThxA'}
2019-11-12 10:50:02   GET:https://api.weixin.qq.com/sns/jscode2session?appid=wxb10693ce301b0503&secret=fe966f7c89ba08eccd70060f2b3f9801&js_code=001tKTt01pdwgX1Z8pv011MKt01tKTtO&grant_type=authorization_code
2019-11-12 10:50:02   status:200
2019-11-12 10:50:02   data:{'session_key': 'mN8iR+ph5vQCilXw0mdR8w==', 'openid': 'oJfBH41Q13o00lX3pbhGAKUmThxA'}
2019-11-12 10:50:12   GET:https://api.weixin.qq.com/sns/jscode2session?appid=wxb10693ce301b0503&secret=fe966f7c89ba08eccd70060f2b3f9801&js_code=061XNIfO0l4iU42pjkiO0rOKfO0XNIfQ&grant_type=authorization_code
2019-11-12 10:50:13   status:200
2019-11-12 10:50:13   data:{'session_key': 'n9y8OcgWzKUFaXtoQGDNww==', 'openid': 'oJfBH41Q13o00lX3pbhGAKUmThxA'}
2019-11-12 10:50:24   GET:https://api.weixin.qq.com/sns/jscode2session?appid=wxb10693ce301b0503&secret=fe966f7c89ba08eccd70060f2b3f9801&js_code=071i4Bl91Wm4xO1yobl91crTl91i4Blt&grant_type=authorization_code
2019-11-12 10:50:24   status:200
2019-11-12 10:50:24   data:{'session_key': 'n9y8OcgWzKUFaXtoQGDNww==', 'openid': 'oJfBH41Q13o00lX3pbhGAKUmThxA'}
2019-11-12 10:51:54   GET:https://api.weixin.qq.com/sns/jscode2session?appid=wxb10693ce301b0503&secret=fe966f7c89ba08eccd70060f2b3f9801&js_code=061Dds5S0Z91U52QNG8S0h5z5S0Dds5v&grant_type=authorization_code
2019-11-12 10:51:55   status:200
2019-11-12 10:51:55   data:{'session_key': 'n9y8OcgWzKUFaXtoQGDNww==', 'openid': 'oJfBH41Q13o00lX3pbhGAKUmThxA'}
2019-11-12 10:52:28   GET:https://api.weixin.qq.com/sns/jscode2session?appid=wxb10693ce301b0503&secret=fe966f7c89ba08eccd70060f2b3f9801&js_code=001C8JFN0u61va29DDCN0tMAFN0C8JFg&grant_type=authorization_code
2019-11-12 10:52:28   status:200
2019-11-12 10:52:28   data:{'session_key': 'iVgg9U8w0govXxvhp/IGUw==', 'openid': 'oJfBH41Q13o00lX3pbhGAKUmThxA'}
2019-11-12 10:52:53   GET:https://api.weixin.qq.com/sns/jscode2session?appid=wxb10693ce301b0503&secret=fe966f7c89ba08eccd70060f2b3f9801&js_code=081gDNdb1TGUJx0z1Fcb121Idb1gDNdd&grant_type=authorization_code
2019-11-12 10:52:53   status:200
2019-11-12 10:52:53   data:{'session_key': 'iVgg9U8w0govXxvhp/IGUw==', 'openid': 'oJfBH41Q13o00lX3pbhGAKUmThxA'}
2019-11-12 10:53:57   GET:https://api.weixin.qq.com/sns/jscode2session?appid=wxb10693ce301b0503&secret=fe966f7c89ba08eccd70060f2b3f9801&js_code=011nszY81ameJO1PsRX81zlHY81nszY-&grant_type=authorization_code
2019-11-12 10:53:57   status:200
2019-11-12 10:53:57   data:{'session_key': 'iVgg9U8w0govXxvhp/IGUw==', 'openid': 'oJfBH41Q13o00lX3pbhGAKUmThxA'}
2019-11-12 10:54:29   GET:https://api.weixin.qq.com/sns/jscode2session?appid=wxb10693ce301b0503&secret=fe966f7c89ba08eccd70060f2b3f9801&js_code=071XZe4l2YSpFC0kJl3l2hRe4l2XZe4d&grant_type=authorization_code
2019-11-12 10:54:29   status:200
2019-11-12 10:54:29   data:{'session_key': 'whWRmcjd7KM5kNv8crrV2g==', 'openid': 'oJfBH41Q13o00lX3pbhGAKUmThxA'}
2019-11-12 10:57:23   GET:https://api.weixin.qq.com/sns/jscode2session?appid=wxb10693ce301b0503&secret=fe966f7c89ba08eccd70060f2b3f9801&js_code=021j76Ok083tns1ENROk0ydONk0j76Om&grant_type=authorization_code
2019-11-12 10:57:23   status:200
2019-11-12 10:57:23   data:{'session_key': '35jNyy0nc6+Ui03K9IB+GA==', 'openid': 'oJfBH41Q13o00lX3pbhGAKUmThxA'}
2019-11-12 10:58:01   GET:https://api.weixin.qq.com/sns/jscode2session?appid=wxb10693ce301b0503&secret=fe966f7c89ba08eccd70060f2b3f9801&js_code=011wfq6y1dtWHa0A0G7y1TYu6y1wfq6q&grant_type=authorization_code
2019-11-12 10:58:02   status:200
2019-11-12 10:58:02   data:{'session_key': '35jNyy0nc6+Ui03K9IB+GA==', 'openid': 'oJfBH41Q13o00lX3pbhGAKUmThxA'}
2019-11-12 10:58:05   GET:https://api.weixin.qq.com/sns/jscode2session?appid=wxb10693ce301b0503&secret=fe966f7c89ba08eccd70060f2b3f9801&js_code=0117KMHD0cL8qk2CjNFD0e9KHD07KMHd&grant_type=authorization_code
2019-11-12 10:58:05   status:200
2019-11-12 10:58:05   data:{'session_key': '35jNyy0nc6+Ui03K9IB+GA==', 'openid': 'oJfBH41Q13o00lX3pbhGAKUmThxA'}
2019-11-12 10:58:56   GET:https://api.weixin.qq.com/sns/jscode2session?appid=wxb10693ce301b0503&secret=fe966f7c89ba08eccd70060f2b3f9801&js_code=081VS1ol05OYOr12f3ol04Vgol0VS1oD&grant_type=authorization_code
2019-11-12 10:58:56   status:200
2019-11-12 10:58:56   data:{'session_key': '35jNyy0nc6+Ui03K9IB+GA==', 'openid': 'oJfBH41Q13o00lX3pbhGAKUmThxA'}
2019-11-12 10:59:39   GET:https://api.weixin.qq.com/sns/jscode2session?appid=wxb10693ce301b0503&secret=fe966f7c89ba08eccd70060f2b3f9801&js_code=071BbwqZ0mNypY1Me9sZ0gJNqZ0Bbwq9&grant_type=authorization_code
2019-11-12 10:59:39   status:200
2019-11-12 10:59:39   data:{'session_key': '7VWi8KF1N9f+nP6mTcWTQQ==', 'openid': 'oJfBH41Q13o00lX3pbhGAKUmThxA'}
2019-11-12 10:59:53   GET:https://api.weixin.qq.com/sns/jscode2session?appid=wxb10693ce301b0503&secret=fe966f7c89ba08eccd70060f2b3f9801&js_code=061Wu9Mt03S3Hj13aANt0ND9Mt0Wu9MF&grant_type=authorization_code
2019-11-12 10:59:53   status:200
2019-11-12 10:59:53   data:{'session_key': '7VWi8KF1N9f+nP6mTcWTQQ==', 'openid': 'oJfBH41Q13o00lX3pbhGAKUmThxA'}
2019-11-12 11:01:39   GET:https://api.weixin.qq.com/sns/jscode2session?appid=wxb10693ce301b0503&secret=fe966f7c89ba08eccd70060f2b3f9801&js_code=071i3Foc1BR28w0maCoc1eESoc1i3Foq&grant_type=authorization_code
2019-11-12 11:01:39   status:200
2019-11-12 11:01:39   data:{'session_key': 'XVp4hnB3GZ0igCF+kLWDrw==', 'openid': 'oJfBH41Q13o00lX3pbhGAKUmThxA'}
2019-11-12 11:02:44   GET:https://api.weixin.qq.com/sns/jscode2session?appid=wxb10693ce301b0503&secret=fe966f7c89ba08eccd70060f2b3f9801&js_code=011PpeiG1Rs6T60vbXhG13ViiG1PpeiE&grant_type=authorization_code
2019-11-12 11:02:44   status:200
2019-11-12 11:02:44   data:{'session_key': 'XVp4hnB3GZ0igCF+kLWDrw==', 'openid': 'oJfBH41Q13o00lX3pbhGAKUmThxA'}
2019-11-12 11:03:31   GET:https://api.weixin.qq.com/sns/jscode2session?appid=wxb10693ce301b0503&secret=fe966f7c89ba08eccd70060f2b3f9801&js_code=0815YPtl1imT2n0HDAtl1li6ul15YPt0&grant_type=authorization_code
2019-11-12 11:03:31   status:200
2019-11-12 11:03:31   data:{'session_key': 'XVp4hnB3GZ0igCF+kLWDrw==', 'openid': 'oJfBH41Q13o00lX3pbhGAKUmThxA'}
2019-11-12 11:03:43   GET:https://api.weixin.qq.com/sns/jscode2session?appid=wxb10693ce301b0503&secret=fe966f7c89ba08eccd70060f2b3f9801&js_code=011hg0xe0UFSZt1WL0we0ibhxe0hg0xg&grant_type=authorization_code
2019-11-12 11:03:43   status:200
2019-11-12 11:03:43   data:{'session_key': 'k3peC6xcbRix233rOl/DUQ==', 'openid': 'oJfBH41Q13o00lX3pbhGAKUmThxA'}
2019-11-12 11:05:36   GET:https://api.weixin.qq.com/sns/jscode2session?appid=wxb10693ce301b0503&secret=fe966f7c89ba08eccd70060f2b3f9801&js_code=001Dmycg1BZszs0HjYcg1swPcg1DmycK&grant_type=authorization_code
2019-11-12 11:05:36   status:200
2019-11-12 11:05:36   data:{'session_key': 'k3peC6xcbRix233rOl/DUQ==', 'openid': 'oJfBH41Q13o00lX3pbhGAKUmThxA'}
2019-11-12 11:05:42   GET:https://api.weixin.qq.com/sns/jscode2session?appid=wxb10693ce301b0503&secret=fe966f7c89ba08eccd70060f2b3f9801&js_code=021TJQY51vchUR1xvOX51spOY51TJQYf&grant_type=authorization_code
2019-11-12 11:05:42   status:200
2019-11-12 11:05:42   data:{'session_key': 'k3peC6xcbRix233rOl/DUQ==', 'openid': 'oJfBH41Q13o00lX3pbhGAKUmThxA'}
2019-11-12 11:07:33   GET:https://api.weixin.qq.com/sns/jscode2session?appid=wxb10693ce301b0503&secret=fe966f7c89ba08eccd70060f2b3f9801&js_code=001srtNO0x5yP42MwWKO0l3xNO0srtNF&grant_type=authorization_code
2019-11-12 11:07:33   status:200
2019-11-12 11:07:33   data:{'session_key': 'u0BNyVjKRRiQfn89vLPc7Q==', 'openid': 'oJfBH41Q13o00lX3pbhGAKUmThxA'}
2019-11-12 11:07:46   GET:https://api.weixin.qq.com/sns/jscode2session?appid=wxb10693ce301b0503&secret=fe966f7c89ba08eccd70060f2b3f9801&js_code=001T7bWN1DOlW91AkmYN1Gq7WN1T7bWz&grant_type=authorization_code
2019-11-12 11:07:47   status:200
2019-11-12 11:07:47   data:{'session_key': 'u0BNyVjKRRiQfn89vLPc7Q==', 'openid': 'oJfBH41Q13o00lX3pbhGAKUmThxA'}
2019-11-12 11:08:21   GET:https://api.weixin.qq.com/sns/jscode2session?appid=wxb10693ce301b0503&secret=fe966f7c89ba08eccd70060f2b3f9801&js_code=0619hSpJ1yizL30Vo7nJ1cdypJ19hSpu&grant_type=authorization_code
2019-11-12 11:08:21   status:200
2019-11-12 11:08:21   data:{'session_key': 'u0BNyVjKRRiQfn89vLPc7Q==', 'openid': 'oJfBH41Q13o00lX3pbhGAKUmThxA'}
2019-11-12 11:09:02   GET:https://api.weixin.qq.com/sns/jscode2session?appid=wxb10693ce301b0503&secret=fe966f7c89ba08eccd70060f2b3f9801&js_code=011vxOLi0JRIIp1N7MNi0SBWLi0vxOLm&grant_type=authorization_code
2019-11-12 11:09:02   status:200
2019-11-12 11:09:02   data:{'session_key': 'u0BNyVjKRRiQfn89vLPc7Q==', 'openid': 'oJfBH41Q13o00lX3pbhGAKUmThxA'}
2019-11-12 11:09:50   GET:https://api.weixin.qq.com/sns/jscode2session?appid=wxb10693ce301b0503&secret=fe966f7c89ba08eccd70060f2b3f9801&js_code=011LAHoA1n7PVc0y7xpA12nxoA1LAHoo&grant_type=authorization_code
2019-11-12 11:09:50   status:200
2019-11-12 11:09:50   data:{'session_key': 'ZxqsTvJHowySTLNlo8Nyxg==', 'openid': 'oJfBH41Q13o00lX3pbhGAKUmThxA'}
2019-11-12 11:10:12   GET:https://api.weixin.qq.com/sns/jscode2session?appid=wxb10693ce301b0503&secret=fe966f7c89ba08eccd70060f2b3f9801&js_code=071lCnDm1NqToq022VDm1XkHDm1lCnDb&grant_type=authorization_code
2019-11-12 11:10:12   status:200
2019-11-12 11:10:12   data:{'session_key': 'ZxqsTvJHowySTLNlo8Nyxg==', 'openid': 'oJfBH41Q13o00lX3pbhGAKUmThxA'}
2019-11-12 11:10:31   GET:https://api.weixin.qq.com/sns/jscode2session?appid=wxb10693ce301b0503&secret=fe966f7c89ba08eccd70060f2b3f9801&js_code=0719l9mo02lBzk1FqBlo0f2Plo09l9mg&grant_type=authorization_code
2019-11-12 11:10:31   status:200
2019-11-12 11:10:31   data:{'session_key': 'ZxqsTvJHowySTLNlo8Nyxg==', 'openid': 'oJfBH41Q13o00lX3pbhGAKUmThxA'}
2019-11-12 11:10:43   GET:https://api.weixin.qq.com/sns/jscode2session?appid=wxb10693ce301b0503&secret=fe966f7c89ba08eccd70060f2b3f9801&js_code=011zSbF71eLQDL1ps5D71ZfZE71zSbFV&grant_type=authorization_code
2019-11-12 11:10:43   status:200
2019-11-12 11:10:43   data:{'session_key': 'ZxqsTvJHowySTLNlo8Nyxg==', 'openid': 'oJfBH41Q13o00lX3pbhGAKUmThxA'}
2019-11-12 11:11:25   GET:https://api.weixin.qq.com/sns/jscode2session?appid=wxb10693ce301b0503&secret=fe966f7c89ba08eccd70060f2b3f9801&js_code=001p2OhX1YGwy016KAiX1a7HhX1p2OhE&grant_type=authorization_code
2019-11-12 11:11:25   status:200
2019-11-12 11:11:25   data:{'session_key': 'ZxqsTvJHowySTLNlo8Nyxg==', 'openid': 'oJfBH41Q13o00lX3pbhGAKUmThxA'}
2019-11-12 11:11:54   GET:https://api.weixin.qq.com/sns/jscode2session?appid=wxb10693ce301b0503&secret=fe966f7c89ba08eccd70060f2b3f9801&js_code=071Utvef2kkNKI023Pff2Jcoef2UtveN&grant_type=authorization_code
2019-11-12 11:11:54   status:200
2019-11-12 11:11:54   data:{'session_key': 'k7iRYAAsVQzf2oCZlfkO2A==', 'openid': 'oJfBH41Q13o00lX3pbhGAKUmThxA'}
2019-11-12 11:12:26   GET:https://api.weixin.qq.com/sns/jscode2session?appid=wxb10693ce301b0503&secret=fe966f7c89ba08eccd70060f2b3f9801&js_code=061U4tja0WUDmy1laPia0eQ3ja0U4tje&grant_type=authorization_code
2019-11-12 11:12:26   status:200
2019-11-12 11:12:26   data:{'session_key': 'k7iRYAAsVQzf2oCZlfkO2A==', 'openid': 'oJfBH41Q13o00lX3pbhGAKUmThxA'}
2019-11-12 11:13:11   GET:https://api.weixin.qq.com/sns/jscode2session?appid=wxb10693ce301b0503&secret=fe966f7c89ba08eccd70060f2b3f9801&js_code=0010hXea0twciy1IKTha0rY7fa00hXe8&grant_type=authorization_code
2019-11-12 11:13:11   status:200
2019-11-12 11:13:11   data:{'session_key': 'k7iRYAAsVQzf2oCZlfkO2A==', 'openid': 'oJfBH41Q13o00lX3pbhGAKUmThxA'}
2019-11-12 11:14:11   GET:https://api.weixin.qq.com/sns/jscode2session?appid=wxb10693ce301b0503&secret=fe966f7c89ba08eccd70060f2b3f9801&js_code=061XBhoC0oTbUg2yOzrC0NaooC0XBhog&grant_type=authorization_code
2019-11-12 11:14:11   status:200
2019-11-12 11:14:11   data:{'session_key': 'ExEgolmbMF0Y+Gph9MPisQ==', 'openid': 'oJfBH41Q13o00lX3pbhGAKUmThxA'}
2019-11-12 11:16:44   GET:https://api.weixin.qq.com/sns/jscode2session?appid=wxb10693ce301b0503&secret=fe966f7c89ba08eccd70060f2b3f9801&js_code=071HFbCi1LJTpu0Cr5Ci1nJ5Ci1HFbC-&grant_type=authorization_code
2019-11-12 11:16:44   status:200
2019-11-12 11:16:44   data:{'session_key': 'nXhEzrI7drPuzYe48d0QKg==', 'openid': 'oJfBH41Q13o00lX3pbhGAKUmThxA'}
2019-11-12 11:17:39   GET:https://api.weixin.qq.com/sns/jscode2session?appid=wxb10693ce301b0503&secret=fe966f7c89ba08eccd70060f2b3f9801&js_code=011EQTMV0v61f22UOaMV0zwDMV0EQTM3&grant_type=authorization_code
2019-11-12 11:17:39   status:200
2019-11-12 11:17:39   data:{'session_key': 'nXhEzrI7drPuzYe48d0QKg==', 'openid': 'oJfBH41Q13o00lX3pbhGAKUmThxA'}
2019-11-12 11:18:57   GET:https://api.weixin.qq.com/sns/jscode2session?appid=wxb10693ce301b0503&secret=fe966f7c89ba08eccd70060f2b3f9801&js_code=011M2RaA0Bsh2d1GLIaA0Ow6bA0M2RaW&grant_type=authorization_code
2019-11-12 11:18:57   status:200
2019-11-12 11:18:57   data:{'session_key': '5Lo8Kql54L/ooWJPfdmIiA==', 'openid': 'oJfBH41Q13o00lX3pbhGAKUmThxA'}
2019-11-12 11:19:27   GET:https://api.weixin.qq.com/sns/jscode2session?appid=wxb10693ce301b0503&secret=fe966f7c89ba08eccd70060f2b3f9801&js_code=021wi2Ti1R5mCu0CE3Ti1gc1Ti1wi2T4&grant_type=authorization_code
2019-11-12 11:19:27   status:200
2019-11-12 11:19:27   data:{'session_key': '5Lo8Kql54L/ooWJPfdmIiA==', 'openid': 'oJfBH41Q13o00lX3pbhGAKUmThxA'}
2019-11-12 11:20:08   GET:https://api.weixin.qq.com/sns/jscode2session?appid=wxb10693ce301b0503&secret=fe966f7c89ba08eccd70060f2b3f9801&js_code=001cdcgg085HUw1Xoigg05L5gg0cdcg9&grant_type=authorization_code
2019-11-12 11:20:08   status:200
2019-11-12 11:20:08   data:{'session_key': '5Lo8Kql54L/ooWJPfdmIiA==', 'openid': 'oJfBH41Q13o00lX3pbhGAKUmThxA'}
2019-11-12 11:21:15   GET:https://api.weixin.qq.com/sns/jscode2session?appid=wxb10693ce301b0503&secret=fe966f7c89ba08eccd70060f2b3f9801&js_code=021EQWFF1FBdp70XppFF1geXFF1EQWFz&grant_type=authorization_code
2019-11-12 11:21:15   status:200
2019-11-12 11:21:15   data:{'session_key': 'Sa6r2X9X5l+Kd9CBAo9OSw==', 'openid': 'oJfBH41Q13o00lX3pbhGAKUmThxA'}
2019-11-12 11:21:20   GET:https://api.weixin.qq.com/sns/jscode2session?appid=wxb10693ce301b0503&secret=fe966f7c89ba08eccd70060f2b3f9801&js_code=021HrO0719m29M1hh3Z61XgK071HrO0u&grant_type=authorization_code
2019-11-12 11:21:20   status:200
2019-11-12 11:21:20   data:{'session_key': 'Sa6r2X9X5l+Kd9CBAo9OSw==', 'openid': 'oJfBH41Q13o00lX3pbhGAKUmThxA'}
2019-11-12 11:22:07   GET:https://api.weixin.qq.com/sns/jscode2session?appid=wxb10693ce301b0503&secret=fe966f7c89ba08eccd70060f2b3f9801&js_code=021xO7MP02Okx32qltMP06MLLP0xO7Mi&grant_type=authorization_code
2019-11-12 11:22:07   status:200
2019-11-12 11:22:07   data:{'session_key': 'Sa6r2X9X5l+Kd9CBAo9OSw==', 'openid': 'oJfBH41Q13o00lX3pbhGAKUmThxA'}
2019-11-12 11:22:10   GET:https://api.weixin.qq.com/sns/jscode2session?appid=wxb10693ce301b0503&secret=fe966f7c89ba08eccd70060f2b3f9801&js_code=011GK3Zw1kuukg0DCAXw1A3cZw1GK3ZQ&grant_type=authorization_code
2019-11-12 11:22:10   status:200
2019-11-12 11:22:10   data:{'session_key': 'Sa6r2X9X5l+Kd9CBAo9OSw==', 'openid': 'oJfBH41Q13o00lX3pbhGAKUmThxA'}
2019-11-12 11:22:36   GET:https://api.weixin.qq.com/sns/jscode2session?appid=wxb10693ce301b0503&secret=fe966f7c89ba08eccd70060f2b3f9801&js_code=081cI0RR0Dgka62wwbNR0xY5RR0cI0RB&grant_type=authorization_code
2019-11-12 11:22:36   status:200
2019-11-12 11:22:36   data:{'session_key': 'Sa6r2X9X5l+Kd9CBAo9OSw==', 'openid': 'oJfBH41Q13o00lX3pbhGAKUmThxA'}
2019-11-12 11:22:45   GET:https://api.weixin.qq.com/sns/jscode2session?appid=wxb10693ce301b0503&secret=fe966f7c89ba08eccd70060f2b3f9801&js_code=001KT0vT0nD7XZ1gnLuT0cgZuT0KT0vD&grant_type=authorization_code
2019-11-12 11:22:45   status:200
2019-11-12 11:22:45   data:{'session_key': 'Sa6r2X9X5l+Kd9CBAo9OSw==', 'openid': 'oJfBH41Q13o00lX3pbhGAKUmThxA'}
2019-11-12 11:23:13   GET:https://api.weixin.qq.com/sns/jscode2session?appid=wxb10693ce301b0503&secret=fe966f7c89ba08eccd70060f2b3f9801&js_code=071Sy0GS0RPjL02oiXGS0uTgGS0Sy0GL&grant_type=authorization_code
2019-11-12 11:23:13   status:200
2019-11-12 11:23:13   data:{'session_key': 'Sa6r2X9X5l+Kd9CBAo9OSw==', 'openid': 'oJfBH41Q13o00lX3pbhGAKUmThxA'}
2019-11-12 11:23:24   GET:https://api.weixin.qq.com/sns/jscode2session?appid=wxb10693ce301b0503&secret=fe966f7c89ba08eccd70060f2b3f9801&js_code=081ewMJa2KMNfN0DFRKa2DSHJa2ewMJD&grant_type=authorization_code
2019-11-12 11:23:24   status:200
2019-11-12 11:23:24   data:{'session_key': 'HcNHU8fe9k8yYUpvFiXBwA==', 'openid': 'oJfBH41Q13o00lX3pbhGAKUmThxA'}
2019-11-12 11:23:39   GET:https://api.weixin.qq.com/sns/jscode2session?appid=wxb10693ce301b0503&secret=fe966f7c89ba08eccd70060f2b3f9801&js_code=011Xsmyv0qrRth1pyiyv06Wfyv0XsmyO&grant_type=authorization_code
2019-11-12 11:23:39   status:200
2019-11-12 11:23:39   data:{'session_key': 'HcNHU8fe9k8yYUpvFiXBwA==', 'openid': 'oJfBH41Q13o00lX3pbhGAKUmThxA'}
2019-11-12 11:24:34   GET:https://api.weixin.qq.com/sns/jscode2session?appid=wxb10693ce301b0503&secret=fe966f7c89ba08eccd70060f2b3f9801&js_code=021NHmfF0Ixm5e21JYgF03nmfF0NHmfj&grant_type=authorization_code
2019-11-12 11:24:34   status:200
2019-11-12 11:24:34   data:{'session_key': 'HcNHU8fe9k8yYUpvFiXBwA==', 'openid': 'oJfBH41Q13o00lX3pbhGAKUmThxA'}
2019-11-12 11:25:02   GET:https://api.weixin.qq.com/sns/jscode2session?appid=wxb10693ce301b0503&secret=fe966f7c89ba08eccd70060f2b3f9801&js_code=071nemBD0vb3ok2EcsCD08oxBD0nemBf&grant_type=authorization_code
2019-11-12 11:25:03   status:200
2019-11-12 11:25:03   data:{'session_key': 'HcNHU8fe9k8yYUpvFiXBwA==', 'openid': 'oJfBH41Q13o00lX3pbhGAKUmThxA'}
2019-11-12 11:25:15   GET:https://api.weixin.qq.com/sns/jscode2session?appid=wxb10693ce301b0503&secret=fe966f7c89ba08eccd70060f2b3f9801&js_code=081hGHvB1cZmQb0GwuvB1pTZvB1hGHvF&grant_type=authorization_code
2019-11-12 11:25:16   status:200
2019-11-12 11:25:16   data:{'session_key': 'HcNHU8fe9k8yYUpvFiXBwA==', 'openid': 'oJfBH41Q13o00lX3pbhGAKUmThxA'}
2019-11-12 11:25:32   GET:https://api.weixin.qq.com/sns/jscode2session?appid=wxb10693ce301b0503&secret=fe966f7c89ba08eccd70060f2b3f9801&js_code=081Bj4Wf2HYweI0eI4Wf2dPNVf2Bj4Wq&grant_type=authorization_code
2019-11-12 11:25:32   status:200
2019-11-12 11:25:32   data:{'session_key': 'nwg7VmcoPxjsYgvKMuv3OA==', 'openid': 'oJfBH41Q13o00lX3pbhGAKUmThxA'}
2019-11-12 11:26:29   GET:https://api.weixin.qq.com/sns/jscode2session?appid=wxb10693ce301b0503&secret=fe966f7c89ba08eccd70060f2b3f9801&js_code=0015m1WS0QKqv02TggYS0bI6WS05m1W0&grant_type=authorization_code
2019-11-12 11:26:29   status:200
2019-11-12 11:26:29   data:{'session_key': 'nwg7VmcoPxjsYgvKMuv3OA==', 'openid': 'oJfBH41Q13o00lX3pbhGAKUmThxA'}
2019-11-12 11:26:33   GET:https://api.weixin.qq.com/sns/jscode2session?appid=wxb10693ce301b0503&secret=fe966f7c89ba08eccd70060f2b3f9801&js_code=061GVztw0FQT9c12iKrw0blttw0GVztD&grant_type=authorization_code
2019-11-12 11:26:34   status:200
2019-11-12 11:26:34   data:{'session_key': 'nwg7VmcoPxjsYgvKMuv3OA==', 'openid': 'oJfBH41Q13o00lX3pbhGAKUmThxA'}
2019-11-12 11:27:01   GET:https://api.weixin.qq.com/sns/jscode2session?appid=wxb10693ce301b0503&secret=fe966f7c89ba08eccd70060f2b3f9801&js_code=061MSDbz0RWRje1v3S9z0dGAbz0MSDbG&grant_type=authorization_code
2019-11-12 11:27:02   status:200
2019-11-12 11:27:02   data:{'session_key': 'nwg7VmcoPxjsYgvKMuv3OA==', 'openid': 'oJfBH41Q13o00lX3pbhGAKUmThxA'}
2019-11-12 11:27:56   GET:https://api.weixin.qq.com/sns/jscode2session?appid=wxb10693ce301b0503&secret=fe966f7c89ba08eccd70060f2b3f9801&js_code=081dFLyp0vqKtn1c4aCp0P2Oyp0dFLyL&grant_type=authorization_code
2019-11-12 11:27:56   status:200
2019-11-12 11:27:56   data:{'session_key': 'pvJLYtdFoY0a+4XvkOCGPQ==', 'openid': 'oJfBH41Q13o00lX3pbhGAKUmThxA'}
2019-11-12 11:28:31   GET:https://api.weixin.qq.com/sns/jscode2session?appid=wxb10693ce301b0503&secret=fe966f7c89ba08eccd70060f2b3f9801&js_code=011Q4yNS0NdXm02qF5NS0nKyNS0Q4yNE&grant_type=authorization_code
2019-11-12 11:28:31   status:200
2019-11-12 11:28:31   data:{'session_key': 'pvJLYtdFoY0a+4XvkOCGPQ==', 'openid': 'oJfBH41Q13o00lX3pbhGAKUmThxA'}
2019-11-12 11:30:29   GET:https://api.weixin.qq.com/sns/jscode2session?appid=wxb10693ce301b0503&secret=fe966f7c89ba08eccd70060f2b3f9801&js_code=0011lkzu1Mh7Yd0wxsxu1lk7zu11lkzw&grant_type=authorization_code
2019-11-12 11:30:29   status:200
2019-11-12 11:30:29   data:{'session_key': 'sfbTwsfrNvbKpfy9BQiGpA==', 'openid': 'oJfBH41Q13o00lX3pbhGAKUmThxA'}
2019-11-12 12:36:48   GET:https://api.weixin.qq.com/sns/jscode2session?appid=wxb10693ce301b0503&secret=fe966f7c89ba08eccd70060f2b3f9801&js_code=011zeGzS1tNpr51TqSyS1x3YzS1zeGzb&grant_type=authorization_code
2019-11-12 12:36:48   status:200
2019-11-12 12:36:48   data:{'session_key': 'KhUc8syPXDTxECJKenx68Q==', 'openid': 'oJfBH41Q13o00lX3pbhGAKUmThxA'}
2019-11-12 12:37:42   ('data DoesNotExist',)
2019-11-12 12:37:42   GET:https://api.weixin.qq.com/sns/jscode2session?appid=wxb10693ce301b0503&secret=fe966f7c89ba08eccd70060f2b3f9801&js_code=0714d2Yl0gCidr1hPvYl0AFcYl04d2YO&grant_type=authorization_code
2019-11-12 12:37:42   status:200
2019-11-12 12:37:42   data:{'session_key': 'KhUc8syPXDTxECJKenx68Q==', 'openid': 'oJfBH41Q13o00lX3pbhGAKUmThxA'}
2019-11-12 13:37:22   ('data DoesNotExist',)
