2019-11-19 09:48:06   ('data DoesNotExist',)
2019-11-19 09:48:14   ('data DoesNotExist',)
2019-11-19 09:49:25   ('data DoesNotExist',)
2019-11-19 09:49:28   ('data DoesNotExist',)
2019-11-19 09:49:31   ('data DoesNotExist',)
2019-11-19 09:49:34   ('data DoesNotExist',)
2019-11-19 09:50:41   ('data DoesNotExist',)
2019-11-19 09:51:26   ('data DoesNotExist',)
2019-11-19 09:52:51   ('data DoesNotExist',)
2019-11-19 10:13:00   ('data DoesNotExist',)
2019-11-19 10:13:00   ('ValidationError',)
2019-11-19 10:13:00   ('ValidationError',)
2019-11-19 11:22:46   ('data DoesNotExist',)
2019-11-19 11:22:48   ('ValidationError',)
2019-11-19 11:22:48   ('ValidationError',)
2019-11-19 11:22:49   ('ValidationError',)
2019-11-19 12:34:27   ('data DoesNotExist',)
2019-11-19 12:39:16   ('data DoesNotExist',)
2019-11-19 12:45:07   ('data DoesNotExist',)
2019-11-19 12:45:08   ('ValidationError',)
2019-11-19 12:45:08   ('ValidationError',)
2019-11-19 12:45:08   ('ValidationError',)
2019-11-19 12:47:29   ('data DoesNotExist',)
2019-11-19 12:48:58   GET:https://api.weixin.qq.com/sns/jscode2session?appid=wxb10693ce301b0503&secret=fe966f7c89ba08eccd70060f2b3f9801&js_code=0014iwFx1SkHRa06xdFx1KMrFx14iwFt&grant_type=authorization_code
2019-11-19 12:48:58   status:200
2019-11-19 12:48:58   data:{'session_key': 'dTmMuFPMbSupiDgU5ujONA==', 'openid': 'oJfBH41Q13o00lX3pbhGAKUmThxA'}
2019-11-19 12:49:11   ('data DoesNotExist',)
2019-11-19 12:51:24   GET:https://api.weixin.qq.com/sns/jscode2session?appid=wxb10693ce301b0503&secret=fe966f7c89ba08eccd70060f2b3f9801&js_code=081XwAja0lBPfy16Ogma0bXwja0XwAjz&grant_type=authorization_code
2019-11-19 12:51:24   status:200
2019-11-19 12:51:24   data:{'session_key': 'e1gVfKvkpPsru/nGs6Hdcw==', 'openid': 'oJfBH41Q13o00lX3pbhGAKUmThxA'}
2019-11-19 12:59:19   ('data DoesNotExist',)
2019-11-19 13:00:23   GET:https://api.weixin.qq.com/sns/jscode2session?appid=wxb10693ce301b0503&secret=fe966f7c89ba08eccd70060f2b3f9801&js_code=071MhPFk1xonRn0vMaJk1oY7Gk1MhPFF&grant_type=authorization_code
2019-11-19 13:00:23   status:200
2019-11-19 13:00:23   data:{'session_key': 'WhleCTn7m2KWaFongmA0qA==', 'openid': 'oJfBH41Q13o00lX3pbhGAKUmThxA'}
2019-11-19 13:00:39   GET:https://api.weixin.qq.com/sns/jscode2session?appid=wxb10693ce301b0503&secret=fe966f7c89ba08eccd70060f2b3f9801&js_code=061ymHKb07fvoB1KP8Mb054wKb0ymHKW&grant_type=authorization_code
2019-11-19 13:00:39   status:200
2019-11-19 13:00:39   data:{'session_key': 'WhleCTn7m2KWaFongmA0qA==', 'openid': 'oJfBH41Q13o00lX3pbhGAKUmThxA'}
2019-11-19 13:00:47   GET:https://api.weixin.qq.com/sns/jscode2session?appid=wxb10693ce301b0503&secret=fe966f7c89ba08eccd70060f2b3f9801&js_code=0014FTjv0pu5Nh1dNRjv0GKyjv04FTjK&grant_type=authorization_code
2019-11-19 13:00:47   status:200
2019-11-19 13:00:47   data:{'session_key': 'WhleCTn7m2KWaFongmA0qA==', 'openid': 'oJfBH41Q13o00lX3pbhGAKUmThxA'}
2019-11-19 13:00:52   GET:https://api.weixin.qq.com/sns/jscode2session?appid=wxb10693ce301b0503&secret=fe966f7c89ba08eccd70060f2b3f9801&js_code=081Nr6jf2JVBII0u8jkf2YH2jf2Nr6jf&grant_type=authorization_code
2019-11-19 13:00:52   status:200
2019-11-19 13:00:52   data:{'session_key': 'WhleCTn7m2KWaFongmA0qA==', 'openid': 'oJfBH41Q13o00lX3pbhGAKUmThxA'}
2019-11-19 13:00:54   GET:https://api.weixin.qq.com/sns/jscode2session?appid=wxb10693ce301b0503&secret=fe966f7c89ba08eccd70060f2b3f9801&js_code=081tzPFP0Ksqw32ed3JP0QlWFP0tzPFo&grant_type=authorization_code
2019-11-19 13:00:54   status:200
2019-11-19 13:00:54   data:{'session_key': 'WhleCTn7m2KWaFongmA0qA==', 'openid': 'oJfBH41Q13o00lX3pbhGAKUmThxA'}
2019-11-19 13:01:26   GET:https://api.weixin.qq.com/sns/jscode2session?appid=wxb10693ce301b0503&secret=fe966f7c89ba08eccd70060f2b3f9801&js_code=001CN6Qc2YHloG0tpMSc2fX4Qc2CN6Qo&grant_type=authorization_code
2019-11-19 13:01:27   status:200
2019-11-19 13:01:27   data:{'session_key': 'WhleCTn7m2KWaFongmA0qA==', 'openid': 'oJfBH41Q13o00lX3pbhGAKUmThxA'}
2019-11-19 13:22:26   ('data DoesNotExist',)
2019-11-19 13:22:48   ('data DoesNotExist',)
2019-11-19 13:25:13   GET:https://api.weixin.qq.com/sns/jscode2session?appid=wxb10693ce301b0503&secret=fe966f7c89ba08eccd70060f2b3f9801&js_code=0012zr1y0RmiPa14dj2y0nGt1y02zr1S&grant_type=authorization_code
2019-11-19 13:25:14   status:200
2019-11-19 13:25:14   data:{'session_key': 'QEVAvepdgLQCbI2bVJUMAA==', 'openid': 'oJfBH41Q13o00lX3pbhGAKUmThxA'}
2019-11-19 13:25:51   GET:https://api.weixin.qq.com/sns/jscode2session?appid=wxb10693ce301b0503&secret=fe966f7c89ba08eccd70060f2b3f9801&js_code=021501vZ00BOAY1F2WtZ0ughvZ0501vN&grant_type=authorization_code
2019-11-19 13:25:51   status:200
2019-11-19 13:25:51   data:{'session_key': 'QEVAvepdgLQCbI2bVJUMAA==', 'openid': 'oJfBH41Q13o00lX3pbhGAKUmThxA'}
2019-11-19 13:26:16   GET:https://api.weixin.qq.com/sns/jscode2session?appid=wxb10693ce301b0503&secret=fe966f7c89ba08eccd70060f2b3f9801&js_code=081cBq2r1QJmom0rHt3r13ul2r1cBq2k&grant_type=authorization_code
2019-11-19 13:26:16   status:200
2019-11-19 13:26:16   data:{'session_key': 'QEVAvepdgLQCbI2bVJUMAA==', 'openid': 'oJfBH41Q13o00lX3pbhGAKUmThxA'}
2019-11-19 13:46:26   ('data DoesNotExist',)
2019-11-19 13:47:01   ('data DoesNotExist',)
2019-11-19 13:47:35   ('data DoesNotExist',)
2019-11-19 13:48:14   ('data DoesNotExist',)
2019-11-19 13:49:05   ('data DoesNotExist',)
2019-11-19 13:50:01   ('data DoesNotExist',)
2019-11-19 13:50:42   ('data DoesNotExist',)
2019-11-19 13:50:56   ('data DoesNotExist',)
2019-11-19 13:59:42   ('data DoesNotExist',)
2019-11-19 14:00:54   ('data DoesNotExist',)
2019-11-19 14:00:54   ('ValidationError',)
2019-11-19 14:01:36   ('data DoesNotExist',)
2019-11-19 14:01:42   ('data DoesNotExist',)
2019-11-19 14:15:24   ('data DoesNotExist',)
2019-11-19 14:15:33   ('data DoesNotExist',)
2019-11-19 14:26:17   ('data DoesNotExist',)
2019-11-19 14:26:20   ('data DoesNotExist',)
2019-11-19 14:28:56   ('data DoesNotExist',)
2019-11-19 14:29:19   ('data DoesNotExist',)
2019-11-19 14:29:26   ('data DoesNotExist',)
2019-11-19 14:29:35   ('data DoesNotExist',)
2019-11-19 14:29:38   ('data DoesNotExist',)
2019-11-19 14:30:11   ('data DoesNotExist',)
2019-11-19 14:30:57   ('data DoesNotExist',)
2019-11-19 14:31:00   ('data DoesNotExist',)
2019-11-19 14:35:23   ('data DoesNotExist',)
2019-11-19 14:35:27   ('data DoesNotExist',)
2019-11-19 14:48:21   ('data DoesNotExist',)
2019-11-19 14:48:33   ('data DoesNotExist',)
2019-11-19 14:48:51   ('data DoesNotExist',)
2019-11-19 14:49:02   ('data DoesNotExist',)
2019-11-19 14:49:05   ('data DoesNotExist',)
2019-11-19 14:49:45   ('data DoesNotExist',)
2019-11-19 14:49:47   ('data DoesNotExist',)
2019-11-19 14:49:59   ('data DoesNotExist',)
2019-11-19 14:50:01   ('data DoesNotExist',)
2019-11-19 14:50:10   ('data DoesNotExist',)
2019-11-19 14:50:16   ('data DoesNotExist',)
2019-11-19 14:52:38   ('data DoesNotExist',)
2019-11-19 14:52:41   ('data DoesNotExist',)
2019-11-19 14:52:57   ('data DoesNotExist',)
2019-11-19 14:52:59   ('data DoesNotExist',)
2019-11-19 14:56:02   ('data DoesNotExist',)
2019-11-19 14:56:06   ('data DoesNotExist',)
2019-11-19 14:57:53   ('data DoesNotExist',)
2019-11-19 14:57:55   ('data DoesNotExist',)
2019-11-19 14:58:51   ('data DoesNotExist',)
2019-11-19 14:58:54   ('data DoesNotExist',)
2019-11-19 14:59:11   ('data DoesNotExist',)
2019-11-19 14:59:25   ('data DoesNotExist',)
2019-11-19 14:59:30   ('data DoesNotExist',)
2019-11-19 15:16:54   ('data DoesNotExist',)
2019-11-19 15:41:59   ('data DoesNotExist',)
2019-11-19 15:43:14   ('data DoesNotExist',)
2019-11-19 15:53:34   ('data DoesNotExist',)
2019-11-19 15:53:43   ('data DoesNotExist',)
2019-11-19 15:53:45   ('ValidationError',)
2019-11-19 15:53:46   ('ValidationError',)
2019-11-19 15:53:46   ('ValidationError',)
2019-11-19 15:55:44   GET:https://api.weixin.qq.com/sns/jscode2session?appid=wxb10693ce301b0503&secret=fe966f7c89ba08eccd70060f2b3f9801&js_code=081EVWKj2iqG5E0CXKLj2yPaLj2EVWKl&grant_type=authorization_code
2019-11-19 15:55:44   status:200
2019-11-19 15:55:44   data:{'session_key': 'HPR1E2fqwPShkkBq/duUXw==', 'openid': 'oJfBH41Q13o00lX3pbhGAKUmThxA'}
2019-11-19 15:57:30   ('data DoesNotExist',)
2019-11-19 16:03:33   ('data DoesNotExist',)
2019-11-19 16:30:39   ('data DoesNotExist',)
