2019-11-07 13:19:10   ('data DoesNotExist',)
2019-11-07 13:23:58   ('data DoesNotExist',)
2019-11-07 13:28:46   ('data DoesNotExist',)
2019-11-07 13:30:44   ('data DoesNotExist',)
2019-11-07 13:31:55   ('data DoesNotExist',)
2019-11-07 13:34:50   ('data DoesNotExist',)
2019-11-07 13:42:30   ('data DoesNotExist',)
2019-11-07 13:58:47   GET:https://api.weixin.qq.com/sns/jscode2session?appid=wxb10693ce301b0503&secret=fe966f7c89ba08eccd70060f2b3f9801&js_code=011Ch0la24BitN0QUZma2m0Hka2Ch0lp&grant_type=authorization_code
2019-11-07 13:58:47   GET:https://api.weixin.qq.com/sns/jscode2session?appid=wxb10693ce301b0503&secret=fe966f7c89ba08eccd70060f2b3f9801&js_code=061kaKkb23ohLM0AD7lb23WIkb2kaKk5&grant_type=authorization_code
2019-11-07 13:58:47   status:200
2019-11-07 13:58:47   data:{'session_key': 'TI+bo1n3ICtWE1QgqqNTwA==', 'openid': 'oJfBH41Q13o00lX3pbhGAKUmThxA'}
2019-11-07 13:58:47   ('no processing activity',)
2019-11-07 13:58:47   status:200
2019-11-07 13:58:47   data:{'session_key': 'TI+bo1n3ICtWE1QgqqNTwA==', 'openid': 'oJfBH41Q13o00lX3pbhGAKUmThxA'}
2019-11-07 13:58:47   ('no processing activity',)
2019-11-07 14:05:49   ('data DoesNotExist',)
2019-11-07 14:09:37   ('data DoesNotExist',)
2019-11-07 14:23:54   ('data DoesNotExist',)
2019-11-07 14:26:38   ('data DoesNotExist',)
2019-11-07 14:29:06   ('data DoesNotExist',)
2019-11-07 17:19:41   ('data DoesNotExist',)
2019-11-07 17:25:49   ('data DoesNotExist',)
2019-11-07 17:49:20   ('data DoesNotExist',)
2019-11-07 17:51:15   GET:https://api.weixin.qq.com/sns/jscode2session?appid=wxb10693ce301b0503&secret=fe966f7c89ba08eccd70060f2b3f9801&js_code=071pjHSS1Eshd51p81TS13KNSS1pjHSm&grant_type=authorization_code
2019-11-07 17:51:15   status:200
2019-11-07 17:51:15   data:{'session_key': 'B9Yo6Wr5KUWThnuTSVXxhA==', 'openid': 'oJfBH41Q13o00lX3pbhGAKUmThxA'}
2019-11-07 17:51:15   ('no processing activity',)
2019-11-07 17:53:33   GET:https://api.weixin.qq.com/sns/jscode2session?appid=wxb10693ce301b0503&secret=fe966f7c89ba08eccd70060f2b3f9801&js_code=001ZXvZx0E1yTa1VOzZx0QFxZx0ZXvZX&grant_type=authorization_code
2019-11-07 17:53:33   status:200
2019-11-07 17:53:33   data:{'session_key': 'LhkHN1UMVyKKcuKBuWjN9g==', 'openid': 'oJfBH41Q13o00lX3pbhGAKUmThxA'}
2019-11-07 17:53:33   ('no processing activity',)
2019-11-07 17:53:33   GET:https://api.weixin.qq.com/sns/jscode2session?appid=wxb10693ce301b0503&secret=fe966f7c89ba08eccd70060f2b3f9801&js_code=0012eK8f2FlfBI0MKW7f2bVJ8f22eK8B&grant_type=authorization_code
2019-11-07 17:53:33   status:200
2019-11-07 17:53:33   data:{'session_key': 'LhkHN1UMVyKKcuKBuWjN9g==', 'openid': 'oJfBH41Q13o00lX3pbhGAKUmThxA'}
2019-11-07 17:53:33   ('no processing activity',)
2019-11-07 17:53:53   GET:https://api.weixin.qq.com/sns/jscode2session?appid=wxb10693ce301b0503&secret=fe966f7c89ba08eccd70060f2b3f9801&js_code=001i1fTC175CM50l9RTC1MJ4TC1i1fT4&grant_type=authorization_code
2019-11-07 17:53:53   status:200
2019-11-07 17:53:53   data:{'session_key': 'LhkHN1UMVyKKcuKBuWjN9g==', 'openid': 'oJfBH41Q13o00lX3pbhGAKUmThxA'}
2019-11-07 17:53:53   ('no processing activity',)
2019-11-07 17:53:53   GET:https://api.weixin.qq.com/sns/jscode2session?appid=wxb10693ce301b0503&secret=fe966f7c89ba08eccd70060f2b3f9801&js_code=0110zc9Q1RNa331aAW6Q18M59Q10zc98&grant_type=authorization_code
2019-11-07 17:53:53   status:200
2019-11-07 17:53:53   data:{'session_key': 'LhkHN1UMVyKKcuKBuWjN9g==', 'openid': 'oJfBH41Q13o00lX3pbhGAKUmThxA'}
2019-11-07 17:53:53   ('no processing activity',)
2019-11-07 17:54:00   GET:https://api.weixin.qq.com/sns/jscode2session?appid=wxb10693ce301b0503&secret=fe966f7c89ba08eccd70060f2b3f9801&js_code=081ODo9F1SF4480Xde9F19Jw9F1ODo9D&grant_type=authorization_code
2019-11-07 17:54:00   status:200
2019-11-07 17:54:00   data:{'session_key': 'LhkHN1UMVyKKcuKBuWjN9g==', 'openid': 'oJfBH41Q13o00lX3pbhGAKUmThxA'}
2019-11-07 17:54:00   ('no processing activity',)
2019-11-07 17:54:00   GET:https://api.weixin.qq.com/sns/jscode2session?appid=wxb10693ce301b0503&secret=fe966f7c89ba08eccd70060f2b3f9801&js_code=061G8KBS1qscu51lmyCS1NpNBS1G8KB6&grant_type=authorization_code
2019-11-07 17:54:00   status:200
2019-11-07 17:54:00   data:{'session_key': 'LhkHN1UMVyKKcuKBuWjN9g==', 'openid': 'oJfBH41Q13o00lX3pbhGAKUmThxA'}
2019-11-07 17:54:00   ('no processing activity',)
2019-11-07 17:54:50   GET:https://api.weixin.qq.com/sns/jscode2session?appid=wxb10693ce301b0503&secret=fe966f7c89ba08eccd70060f2b3f9801&js_code=001UEyLC09yNdl2F4uMC0EPBLC0UEyLH&grant_type=authorization_code
2019-11-07 17:54:50   status:200
2019-11-07 17:54:50   data:{'session_key': 'LhkHN1UMVyKKcuKBuWjN9g==', 'openid': 'oJfBH41Q13o00lX3pbhGAKUmThxA'}
2019-11-07 17:54:50   GET:https://api.weixin.qq.com/sns/jscode2session?appid=wxb10693ce301b0503&secret=fe966f7c89ba08eccd70060f2b3f9801&js_code=071dEBdL0PUm582rT0dL0FjWdL0dEBd6&grant_type=authorization_code
2019-11-07 17:54:50   ('no processing activity',)
2019-11-07 17:54:50   status:200
2019-11-07 17:54:50   data:{'session_key': 'LhkHN1UMVyKKcuKBuWjN9g==', 'openid': 'oJfBH41Q13o00lX3pbhGAKUmThxA'}
2019-11-07 17:54:50   ('no processing activity',)
2019-11-07 17:55:08   ('data DoesNotExist',)
2019-11-07 17:57:54   GET:https://api.weixin.qq.com/sns/jscode2session?appid=wxb10693ce301b0503&secret=fe966f7c89ba08eccd70060f2b3f9801&js_code=071BHtGa2NeveN0nKjFa2LjtGa2BHtGo&grant_type=authorization_code
2019-11-07 17:57:54   GET:https://api.weixin.qq.com/sns/jscode2session?appid=wxb10693ce301b0503&secret=fe966f7c89ba08eccd70060f2b3f9801&js_code=001gEKi71GwCTL1ofik71uRwi71gEKiK&grant_type=authorization_code
2019-11-07 17:57:54   status:200
2019-11-07 17:57:54   data:{'session_key': 'bd1+2oCv7cTiFshZ4s7+0g==', 'openid': 'oJfBH41Q13o00lX3pbhGAKUmThxA'}
2019-11-07 17:57:54   ('no processing activity',)
2019-11-07 17:57:54   status:200
2019-11-07 17:57:54   data:{'session_key': 'bd1+2oCv7cTiFshZ4s7+0g==', 'openid': 'oJfBH41Q13o00lX3pbhGAKUmThxA'}
2019-11-07 17:57:54   ('no processing activity',)
2019-11-07 17:58:27   ('data DoesNotExist',)
2019-11-07 17:58:44   GET:https://api.weixin.qq.com/sns/jscode2session?appid=wxb10693ce301b0503&secret=fe966f7c89ba08eccd70060f2b3f9801&js_code=071uJpyd1omgwz0aoaxd1clhyd1uJpy6&grant_type=authorization_code
2019-11-07 17:58:44   status:200
2019-11-07 17:58:44   data:{'session_key': 'bd1+2oCv7cTiFshZ4s7+0g==', 'openid': 'oJfBH41Q13o00lX3pbhGAKUmThxA'}
2019-11-07 18:03:58   GET:https://api.weixin.qq.com/sns/jscode2session?appid=wxb10693ce301b0503&secret=fe966f7c89ba08eccd70060f2b3f9801&js_code=071qA8ny1WB7na0FHOoy1YIQmy1qA8ng&grant_type=authorization_code
2019-11-07 18:03:58   status:200
2019-11-07 18:03:58   data:{'session_key': 'sjuhqohbhyY6sn7gnJEi3g==', 'openid': 'oJfBH41Q13o00lX3pbhGAKUmThxA'}
2019-11-07 18:04:19   GET:https://api.weixin.qq.com/sns/jscode2session?appid=wxb10693ce301b0503&secret=fe966f7c89ba08eccd70060f2b3f9801&js_code=071eYj491HpqOO1rgf39185t491eYj46&grant_type=authorization_code
2019-11-07 18:04:19   status:200
2019-11-07 18:04:19   data:{'session_key': 'sjuhqohbhyY6sn7gnJEi3g==', 'openid': 'oJfBH41Q13o00lX3pbhGAKUmThxA'}
2019-11-07 18:04:27   GET:https://api.weixin.qq.com/sns/jscode2session?appid=wxb10693ce301b0503&secret=fe966f7c89ba08eccd70060f2b3f9801&js_code=021m9wBc0LeXBA1oOOBc0kQzBc0m9wBK&grant_type=authorization_code
2019-11-07 18:04:27   status:200
2019-11-07 18:04:27   data:{'session_key': 'sjuhqohbhyY6sn7gnJEi3g==', 'openid': 'oJfBH41Q13o00lX3pbhGAKUmThxA'}
2019-11-07 18:04:43   GET:https://api.weixin.qq.com/sns/jscode2session?appid=wxb10693ce301b0503&secret=fe966f7c89ba08eccd70060f2b3f9801&js_code=07162AK71psALL1H0wJ71lLOK7162AKQ&grant_type=authorization_code
2019-11-07 18:04:43   status:200
2019-11-07 18:04:43   data:{'session_key': 'sjuhqohbhyY6sn7gnJEi3g==', 'openid': 'oJfBH41Q13o00lX3pbhGAKUmThxA'}
2019-11-07 18:06:41   GET:https://api.weixin.qq.com/sns/jscode2session?appid=wxb10693ce301b0503&secret=fe966f7c89ba08eccd70060f2b3f9801&js_code=07196miF10yGc80RmFhF1NVEiF196miN&grant_type=authorization_code
2019-11-07 18:06:41   status:200
2019-11-07 18:06:41   data:{'session_key': 'nLu2r9fUtGhM9EKEKgn3IQ==', 'openid': 'oJfBH41Q13o00lX3pbhGAKUmThxA'}
2019-11-07 18:06:42   ('no processing activity',)
